2026-03-06 18:40:11.674 INFO  c.k.k.c.l.logback.LogbackConfigurator    - Logback default configuration initialized from: C:\Users\x1 carbon\.katalon\packages\KS-11.0.1\configuration\org.eclipse.osgi\148\0\.cp\resources\logback\logback-execution.xml
2026-03-06 18:40:11.682 INFO  c.k.k.c.l.logback.LogbackConfigurator    - Logback custom configuration initialized from: D:\VocaGame\VocaGame\Include\config\log.properties
2026-03-06 18:40:12.983 INFO  c.k.katalon.core.main.TestSuiteExecutor  - START Test Suites/Product Order
2026-03-06 18:40:13.163 INFO  c.k.katalon.core.main.TestSuiteExecutor  - userFullName = Devanz
2026-03-06 18:40:13.165 INFO  c.k.katalon.core.main.TestSuiteExecutor  - projectName = VocaGame
2026-03-06 18:40:13.166 INFO  c.k.katalon.core.main.TestSuiteExecutor  - hostName = x1 carbon - DESKTOP-72PBSPN
2026-03-06 18:40:13.168 INFO  c.k.katalon.core.main.TestSuiteExecutor  - os = Windows 11 64bit
2026-03-06 18:40:13.171 INFO  c.k.katalon.core.main.TestSuiteExecutor  - hostAddress = 172.16.100.143
2026-03-06 18:40:13.173 INFO  c.k.katalon.core.main.TestSuiteExecutor  - katalonVersion = 11.0.1.0
2026-03-06 18:40:13.497 INFO  c.k.katalon.core.main.TestCaseExecutor   - --------------------
2026-03-06 18:40:13.498 INFO  c.k.katalon.core.main.TestCaseExecutor   - START Test Cases/Product Order/TC_PO_01
2026-03-06 18:40:14.383 DEBUG testcase.TC_PO_01                        - 1: callTestCase(findTestCase("Login/TC_LOG_01"), [:], STOP_ON_FAILURE)
2026-03-06 18:40:14.674 INFO  c.k.katalon.core.main.TestCaseExecutor   - --------------------
2026-03-06 18:40:14.674 INFO  c.k.katalon.core.main.TestCaseExecutor   - CALL Test Cases/Login/TC_LOG_01
2026-03-06 18:40:14.910 DEBUG testcase.TC_LOG_01                       - 1: openBrowser(url)
2026-03-06 18:40:15.535 INFO  c.k.k.core.webui.driver.DriverFactory    - Starting 'Edge Chromium' driver
2026-03-06 18:40:15.686 INFO  c.k.k.core.webui.driver.DriverFactory    - Action delay is set to 0 milliseconds
Mar 06, 2026 6:40:18 PM org.openqa.selenium.devtools.CdpVersionFinder findNearestMatch
WARNING: Unable to find an exact match for CDP version 145, returning the closest version; found: 143; Please update to a Selenium version that supports CDP version 145
2026-03-06 18:40:19.301 INFO  c.k.k.core.webui.driver.DriverFactory    - sessionId = 64c6a4f42b4351539c172f4783df855c
2026-03-06 18:40:19.303 INFO  c.k.k.core.webui.driver.DriverFactory    - browser = Edge Chromium 145.0.3800.82
2026-03-06 18:40:19.305 INFO  c.k.k.core.webui.driver.DriverFactory    - platform = Windows 11
2026-03-06 18:40:19.307 INFO  c.k.k.core.webui.driver.DriverFactory    - seleniumVersion = 4.39.0
2026-03-06 18:40:19.345 INFO  c.k.k.core.webui.driver.DriverFactory    - proxyInformation = ProxyInformation { proxyOption=NO_PROXY, proxyServerType=HTTP, username=, password=********, proxyServerAddress=, proxyServerPort=0, executionList="", isApplyToDesiredCapabilities=true }
2026-03-06 18:40:19.787 DEBUG testcase.TC_LOG_01                       - 2: maximizeWindow()
2026-03-06 18:40:20.768 DEBUG testcase.TC_LOG_01                       - 3: delay(3)
2026-03-06 18:40:23.838 DEBUG testcase.TC_LOG_01                       - 4: click(findTestObject("Register/button_Masuk"))
2026-03-06 18:40:24.701 DEBUG testcase.TC_LOG_01                       - 5: setText(findTestObject("Login/input_Nomor HP atau email"), "virilog267@7novels.com")
2026-03-06 18:40:27.083 DEBUG testcase.TC_LOG_01                       - 6: click(findTestObject("Login/button_Masuk Akun"))
2026-03-06 18:40:27.766 DEBUG testcase.TC_LOG_01                       - 7: setText(findTestObject("Login/input_Show password"), password)
2026-03-06 18:40:28.775 DEBUG testcase.TC_LOG_01                       - 8: delay(5)
2026-03-06 18:40:33.785 DEBUG testcase.TC_LOG_01                       - 9: click(findTestObject("Login/button_Masuk Akun"))
2026-03-06 18:40:34.293 DEBUG testcase.TC_LOG_01                       - 10: if (verifyElementClickable(findTestObject("Login/button_Masuk Akun"), OPTIONAL))
2026-03-06 18:40:44.412 WARN  c.k.k.core.keyword.internal.KeywordMain  - Web element with id: 'Object Repository/Login/button_Masuk Akun' located by 'By.xpath: //button[@type='submit']' not found (Root cause: com.kms.katalon.core.exception.StepFailedException: Web element with id: 'Object Repository/Login/button_Masuk Akun' located by 'By.xpath: //button[@type='submit']' not found
	at com.kms.katalon.core.webui.keyword.internal.WebUIKeywordMain.stepFailed(WebUIKeywordMain.groovy:177)
	at com.kms.katalon.core.webui.keyword.builtin.VerifyElementClickableKeyword$_verifyElementClickable_closure1.doCall(VerifyElementClickableKeyword.groovy:69)
	at java.base/jdk.internal.reflect.DirectMethodHandleAccessor.invoke(DirectMethodHandleAccessor.java:103)
	at jdk.proxy2/jdk.proxy2.$Proxy55.execute(Unknown Source)
	at com.kms.katalon.core.webui.model.SeleniumActionRetryController.performAction(SeleniumActionRetryController.java:96)
	at com.kms.katalon.core.webui.model.SeleniumActionRetryController.performAction(SeleniumActionRetryController.java:83)
	at com.kms.katalon.core.webui.keyword.internal.WebUIKeywordMain$_runKeywordUntilTimeout_closure1.doCall(WebUIKeywordMain.groovy:135)
	at com.kms.katalon.core.webui.keyword.internal.WebUIKeywordMain$_runKeywordUntilTimeout_closure1.call(WebUIKeywordMain.groovy)
	at com.kms.katalon.core.webui.keyword.internal.WebUIKeywordMain.runKeyword(WebUIKeywordMain.groovy:41)
	at com.kms.katalon.core.webui.keyword.internal.WebUIKeywordMain.runKeywordUntilTimeout(WebUIKeywordMain.groovy:133)
	at com.kms.katalon.core.webui.keyword.builtin.VerifyElementClickableKeyword.verifyElementClickable(VerifyElementClickableKeyword.groovy:77)
	at com.kms.katalon.core.webui.keyword.builtin.VerifyElementClickableKeyword.execute(VerifyElementClickableKeyword.groovy:40)
	at com.kms.katalon.core.keyword.internal.KeywordExecutor.executeKeywordForPlatform(KeywordExecutor.groovy:95)
	at com.kms.katalon.core.webui.keyword.WebUiBuiltInKeywords.verifyElementClickable(WebUiBuiltInKeywords.groovy:628)
	at TC_LOG_01.run(TC_LOG_01:38)
	at com.kms.katalon.core.main.ScriptEngine.run(ScriptEngine.java:194)
	at com.kms.katalon.core.main.ScriptEngine.runScriptAsRawText(ScriptEngine.java:119)
	at com.kms.katalon.core.main.TestCaseExecutor.runScript(TestCaseExecutor.java:502)
	at com.kms.katalon.core.main.TestCaseExecutor.doExecute(TestCaseExecutor.java:493)
	at com.kms.katalon.core.main.TestCaseExecutor.processExecutionPhase(TestCaseExecutor.java:472)
	at com.kms.katalon.core.main.TestCaseExecutor.accessMainPhase(TestCaseExecutor.java:464)
	at com.kms.katalon.core.main.TestCaseExecutor.execute(TestCaseExecutor.java:334)
	at com.kms.katalon.core.main.TestCaseMain.runTestCase(TestCaseMain.java:151)
	at com.kms.katalon.core.keyword.builtin.CallTestCaseKeyword$_callTestCase_closure1.doCall(CallTestCaseKeyword.groovy:59)
	at com.kms.katalon.core.keyword.builtin.CallTestCaseKeyword$_callTestCase_closure1.call(CallTestCaseKeyword.groovy)
	at com.kms.katalon.core.keyword.internal.KeywordMain.runKeyword(KeywordMain.groovy:75)
	at com.kms.katalon.core.keyword.builtin.CallTestCaseKeyword.callTestCase(CallTestCaseKeyword.groovy:81)
	at com.kms.katalon.core.keyword.builtin.CallTestCaseKeyword.execute(CallTestCaseKeyword.groovy:44)
	at com.kms.katalon.core.keyword.internal.KeywordExecutor.executeKeywordForPlatform(KeywordExecutor.groovy:95)
	at com.kms.katalon.core.keyword.BuiltinKeywords.callTestCase(BuiltinKeywords.groovy:294)
	at java.base/jdk.internal.reflect.DirectMethodHandleAccessor.invoke(DirectMethodHandleAccessor.java:103)
	at TC_PO_01.run(TC_PO_01:21)
	at com.kms.katalon.core.main.ScriptEngine.run(ScriptEngine.java:194)
	at com.kms.katalon.core.main.ScriptEngine.runScriptAsRawText(ScriptEngine.java:119)
	at com.kms.katalon.core.main.TestCaseExecutor.runScript(TestCaseExecutor.java:502)
	at com.kms.katalon.core.main.TestCaseExecutor.doExecute(TestCaseExecutor.java:493)
	at com.kms.katalon.core.main.TestCaseExecutor.processExecutionPhase(TestCaseExecutor.java:472)
	at com.kms.katalon.core.main.TestCaseExecutor.accessMainPhase(TestCaseExecutor.java:464)
	at com.kms.katalon.core.main.TestCaseExecutor.execute(TestCaseExecutor.java:334)
	at com.kms.katalon.core.common.CommonExecutor.accessTestCaseMainPhase(CommonExecutor.java:71)
	at com.kms.katalon.core.main.TestSuiteExecutor.accessTestSuiteMainPhase(TestSuiteExecutor.java:163)
	at com.kms.katalon.core.main.TestSuiteExecutor.execute(TestSuiteExecutor.java:120)
	at com.kms.katalon.core.main.TestCaseMain.startTestSuite(TestCaseMain.java:205)
	at S0.run(S0.groovy:40)
	at java.base/jdk.internal.reflect.DirectMethodHandleAccessor.invoke(DirectMethodHandleAccessor.java:103)
)
2026-03-06 18:40:44.431 DEBUG testcase.TC_LOG_01                       - 11: delay(3)
2026-03-06 18:40:47.453 INFO  c.k.katalon.core.main.TestCaseExecutor   - END CALL Test Cases/Login/TC_LOG_01
2026-03-06 18:40:47.455 INFO  c.k.katalon.core.main.TestCaseExecutor   - --------------------
2026-03-06 18:40:47.468 DEBUG testcase.TC_PO_01                        - 2: setText(findTestObject("Product Order/input_Indonesia_cy-search-product"), "Mobile Legend")
2026-03-06 18:40:48.467 DEBUG testcase.TC_PO_01                        - 3: delay(5)
2026-03-06 18:40:53.504 DEBUG testcase.TC_PO_01                        - 4: click(findTestObject("Product Order/img_Indonesia_h-12 w-12 rounded-lg object-cover object-top"))
2026-03-06 18:40:54.087 DEBUG testcase.TC_PO_01                        - 5: delay(1)
2026-03-06 18:40:55.102 DEBUG testcase.TC_PO_01                        - 6: scrollToElement(findTestObject("Product Order/input__User ID"), 5)
2026-03-06 18:40:56.689 DEBUG testcase.TC_PO_01                        - 7: setText(findTestObject("Product Order/input__User ID"), user_id)
2026-03-06 18:41:06.730 WARN  c.k.k.c.w.k.builtin.SetTextKeyword       - Waiting for element timed out
2026-03-06 18:41:07.053 WARN  c.k.k.c.w.k.builtin.SetTextKeyword       - Waiting for element timed out
2026-03-06 18:41:07.379 DEBUG testcase.TC_PO_01                        - 8: setText(findTestObject("Product Order/input__Zone ID"), zone_id)
2026-03-06 18:41:17.426 WARN  c.k.k.c.w.k.builtin.SetTextKeyword       - Waiting for element timed out
2026-03-06 18:41:17.918 WARN  c.k.k.c.w.k.builtin.SetTextKeyword       - Waiting for element timed out
2026-03-06 18:41:18.114 DEBUG testcase.TC_PO_01                        - 9: delay(3)
2026-03-06 18:41:21.136 DEBUG testcase.TC_PO_01                        - 10: scrollToElement(findTestObject("Product Order/input__Email"), 5)
2026-03-06 18:41:21.442 DEBUG testcase.TC_PO_01                        - 11: setText(findTestObject("Product Order/input__Email"), valid_email)
2026-03-06 18:41:22.844 DEBUG testcase.TC_PO_01                        - 12: click(findTestObject("Product Order/button_Weekly Diamond Pass"))
2026-03-06 18:41:23.566 DEBUG testcase.TC_PO_01                        - 13: delay(3)
2026-03-06 18:41:26.577 DEBUG testcase.TC_PO_01                        - 14: click(findTestObject("Product Order/button_Rp 27,819"))
2026-03-06 18:41:27.216 DEBUG testcase.TC_PO_01                        - 15: delay(2)
2026-03-06 18:41:29.235 DEBUG testcase.TC_PO_01                        - 16: click(findTestObject("Product Order/svg_Buy_lucide lucide-chevron-down h-4 w-4 shrink-0 transition-transform duration-200"))
2026-03-06 18:41:30.354 DEBUG testcase.TC_PO_01                        - 17: click(findTestObject("Product Order/p_QRIS"))
2026-03-06 18:41:31.071 DEBUG testcase.TC_PO_01                        - 18: delay(3)
2026-03-06 18:41:34.094 DEBUG testcase.TC_PO_01                        - 19: buyButton = findTestObject("Object Repository/Product Order/button_Buy")
2026-03-06 18:41:34.102 DEBUG testcase.TC_PO_01                        - 20: executeJavaScript("arguments[0].click();", Arrays.asList(findWebElement(buyButton)))
2026-03-06 18:41:34.428 DEBUG testcase.TC_PO_01                        - 21: delay(3)
2026-03-06 18:41:37.440 DEBUG testcase.TC_PO_01                        - 22: verifyElementVisible(findTestObject("Product Order/span_nomor pesanan"))
2026-03-06 18:41:37.757 INFO  c.k.katalon.core.main.TestCaseExecutor   - END Test Cases/Product Order/TC_PO_01
2026-03-06 18:41:37.763 INFO  c.k.katalon.core.main.TestCaseExecutor   - --------------------
2026-03-06 18:41:37.763 INFO  c.k.katalon.core.main.TestCaseExecutor   - START Test Cases/Product Order/TC_PO_02
2026-03-06 18:41:37.944 DEBUG testcase.TC_PO_02                        - 1: callTestCase(findTestCase("Login/TC_LOG_01"), [:], STOP_ON_FAILURE)
2026-03-06 18:41:38.015 INFO  c.k.katalon.core.main.TestCaseExecutor   - --------------------
2026-03-06 18:41:38.015 INFO  c.k.katalon.core.main.TestCaseExecutor   - CALL Test Cases/Login/TC_LOG_01
2026-03-06 18:41:38.036 DEBUG testcase.TC_LOG_01                       - 1: openBrowser(url)
2026-03-06 18:41:38.042 WARN  c.k.k.core.webui.driver.DriverFactory    - A browser is already opened. Closing browser and opening a new one
2026-03-06 18:41:38.546 INFO  c.k.k.core.webui.driver.DriverFactory    - Starting 'Edge Chromium' driver
2026-03-06 18:41:38.551 INFO  c.k.k.core.webui.driver.DriverFactory    - Action delay is set to 0 milliseconds
Mar 06, 2026 6:41:40 PM org.openqa.selenium.devtools.CdpVersionFinder findNearestMatch
WARNING: Unable to find an exact match for CDP version 145, returning the closest version; found: 143; Please update to a Selenium version that supports CDP version 145
2026-03-06 18:41:40.234 INFO  c.k.k.core.webui.driver.DriverFactory    - sessionId = 670d3af84775913a21dde9b36cc7831b
2026-03-06 18:41:40.235 INFO  c.k.k.core.webui.driver.DriverFactory    - browser = Edge Chromium 145.0.3800.82
2026-03-06 18:41:40.235 INFO  c.k.k.core.webui.driver.DriverFactory    - platform = Windows 11
2026-03-06 18:41:40.237 INFO  c.k.k.core.webui.driver.DriverFactory    - seleniumVersion = 4.39.0
2026-03-06 18:41:40.239 INFO  c.k.k.core.webui.driver.DriverFactory    - proxyInformation = ProxyInformation { proxyOption=NO_PROXY, proxyServerType=HTTP, username=, password=********, proxyServerAddress=, proxyServerPort=0, executionList="", isApplyToDesiredCapabilities=true }
2026-03-06 18:41:41.122 DEBUG testcase.TC_LOG_01                       - 2: maximizeWindow()
2026-03-06 18:41:41.356 DEBUG testcase.TC_LOG_01                       - 3: delay(3)
2026-03-06 18:41:44.372 DEBUG testcase.TC_LOG_01                       - 4: click(findTestObject("Register/button_Masuk"))
2026-03-06 18:41:44.876 DEBUG testcase.TC_LOG_01                       - 5: setText(findTestObject("Login/input_Nomor HP atau email"), "virilog267@7novels.com")
2026-03-06 18:41:47.519 DEBUG testcase.TC_LOG_01                       - 6: click(findTestObject("Login/button_Masuk Akun"))
2026-03-06 18:41:48.043 DEBUG testcase.TC_LOG_01                       - 7: setText(findTestObject("Login/input_Show password"), password)
2026-03-06 18:41:49.101 DEBUG testcase.TC_LOG_01                       - 8: delay(5)
2026-03-06 18:41:54.117 DEBUG testcase.TC_LOG_01                       - 9: click(findTestObject("Login/button_Masuk Akun"))
2026-03-06 18:41:54.584 DEBUG testcase.TC_LOG_01                       - 10: if (verifyElementClickable(findTestObject("Login/button_Masuk Akun"), OPTIONAL))
2026-03-06 18:42:04.650 WARN  c.k.k.core.keyword.internal.KeywordMain  - Web element with id: 'Object Repository/Login/button_Masuk Akun' located by 'By.xpath: //button[@type='submit']' not found (Root cause: com.kms.katalon.core.exception.StepFailedException: Web element with id: 'Object Repository/Login/button_Masuk Akun' located by 'By.xpath: //button[@type='submit']' not found
	at com.kms.katalon.core.webui.keyword.internal.WebUIKeywordMain.stepFailed(WebUIKeywordMain.groovy:177)
	at com.kms.katalon.core.webui.keyword.builtin.VerifyElementClickableKeyword$_verifyElementClickable_closure1.doCall(VerifyElementClickableKeyword.groovy:69)
	at java.base/jdk.internal.reflect.DirectMethodHandleAccessor.invoke(DirectMethodHandleAccessor.java:103)
	at jdk.proxy2/jdk.proxy2.$Proxy55.execute(Unknown Source)
	at com.kms.katalon.core.webui.model.SeleniumActionRetryController.performAction(SeleniumActionRetryController.java:96)
	at com.kms.katalon.core.webui.model.SeleniumActionRetryController.performAction(SeleniumActionRetryController.java:83)
	at com.kms.katalon.core.webui.keyword.internal.WebUIKeywordMain$_runKeywordUntilTimeout_closure1.doCall(WebUIKeywordMain.groovy:135)
	at com.kms.katalon.core.webui.keyword.internal.WebUIKeywordMain$_runKeywordUntilTimeout_closure1.call(WebUIKeywordMain.groovy)
	at com.kms.katalon.core.webui.keyword.internal.WebUIKeywordMain.runKeyword(WebUIKeywordMain.groovy:41)
	at com.kms.katalon.core.webui.keyword.internal.WebUIKeywordMain.runKeywordUntilTimeout(WebUIKeywordMain.groovy:133)
	at com.kms.katalon.core.webui.keyword.builtin.VerifyElementClickableKeyword.verifyElementClickable(VerifyElementClickableKeyword.groovy:77)
	at com.kms.katalon.core.webui.keyword.builtin.VerifyElementClickableKeyword.execute(VerifyElementClickableKeyword.groovy:40)
	at com.kms.katalon.core.keyword.internal.KeywordExecutor.executeKeywordForPlatform(KeywordExecutor.groovy:95)
	at com.kms.katalon.core.webui.keyword.WebUiBuiltInKeywords.verifyElementClickable(WebUiBuiltInKeywords.groovy:628)
	at TC_LOG_01.run(TC_LOG_01:38)
	at com.kms.katalon.core.main.ScriptEngine.run(ScriptEngine.java:194)
	at com.kms.katalon.core.main.ScriptEngine.runScriptAsRawText(ScriptEngine.java:119)
	at com.kms.katalon.core.main.TestCaseExecutor.runScript(TestCaseExecutor.java:502)
	at com.kms.katalon.core.main.TestCaseExecutor.doExecute(TestCaseExecutor.java:493)
	at com.kms.katalon.core.main.TestCaseExecutor.processExecutionPhase(TestCaseExecutor.java:472)
	at com.kms.katalon.core.main.TestCaseExecutor.accessMainPhase(TestCaseExecutor.java:464)
	at com.kms.katalon.core.main.TestCaseExecutor.execute(TestCaseExecutor.java:334)
	at com.kms.katalon.core.main.TestCaseMain.runTestCase(TestCaseMain.java:151)
	at com.kms.katalon.core.keyword.builtin.CallTestCaseKeyword$_callTestCase_closure1.doCall(CallTestCaseKeyword.groovy:59)
	at com.kms.katalon.core.keyword.builtin.CallTestCaseKeyword$_callTestCase_closure1.call(CallTestCaseKeyword.groovy)
	at com.kms.katalon.core.keyword.internal.KeywordMain.runKeyword(KeywordMain.groovy:75)
	at com.kms.katalon.core.keyword.builtin.CallTestCaseKeyword.callTestCase(CallTestCaseKeyword.groovy:81)
	at com.kms.katalon.core.keyword.builtin.CallTestCaseKeyword.execute(CallTestCaseKeyword.groovy:44)
	at com.kms.katalon.core.keyword.internal.KeywordExecutor.executeKeywordForPlatform(KeywordExecutor.groovy:95)
	at com.kms.katalon.core.keyword.BuiltinKeywords.callTestCase(BuiltinKeywords.groovy:294)
	at java.base/jdk.internal.reflect.DirectMethodHandleAccessor.invoke(DirectMethodHandleAccessor.java:103)
	at TC_PO_02.run(TC_PO_02:20)
	at com.kms.katalon.core.main.ScriptEngine.run(ScriptEngine.java:194)
	at com.kms.katalon.core.main.ScriptEngine.runScriptAsRawText(ScriptEngine.java:119)
	at com.kms.katalon.core.main.TestCaseExecutor.runScript(TestCaseExecutor.java:502)
	at com.kms.katalon.core.main.TestCaseExecutor.doExecute(TestCaseExecutor.java:493)
	at com.kms.katalon.core.main.TestCaseExecutor.processExecutionPhase(TestCaseExecutor.java:472)
	at com.kms.katalon.core.main.TestCaseExecutor.accessMainPhase(TestCaseExecutor.java:464)
	at com.kms.katalon.core.main.TestCaseExecutor.execute(TestCaseExecutor.java:334)
	at com.kms.katalon.core.common.CommonExecutor.accessTestCaseMainPhase(CommonExecutor.java:71)
	at com.kms.katalon.core.main.TestSuiteExecutor.accessTestSuiteMainPhase(TestSuiteExecutor.java:163)
	at com.kms.katalon.core.main.TestSuiteExecutor.execute(TestSuiteExecutor.java:120)
	at com.kms.katalon.core.main.TestCaseMain.startTestSuite(TestCaseMain.java:205)
	at S0.run(S0.groovy:40)
	at java.base/jdk.internal.reflect.DirectMethodHandleAccessor.invoke(DirectMethodHandleAccessor.java:103)
)
2026-03-06 18:42:04.652 DEBUG testcase.TC_LOG_01                       - 11: delay(3)
2026-03-06 18:42:07.671 INFO  c.k.katalon.core.main.TestCaseExecutor   - END CALL Test Cases/Login/TC_LOG_01
2026-03-06 18:42:07.671 INFO  c.k.katalon.core.main.TestCaseExecutor   - --------------------
2026-03-06 18:42:07.675 DEBUG testcase.TC_PO_02                        - 2: setText(findTestObject("Product Order/input_Indonesia_cy-search-product"), "Mobile Legend")
2026-03-06 18:42:08.664 DEBUG testcase.TC_PO_02                        - 3: delay(5)
2026-03-06 18:42:13.716 DEBUG testcase.TC_PO_02                        - 4: click(findTestObject("Product Order/img_Indonesia_h-12 w-12 rounded-lg object-cover object-top"))
2026-03-06 18:42:14.314 DEBUG testcase.TC_PO_02                        - 5: delay(1)
2026-03-06 18:42:15.345 DEBUG testcase.TC_PO_02                        - 6: scrollToElement(findTestObject("Product Order/input__User ID"), 5)
2026-03-06 18:42:18.976 DEBUG testcase.TC_PO_02                        - 7: setText(findTestObject("Product Order/input__Zone ID"), zone_id)
2026-03-06 18:42:29.016 WARN  c.k.k.c.w.k.builtin.SetTextKeyword       - Waiting for element timed out
2026-03-06 18:42:29.334 WARN  c.k.k.c.w.k.builtin.SetTextKeyword       - Waiting for element timed out
2026-03-06 18:42:29.552 DEBUG testcase.TC_PO_02                        - 8: delay(3)
2026-03-06 18:42:32.578 DEBUG testcase.TC_PO_02                        - 9: scrollToElement(findTestObject("Product Order/input__Email"), 5)
2026-03-06 18:42:32.865 DEBUG testcase.TC_PO_02                        - 10: setText(findTestObject("Product Order/input__Email"), valid_email)
2026-03-06 18:42:34.475 DEBUG testcase.TC_PO_02                        - 11: click(findTestObject("Product Order/button_Weekly Diamond Pass"))
2026-03-06 18:42:35.176 DEBUG testcase.TC_PO_02                        - 12: delay(1)
2026-03-06 18:42:36.195 DEBUG testcase.TC_PO_02                        - 13: click(findTestObject("Product Order/button_Rp 27,819"))
2026-03-06 18:42:36.742 DEBUG testcase.TC_PO_02                        - 14: verifyTextPresent("Input ini wajib diisi", false)
2026-03-06 18:42:37.324 INFO  c.k.katalon.core.main.TestCaseExecutor   - END Test Cases/Product Order/TC_PO_02
2026-03-06 18:42:37.327 INFO  c.k.katalon.core.main.TestCaseExecutor   - --------------------
2026-03-06 18:42:37.328 INFO  c.k.katalon.core.main.TestCaseExecutor   - START Test Cases/Product Order/TC_PO_03
2026-03-06 18:42:37.439 DEBUG testcase.TC_PO_03                        - 1: callTestCase(findTestCase("Login/TC_LOG_01"), [:], STOP_ON_FAILURE)
2026-03-06 18:42:37.507 INFO  c.k.katalon.core.main.TestCaseExecutor   - --------------------
2026-03-06 18:42:37.507 INFO  c.k.katalon.core.main.TestCaseExecutor   - CALL Test Cases/Login/TC_LOG_01
2026-03-06 18:42:37.529 DEBUG testcase.TC_LOG_01                       - 1: openBrowser(url)
2026-03-06 18:42:37.535 WARN  c.k.k.core.webui.driver.DriverFactory    - A browser is already opened. Closing browser and opening a new one
2026-03-06 18:42:37.993 INFO  c.k.k.core.webui.driver.DriverFactory    - Starting 'Edge Chromium' driver
2026-03-06 18:42:37.997 INFO  c.k.k.core.webui.driver.DriverFactory    - Action delay is set to 0 milliseconds
Mar 06, 2026 6:42:39 PM org.openqa.selenium.devtools.CdpVersionFinder findNearestMatch
WARNING: Unable to find an exact match for CDP version 145, returning the closest version; found: 143; Please update to a Selenium version that supports CDP version 145
2026-03-06 18:42:39.765 INFO  c.k.k.core.webui.driver.DriverFactory    - sessionId = 7ccb09a5184a9a090519f2c1ea248fb4
2026-03-06 18:42:39.769 INFO  c.k.k.core.webui.driver.DriverFactory    - browser = Edge Chromium 145.0.3800.82
2026-03-06 18:42:39.770 INFO  c.k.k.core.webui.driver.DriverFactory    - platform = Windows 11
2026-03-06 18:42:39.772 INFO  c.k.k.core.webui.driver.DriverFactory    - seleniumVersion = 4.39.0
2026-03-06 18:42:39.774 INFO  c.k.k.core.webui.driver.DriverFactory    - proxyInformation = ProxyInformation { proxyOption=NO_PROXY, proxyServerType=HTTP, username=, password=********, proxyServerAddress=, proxyServerPort=0, executionList="", isApplyToDesiredCapabilities=true }
2026-03-06 18:42:40.075 DEBUG testcase.TC_LOG_01                       - 2: maximizeWindow()
2026-03-06 18:42:40.859 DEBUG testcase.TC_LOG_01                       - 3: delay(3)
2026-03-06 18:42:43.877 DEBUG testcase.TC_LOG_01                       - 4: click(findTestObject("Register/button_Masuk"))
2026-03-06 18:42:44.527 DEBUG testcase.TC_LOG_01                       - 5: setText(findTestObject("Login/input_Nomor HP atau email"), "virilog267@7novels.com")
2026-03-06 18:42:46.914 DEBUG testcase.TC_LOG_01                       - 6: click(findTestObject("Login/button_Masuk Akun"))
2026-03-06 18:42:47.577 DEBUG testcase.TC_LOG_01                       - 7: setText(findTestObject("Login/input_Show password"), password)
2026-03-06 18:42:48.647 DEBUG testcase.TC_LOG_01                       - 8: delay(5)
2026-03-06 18:42:53.664 DEBUG testcase.TC_LOG_01                       - 9: click(findTestObject("Login/button_Masuk Akun"))
2026-03-06 18:42:54.165 DEBUG testcase.TC_LOG_01                       - 10: if (verifyElementClickable(findTestObject("Login/button_Masuk Akun"), OPTIONAL))
2026-03-06 18:42:54.700 DEBUG testcase.TC_LOG_01                       - 1: click(findTestObject("Login/button_Masuk Akun"))
2026-03-06 18:42:55.192 DEBUG testcase.TC_LOG_01                       - 11: delay(3)
2026-03-06 18:42:58.206 INFO  c.k.katalon.core.main.TestCaseExecutor   - END CALL Test Cases/Login/TC_LOG_01
2026-03-06 18:42:58.206 INFO  c.k.katalon.core.main.TestCaseExecutor   - --------------------
2026-03-06 18:42:58.210 DEBUG testcase.TC_PO_03                        - 2: setText(findTestObject("Product Order/input_Indonesia_cy-search-product"), "Mobile Legend")
2026-03-06 18:42:59.610 DEBUG testcase.TC_PO_03                        - 3: delay(5)
2026-03-06 18:43:04.635 DEBUG testcase.TC_PO_03                        - 4: click(findTestObject("Product Order/img_Indonesia_h-12 w-12 rounded-lg object-cover object-top"))
2026-03-06 18:43:05.351 DEBUG testcase.TC_PO_03                        - 5: delay(1)
2026-03-06 18:43:06.380 DEBUG testcase.TC_PO_03                        - 6: scrollToElement(findTestObject("Product Order/input__User ID"), 5)
2026-03-06 18:43:11.923 DEBUG testcase.TC_PO_03                        - 7: setText(findTestObject("Product Order/input__User ID"), user_id)
2026-03-06 18:43:21.957 WARN  c.k.k.c.w.k.builtin.SetTextKeyword       - Waiting for element timed out
2026-03-06 18:43:22.278 WARN  c.k.k.c.w.k.builtin.SetTextKeyword       - Waiting for element timed out
2026-03-06 18:43:22.670 DEBUG testcase.TC_PO_03                        - 8: delay(3)
2026-03-06 18:43:25.697 DEBUG testcase.TC_PO_03                        - 9: scrollToElement(findTestObject("Product Order/input__Email"), 5)
2026-03-06 18:43:26.000 DEBUG testcase.TC_PO_03                        - 10: setText(findTestObject("Product Order/input__Email"), valid_email)
2026-03-06 18:43:27.594 DEBUG testcase.TC_PO_03                        - 11: click(findTestObject("Product Order/button_Weekly Diamond Pass"))
2026-03-06 18:43:28.210 DEBUG testcase.TC_PO_03                        - 12: delay(1)
2026-03-06 18:43:29.218 DEBUG testcase.TC_PO_03                        - 13: click(findTestObject("Product Order/button_Rp 27,819"))
2026-03-06 18:43:29.757 DEBUG testcase.TC_PO_03                        - 14: verifyTextPresent("Input ini wajib diisi", false)
2026-03-06 18:43:30.426 INFO  c.k.katalon.core.main.TestCaseExecutor   - END Test Cases/Product Order/TC_PO_03
2026-03-06 18:43:30.440 INFO  c.k.katalon.core.main.TestCaseExecutor   - --------------------
2026-03-06 18:43:30.440 INFO  c.k.katalon.core.main.TestCaseExecutor   - START Test Cases/Product Order/TC_PO_04
2026-03-06 18:43:30.652 DEBUG testcase.TC_PO_04                        - 1: callTestCase(findTestCase("Login/TC_LOG_01"), [:], STOP_ON_FAILURE)
2026-03-06 18:43:30.716 INFO  c.k.katalon.core.main.TestCaseExecutor   - --------------------
2026-03-06 18:43:30.716 INFO  c.k.katalon.core.main.TestCaseExecutor   - CALL Test Cases/Login/TC_LOG_01
2026-03-06 18:43:30.738 DEBUG testcase.TC_LOG_01                       - 1: openBrowser(url)
2026-03-06 18:43:30.740 WARN  c.k.k.core.webui.driver.DriverFactory    - A browser is already opened. Closing browser and opening a new one
2026-03-06 18:43:31.326 INFO  c.k.k.core.webui.driver.DriverFactory    - Starting 'Edge Chromium' driver
2026-03-06 18:43:31.333 INFO  c.k.k.core.webui.driver.DriverFactory    - Action delay is set to 0 milliseconds
Mar 06, 2026 6:43:33 PM org.openqa.selenium.devtools.CdpVersionFinder findNearestMatch
WARNING: Unable to find an exact match for CDP version 145, returning the closest version; found: 143; Please update to a Selenium version that supports CDP version 145
2026-03-06 18:43:33.312 INFO  c.k.k.core.webui.driver.DriverFactory    - sessionId = 69f3b066186db137758bbb42606b41f9
2026-03-06 18:43:33.314 INFO  c.k.k.core.webui.driver.DriverFactory    - browser = Edge Chromium 145.0.3800.82
2026-03-06 18:43:33.315 INFO  c.k.k.core.webui.driver.DriverFactory    - platform = Windows 11
2026-03-06 18:43:33.315 INFO  c.k.k.core.webui.driver.DriverFactory    - seleniumVersion = 4.39.0
2026-03-06 18:43:33.316 INFO  c.k.k.core.webui.driver.DriverFactory    - proxyInformation = ProxyInformation { proxyOption=NO_PROXY, proxyServerType=HTTP, username=, password=********, proxyServerAddress=, proxyServerPort=0, executionList="", isApplyToDesiredCapabilities=true }
2026-03-06 18:43:34.318 DEBUG testcase.TC_LOG_01                       - 2: maximizeWindow()
2026-03-06 18:43:34.748 DEBUG testcase.TC_LOG_01                       - 3: delay(3)
2026-03-06 18:43:37.760 DEBUG testcase.TC_LOG_01                       - 4: click(findTestObject("Register/button_Masuk"))
2026-03-06 18:43:38.312 DEBUG testcase.TC_LOG_01                       - 5: setText(findTestObject("Login/input_Nomor HP atau email"), "virilog267@7novels.com")
2026-03-06 18:43:40.809 DEBUG testcase.TC_LOG_01                       - 6: click(findTestObject("Login/button_Masuk Akun"))
2026-03-06 18:43:41.470 DEBUG testcase.TC_LOG_01                       - 7: setText(findTestObject("Login/input_Show password"), password)
2026-03-06 18:43:42.530 DEBUG testcase.TC_LOG_01                       - 8: delay(5)
2026-03-06 18:43:47.549 DEBUG testcase.TC_LOG_01                       - 9: click(findTestObject("Login/button_Masuk Akun"))
2026-03-06 18:43:48.027 DEBUG testcase.TC_LOG_01                       - 10: if (verifyElementClickable(findTestObject("Login/button_Masuk Akun"), OPTIONAL))
2026-03-06 18:43:48.589 DEBUG testcase.TC_LOG_01                       - 1: click(findTestObject("Login/button_Masuk Akun"))
2026-03-06 18:43:49.075 DEBUG testcase.TC_LOG_01                       - 11: delay(3)
2026-03-06 18:43:52.090 INFO  c.k.katalon.core.main.TestCaseExecutor   - END CALL Test Cases/Login/TC_LOG_01
2026-03-06 18:43:52.092 INFO  c.k.katalon.core.main.TestCaseExecutor   - --------------------
2026-03-06 18:43:52.099 DEBUG testcase.TC_PO_04                        - 2: setText(findTestObject("Product Order/input_Indonesia_cy-search-product"), "Mobile Legend")
2026-03-06 18:43:53.164 WARN  c.k.k.c.w.k.builtin.SetTextKeyword       - Element is detached from the DOM while waiting interactable
2026-03-06 18:43:55.395 DEBUG testcase.TC_PO_04                        - 3: delay(5)
2026-03-06 18:44:00.410 DEBUG testcase.TC_PO_04                        - 4: click(findTestObject("Product Order/img_Indonesia_h-12 w-12 rounded-lg object-cover object-top"))
2026-03-06 18:44:01.063 DEBUG testcase.TC_PO_04                        - 5: delay(1)
2026-03-06 18:44:02.091 DEBUG testcase.TC_PO_04                        - 6: scrollToElement(findTestObject("Product Order/input__User ID"), 5)
2026-03-06 18:44:07.987 DEBUG testcase.TC_PO_04                        - 7: setText(findTestObject("Product Order/input__User ID"), "222222")
2026-03-06 18:44:18.013 WARN  c.k.k.c.w.k.builtin.SetTextKeyword       - Waiting for element timed out
2026-03-06 18:44:18.350 WARN  c.k.k.c.w.k.builtin.SetTextKeyword       - Waiting for element timed out
2026-03-06 18:44:18.636 DEBUG testcase.TC_PO_04                        - 8: setText(findTestObject("Product Order/input__Zone ID"), "11111")
2026-03-06 18:44:28.689 WARN  c.k.k.c.w.k.builtin.SetTextKeyword       - Waiting for element timed out
2026-03-06 18:44:29.167 WARN  c.k.k.c.w.k.builtin.SetTextKeyword       - Waiting for element timed out
2026-03-06 18:44:29.380 DEBUG testcase.TC_PO_04                        - 9: scrollToElement(findTestObject("Product Order/input__Email"), 5)
2026-03-06 18:44:29.885 DEBUG testcase.TC_PO_04                        - 10: setText(findTestObject("Product Order/input__Email"), valid_email)
2026-03-06 18:44:32.140 DEBUG testcase.TC_PO_04                        - 11: click(findTestObject("Product Order/button_Weekly Diamond Pass"))
2026-03-06 18:44:32.823 DEBUG testcase.TC_PO_04                        - 12: delay(1)
2026-03-06 18:44:33.843 DEBUG testcase.TC_PO_04                        - 13: click(findTestObject("Product Order/button_Rp 27,819"))
2026-03-06 18:44:34.437 DEBUG testcase.TC_PO_04                        - 14: delay(2)
2026-03-06 18:44:36.457 DEBUG testcase.TC_PO_04                        - 15: verifyTextPresent("Akun yang anda masukkan tidak terdaftar", false)
2026-03-06 18:44:36.880 INFO  c.k.katalon.core.main.TestCaseExecutor   - END Test Cases/Product Order/TC_PO_04
2026-03-06 18:44:36.886 INFO  c.k.katalon.core.main.TestCaseExecutor   - --------------------
2026-03-06 18:44:36.886 INFO  c.k.katalon.core.main.TestCaseExecutor   - START Test Cases/Product Order/TC_PO_05
2026-03-06 18:44:37.015 DEBUG testcase.TC_PO_05                        - 1: callTestCase(findTestCase("Login/TC_LOG_01"), [:], STOP_ON_FAILURE)
2026-03-06 18:44:37.083 INFO  c.k.katalon.core.main.TestCaseExecutor   - --------------------
2026-03-06 18:44:37.084 INFO  c.k.katalon.core.main.TestCaseExecutor   - CALL Test Cases/Login/TC_LOG_01
2026-03-06 18:44:37.097 DEBUG testcase.TC_LOG_01                       - 1: openBrowser(url)
2026-03-06 18:44:37.098 WARN  c.k.k.core.webui.driver.DriverFactory    - A browser is already opened. Closing browser and opening a new one
2026-03-06 18:44:37.631 INFO  c.k.k.core.webui.driver.DriverFactory    - Starting 'Edge Chromium' driver
2026-03-06 18:44:37.638 INFO  c.k.k.core.webui.driver.DriverFactory    - Action delay is set to 0 milliseconds
Mar 06, 2026 6:44:39 PM org.openqa.selenium.devtools.CdpVersionFinder findNearestMatch
WARNING: Unable to find an exact match for CDP version 145, returning the closest version; found: 143; Please update to a Selenium version that supports CDP version 145
2026-03-06 18:44:39.466 INFO  c.k.k.core.webui.driver.DriverFactory    - sessionId = 8cb05e070263c5546f40a5a509757d7d
2026-03-06 18:44:39.467 INFO  c.k.k.core.webui.driver.DriverFactory    - browser = Edge Chromium 145.0.3800.82
2026-03-06 18:44:39.468 INFO  c.k.k.core.webui.driver.DriverFactory    - platform = Windows 11
2026-03-06 18:44:39.472 INFO  c.k.k.core.webui.driver.DriverFactory    - seleniumVersion = 4.39.0
2026-03-06 18:44:39.473 INFO  c.k.k.core.webui.driver.DriverFactory    - proxyInformation = ProxyInformation { proxyOption=NO_PROXY, proxyServerType=HTTP, username=, password=********, proxyServerAddress=, proxyServerPort=0, executionList="", isApplyToDesiredCapabilities=true }
2026-03-06 18:44:40.460 DEBUG testcase.TC_LOG_01                       - 2: maximizeWindow()
2026-03-06 18:44:40.708 DEBUG testcase.TC_LOG_01                       - 3: delay(3)
2026-03-06 18:44:43.724 DEBUG testcase.TC_LOG_01                       - 4: click(findTestObject("Register/button_Masuk"))
2026-03-06 18:44:44.250 DEBUG testcase.TC_LOG_01                       - 5: setText(findTestObject("Login/input_Nomor HP atau email"), "virilog267@7novels.com")
2026-03-06 18:44:47.016 DEBUG testcase.TC_LOG_01                       - 6: click(findTestObject("Login/button_Masuk Akun"))
2026-03-06 18:44:47.669 DEBUG testcase.TC_LOG_01                       - 7: setText(findTestObject("Login/input_Show password"), password)
2026-03-06 18:44:48.723 DEBUG testcase.TC_LOG_01                       - 8: delay(5)
2026-03-06 18:44:53.741 DEBUG testcase.TC_LOG_01                       - 9: click(findTestObject("Login/button_Masuk Akun"))
2026-03-06 18:44:54.213 DEBUG testcase.TC_LOG_01                       - 10: if (verifyElementClickable(findTestObject("Login/button_Masuk Akun"), OPTIONAL))
2026-03-06 18:45:04.416 WARN  c.k.k.core.keyword.internal.KeywordMain  - Web element with id: 'Object Repository/Login/button_Masuk Akun' located by 'By.xpath: //button[@type='submit']' not found (Root cause: com.kms.katalon.core.exception.StepFailedException: Web element with id: 'Object Repository/Login/button_Masuk Akun' located by 'By.xpath: //button[@type='submit']' not found
	at com.kms.katalon.core.webui.keyword.internal.WebUIKeywordMain.stepFailed(WebUIKeywordMain.groovy:177)
	at com.kms.katalon.core.webui.keyword.builtin.VerifyElementClickableKeyword$_verifyElementClickable_closure1.doCall(VerifyElementClickableKeyword.groovy:69)
	at java.base/jdk.internal.reflect.DirectMethodHandleAccessor.invoke(DirectMethodHandleAccessor.java:103)
	at jdk.proxy2/jdk.proxy2.$Proxy55.execute(Unknown Source)
	at com.kms.katalon.core.webui.model.SeleniumActionRetryController.performAction(SeleniumActionRetryController.java:96)
	at com.kms.katalon.core.webui.model.SeleniumActionRetryController.performAction(SeleniumActionRetryController.java:83)
	at com.kms.katalon.core.webui.keyword.internal.WebUIKeywordMain$_runKeywordUntilTimeout_closure1.doCall(WebUIKeywordMain.groovy:135)
	at com.kms.katalon.core.webui.keyword.internal.WebUIKeywordMain$_runKeywordUntilTimeout_closure1.call(WebUIKeywordMain.groovy)
	at com.kms.katalon.core.webui.keyword.internal.WebUIKeywordMain.runKeyword(WebUIKeywordMain.groovy:41)
	at com.kms.katalon.core.webui.keyword.internal.WebUIKeywordMain.runKeywordUntilTimeout(WebUIKeywordMain.groovy:133)
	at com.kms.katalon.core.webui.keyword.builtin.VerifyElementClickableKeyword.verifyElementClickable(VerifyElementClickableKeyword.groovy:77)
	at com.kms.katalon.core.webui.keyword.builtin.VerifyElementClickableKeyword.execute(VerifyElementClickableKeyword.groovy:40)
	at com.kms.katalon.core.keyword.internal.KeywordExecutor.executeKeywordForPlatform(KeywordExecutor.groovy:95)
	at com.kms.katalon.core.webui.keyword.WebUiBuiltInKeywords.verifyElementClickable(WebUiBuiltInKeywords.groovy:628)
	at TC_LOG_01.run(TC_LOG_01:38)
	at com.kms.katalon.core.main.ScriptEngine.run(ScriptEngine.java:194)
	at com.kms.katalon.core.main.ScriptEngine.runScriptAsRawText(ScriptEngine.java:119)
	at com.kms.katalon.core.main.TestCaseExecutor.runScript(TestCaseExecutor.java:502)
	at com.kms.katalon.core.main.TestCaseExecutor.doExecute(TestCaseExecutor.java:493)
	at com.kms.katalon.core.main.TestCaseExecutor.processExecutionPhase(TestCaseExecutor.java:472)
	at com.kms.katalon.core.main.TestCaseExecutor.accessMainPhase(TestCaseExecutor.java:464)
	at com.kms.katalon.core.main.TestCaseExecutor.execute(TestCaseExecutor.java:334)
	at com.kms.katalon.core.main.TestCaseMain.runTestCase(TestCaseMain.java:151)
	at com.kms.katalon.core.keyword.builtin.CallTestCaseKeyword$_callTestCase_closure1.doCall(CallTestCaseKeyword.groovy:59)
	at com.kms.katalon.core.keyword.builtin.CallTestCaseKeyword$_callTestCase_closure1.call(CallTestCaseKeyword.groovy)
	at com.kms.katalon.core.keyword.internal.KeywordMain.runKeyword(KeywordMain.groovy:75)
	at com.kms.katalon.core.keyword.builtin.CallTestCaseKeyword.callTestCase(CallTestCaseKeyword.groovy:81)
	at com.kms.katalon.core.keyword.builtin.CallTestCaseKeyword.execute(CallTestCaseKeyword.groovy:44)
	at com.kms.katalon.core.keyword.internal.KeywordExecutor.executeKeywordForPlatform(KeywordExecutor.groovy:95)
	at com.kms.katalon.core.keyword.BuiltinKeywords.callTestCase(BuiltinKeywords.groovy:294)
	at java.base/jdk.internal.reflect.DirectMethodHandleAccessor.invoke(DirectMethodHandleAccessor.java:103)
	at TC_PO_05.run(TC_PO_05:20)
	at com.kms.katalon.core.main.ScriptEngine.run(ScriptEngine.java:194)
	at com.kms.katalon.core.main.ScriptEngine.runScriptAsRawText(ScriptEngine.java:119)
	at com.kms.katalon.core.main.TestCaseExecutor.runScript(TestCaseExecutor.java:502)
	at com.kms.katalon.core.main.TestCaseExecutor.doExecute(TestCaseExecutor.java:493)
	at com.kms.katalon.core.main.TestCaseExecutor.processExecutionPhase(TestCaseExecutor.java:472)
	at com.kms.katalon.core.main.TestCaseExecutor.accessMainPhase(TestCaseExecutor.java:464)
	at com.kms.katalon.core.main.TestCaseExecutor.execute(TestCaseExecutor.java:334)
	at com.kms.katalon.core.common.CommonExecutor.accessTestCaseMainPhase(CommonExecutor.java:71)
	at com.kms.katalon.core.main.TestSuiteExecutor.accessTestSuiteMainPhase(TestSuiteExecutor.java:163)
	at com.kms.katalon.core.main.TestSuiteExecutor.execute(TestSuiteExecutor.java:120)
	at com.kms.katalon.core.main.TestCaseMain.startTestSuite(TestCaseMain.java:205)
	at S0.run(S0.groovy:40)
	at java.base/jdk.internal.reflect.DirectMethodHandleAccessor.invoke(DirectMethodHandleAccessor.java:103)
)
2026-03-06 18:45:04.419 DEBUG testcase.TC_LOG_01                       - 11: delay(3)
2026-03-06 18:45:07.439 INFO  c.k.katalon.core.main.TestCaseExecutor   - END CALL Test Cases/Login/TC_LOG_01
2026-03-06 18:45:07.439 INFO  c.k.katalon.core.main.TestCaseExecutor   - --------------------
2026-03-06 18:45:07.440 DEBUG testcase.TC_PO_05                        - 2: setText(findTestObject("Product Order/input_Indonesia_cy-search-product"), "Mobile Legend")
2026-03-06 18:45:08.390 DEBUG testcase.TC_PO_05                        - 3: delay(5)
2026-03-06 18:45:13.403 DEBUG testcase.TC_PO_05                        - 4: click(findTestObject("Product Order/img_Indonesia_h-12 w-12 rounded-lg object-cover object-top"))
2026-03-06 18:45:13.995 DEBUG testcase.TC_PO_05                        - 5: delay(1)
2026-03-06 18:45:15.024 DEBUG testcase.TC_PO_05                        - 6: scrollToElement(findTestObject("Product Order/input__User ID"), 5)
2026-03-06 18:45:20.808 DEBUG testcase.TC_PO_05                        - 7: setText(findTestObject("Product Order/input__User ID"), user_id)
2026-03-06 18:45:30.837 WARN  c.k.k.c.w.k.builtin.SetTextKeyword       - Waiting for element timed out
2026-03-06 18:45:31.170 WARN  c.k.k.c.w.k.builtin.SetTextKeyword       - Waiting for element timed out
2026-03-06 18:45:31.528 DEBUG testcase.TC_PO_05                        - 8: setText(findTestObject("Product Order/input__Zone ID"), zone_id)
2026-03-06 18:45:41.559 WARN  c.k.k.c.w.k.builtin.SetTextKeyword       - Waiting for element timed out
2026-03-06 18:45:42.037 WARN  c.k.k.c.w.k.builtin.SetTextKeyword       - Waiting for element timed out
2026-03-06 18:45:42.254 DEBUG testcase.TC_PO_05                        - 9: delay(3)
2026-03-06 18:45:45.274 DEBUG testcase.TC_PO_05                        - 10: scrollToElement(findTestObject("Product Order/input__Email"), 5)
2026-03-06 18:45:45.559 DEBUG testcase.TC_PO_05                        - 11: setText(findTestObject("Product Order/input__Email"), "aaaaaaaaa")
2026-03-06 18:45:46.790 DEBUG testcase.TC_PO_05                        - 12: click(findTestObject("Product Order/button_Weekly Diamond Pass"))
2026-03-06 18:45:47.510 DEBUG testcase.TC_PO_05                        - 13: delay(1)
2026-03-06 18:45:48.526 DEBUG testcase.TC_PO_05                        - 14: click(findTestObject("Product Order/button_Rp 27,819"))
2026-03-06 18:45:49.058 DEBUG testcase.TC_PO_05                        - 15: verifyTextPresent("Email harus berupa alamat email yang valid", false)
2026-03-06 18:45:49.699 INFO  c.k.katalon.core.main.TestCaseExecutor   - END Test Cases/Product Order/TC_PO_05
2026-03-06 18:45:49.703 INFO  c.k.katalon.core.main.TestCaseExecutor   - --------------------
2026-03-06 18:45:49.703 INFO  c.k.katalon.core.main.TestCaseExecutor   - START Test Cases/Product Order/TC_PO_06
2026-03-06 18:45:49.824 DEBUG testcase.TC_PO_06                        - 1: callTestCase(findTestCase("Login/TC_LOG_01"), [:], STOP_ON_FAILURE)
2026-03-06 18:45:49.895 INFO  c.k.katalon.core.main.TestCaseExecutor   - --------------------
2026-03-06 18:45:49.896 INFO  c.k.katalon.core.main.TestCaseExecutor   - CALL Test Cases/Login/TC_LOG_01
2026-03-06 18:45:49.913 DEBUG testcase.TC_LOG_01                       - 1: openBrowser(url)
2026-03-06 18:45:49.914 WARN  c.k.k.core.webui.driver.DriverFactory    - A browser is already opened. Closing browser and opening a new one
2026-03-06 18:45:50.572 INFO  c.k.k.core.webui.driver.DriverFactory    - Starting 'Edge Chromium' driver
2026-03-06 18:45:50.578 INFO  c.k.k.core.webui.driver.DriverFactory    - Action delay is set to 0 milliseconds
Mar 06, 2026 6:45:52 PM org.openqa.selenium.devtools.CdpVersionFinder findNearestMatch
WARNING: Unable to find an exact match for CDP version 145, returning the closest version; found: 143; Please update to a Selenium version that supports CDP version 145
2026-03-06 18:45:52.540 INFO  c.k.k.core.webui.driver.DriverFactory    - sessionId = 847687a3e63bec0407d91cda2cee35ce
2026-03-06 18:45:52.546 INFO  c.k.k.core.webui.driver.DriverFactory    - browser = Edge Chromium 145.0.3800.82
2026-03-06 18:45:52.546 INFO  c.k.k.core.webui.driver.DriverFactory    - platform = Windows 11
2026-03-06 18:45:52.547 INFO  c.k.k.core.webui.driver.DriverFactory    - seleniumVersion = 4.39.0
2026-03-06 18:45:52.547 INFO  c.k.k.core.webui.driver.DriverFactory    - proxyInformation = ProxyInformation { proxyOption=NO_PROXY, proxyServerType=HTTP, username=, password=********, proxyServerAddress=, proxyServerPort=0, executionList="", isApplyToDesiredCapabilities=true }
2026-03-06 18:45:53.632 DEBUG testcase.TC_LOG_01                       - 2: maximizeWindow()
2026-03-06 18:45:54.025 DEBUG testcase.TC_LOG_01                       - 3: delay(3)
2026-03-06 18:45:57.064 DEBUG testcase.TC_LOG_01                       - 4: click(findTestObject("Register/button_Masuk"))
2026-03-06 18:45:57.634 DEBUG testcase.TC_LOG_01                       - 5: setText(findTestObject("Login/input_Nomor HP atau email"), "virilog267@7novels.com")
2026-03-06 18:46:00.341 DEBUG testcase.TC_LOG_01                       - 6: click(findTestObject("Login/button_Masuk Akun"))
2026-03-06 18:46:00.909 DEBUG testcase.TC_LOG_01                       - 7: setText(findTestObject("Login/input_Show password"), password)
2026-03-06 18:46:01.874 DEBUG testcase.TC_LOG_01                       - 8: delay(5)
2026-03-06 18:46:06.889 DEBUG testcase.TC_LOG_01                       - 9: click(findTestObject("Login/button_Masuk Akun"))
2026-03-06 18:46:07.375 DEBUG testcase.TC_LOG_01                       - 10: if (verifyElementClickable(findTestObject("Login/button_Masuk Akun"), OPTIONAL))
2026-03-06 18:46:07.997 DEBUG testcase.TC_LOG_01                       - 1: click(findTestObject("Login/button_Masuk Akun"))
2026-03-06 18:46:08.467 DEBUG testcase.TC_LOG_01                       - 11: delay(3)
2026-03-06 18:46:11.486 INFO  c.k.katalon.core.main.TestCaseExecutor   - END CALL Test Cases/Login/TC_LOG_01
2026-03-06 18:46:11.486 INFO  c.k.katalon.core.main.TestCaseExecutor   - --------------------
2026-03-06 18:46:11.487 DEBUG testcase.TC_PO_06                        - 2: setText(findTestObject("Product Order/input_Indonesia_cy-search-product"), "Mobile Legend")
2026-03-06 18:46:21.513 WARN  c.k.k.c.w.k.builtin.SetTextKeyword       - Waiting for element timed out
2026-03-06 18:46:22.132 ERROR c.k.k.core.keyword.internal.KeywordMain  - ❌ Unable to set text 'Mobile Legend' of object 'Object Repository/Product Order/input_Indonesia_cy-search-product' (Root cause: com.kms.katalon.core.exception.StepFailedException: Unable to set text 'Mobile Legend' of object 'Object Repository/Product Order/input_Indonesia_cy-search-product'
	at com.kms.katalon.core.webui.keyword.internal.WebUIKeywordMain.stepFailed(WebUIKeywordMain.groovy:177)
	at com.kms.katalon.core.webui.keyword.internal.WebUIKeywordMain.runKeyword(WebUIKeywordMain.groovy:49)
	at com.kms.katalon.core.webui.keyword.internal.WebUIKeywordMain.runKeywordUntilTimeout(WebUIKeywordMain.groovy:133)
	at com.kms.katalon.core.webui.keyword.builtin.SetTextKeyword.setText(SetTextKeyword.groovy:106)
	at com.kms.katalon.core.webui.keyword.builtin.SetTextKeyword.execute(SetTextKeyword.groovy:49)
	at com.kms.katalon.core.keyword.internal.KeywordExecutor.executeKeywordForPlatform(KeywordExecutor.groovy:95)
	at com.kms.katalon.core.webui.keyword.WebUiBuiltInKeywords.setText(WebUiBuiltInKeywords.groovy:1081)
	at TC_PO_06.run(TC_PO_06:22)
	at com.kms.katalon.core.main.ScriptEngine.run(ScriptEngine.java:194)
	at com.kms.katalon.core.main.ScriptEngine.runScriptAsRawText(ScriptEngine.java:119)
	at com.kms.katalon.core.main.TestCaseExecutor.runScript(TestCaseExecutor.java:502)
	at com.kms.katalon.core.main.TestCaseExecutor.doExecute(TestCaseExecutor.java:493)
	at com.kms.katalon.core.main.TestCaseExecutor.processExecutionPhase(TestCaseExecutor.java:472)
	at com.kms.katalon.core.main.TestCaseExecutor.accessMainPhase(TestCaseExecutor.java:464)
	at com.kms.katalon.core.main.TestCaseExecutor.execute(TestCaseExecutor.java:334)
	at com.kms.katalon.core.common.CommonExecutor.accessTestCaseMainPhase(CommonExecutor.java:71)
	at com.kms.katalon.core.main.TestSuiteExecutor.accessTestSuiteMainPhase(TestSuiteExecutor.java:163)
	at com.kms.katalon.core.main.TestSuiteExecutor.execute(TestSuiteExecutor.java:120)
	at com.kms.katalon.core.main.TestCaseMain.startTestSuite(TestCaseMain.java:205)
	at S0.run(S0.groovy:40)
	at java.base/jdk.internal.reflect.DirectMethodHandleAccessor.invoke(DirectMethodHandleAccessor.java:103)
Caused by: org.openqa.selenium.ElementNotInteractableException: element not interactable
  (Session info: MicrosoftEdge=145.0.3800.82)
Build info: version: '4.39.0', revision: '126f156aee'
System info: os.name: 'Windows 11', os.arch: 'amd64', os.version: '10.0', java.version: '21.0.9'
Driver info: com.kms.katalon.selenium.driver.CEdgeDriver
Command: [847687a3e63bec0407d91cda2cee35ce, clearElement {id=f.D70C840B3A6ED68037F6E852944F1C60.d.3AA4D9981B606DC468EE4BF2519F9E0D.e.51}]
Capabilities {acceptInsecureCerts: false, browserName: MicrosoftEdge, browserVersion: 145.0.3800.82, fedcm:accounts: true, goog:processID: 24148, ms:edgeOptions: {debuggerAddress: localhost:61642}, msedge: {msedgedriverVersion: 145.0.3800.70 (57ed5ba8de27..., userDataDir: C:\Users\X1CARB~1\AppData\L...}, networkConnectionEnabled: false, pageLoadStrategy: normal, platformName: windows, proxy: Proxy(), se:cdp: ws://localhost:61642/devtoo..., se:cdpVersion: 145.0.3800.82, setWindowRect: true, strictFileInteractability: false, timeouts: {implicit: 0, pageLoad: 300000, script: 30000}, unhandledPromptBehavior: {alert: ignore, beforeUnload: ignore, confirm: ignore, default: ignore, file: ignore, prompt: ignore}, webSocketUrl: ws://localhost:31499/sessio..., webauthn:extension:credBlob: true, webauthn:extension:largeBlob: true, webauthn:extension:minPinLength: true, webauthn:extension:prf: true, webauthn:virtualAuthenticators: true}
Element: [[CEdgeDriver: MicrosoftEdge on windows (847687a3e63bec0407d91cda2cee35ce)] -> xpath: //input[@value='']]
Session ID: 847687a3e63bec0407d91cda2cee35ce
	at java.base/jdk.internal.reflect.DirectConstructorHandleAccessor.newInstance(DirectConstructorHandleAccessor.java:62)
	at org.openqa.selenium.remote.ErrorCodec.decode(ErrorCodec.java:167)
	at org.openqa.selenium.remote.codec.w3c.W3CHttpResponseCodec.decode(W3CHttpResponseCodec.java:142)
	at org.openqa.selenium.remote.codec.w3c.W3CHttpResponseCodec.decode(W3CHttpResponseCodec.java:49)
	at org.openqa.selenium.remote.HttpCommandExecutor.execute(HttpCommandExecutor.java:215)
	at org.openqa.selenium.remote.service.DriverCommandExecutor.invokeExecute(DriverCommandExecutor.java:216)
	at org.openqa.selenium.remote.service.DriverCommandExecutor.execute(DriverCommandExecutor.java:174)
	at org.openqa.selenium.remote.RemoteWebDriver.execute(RemoteWebDriver.java:561)
	at org.openqa.selenium.remote.RemoteWebElement.execute(RemoteWebElement.java:223)
	at org.openqa.selenium.remote.RemoteWebElement.clear(RemoteWebElement.java:129)
	at java.base/jdk.internal.reflect.DirectMethodHandleAccessor.invoke(DirectMethodHandleAccessor.java:103)
	at org.openqa.selenium.support.decorators.WebDriverDecorator.call(WebDriverDecorator.java:326)
	at org.openqa.selenium.support.decorators.DefaultDecorated.call(DefaultDecorated.java:48)
	at org.openqa.selenium.support.decorators.WebDriverDecorator.lambda$createProxyFactory$3(WebDriverDecorator.java:416)
	at net.bytebuddy.renamed.java.lang.Object$ByteBuddy$EzlQRuiz.clear(Unknown Source)
	at com.kms.katalon.core.webui.keyword.builtin.SetTextKeyword$_setText_closure1.doCall(SetTextKeyword.groovy:72)
	at java.base/jdk.internal.reflect.DirectMethodHandleAccessor.invoke(DirectMethodHandleAccessor.java:103)
	at jdk.proxy2/jdk.proxy2.$Proxy55.execute(Unknown Source)
	at com.kms.katalon.core.webui.model.SeleniumActionRetryController.performAction(SeleniumActionRetryController.java:96)
	at com.kms.katalon.core.webui.model.SeleniumActionRetryController.performAction(SeleniumActionRetryController.java:83)
	at com.kms.katalon.core.webui.keyword.internal.WebUIKeywordMain$_runKeywordUntilTimeout_closure1.doCall(WebUIKeywordMain.groovy:135)
	at com.kms.katalon.core.webui.keyword.internal.WebUIKeywordMain$_runKeywordUntilTimeout_closure1.call(WebUIKeywordMain.groovy)
	at com.kms.katalon.core.webui.keyword.internal.WebUIKeywordMain.runKeyword(WebUIKeywordMain.groovy:41)
	at com.kms.katalon.core.webui.keyword.internal.WebUIKeywordMain.runKeywordUntilTimeout(WebUIKeywordMain.groovy:133)
	at com.kms.katalon.core.webui.keyword.builtin.SetTextKeyword.setText(SetTextKeyword.groovy:106)
	at com.kms.katalon.core.webui.keyword.builtin.SetTextKeyword.execute(SetTextKeyword.groovy:49)
	at com.kms.katalon.core.keyword.internal.KeywordExecutor.executeKeywordForPlatform(KeywordExecutor.groovy:95)
	at com.kms.katalon.core.webui.keyword.WebUiBuiltInKeywords.setText(WebUiBuiltInKeywords.groovy:1081)
	at Script1772719253240.run(Script1772719253240.groovy:22)
	... 13 more
)
2026-03-06 18:46:22.147 ERROR c.k.katalon.core.main.TestCaseExecutor   - ❌ Test Cases/Product Order/TC_PO_06 FAILED.
Reason:
com.kms.katalon.core.exception.StepFailedException: Unable to set text 'Mobile Legend' of object 'Object Repository/Product Order/input_Indonesia_cy-search-product'
	at com.kms.katalon.core.webui.keyword.internal.WebUIKeywordMain.stepFailed(WebUIKeywordMain.groovy:177)
	at com.kms.katalon.core.webui.keyword.internal.WebUIKeywordMain.runKeyword(WebUIKeywordMain.groovy:49)
	at com.kms.katalon.core.webui.keyword.internal.WebUIKeywordMain.runKeywordUntilTimeout(WebUIKeywordMain.groovy:133)
	at com.kms.katalon.core.webui.keyword.builtin.SetTextKeyword.setText(SetTextKeyword.groovy:106)
	at com.kms.katalon.core.webui.keyword.builtin.SetTextKeyword.execute(SetTextKeyword.groovy:49)
	at com.kms.katalon.core.keyword.internal.KeywordExecutor.executeKeywordForPlatform(KeywordExecutor.groovy:95)
	at com.kms.katalon.core.webui.keyword.WebUiBuiltInKeywords.setText(WebUiBuiltInKeywords.groovy:1081)
	at TC_PO_06.run(TC_PO_06:22)
	at com.kms.katalon.core.main.ScriptEngine.run(ScriptEngine.java:194)
	at com.kms.katalon.core.main.ScriptEngine.runScriptAsRawText(ScriptEngine.java:119)
	at com.kms.katalon.core.main.TestCaseExecutor.runScript(TestCaseExecutor.java:502)
	at com.kms.katalon.core.main.TestCaseExecutor.doExecute(TestCaseExecutor.java:493)
	at com.kms.katalon.core.main.TestCaseExecutor.processExecutionPhase(TestCaseExecutor.java:472)
	at com.kms.katalon.core.main.TestCaseExecutor.accessMainPhase(TestCaseExecutor.java:464)
	at com.kms.katalon.core.main.TestCaseExecutor.execute(TestCaseExecutor.java:334)
	at com.kms.katalon.core.common.CommonExecutor.accessTestCaseMainPhase(CommonExecutor.java:71)
	at com.kms.katalon.core.main.TestSuiteExecutor.accessTestSuiteMainPhase(TestSuiteExecutor.java:163)
	at com.kms.katalon.core.main.TestSuiteExecutor.execute(TestSuiteExecutor.java:120)
	at com.kms.katalon.core.main.TestCaseMain.startTestSuite(TestCaseMain.java:205)
	at S0.run(S0.groovy:40)
	at java.base/jdk.internal.reflect.DirectMethodHandleAccessor.invoke(DirectMethodHandleAccessor.java:103)
Caused by: org.openqa.selenium.ElementNotInteractableException: element not interactable
  (Session info: MicrosoftEdge=145.0.3800.82)
Build info: version: '4.39.0', revision: '126f156aee'
System info: os.name: 'Windows 11', os.arch: 'amd64', os.version: '10.0', java.version: '21.0.9'
Driver info: com.kms.katalon.selenium.driver.CEdgeDriver
Command: [847687a3e63bec0407d91cda2cee35ce, clearElement {id=f.D70C840B3A6ED68037F6E852944F1C60.d.3AA4D9981B606DC468EE4BF2519F9E0D.e.51}]
Capabilities {acceptInsecureCerts: false, browserName: MicrosoftEdge, browserVersion: 145.0.3800.82, fedcm:accounts: true, goog:processID: 24148, ms:edgeOptions: {debuggerAddress: localhost:61642}, msedge: {msedgedriverVersion: 145.0.3800.70 (57ed5ba8de27..., userDataDir: C:\Users\X1CARB~1\AppData\L...}, networkConnectionEnabled: false, pageLoadStrategy: normal, platformName: windows, proxy: Proxy(), se:cdp: ws://localhost:61642/devtoo..., se:cdpVersion: 145.0.3800.82, setWindowRect: true, strictFileInteractability: false, timeouts: {implicit: 0, pageLoad: 300000, script: 30000}, unhandledPromptBehavior: {alert: ignore, beforeUnload: ignore, confirm: ignore, default: ignore, file: ignore, prompt: ignore}, webSocketUrl: ws://localhost:31499/sessio..., webauthn:extension:credBlob: true, webauthn:extension:largeBlob: true, webauthn:extension:minPinLength: true, webauthn:extension:prf: true, webauthn:virtualAuthenticators: true}
Element: [[CEdgeDriver: MicrosoftEdge on windows (847687a3e63bec0407d91cda2cee35ce)] -> xpath: //input[@value='']]
Session ID: 847687a3e63bec0407d91cda2cee35ce
	at java.base/jdk.internal.reflect.DirectConstructorHandleAccessor.newInstance(DirectConstructorHandleAccessor.java:62)
	at org.openqa.selenium.remote.ErrorCodec.decode(ErrorCodec.java:167)
	at org.openqa.selenium.remote.codec.w3c.W3CHttpResponseCodec.decode(W3CHttpResponseCodec.java:142)
	at org.openqa.selenium.remote.codec.w3c.W3CHttpResponseCodec.decode(W3CHttpResponseCodec.java:49)
	at org.openqa.selenium.remote.HttpCommandExecutor.execute(HttpCommandExecutor.java:215)
	at org.openqa.selenium.remote.service.DriverCommandExecutor.invokeExecute(DriverCommandExecutor.java:216)
	at org.openqa.selenium.remote.service.DriverCommandExecutor.execute(DriverCommandExecutor.java:174)
	at org.openqa.selenium.remote.RemoteWebDriver.execute(RemoteWebDriver.java:561)
	at org.openqa.selenium.remote.RemoteWebElement.execute(RemoteWebElement.java:223)
	at org.openqa.selenium.remote.RemoteWebElement.clear(RemoteWebElement.java:129)
	at java.base/jdk.internal.reflect.DirectMethodHandleAccessor.invoke(DirectMethodHandleAccessor.java:103)
	at org.openqa.selenium.support.decorators.WebDriverDecorator.call(WebDriverDecorator.java:326)
	at org.openqa.selenium.support.decorators.DefaultDecorated.call(DefaultDecorated.java:48)
	at org.openqa.selenium.support.decorators.WebDriverDecorator.lambda$createProxyFactory$3(WebDriverDecorator.java:416)
	at net.bytebuddy.renamed.java.lang.Object$ByteBuddy$EzlQRuiz.clear(Unknown Source)
	at com.kms.katalon.core.webui.keyword.builtin.SetTextKeyword$_setText_closure1.doCall(SetTextKeyword.groovy:72)
	at java.base/jdk.internal.reflect.DirectMethodHandleAccessor.invoke(DirectMethodHandleAccessor.java:103)
	at jdk.proxy2/jdk.proxy2.$Proxy55.execute(Unknown Source)
	at com.kms.katalon.core.webui.model.SeleniumActionRetryController.performAction(SeleniumActionRetryController.java:96)
	at com.kms.katalon.core.webui.model.SeleniumActionRetryController.performAction(SeleniumActionRetryController.java:83)
	at com.kms.katalon.core.webui.keyword.internal.WebUIKeywordMain$_runKeywordUntilTimeout_closure1.doCall(WebUIKeywordMain.groovy:135)
	at com.kms.katalon.core.webui.keyword.internal.WebUIKeywordMain$_runKeywordUntilTimeout_closure1.call(WebUIKeywordMain.groovy)
	at com.kms.katalon.core.webui.keyword.internal.WebUIKeywordMain.runKeyword(WebUIKeywordMain.groovy:41)
	... 19 more

2026-03-06 18:46:22.158 INFO  c.k.katalon.core.main.TestCaseExecutor   - END Test Cases/Product Order/TC_PO_06
2026-03-06 18:46:22.716 INFO  c.k.katalon.core.main.TestSuiteExecutor  - --------------------
2026-03-06 18:46:22.716 INFO  c.k.katalon.core.main.TestSuiteExecutor  - END Test Suites/Product Order
2026-03-06 18:46:22.716 INFO  c.k.katalon.core.main.TestSuiteExecutor  - ====================
