2026-03-06 16:38:31.448 INFO  c.k.k.c.l.logback.LogbackConfigurator    - Logback default configuration initialized from: C:\Users\x1 carbon\.katalon\packages\KS-11.0.1\configuration\org.eclipse.osgi\148\0\.cp\resources\logback\logback-execution.xml
2026-03-06 16:38:31.455 INFO  c.k.k.c.l.logback.LogbackConfigurator    - Logback custom configuration initialized from: D:\VocaGame\VocaGame\Include\config\log.properties
2026-03-06 16:38:32.968 INFO  c.k.katalon.core.main.TestSuiteExecutor  - START Test Suites/Login
2026-03-06 16:38:33.127 INFO  c.k.katalon.core.main.TestSuiteExecutor  - userFullName = Devanz
2026-03-06 16:38:33.129 INFO  c.k.katalon.core.main.TestSuiteExecutor  - projectName = VocaGame
2026-03-06 16:38:33.130 INFO  c.k.katalon.core.main.TestSuiteExecutor  - hostName = x1 carbon - DESKTOP-72PBSPN
2026-03-06 16:38:33.133 INFO  c.k.katalon.core.main.TestSuiteExecutor  - os = Windows 11 64bit
2026-03-06 16:38:33.142 INFO  c.k.katalon.core.main.TestSuiteExecutor  - hostAddress = 172.16.100.143
2026-03-06 16:38:33.146 INFO  c.k.katalon.core.main.TestSuiteExecutor  - katalonVersion = 11.0.1.0
2026-03-06 16:38:33.501 INFO  c.k.katalon.core.main.TestCaseExecutor   - --------------------
2026-03-06 16:38:33.502 INFO  c.k.katalon.core.main.TestCaseExecutor   - START Test Cases/Login/TC_LOG_01
2026-03-06 16:38:34.331 DEBUG testcase.TC_LOG_01                       - 1: openBrowser(url)
2026-03-06 16:38:35.306 INFO  c.k.k.core.webui.driver.DriverFactory    - Starting 'Edge Chromium' driver
2026-03-06 16:38:35.452 INFO  c.k.k.core.webui.driver.DriverFactory    - Action delay is set to 0 milliseconds
Mar 06, 2026 4:38:37 PM org.openqa.selenium.devtools.CdpVersionFinder findNearestMatch
WARNING: Unable to find an exact match for CDP version 145, returning the closest version; found: 143; Please update to a Selenium version that supports CDP version 145
2026-03-06 16:38:39.202 INFO  c.k.k.core.webui.driver.DriverFactory    - sessionId = 516a7286cad520f261f950d43cd63ad3
2026-03-06 16:38:39.205 INFO  c.k.k.core.webui.driver.DriverFactory    - browser = Edge Chromium 145.0.3800.82
2026-03-06 16:38:39.206 INFO  c.k.k.core.webui.driver.DriverFactory    - platform = Windows 11
2026-03-06 16:38:39.210 INFO  c.k.k.core.webui.driver.DriverFactory    - seleniumVersion = 4.39.0
2026-03-06 16:38:39.276 INFO  c.k.k.core.webui.driver.DriverFactory    - proxyInformation = ProxyInformation { proxyOption=NO_PROXY, proxyServerType=HTTP, username=, password=********, proxyServerAddress=, proxyServerPort=0, executionList="", isApplyToDesiredCapabilities=true }
2026-03-06 16:38:39.767 DEBUG testcase.TC_LOG_01                       - 2: maximizeWindow()
2026-03-06 16:38:40.584 DEBUG testcase.TC_LOG_01                       - 3: delay(3)
2026-03-06 16:38:43.730 DEBUG testcase.TC_LOG_01                       - 4: click(findTestObject("Register/button_Masuk"))
2026-03-06 16:38:44.469 DEBUG testcase.TC_LOG_01                       - 5: setText(findTestObject("Login/input_Nomor HP atau email"), valid_email)
2026-03-06 16:38:47.206 DEBUG testcase.TC_LOG_01                       - 6: click(findTestObject("Login/button_Masuk Akun"))
2026-03-06 16:38:47.756 DEBUG testcase.TC_LOG_01                       - 7: setText(findTestObject("Login/input_Show password"), password)
2026-03-06 16:38:48.760 DEBUG testcase.TC_LOG_01                       - 8: delay(5)
2026-03-06 16:38:53.778 DEBUG testcase.TC_LOG_01                       - 9: click(findTestObject("Login/button_Masuk Akun"))
2026-03-06 16:38:54.282 DEBUG testcase.TC_LOG_01                       - 10: if (verifyElementClickable(findTestObject("Login/button_Masuk Akun"), OPTIONAL))
2026-03-06 16:38:55.332 WARN  .k.c.w.k.b.VerifyElementClickableKeyword - Element is detached from the DOM while waiting interactable
2026-03-06 16:38:55.374 WARN  c.k.k.core.keyword.internal.KeywordMain  - Object 'Object Repository/Login/button_Masuk Akun' is NOT clickable (Root cause: com.kms.katalon.core.exception.StepFailedException: Object 'Object Repository/Login/button_Masuk Akun' is NOT clickable
	at com.kms.katalon.core.webui.keyword.internal.WebUIKeywordMain.stepFailed(WebUIKeywordMain.groovy:177)
	at com.kms.katalon.core.webui.keyword.builtin.VerifyElementClickableKeyword$_verifyElementClickable_closure1.doCall(VerifyElementClickableKeyword.groovy:65)
	at java.base/jdk.internal.reflect.DirectMethodHandleAccessor.invoke(DirectMethodHandleAccessor.java:103)
	at jdk.proxy2/jdk.proxy2.$Proxy55.execute(Unknown Source)
	at com.kms.katalon.core.webui.model.SeleniumActionRetryController.performAction(SeleniumActionRetryController.java:96)
	at com.kms.katalon.core.webui.model.SeleniumActionRetryController.performAction(SeleniumActionRetryController.java:83)
	at com.kms.katalon.core.webui.keyword.internal.WebUIKeywordMain$_runKeywordUntilTimeout_closure1.doCall(WebUIKeywordMain.groovy:135)
	at com.kms.katalon.core.webui.keyword.internal.WebUIKeywordMain$_runKeywordUntilTimeout_closure1.call(WebUIKeywordMain.groovy)
	at com.kms.katalon.core.webui.keyword.internal.WebUIKeywordMain.runKeyword(WebUIKeywordMain.groovy:41)
	at com.kms.katalon.core.webui.keyword.internal.WebUIKeywordMain.runKeywordUntilTimeout(WebUIKeywordMain.groovy:133)
	at com.kms.katalon.core.webui.keyword.builtin.VerifyElementClickableKeyword.verifyElementClickable(VerifyElementClickableKeyword.groovy:77)
	at com.kms.katalon.core.webui.keyword.builtin.VerifyElementClickableKeyword.execute(VerifyElementClickableKeyword.groovy:40)
	at com.kms.katalon.core.keyword.internal.KeywordExecutor.executeKeywordForPlatform(KeywordExecutor.groovy:95)
	at com.kms.katalon.core.webui.keyword.WebUiBuiltInKeywords.verifyElementClickable(WebUiBuiltInKeywords.groovy:628)
	at TC_LOG_01.run(TC_LOG_01:38)
	at com.kms.katalon.core.main.ScriptEngine.run(ScriptEngine.java:194)
	at com.kms.katalon.core.main.ScriptEngine.runScriptAsRawText(ScriptEngine.java:119)
	at com.kms.katalon.core.main.TestCaseExecutor.runScript(TestCaseExecutor.java:502)
	at com.kms.katalon.core.main.TestCaseExecutor.doExecute(TestCaseExecutor.java:493)
	at com.kms.katalon.core.main.TestCaseExecutor.processExecutionPhase(TestCaseExecutor.java:472)
	at com.kms.katalon.core.main.TestCaseExecutor.accessMainPhase(TestCaseExecutor.java:464)
	at com.kms.katalon.core.main.TestCaseExecutor.execute(TestCaseExecutor.java:334)
	at com.kms.katalon.core.common.CommonExecutor.accessTestCaseMainPhase(CommonExecutor.java:71)
	at com.kms.katalon.core.main.TestSuiteExecutor.accessTestSuiteMainPhase(TestSuiteExecutor.java:163)
	at com.kms.katalon.core.main.TestSuiteExecutor.execute(TestSuiteExecutor.java:120)
	at com.kms.katalon.core.main.TestCaseMain.startTestSuite(TestCaseMain.java:205)
	at S0.run(S0.groovy:40)
	at java.base/jdk.internal.reflect.DirectMethodHandleAccessor.invoke(DirectMethodHandleAccessor.java:103)
)
2026-03-06 16:38:55.420 DEBUG testcase.TC_LOG_01                       - 11: delay(3)
2026-03-06 16:38:58.465 INFO  c.k.katalon.core.main.TestCaseExecutor   - END Test Cases/Login/TC_LOG_01
2026-03-06 16:38:58.471 INFO  c.k.katalon.core.main.TestCaseExecutor   - --------------------
2026-03-06 16:38:58.471 INFO  c.k.katalon.core.main.TestCaseExecutor   - START Test Cases/Login/TC_LOG_02
2026-03-06 16:38:58.642 DEBUG testcase.TC_LOG_02                       - 1: openBrowser(url)
2026-03-06 16:38:58.649 WARN  c.k.k.core.webui.driver.DriverFactory    - A browser is already opened. Closing browser and opening a new one
2026-03-06 16:38:59.137 INFO  c.k.k.core.webui.driver.DriverFactory    - Starting 'Edge Chromium' driver
2026-03-06 16:38:59.148 INFO  c.k.k.core.webui.driver.DriverFactory    - Action delay is set to 0 milliseconds
Mar 06, 2026 4:39:00 PM org.openqa.selenium.devtools.CdpVersionFinder findNearestMatch
WARNING: Unable to find an exact match for CDP version 145, returning the closest version; found: 143; Please update to a Selenium version that supports CDP version 145
2026-03-06 16:39:00.827 INFO  c.k.k.core.webui.driver.DriverFactory    - sessionId = 88c99766298146cf9eed12eade298efc
2026-03-06 16:39:00.828 INFO  c.k.k.core.webui.driver.DriverFactory    - browser = Edge Chromium 145.0.3800.82
2026-03-06 16:39:00.830 INFO  c.k.k.core.webui.driver.DriverFactory    - platform = Windows 11
2026-03-06 16:39:00.832 INFO  c.k.k.core.webui.driver.DriverFactory    - seleniumVersion = 4.39.0
2026-03-06 16:39:00.833 INFO  c.k.k.core.webui.driver.DriverFactory    - proxyInformation = ProxyInformation { proxyOption=NO_PROXY, proxyServerType=HTTP, username=, password=********, proxyServerAddress=, proxyServerPort=0, executionList="", isApplyToDesiredCapabilities=true }
2026-03-06 16:39:01.642 DEBUG testcase.TC_LOG_02                       - 2: maximizeWindow()
2026-03-06 16:39:01.999 DEBUG testcase.TC_LOG_02                       - 3: delay(3)
2026-03-06 16:39:05.097 DEBUG testcase.TC_LOG_02                       - 4: click(findTestObject("Register/button_Masuk"))
2026-03-06 16:39:05.669 DEBUG testcase.TC_LOG_02                       - 5: setText(findTestObject("Login/input_Nomor HP atau email"), "vpriansyah@gmail.com")
2026-03-06 16:39:07.997 DEBUG testcase.TC_LOG_02                       - 6: click(findTestObject("Login/button_Masuk Akun"))
2026-03-06 16:39:08.676 DEBUG testcase.TC_LOG_02                       - 7: setText(findTestObject("Login/input_Show password"), password)
2026-03-06 16:39:09.664 DEBUG testcase.TC_LOG_02                       - 8: delay(5)
2026-03-06 16:39:14.684 DEBUG testcase.TC_LOG_02                       - 9: click(findTestObject("Login/button_Masuk Akun"))
2026-03-06 16:39:15.183 DEBUG testcase.TC_LOG_02                       - 10: if (verifyElementClickable(findTestObject("Login/button_Masuk Akun"), OPTIONAL))
2026-03-06 16:39:15.758 DEBUG testcase.TC_LOG_02                       - 1: click(findTestObject("Login/button_Masuk Akun"))
2026-03-06 16:39:16.227 DEBUG testcase.TC_LOG_02                       - 11: verifyTextPresent("Kata sandi salah", false)
2026-03-06 16:39:16.780 DEBUG testcase.TC_LOG_02                       - 12: delay(3)
2026-03-06 16:39:19.792 INFO  c.k.katalon.core.main.TestCaseExecutor   - END Test Cases/Login/TC_LOG_02
2026-03-06 16:39:19.798 INFO  c.k.katalon.core.main.TestCaseExecutor   - --------------------
2026-03-06 16:39:19.798 INFO  c.k.katalon.core.main.TestCaseExecutor   - START Test Cases/Login/TC_LOG_03
2026-03-06 16:39:19.933 DEBUG testcase.TC_LOG_03                       - 1: openBrowser(url)
2026-03-06 16:39:19.938 WARN  c.k.k.core.webui.driver.DriverFactory    - A browser is already opened. Closing browser and opening a new one
2026-03-06 16:39:20.403 INFO  c.k.k.core.webui.driver.DriverFactory    - Starting 'Edge Chromium' driver
2026-03-06 16:39:20.410 INFO  c.k.k.core.webui.driver.DriverFactory    - Action delay is set to 0 milliseconds
Mar 06, 2026 4:39:21 PM org.openqa.selenium.devtools.CdpVersionFinder findNearestMatch
WARNING: Unable to find an exact match for CDP version 145, returning the closest version; found: 143; Please update to a Selenium version that supports CDP version 145
2026-03-06 16:39:22.009 INFO  c.k.k.core.webui.driver.DriverFactory    - sessionId = 2c57ea14cd63595716f090b12333d957
2026-03-06 16:39:22.011 INFO  c.k.k.core.webui.driver.DriverFactory    - browser = Edge Chromium 145.0.3800.82
2026-03-06 16:39:22.013 INFO  c.k.k.core.webui.driver.DriverFactory    - platform = Windows 11
2026-03-06 16:39:22.014 INFO  c.k.k.core.webui.driver.DriverFactory    - seleniumVersion = 4.39.0
2026-03-06 16:39:22.015 INFO  c.k.k.core.webui.driver.DriverFactory    - proxyInformation = ProxyInformation { proxyOption=NO_PROXY, proxyServerType=HTTP, username=, password=********, proxyServerAddress=, proxyServerPort=0, executionList="", isApplyToDesiredCapabilities=true }
2026-03-06 16:39:22.831 DEBUG testcase.TC_LOG_03                       - 2: maximizeWindow()
2026-03-06 16:39:23.207 DEBUG testcase.TC_LOG_03                       - 3: delay(3)
2026-03-06 16:39:26.292 DEBUG testcase.TC_LOG_03                       - 4: click(findTestObject("Register/button_Masuk"))
2026-03-06 16:39:26.854 DEBUG testcase.TC_LOG_03                       - 5: setText(findTestObject("Login/input_Nomor HP atau email"), "aaaaaaaa")
2026-03-06 16:39:29.186 DEBUG testcase.TC_LOG_03                       - 6: verifyElementPresent(findTestObject("Login/p_Email harus berupa alamat email yang valid"), 3)
2026-03-06 16:39:29.587 DEBUG testcase.TC_LOG_03                       - 7: delay(5)
2026-03-06 16:39:34.597 DEBUG testcase.TC_LOG_03                       - 8: if (verifyElementClickable(findTestObject("Login/button_Masuk Akun"), OPTIONAL))
2026-03-06 16:39:44.633 WARN  .k.c.w.k.b.VerifyElementClickableKeyword - Waiting for element timed out
2026-03-06 16:39:44.635 WARN  c.k.k.core.keyword.internal.KeywordMain  - Object 'Object Repository/Login/button_Masuk Akun' is NOT clickable (Root cause: com.kms.katalon.core.exception.StepFailedException: Object 'Object Repository/Login/button_Masuk Akun' is NOT clickable
	at com.kms.katalon.core.webui.keyword.internal.WebUIKeywordMain.stepFailed(WebUIKeywordMain.groovy:177)
	at com.kms.katalon.core.webui.keyword.builtin.VerifyElementClickableKeyword$_verifyElementClickable_closure1.doCall(VerifyElementClickableKeyword.groovy:65)
	at java.base/jdk.internal.reflect.DirectMethodHandleAccessor.invoke(DirectMethodHandleAccessor.java:103)
	at jdk.proxy2/jdk.proxy2.$Proxy55.execute(Unknown Source)
	at com.kms.katalon.core.webui.model.SeleniumActionRetryController.performAction(SeleniumActionRetryController.java:96)
	at com.kms.katalon.core.webui.model.SeleniumActionRetryController.performAction(SeleniumActionRetryController.java:83)
	at com.kms.katalon.core.webui.keyword.internal.WebUIKeywordMain$_runKeywordUntilTimeout_closure1.doCall(WebUIKeywordMain.groovy:135)
	at com.kms.katalon.core.webui.keyword.internal.WebUIKeywordMain$_runKeywordUntilTimeout_closure1.call(WebUIKeywordMain.groovy)
	at com.kms.katalon.core.webui.keyword.internal.WebUIKeywordMain.runKeyword(WebUIKeywordMain.groovy:41)
	at com.kms.katalon.core.webui.keyword.internal.WebUIKeywordMain.runKeywordUntilTimeout(WebUIKeywordMain.groovy:133)
	at com.kms.katalon.core.webui.keyword.builtin.VerifyElementClickableKeyword.verifyElementClickable(VerifyElementClickableKeyword.groovy:77)
	at com.kms.katalon.core.webui.keyword.builtin.VerifyElementClickableKeyword.execute(VerifyElementClickableKeyword.groovy:40)
	at com.kms.katalon.core.keyword.internal.KeywordExecutor.executeKeywordForPlatform(KeywordExecutor.groovy:95)
	at com.kms.katalon.core.webui.keyword.WebUiBuiltInKeywords.verifyElementClickable(WebUiBuiltInKeywords.groovy:628)
	at TC_LOG_03.run(TC_LOG_03:34)
	at com.kms.katalon.core.main.ScriptEngine.run(ScriptEngine.java:194)
	at com.kms.katalon.core.main.ScriptEngine.runScriptAsRawText(ScriptEngine.java:119)
	at com.kms.katalon.core.main.TestCaseExecutor.runScript(TestCaseExecutor.java:502)
	at com.kms.katalon.core.main.TestCaseExecutor.doExecute(TestCaseExecutor.java:493)
	at com.kms.katalon.core.main.TestCaseExecutor.processExecutionPhase(TestCaseExecutor.java:472)
	at com.kms.katalon.core.main.TestCaseExecutor.accessMainPhase(TestCaseExecutor.java:464)
	at com.kms.katalon.core.main.TestCaseExecutor.execute(TestCaseExecutor.java:334)
	at com.kms.katalon.core.common.CommonExecutor.accessTestCaseMainPhase(CommonExecutor.java:71)
	at com.kms.katalon.core.main.TestSuiteExecutor.accessTestSuiteMainPhase(TestSuiteExecutor.java:163)
	at com.kms.katalon.core.main.TestSuiteExecutor.execute(TestSuiteExecutor.java:120)
	at com.kms.katalon.core.main.TestCaseMain.startTestSuite(TestCaseMain.java:205)
	at S0.run(S0.groovy:40)
	at java.base/jdk.internal.reflect.DirectMethodHandleAccessor.invoke(DirectMethodHandleAccessor.java:103)
)
2026-03-06 16:39:44.638 DEBUG testcase.TC_LOG_03                       - 9: verifyElementNotClickable(findTestObject("Login/button_Masuk Akun"))
2026-03-06 16:39:44.965 DEBUG testcase.TC_LOG_03                       - 10: delay(3)
2026-03-06 16:39:47.987 INFO  c.k.katalon.core.main.TestCaseExecutor   - END Test Cases/Login/TC_LOG_03
2026-03-06 16:39:47.991 INFO  c.k.katalon.core.main.TestCaseExecutor   - --------------------
2026-03-06 16:39:47.991 INFO  c.k.katalon.core.main.TestCaseExecutor   - START Test Cases/Login/TC_LOG_04
2026-03-06 16:39:48.126 DEBUG testcase.TC_LOG_04                       - 1: openBrowser(url)
2026-03-06 16:39:48.131 WARN  c.k.k.core.webui.driver.DriverFactory    - A browser is already opened. Closing browser and opening a new one
2026-03-06 16:39:48.616 INFO  c.k.k.core.webui.driver.DriverFactory    - Starting 'Edge Chromium' driver
2026-03-06 16:39:48.621 INFO  c.k.k.core.webui.driver.DriverFactory    - Action delay is set to 0 milliseconds
Mar 06, 2026 4:39:50 PM org.openqa.selenium.devtools.CdpVersionFinder findNearestMatch
WARNING: Unable to find an exact match for CDP version 145, returning the closest version; found: 143; Please update to a Selenium version that supports CDP version 145
2026-03-06 16:39:50.301 INFO  c.k.k.core.webui.driver.DriverFactory    - sessionId = d0efc10a9ae16c2aa266984254a2607b
2026-03-06 16:39:50.301 INFO  c.k.k.core.webui.driver.DriverFactory    - browser = Edge Chromium 145.0.3800.82
2026-03-06 16:39:50.302 INFO  c.k.k.core.webui.driver.DriverFactory    - platform = Windows 11
2026-03-06 16:39:50.303 INFO  c.k.k.core.webui.driver.DriverFactory    - seleniumVersion = 4.39.0
2026-03-06 16:39:50.303 INFO  c.k.k.core.webui.driver.DriverFactory    - proxyInformation = ProxyInformation { proxyOption=NO_PROXY, proxyServerType=HTTP, username=, password=********, proxyServerAddress=, proxyServerPort=0, executionList="", isApplyToDesiredCapabilities=true }
2026-03-06 16:39:51.161 DEBUG testcase.TC_LOG_04                       - 2: maximizeWindow()
2026-03-06 16:39:51.509 DEBUG testcase.TC_LOG_04                       - 3: delay(3)
2026-03-06 16:39:54.532 DEBUG testcase.TC_LOG_04                       - 4: click(findTestObject("Register/button_Masuk"))
2026-03-06 16:39:55.043 DEBUG testcase.TC_LOG_04                       - 5: setText(findTestObject("Login/input_Nomor HP atau email"), "081217171661")
2026-03-06 16:39:57.549 DEBUG testcase.TC_LOG_04                       - 6: click(findTestObject("Login/button_Masuk Akun"))
2026-03-06 16:39:58.199 DEBUG testcase.TC_LOG_04                       - 7: setText(findTestObject("Login/input_Show password"), password)
2026-03-06 16:39:59.253 DEBUG testcase.TC_LOG_04                       - 8: delay(5)
2026-03-06 16:40:04.271 DEBUG testcase.TC_LOG_04                       - 9: click(findTestObject("Login/button_Masuk Akun"))
2026-03-06 16:40:04.787 DEBUG testcase.TC_LOG_04                       - 10: if (verifyElementClickable(findTestObject("Login/button_Masuk Akun"), OPTIONAL))
2026-03-06 16:40:05.327 DEBUG testcase.TC_LOG_04                       - 1: click(findTestObject("Login/button_Masuk Akun"))
2026-03-06 16:40:05.747 DEBUG testcase.TC_LOG_04                       - 11: verifyTextPresent("Phone Number tidak ditemukan", false)
2026-03-06 16:40:06.259 DEBUG testcase.TC_LOG_04                       - 12: delay(3)
2026-03-06 16:40:09.278 INFO  c.k.katalon.core.main.TestCaseExecutor   - END Test Cases/Login/TC_LOG_04
2026-03-06 16:40:09.282 INFO  c.k.katalon.core.main.TestCaseExecutor   - --------------------
2026-03-06 16:40:09.282 INFO  c.k.katalon.core.main.TestCaseExecutor   - START Test Cases/Login/TC_LOG_05
2026-03-06 16:40:09.385 DEBUG testcase.TC_LOG_05                       - 1: openBrowser(url)
2026-03-06 16:40:09.387 WARN  c.k.k.core.webui.driver.DriverFactory    - A browser is already opened. Closing browser and opening a new one
2026-03-06 16:40:09.856 INFO  c.k.k.core.webui.driver.DriverFactory    - Starting 'Edge Chromium' driver
2026-03-06 16:40:09.860 INFO  c.k.k.core.webui.driver.DriverFactory    - Action delay is set to 0 milliseconds
Mar 06, 2026 4:40:11 PM org.openqa.selenium.devtools.CdpVersionFinder findNearestMatch
WARNING: Unable to find an exact match for CDP version 145, returning the closest version; found: 143; Please update to a Selenium version that supports CDP version 145
2026-03-06 16:40:11.474 INFO  c.k.k.core.webui.driver.DriverFactory    - sessionId = fbc6c2ed21d04f1cc0b4ea588a024a78
2026-03-06 16:40:11.475 INFO  c.k.k.core.webui.driver.DriverFactory    - browser = Edge Chromium 145.0.3800.82
2026-03-06 16:40:11.476 INFO  c.k.k.core.webui.driver.DriverFactory    - platform = Windows 11
2026-03-06 16:40:11.477 INFO  c.k.k.core.webui.driver.DriverFactory    - seleniumVersion = 4.39.0
2026-03-06 16:40:11.479 INFO  c.k.k.core.webui.driver.DriverFactory    - proxyInformation = ProxyInformation { proxyOption=NO_PROXY, proxyServerType=HTTP, username=, password=********, proxyServerAddress=, proxyServerPort=0, executionList="", isApplyToDesiredCapabilities=true }
2026-03-06 16:40:12.271 DEBUG testcase.TC_LOG_05                       - 2: maximizeWindow()
2026-03-06 16:40:12.739 DEBUG testcase.TC_LOG_05                       - 3: delay(3)
2026-03-06 16:40:15.769 DEBUG testcase.TC_LOG_05                       - 4: click(findTestObject("Register/button_Masuk"))
2026-03-06 16:40:16.339 DEBUG testcase.TC_LOG_05                       - 5: setText(findTestObject("Login/input_Nomor HP atau email"), valid_email)
2026-03-06 16:40:18.627 DEBUG testcase.TC_LOG_05                       - 6: click(findTestObject("Login/button_Masuk Akun"))
2026-03-06 16:40:19.256 DEBUG testcase.TC_LOG_05                       - 7: setText(findTestObject("Login/input_Show password"), "password")
2026-03-06 16:40:20.321 DEBUG testcase.TC_LOG_05                       - 8: click(findTestObject("Login/button_Masuk Akun"))
2026-03-06 16:40:20.833 DEBUG testcase.TC_LOG_05                       - 9: if (verifyElementClickable(findTestObject("Login/button_Masuk Akun"), OPTIONAL))
2026-03-06 16:40:21.485 DEBUG testcase.TC_LOG_05                       - 1: click(findTestObject("Login/button_Masuk Akun"))
2026-03-06 16:40:21.943 DEBUG testcase.TC_LOG_05                       - 10: verifyTextPresent("Kata sandi salah", false)
2026-03-06 16:40:22.465 DEBUG testcase.TC_LOG_05                       - 11: delay(3)
2026-03-06 16:40:25.478 INFO  c.k.katalon.core.main.TestCaseExecutor   - END Test Cases/Login/TC_LOG_05
2026-03-06 16:40:25.484 INFO  c.k.katalon.core.main.TestCaseExecutor   - --------------------
2026-03-06 16:40:25.484 INFO  c.k.katalon.core.main.TestCaseExecutor   - START Test Cases/Login/TC_LOG_06
2026-03-06 16:40:25.585 DEBUG testcase.TC_LOG_06                       - 1: openBrowser(url)
2026-03-06 16:40:25.589 WARN  c.k.k.core.webui.driver.DriverFactory    - A browser is already opened. Closing browser and opening a new one
2026-03-06 16:40:26.109 INFO  c.k.k.core.webui.driver.DriverFactory    - Starting 'Edge Chromium' driver
2026-03-06 16:40:26.117 INFO  c.k.k.core.webui.driver.DriverFactory    - Action delay is set to 0 milliseconds
Mar 06, 2026 4:40:27 PM org.openqa.selenium.devtools.CdpVersionFinder findNearestMatch
WARNING: Unable to find an exact match for CDP version 145, returning the closest version; found: 143; Please update to a Selenium version that supports CDP version 145
2026-03-06 16:40:27.753 INFO  c.k.k.core.webui.driver.DriverFactory    - sessionId = aab1e2b0dbd69454998257dda2e2ec99
2026-03-06 16:40:27.754 INFO  c.k.k.core.webui.driver.DriverFactory    - browser = Edge Chromium 145.0.3800.82
2026-03-06 16:40:27.755 INFO  c.k.k.core.webui.driver.DriverFactory    - platform = Windows 11
2026-03-06 16:40:27.755 INFO  c.k.k.core.webui.driver.DriverFactory    - seleniumVersion = 4.39.0
2026-03-06 16:40:27.756 INFO  c.k.k.core.webui.driver.DriverFactory    - proxyInformation = ProxyInformation { proxyOption=NO_PROXY, proxyServerType=HTTP, username=, password=********, proxyServerAddress=, proxyServerPort=0, executionList="", isApplyToDesiredCapabilities=true }
2026-03-06 16:40:28.659 DEBUG testcase.TC_LOG_06                       - 2: maximizeWindow()
2026-03-06 16:40:28.919 DEBUG testcase.TC_LOG_06                       - 3: delay(3)
2026-03-06 16:40:31.932 DEBUG testcase.TC_LOG_06                       - 4: click(findTestObject("Register/button_Masuk"))
2026-03-06 16:40:32.444 DEBUG testcase.TC_LOG_06                       - 5: delay(5)
2026-03-06 16:40:37.463 DEBUG testcase.TC_LOG_06                       - 6: verifyElementNotClickable(findTestObject("Login/button_Masuk Akun"))
2026-03-06 16:40:37.747 DEBUG testcase.TC_LOG_06                       - 7: delay(3)
2026-03-06 16:40:40.766 INFO  c.k.katalon.core.main.TestCaseExecutor   - END Test Cases/Login/TC_LOG_06
2026-03-06 16:40:41.261 INFO  c.k.katalon.core.main.TestSuiteExecutor  - --------------------
2026-03-06 16:40:41.261 INFO  c.k.katalon.core.main.TestSuiteExecutor  - END Test Suites/Login
2026-03-06 16:40:41.261 INFO  c.k.katalon.core.main.TestSuiteExecutor  - ====================
