2026-03-06 20:36:14.807 INFO  c.k.k.c.l.logback.LogbackConfigurator    - Logback default configuration initialized from: C:\Users\x1 carbon\.katalon\packages\KS-11.0.1\configuration\org.eclipse.osgi\148\0\.cp\resources\logback\logback-execution.xml
2026-03-06 20:36:14.813 INFO  c.k.k.c.l.logback.LogbackConfigurator    - Logback custom configuration initialized from: D:\VocaGame\VocaGame\Include\config\log.properties
2026-03-06 20:36:16.184 INFO  c.k.katalon.core.main.TestSuiteExecutor  - START Test Suites/Register
2026-03-06 20:36:16.345 INFO  c.k.katalon.core.main.TestSuiteExecutor  - userFullName = Devanz
2026-03-06 20:36:16.347 INFO  c.k.katalon.core.main.TestSuiteExecutor  - projectName = VocaGame
2026-03-06 20:36:16.349 INFO  c.k.katalon.core.main.TestSuiteExecutor  - hostName = x1 carbon - DESKTOP-72PBSPN
2026-03-06 20:36:16.353 INFO  c.k.katalon.core.main.TestSuiteExecutor  - os = Windows 11 64bit
2026-03-06 20:36:16.355 INFO  c.k.katalon.core.main.TestSuiteExecutor  - hostAddress = 192.168.1.4
2026-03-06 20:36:16.356 INFO  c.k.katalon.core.main.TestSuiteExecutor  - katalonVersion = 11.0.1.0
2026-03-06 20:36:16.647 INFO  c.k.katalon.core.main.TestCaseExecutor   - --------------------
2026-03-06 20:36:16.648 INFO  c.k.katalon.core.main.TestCaseExecutor   - START Test Cases/Register/TC_REG_01
2026-03-06 20:36:17.597 DEBUG testcase.TC_REG_01                       - 1: openBrowser(url)
2026-03-06 20:36:18.509 INFO  c.k.k.core.webui.driver.DriverFactory    - Starting 'Chrome' driver
2026-03-06 20:36:18.596 INFO  c.k.k.core.webui.driver.DriverFactory    - Action delay is set to 0 milliseconds
Mar 06, 2026 8:36:20 PM org.openqa.selenium.devtools.CdpVersionFinder findNearestMatch
WARNING: Unable to find an exact match for CDP version 145, returning the closest version; found: 143; Please update to a Selenium version that supports CDP version 145
2026-03-06 20:36:21.712 INFO  c.k.k.core.webui.driver.DriverFactory    - sessionId = eb3f759f4fee3266b2798dc8d2abd03f
2026-03-06 20:36:21.765 INFO  c.k.k.core.webui.driver.DriverFactory    - browser = Chrome 145.0.7632.160
2026-03-06 20:36:21.767 INFO  c.k.k.core.webui.driver.DriverFactory    - platform = Windows 11
2026-03-06 20:36:21.768 INFO  c.k.k.core.webui.driver.DriverFactory    - seleniumVersion = 4.39.0
2026-03-06 20:36:21.783 INFO  c.k.k.core.webui.driver.DriverFactory    - proxyInformation = ProxyInformation { proxyOption=NO_PROXY, proxyServerType=HTTP, username=, password=********, proxyServerAddress=, proxyServerPort=0, executionList="", isApplyToDesiredCapabilities=true }
2026-03-06 20:36:22.684 DEBUG testcase.TC_REG_01                       - 2: maximizeWindow()
2026-03-06 20:36:23.079 DEBUG testcase.TC_REG_01                       - 3: delay(3)
2026-03-06 20:36:26.207 DEBUG testcase.TC_REG_01                       - 4: click(findTestObject("Register/button_Masuk"))
2026-03-06 20:36:27.787 DEBUG testcase.TC_REG_01                       - 5: click(findTestObject("Register/span_Daftar Sekarang"))
2026-03-06 20:36:29.470 DEBUG testcase.TC_REG_01                       - 6: delay(5)
2026-03-06 20:36:34.478 DEBUG testcase.TC_REG_01                       - 7: setText(findTestObject("Register/input__Nama Depan"), "Devan")
2026-03-06 20:36:35.609 DEBUG testcase.TC_REG_01                       - 8: setText(findTestObject("Register/input__Nama Belakang"), "Putra")
2026-03-06 20:36:36.686 DEBUG testcase.TC_REG_01                       - 9: rand = new java.util.Random()
2026-03-06 20:36:36.700 DEBUG testcase.TC_REG_01                       - 10: phoneNumber = "08" + 100000000 + rand.nextInt(900000000)
2026-03-06 20:36:36.719 DEBUG testcase.TC_REG_01                       - 11: setText(findTestObject("Register/input_Whatsapp"), phoneNumber)
2026-03-06 20:36:37.888 DEBUG testcase.TC_REG_01                       - 12: setText(findTestObject("Register/input_Email"), "vnzansyah@gmail.com")
2026-03-06 20:36:39.171 DEBUG testcase.TC_REG_01                       - 13: setText(findTestObject("Register/input__Password"), password)
2026-03-06 20:36:40.239 DEBUG testcase.TC_REG_01                       - 14: setText(findTestObject("Register/input__Konfirmasi Password"), password)
2026-03-06 20:36:41.384 DEBUG testcase.TC_REG_01                       - 15: click(findTestObject("Register/Checklist TnC"))
2026-03-06 20:36:41.846 DEBUG testcase.TC_REG_01                       - 16: click(findTestObject("Register/button_Buat Akun Active"), OPTIONAL)
2026-03-06 20:36:42.589 DEBUG testcase.TC_REG_01                       - 17: delay(1)
2026-03-06 20:36:43.614 DEBUG testcase.TC_REG_01                       - 18: click(findTestObject("Register/button_Buat Akun Active"), OPTIONAL)
2026-03-06 20:36:44.098 DEBUG testcase.TC_REG_01                       - 19: delay(1)
2026-03-06 20:36:45.104 DEBUG testcase.TC_REG_01                       - 20: click(findTestObject("Register/button_Buat Akun Active"), OPTIONAL)
2026-03-06 20:36:45.539 DEBUG testcase.TC_REG_01                       - 21: click(findTestObject("Register/li_Kirim OTP via Emailh1jtwdollicons.com"))
2026-03-06 20:36:56.182 ERROR c.k.k.core.keyword.internal.KeywordMain  - ❌ Unable to click on object 'Object Repository/Register/li_Kirim OTP via Emailh1jtwdollicons.com' (Root cause: com.kms.katalon.core.exception.StepFailedException: Unable to click on object 'Object Repository/Register/li_Kirim OTP via Emailh1jtwdollicons.com'
	at com.kms.katalon.core.webui.keyword.internal.WebUIKeywordMain.stepFailed(WebUIKeywordMain.groovy:177)
	at com.kms.katalon.core.webui.keyword.internal.WebUIKeywordMain.runKeyword(WebUIKeywordMain.groovy:49)
	at com.kms.katalon.core.webui.keyword.internal.WebUIKeywordMain.runKeywordUntilTimeout(WebUIKeywordMain.groovy:133)
	at com.kms.katalon.core.webui.keyword.builtin.ClickKeyword.click(ClickKeyword.groovy:72)
	at com.kms.katalon.core.webui.keyword.builtin.ClickKeyword.execute(ClickKeyword.groovy:38)
	at com.kms.katalon.core.keyword.internal.KeywordExecutor.executeKeywordForPlatform(KeywordExecutor.groovy:95)
	at com.kms.katalon.core.webui.keyword.WebUiBuiltInKeywords.click(WebUiBuiltInKeywords.groovy:721)
	at TC_REG_01.run(TC_REG_01:76)
	at com.kms.katalon.core.main.ScriptEngine.run(ScriptEngine.java:194)
	at com.kms.katalon.core.main.ScriptEngine.runScriptAsRawText(ScriptEngine.java:119)
	at com.kms.katalon.core.main.TestCaseExecutor.runScript(TestCaseExecutor.java:502)
	at com.kms.katalon.core.main.TestCaseExecutor.doExecute(TestCaseExecutor.java:493)
	at com.kms.katalon.core.main.TestCaseExecutor.processExecutionPhase(TestCaseExecutor.java:472)
	at com.kms.katalon.core.main.TestCaseExecutor.accessMainPhase(TestCaseExecutor.java:464)
	at com.kms.katalon.core.main.TestCaseExecutor.execute(TestCaseExecutor.java:334)
	at com.kms.katalon.core.common.CommonExecutor.accessTestCaseMainPhase(CommonExecutor.java:71)
	at com.kms.katalon.core.main.TestSuiteExecutor.accessTestSuiteMainPhase(TestSuiteExecutor.java:163)
	at com.kms.katalon.core.main.TestSuiteExecutor.execute(TestSuiteExecutor.java:120)
	at com.kms.katalon.core.main.TestCaseMain.startTestSuite(TestCaseMain.java:205)
	at S0.run(S0.groovy:40)
	at java.base/jdk.internal.reflect.DirectMethodHandleAccessor.invoke(DirectMethodHandleAccessor.java:103)
Caused by: com.kms.katalon.core.webui.exception.WebElementNotFoundException: Web element with id: 'Object Repository/Register/li_Kirim OTP via Emailh1jtwdollicons.com' located by 'By.xpath: //div[@id='radix-:r7:']/div/div/ul/li' not found
	at com.kms.katalon.core.webui.model.WebUiElementFinder.findElementByNormalMethods(WebUiElementFinder.java:193)
	at com.kms.katalon.core.webui.model.WebUiElementFinder.findElementsBySelectedMethod(WebUiElementFinder.java:91)
	at com.kms.katalon.core.webui.model.WebUiElementFinder.findElementsBySelectedMethod(WebUiElementFinder.java:74)
	at com.kms.katalon.core.webui.model.WebUiElementFinder.findElementsBySelectedMethod(WebUiElementFinder.java:69)
	at com.kms.katalon.core.webui.model.WebUiElementFinder.findElement(WebUiElementFinder.java:43)
	at com.kms.katalon.core.webui.model.WebUiElementFinderWithTimeout.basicFindElement(WebUiElementFinderWithTimeout.java:51)
	at com.kms.katalon.core.webui.model.WebUiElementFinderWithTimeout.lambda$0(WebUiElementFinderWithTimeout.java:29)
	at com.kms.katalon.core.webui.model.SeleniumActionRetryController.performAction(SeleniumActionRetryController.java:96)
	at com.kms.katalon.core.webui.model.SeleniumActionRetryController.performAction(SeleniumActionRetryController.java:83)
	at com.kms.katalon.core.webui.model.WebUiElementFinderWithTimeout.findElement(WebUiElementFinderWithTimeout.java:28)
	at com.kms.katalon.core.webui.keyword.internal.WebUIAbstractKeyword.findWebElement(WebUIAbstractKeyword.java:111)
	at com.kms.katalon.core.webui.keyword.builtin.ClickKeyword$_click_closure1.doCall(ClickKeyword.groovy:52)
	at java.base/jdk.internal.reflect.DirectMethodHandleAccessor.invoke(DirectMethodHandleAccessor.java:103)
	at jdk.proxy2/jdk.proxy2.$Proxy55.execute(Unknown Source)
	at com.kms.katalon.core.webui.model.SeleniumActionRetryController.performAction(SeleniumActionRetryController.java:96)
	at com.kms.katalon.core.webui.model.SeleniumActionRetryController.performAction(SeleniumActionRetryController.java:83)
	at com.kms.katalon.core.webui.keyword.internal.WebUIKeywordMain$_runKeywordUntilTimeout_closure1.doCall(WebUIKeywordMain.groovy:135)
	at com.kms.katalon.core.webui.keyword.internal.WebUIKeywordMain$_runKeywordUntilTimeout_closure1.call(WebUIKeywordMain.groovy)
	at com.kms.katalon.core.webui.keyword.internal.WebUIKeywordMain.runKeyword(WebUIKeywordMain.groovy:41)
	at com.kms.katalon.core.webui.keyword.internal.WebUIKeywordMain.runKeywordUntilTimeout(WebUIKeywordMain.groovy:133)
	at com.kms.katalon.core.webui.keyword.builtin.ClickKeyword.click(ClickKeyword.groovy:72)
	at com.kms.katalon.core.webui.keyword.builtin.ClickKeyword.execute(ClickKeyword.groovy:38)
	at com.kms.katalon.core.keyword.internal.KeywordExecutor.executeKeywordForPlatform(KeywordExecutor.groovy:95)
	at com.kms.katalon.core.webui.keyword.WebUiBuiltInKeywords.click(WebUiBuiltInKeywords.groovy:721)
	at Script1772707223352.run(Script1772707223352.groovy:76)
	... 13 more
)
2026-03-06 20:36:56.187 ERROR c.k.katalon.core.main.TestCaseExecutor   - ❌ Test Cases/Register/TC_REG_01 FAILED.
Reason:
com.kms.katalon.core.exception.StepFailedException: Unable to click on object 'Object Repository/Register/li_Kirim OTP via Emailh1jtwdollicons.com'
	at com.kms.katalon.core.webui.keyword.internal.WebUIKeywordMain.stepFailed(WebUIKeywordMain.groovy:177)
	at com.kms.katalon.core.webui.keyword.internal.WebUIKeywordMain.runKeyword(WebUIKeywordMain.groovy:49)
	at com.kms.katalon.core.webui.keyword.internal.WebUIKeywordMain.runKeywordUntilTimeout(WebUIKeywordMain.groovy:133)
	at com.kms.katalon.core.webui.keyword.builtin.ClickKeyword.click(ClickKeyword.groovy:72)
	at com.kms.katalon.core.webui.keyword.builtin.ClickKeyword.execute(ClickKeyword.groovy:38)
	at com.kms.katalon.core.keyword.internal.KeywordExecutor.executeKeywordForPlatform(KeywordExecutor.groovy:95)
	at com.kms.katalon.core.webui.keyword.WebUiBuiltInKeywords.click(WebUiBuiltInKeywords.groovy:721)
	at TC_REG_01.run(TC_REG_01:76)
	at com.kms.katalon.core.main.ScriptEngine.run(ScriptEngine.java:194)
	at com.kms.katalon.core.main.ScriptEngine.runScriptAsRawText(ScriptEngine.java:119)
	at com.kms.katalon.core.main.TestCaseExecutor.runScript(TestCaseExecutor.java:502)
	at com.kms.katalon.core.main.TestCaseExecutor.doExecute(TestCaseExecutor.java:493)
	at com.kms.katalon.core.main.TestCaseExecutor.processExecutionPhase(TestCaseExecutor.java:472)
	at com.kms.katalon.core.main.TestCaseExecutor.accessMainPhase(TestCaseExecutor.java:464)
	at com.kms.katalon.core.main.TestCaseExecutor.execute(TestCaseExecutor.java:334)
	at com.kms.katalon.core.common.CommonExecutor.accessTestCaseMainPhase(CommonExecutor.java:71)
	at com.kms.katalon.core.main.TestSuiteExecutor.accessTestSuiteMainPhase(TestSuiteExecutor.java:163)
	at com.kms.katalon.core.main.TestSuiteExecutor.execute(TestSuiteExecutor.java:120)
	at com.kms.katalon.core.main.TestCaseMain.startTestSuite(TestCaseMain.java:205)
	at S0.run(S0.groovy:40)
	at java.base/jdk.internal.reflect.DirectMethodHandleAccessor.invoke(DirectMethodHandleAccessor.java:103)
Caused by: com.kms.katalon.core.webui.exception.WebElementNotFoundException: Web element with id: 'Object Repository/Register/li_Kirim OTP via Emailh1jtwdollicons.com' located by 'By.xpath: //div[@id='radix-:r7:']/div/div/ul/li' not found
	at com.kms.katalon.core.webui.model.WebUiElementFinder.findElementByNormalMethods(WebUiElementFinder.java:193)
	at com.kms.katalon.core.webui.model.WebUiElementFinder.findElementsBySelectedMethod(WebUiElementFinder.java:91)
	at com.kms.katalon.core.webui.model.WebUiElementFinder.findElementsBySelectedMethod(WebUiElementFinder.java:74)
	at com.kms.katalon.core.webui.model.WebUiElementFinder.findElementsBySelectedMethod(WebUiElementFinder.java:69)
	at com.kms.katalon.core.webui.model.WebUiElementFinder.findElement(WebUiElementFinder.java:43)
	at com.kms.katalon.core.webui.model.WebUiElementFinderWithTimeout.basicFindElement(WebUiElementFinderWithTimeout.java:51)
	at com.kms.katalon.core.webui.model.WebUiElementFinderWithTimeout.lambda$0(WebUiElementFinderWithTimeout.java:29)
	at com.kms.katalon.core.webui.model.SeleniumActionRetryController.performAction(SeleniumActionRetryController.java:96)
	at com.kms.katalon.core.webui.model.SeleniumActionRetryController.performAction(SeleniumActionRetryController.java:83)
	at com.kms.katalon.core.webui.model.WebUiElementFinderWithTimeout.findElement(WebUiElementFinderWithTimeout.java:28)
	at com.kms.katalon.core.webui.keyword.internal.WebUIAbstractKeyword.findWebElement(WebUIAbstractKeyword.java:111)
	at com.kms.katalon.core.webui.keyword.builtin.ClickKeyword$_click_closure1.doCall(ClickKeyword.groovy:52)
	at java.base/jdk.internal.reflect.DirectMethodHandleAccessor.invoke(DirectMethodHandleAccessor.java:103)
	at jdk.proxy2/jdk.proxy2.$Proxy55.execute(Unknown Source)
	at com.kms.katalon.core.webui.model.SeleniumActionRetryController.performAction(SeleniumActionRetryController.java:96)
	at com.kms.katalon.core.webui.model.SeleniumActionRetryController.performAction(SeleniumActionRetryController.java:83)
	at com.kms.katalon.core.webui.keyword.internal.WebUIKeywordMain$_runKeywordUntilTimeout_closure1.doCall(WebUIKeywordMain.groovy:135)
	at com.kms.katalon.core.webui.keyword.internal.WebUIKeywordMain$_runKeywordUntilTimeout_closure1.call(WebUIKeywordMain.groovy)
	at com.kms.katalon.core.webui.keyword.internal.WebUIKeywordMain.runKeyword(WebUIKeywordMain.groovy:41)
	... 19 more

2026-03-06 20:36:56.192 INFO  c.k.katalon.core.main.TestCaseExecutor   - END Test Cases/Register/TC_REG_01
2026-03-06 20:36:56.198 INFO  c.k.katalon.core.main.TestCaseExecutor   - --------------------
2026-03-06 20:36:56.198 INFO  c.k.katalon.core.main.TestCaseExecutor   - START Test Cases/Register/TC_REG_02
2026-03-06 20:36:56.306 DEBUG testcase.TC_REG_02                       - 1: openBrowser(url)
2026-03-06 20:36:56.311 WARN  c.k.k.core.webui.driver.DriverFactory    - A browser is already opened. Closing browser and opening a new one
2026-03-06 20:36:56.812 INFO  c.k.k.core.webui.driver.DriverFactory    - Starting 'Chrome' driver
2026-03-06 20:36:56.818 INFO  c.k.k.core.webui.driver.DriverFactory    - Action delay is set to 0 milliseconds
Mar 06, 2026 8:36:58 PM org.openqa.selenium.devtools.CdpVersionFinder findNearestMatch
WARNING: Unable to find an exact match for CDP version 145, returning the closest version; found: 143; Please update to a Selenium version that supports CDP version 145
2026-03-06 20:36:58.427 INFO  c.k.k.core.webui.driver.DriverFactory    - sessionId = 1007871601b37b0bdad83b254ba2da48
2026-03-06 20:36:58.429 INFO  c.k.k.core.webui.driver.DriverFactory    - browser = Chrome 145.0.7632.160
2026-03-06 20:36:58.430 INFO  c.k.k.core.webui.driver.DriverFactory    - platform = Windows 11
2026-03-06 20:36:58.430 INFO  c.k.k.core.webui.driver.DriverFactory    - seleniumVersion = 4.39.0
2026-03-06 20:36:58.432 INFO  c.k.k.core.webui.driver.DriverFactory    - proxyInformation = ProxyInformation { proxyOption=NO_PROXY, proxyServerType=HTTP, username=, password=********, proxyServerAddress=, proxyServerPort=0, executionList="", isApplyToDesiredCapabilities=true }
2026-03-06 20:36:59.203 DEBUG testcase.TC_REG_02                       - 2: maximizeWindow()
