2026-03-06 21:48:24.174 INFO  c.k.k.c.l.logback.LogbackConfigurator    - Logback default configuration initialized from: C:\Users\x1 carbon\.katalon\packages\KS-11.0.1\configuration\org.eclipse.osgi\148\0\.cp\resources\logback\logback-execution.xml
2026-03-06 21:48:24.181 INFO  c.k.k.c.l.logback.LogbackConfigurator    - Logback custom configuration initialized from: D:\VocaGame\VocaGame\Include\config\log.properties
2026-03-06 21:48:25.691 INFO  c.k.katalon.core.main.TestSuiteExecutor  - START Test Suites/Forgot Password
2026-03-06 21:48:25.873 INFO  c.k.katalon.core.main.TestSuiteExecutor  - userFullName = Devanz
2026-03-06 21:48:25.875 INFO  c.k.katalon.core.main.TestSuiteExecutor  - projectName = VocaGame
2026-03-06 21:48:25.877 INFO  c.k.katalon.core.main.TestSuiteExecutor  - hostName = x1 carbon - DESKTOP-72PBSPN
2026-03-06 21:48:25.879 INFO  c.k.katalon.core.main.TestSuiteExecutor  - os = Windows 11 64bit
2026-03-06 21:48:25.881 INFO  c.k.katalon.core.main.TestSuiteExecutor  - hostAddress = 192.168.1.4
2026-03-06 21:48:25.884 INFO  c.k.katalon.core.main.TestSuiteExecutor  - katalonVersion = 11.0.1.0
2026-03-06 21:48:26.219 INFO  c.k.katalon.core.main.TestCaseExecutor   - --------------------
2026-03-06 21:48:26.219 INFO  c.k.katalon.core.main.TestCaseExecutor   - START Test Cases/Forgot Password/TC_FP_01
2026-03-06 21:48:27.483 DEBUG testcase.TC_FP_01                        - 1: openBrowser(url)
2026-03-06 21:48:28.933 INFO  c.k.k.core.webui.driver.DriverFactory    - Starting 'Chrome' driver
2026-03-06 21:48:29.054 INFO  c.k.k.core.webui.driver.DriverFactory    - Action delay is set to 0 milliseconds
Mar 06, 2026 9:48:31 PM org.openqa.selenium.devtools.CdpVersionFinder findNearestMatch
WARNING: Unable to find an exact match for CDP version 145, returning the closest version; found: 143; Please update to a Selenium version that supports CDP version 145
2026-03-06 21:48:33.625 INFO  c.k.k.core.webui.driver.DriverFactory    - sessionId = 5b06dcf7c40348606034c17b66774dba
2026-03-06 21:48:33.630 INFO  c.k.k.core.webui.driver.DriverFactory    - browser = Chrome 145.0.7632.160
2026-03-06 21:48:33.631 INFO  c.k.k.core.webui.driver.DriverFactory    - platform = Windows 11
2026-03-06 21:48:33.632 INFO  c.k.k.core.webui.driver.DriverFactory    - seleniumVersion = 4.39.0
2026-03-06 21:48:33.645 INFO  c.k.k.core.webui.driver.DriverFactory    - proxyInformation = ProxyInformation { proxyOption=NO_PROXY, proxyServerType=HTTP, username=, password=********, proxyServerAddress=, proxyServerPort=0, executionList="", isApplyToDesiredCapabilities=true }
2026-03-06 21:48:36.279 DEBUG testcase.TC_FP_01                        - 2: maximizeWindow()
2026-03-06 21:48:36.655 DEBUG testcase.TC_FP_01                        - 3: delay(5)
2026-03-06 21:48:41.811 DEBUG testcase.TC_FP_01                        - 4: click(findTestObject("Forgot Password/button_Masuk"))
2026-03-06 21:48:44.322 DEBUG testcase.TC_FP_01                        - 5: delay(1)
2026-03-06 21:48:45.358 DEBUG testcase.TC_FP_01                        - 6: click(findTestObject("Forgot Password/p_Lupa Password"))
2026-03-06 21:48:52.546 DEBUG testcase.TC_FP_01                        - 7: sendKeys(findTestObject("Forgot Password/input__Nomor whatsapp atau Email"), valid_email)
2026-03-06 21:48:54.322 DEBUG testcase.TC_FP_01                        - 8: delay(3)
2026-03-06 21:48:57.336 DEBUG testcase.TC_FP_01                        - 9: click(findTestObject("Forgot Password/button_Kirim Kode OTP"))
2026-03-06 21:48:57.979 DEBUG testcase.TC_FP_01                        - 10: delay(1)
2026-03-06 21:48:59.032 DEBUG testcase.TC_FP_01                        - 11: click(findTestObject("Forgot Password/li_Kirim OTP via Emailzzmmddollicons.com"))
2026-03-06 21:48:59.485 DEBUG testcase.TC_FP_01                        - 12: click(findTestObject("Forgot Password/button_Lanjutkan"))
2026-03-06 21:49:00.125 DEBUG testcase.TC_FP_01                        - 13: delay(7)
2026-03-06 21:49:07.134 DEBUG testcase.TC_FP_01                        - 14: click(findTestObject("Register/button_Verifikasi OTP"))
2026-03-06 21:49:09.155 DEBUG testcase.TC_FP_01                        - 15: delay(2)
2026-03-06 21:49:11.176 DEBUG testcase.TC_FP_01                        - 16: setText(findTestObject("Forgot Password/input__Password Baru"), change_password)
2026-03-06 21:49:12.171 DEBUG testcase.TC_FP_01                        - 17: setText(findTestObject("Forgot Password/input__Konfirmasi Password Baru"), change_password)
2026-03-06 21:49:13.261 DEBUG testcase.TC_FP_01                        - 18: delay(3)
2026-03-06 21:49:16.274 DEBUG testcase.TC_FP_01                        - 19: click(findTestObject("Forgot Password/button_Reset Password"))
2026-03-06 21:49:16.789 INFO  c.k.katalon.core.main.TestCaseExecutor   - END Test Cases/Forgot Password/TC_FP_01
2026-03-06 21:49:16.797 INFO  c.k.katalon.core.main.TestCaseExecutor   - --------------------
2026-03-06 21:49:16.797 INFO  c.k.katalon.core.main.TestCaseExecutor   - START Test Cases/Forgot Password/TC_FP_02
2026-03-06 21:49:16.945 DEBUG testcase.TC_FP_02                        - 1: openBrowser(url)
2026-03-06 21:49:16.950 WARN  c.k.k.core.webui.driver.DriverFactory    - A browser is already opened. Closing browser and opening a new one
2026-03-06 21:49:17.515 INFO  c.k.k.core.webui.driver.DriverFactory    - Starting 'Chrome' driver
2026-03-06 21:49:17.523 INFO  c.k.k.core.webui.driver.DriverFactory    - Action delay is set to 0 milliseconds
Mar 06, 2026 9:49:19 PM org.openqa.selenium.devtools.CdpVersionFinder findNearestMatch
WARNING: Unable to find an exact match for CDP version 145, returning the closest version; found: 143; Please update to a Selenium version that supports CDP version 145
2026-03-06 21:49:19.375 INFO  c.k.k.core.webui.driver.DriverFactory    - sessionId = 45081be86bae4ada3c72d78ff7a38353
2026-03-06 21:49:19.376 INFO  c.k.k.core.webui.driver.DriverFactory    - browser = Chrome 145.0.7632.160
2026-03-06 21:49:19.378 INFO  c.k.k.core.webui.driver.DriverFactory    - platform = Windows 11
2026-03-06 21:49:19.379 INFO  c.k.k.core.webui.driver.DriverFactory    - seleniumVersion = 4.39.0
2026-03-06 21:49:19.380 INFO  c.k.k.core.webui.driver.DriverFactory    - proxyInformation = ProxyInformation { proxyOption=NO_PROXY, proxyServerType=HTTP, username=, password=********, proxyServerAddress=, proxyServerPort=0, executionList="", isApplyToDesiredCapabilities=true }
2026-03-06 21:49:22.113 DEBUG testcase.TC_FP_02                        - 2: maximizeWindow()
2026-03-06 21:49:22.595 DEBUG testcase.TC_FP_02                        - 3: delay(1)
2026-03-06 21:49:23.634 DEBUG testcase.TC_FP_02                        - 4: click(findTestObject("Forgot Password/button_Masuk"))
2026-03-06 21:49:26.179 DEBUG testcase.TC_FP_02                        - 5: delay(2)
2026-03-06 21:49:28.190 DEBUG testcase.TC_FP_02                        - 6: click(findTestObject("Forgot Password/p_Lupa Password"))
2026-03-06 21:49:29.356 DEBUG testcase.TC_FP_02                        - 7: delay(1)
2026-03-06 21:49:30.394 DEBUG testcase.TC_FP_02                        - 8: setText(findTestObject("Forgot Password/input__Nomor whatsapp atau Email"), "aaaaa")
2026-03-06 21:49:31.786 DEBUG testcase.TC_FP_02                        - 9: delay(1)
2026-03-06 21:49:32.811 DEBUG testcase.TC_FP_02                        - 10: verifyTextPresent("Email harus berupa alamat email yang valid", false)
2026-03-06 21:49:33.158 DEBUG testcase.TC_FP_02                        - 11: verifyElementNotClickable(findTestObject("Forgot Password/button_Kirim Kode OTP"))
2026-03-06 21:49:33.506 INFO  c.k.katalon.core.main.TestCaseExecutor   - END Test Cases/Forgot Password/TC_FP_02
2026-03-06 21:49:33.511 INFO  c.k.katalon.core.main.TestCaseExecutor   - --------------------
2026-03-06 21:49:33.512 INFO  c.k.katalon.core.main.TestCaseExecutor   - START Test Cases/Forgot Password/TC_FP_03
2026-03-06 21:49:33.688 DEBUG testcase.TC_FP_03                        - 1: openBrowser(url)
2026-03-06 21:49:33.692 WARN  c.k.k.core.webui.driver.DriverFactory    - A browser is already opened. Closing browser and opening a new one
2026-03-06 21:49:34.291 INFO  c.k.k.core.webui.driver.DriverFactory    - Starting 'Chrome' driver
2026-03-06 21:49:34.295 INFO  c.k.k.core.webui.driver.DriverFactory    - Action delay is set to 0 milliseconds
Mar 06, 2026 9:49:35 PM org.openqa.selenium.devtools.CdpVersionFinder findNearestMatch
WARNING: Unable to find an exact match for CDP version 145, returning the closest version; found: 143; Please update to a Selenium version that supports CDP version 145
2026-03-06 21:49:36.058 INFO  c.k.k.core.webui.driver.DriverFactory    - sessionId = 7d8c95a23bfa9c20f6890248b42c95ea
2026-03-06 21:49:36.059 INFO  c.k.k.core.webui.driver.DriverFactory    - browser = Chrome 145.0.7632.160
2026-03-06 21:49:36.060 INFO  c.k.k.core.webui.driver.DriverFactory    - platform = Windows 11
2026-03-06 21:49:36.061 INFO  c.k.k.core.webui.driver.DriverFactory    - seleniumVersion = 4.39.0
2026-03-06 21:49:36.063 INFO  c.k.k.core.webui.driver.DriverFactory    - proxyInformation = ProxyInformation { proxyOption=NO_PROXY, proxyServerType=HTTP, username=, password=********, proxyServerAddress=, proxyServerPort=0, executionList="", isApplyToDesiredCapabilities=true }
2026-03-06 21:49:38.025 DEBUG testcase.TC_FP_03                        - 2: maximizeWindow()
2026-03-06 21:49:38.280 DEBUG testcase.TC_FP_03                        - 3: delay(1)
2026-03-06 21:49:39.360 DEBUG testcase.TC_FP_03                        - 4: click(findTestObject("Register/button_Masuk"))
2026-03-06 21:49:41.791 DEBUG testcase.TC_FP_03                        - 5: delay(1)
2026-03-06 21:49:42.938 DEBUG testcase.TC_FP_03                        - 6: click(findTestObject("Forgot Password/p_Lupa Password"))
2026-03-06 21:49:44.293 DEBUG testcase.TC_FP_03                        - 7: delay(1)
2026-03-06 21:49:45.317 DEBUG testcase.TC_FP_03                        - 8: setText(findTestObject("Forgot Password/input__Nomor whatsapp atau Email"), "aaaaaaaaa")
2026-03-06 21:49:46.476 DEBUG testcase.TC_FP_03                        - 9: clearText(findTestObject("Forgot Password/input__Nomor whatsapp atau Email"))
2026-03-06 21:49:46.965 DEBUG testcase.TC_FP_03                        - 10: verifyTextPresent("This field is required", false)
2026-03-06 21:49:47.517 ERROR c.k.k.core.keyword.internal.KeywordMain  - ❌ Text 'This field is required' is not present on page  (Root cause: com.kms.katalon.core.exception.StepFailedException: Text 'This field is required' is not present on page 
	at com.kms.katalon.core.webui.keyword.internal.WebUIKeywordMain.stepFailed(WebUIKeywordMain.groovy:177)
	at com.kms.katalon.core.webui.keyword.builtin.VerifyTextPresentKeyword$_verifyTextPresent_closure1.doCall(VerifyTextPresentKeyword.groovy:79)
	at com.kms.katalon.core.webui.keyword.builtin.VerifyTextPresentKeyword$_verifyTextPresent_closure1.call(VerifyTextPresentKeyword.groovy)
	at com.kms.katalon.core.webui.keyword.internal.WebUIKeywordMain.runKeyword(WebUIKeywordMain.groovy:41)
	at com.kms.katalon.core.webui.keyword.builtin.VerifyTextPresentKeyword.verifyTextPresent(VerifyTextPresentKeyword.groovy:83)
	at com.kms.katalon.core.webui.keyword.builtin.VerifyTextPresentKeyword.execute(VerifyTextPresentKeyword.groovy:68)
	at com.kms.katalon.core.keyword.internal.KeywordExecutor.executeKeywordForPlatform(KeywordExecutor.groovy:95)
	at com.kms.katalon.core.webui.keyword.WebUiBuiltInKeywords.verifyTextPresent(WebUiBuiltInKeywords.groovy:1824)
	at TC_FP_03.run(TC_FP_03:38)
	at com.kms.katalon.core.main.ScriptEngine.run(ScriptEngine.java:194)
	at com.kms.katalon.core.main.ScriptEngine.runScriptAsRawText(ScriptEngine.java:119)
	at com.kms.katalon.core.main.TestCaseExecutor.runScript(TestCaseExecutor.java:502)
	at com.kms.katalon.core.main.TestCaseExecutor.doExecute(TestCaseExecutor.java:493)
	at com.kms.katalon.core.main.TestCaseExecutor.processExecutionPhase(TestCaseExecutor.java:472)
	at com.kms.katalon.core.main.TestCaseExecutor.accessMainPhase(TestCaseExecutor.java:464)
	at com.kms.katalon.core.main.TestCaseExecutor.execute(TestCaseExecutor.java:334)
	at com.kms.katalon.core.common.CommonExecutor.accessTestCaseMainPhase(CommonExecutor.java:71)
	at com.kms.katalon.core.main.TestSuiteExecutor.accessTestSuiteMainPhase(TestSuiteExecutor.java:163)
	at com.kms.katalon.core.main.TestSuiteExecutor.execute(TestSuiteExecutor.java:120)
	at com.kms.katalon.core.main.TestCaseMain.startTestSuite(TestCaseMain.java:205)
	at S0.run(S0.groovy:40)
	at java.base/jdk.internal.reflect.DirectMethodHandleAccessor.invoke(DirectMethodHandleAccessor.java:103)
)
2026-03-06 21:49:48.072 ERROR c.k.k.core.keyword.internal.KeywordMain  - ❌ Unable to verify text 'This field is required' is present  (Root cause: com.kms.katalon.core.exception.StepFailedException: Unable to verify text 'This field is required' is present 
	at com.kms.katalon.core.webui.keyword.internal.WebUIKeywordMain.stepFailed(WebUIKeywordMain.groovy:177)
	at com.kms.katalon.core.webui.keyword.internal.WebUIKeywordMain.runKeyword(WebUIKeywordMain.groovy:49)
	at com.kms.katalon.core.webui.keyword.builtin.VerifyTextPresentKeyword.verifyTextPresent(VerifyTextPresentKeyword.groovy:83)
	at com.kms.katalon.core.webui.keyword.builtin.VerifyTextPresentKeyword.execute(VerifyTextPresentKeyword.groovy:68)
	at com.kms.katalon.core.keyword.internal.KeywordExecutor.executeKeywordForPlatform(KeywordExecutor.groovy:95)
	at com.kms.katalon.core.webui.keyword.WebUiBuiltInKeywords.verifyTextPresent(WebUiBuiltInKeywords.groovy:1824)
	at TC_FP_03.run(TC_FP_03:38)
	at com.kms.katalon.core.main.ScriptEngine.run(ScriptEngine.java:194)
	at com.kms.katalon.core.main.ScriptEngine.runScriptAsRawText(ScriptEngine.java:119)
	at com.kms.katalon.core.main.TestCaseExecutor.runScript(TestCaseExecutor.java:502)
	at com.kms.katalon.core.main.TestCaseExecutor.doExecute(TestCaseExecutor.java:493)
	at com.kms.katalon.core.main.TestCaseExecutor.processExecutionPhase(TestCaseExecutor.java:472)
	at com.kms.katalon.core.main.TestCaseExecutor.accessMainPhase(TestCaseExecutor.java:464)
	at com.kms.katalon.core.main.TestCaseExecutor.execute(TestCaseExecutor.java:334)
	at com.kms.katalon.core.common.CommonExecutor.accessTestCaseMainPhase(CommonExecutor.java:71)
	at com.kms.katalon.core.main.TestSuiteExecutor.accessTestSuiteMainPhase(TestSuiteExecutor.java:163)
	at com.kms.katalon.core.main.TestSuiteExecutor.execute(TestSuiteExecutor.java:120)
	at com.kms.katalon.core.main.TestCaseMain.startTestSuite(TestCaseMain.java:205)
	at S0.run(S0.groovy:40)
	at java.base/jdk.internal.reflect.DirectMethodHandleAccessor.invoke(DirectMethodHandleAccessor.java:103)
Caused by: com.kms.katalon.core.exception.StepFailedException: Text 'This field is required' is not present on page 
	at com.kms.katalon.core.webui.keyword.internal.WebUIKeywordMain.stepFailed(WebUIKeywordMain.groovy:177)
	at com.kms.katalon.core.webui.keyword.builtin.VerifyTextPresentKeyword$_verifyTextPresent_closure1.doCall(VerifyTextPresentKeyword.groovy:79)
	at com.kms.katalon.core.webui.keyword.builtin.VerifyTextPresentKeyword$_verifyTextPresent_closure1.call(VerifyTextPresentKeyword.groovy)
	at com.kms.katalon.core.webui.keyword.internal.WebUIKeywordMain.runKeyword(WebUIKeywordMain.groovy:41)
	... 18 more
)
2026-03-06 21:49:48.080 ERROR c.k.katalon.core.main.TestCaseExecutor   - ❌ Test Cases/Forgot Password/TC_FP_03 FAILED.
Reason:
com.kms.katalon.core.exception.StepFailedException: Unable to verify text 'This field is required' is present 
	at com.kms.katalon.core.webui.keyword.internal.WebUIKeywordMain.stepFailed(WebUIKeywordMain.groovy:177)
	at com.kms.katalon.core.webui.keyword.internal.WebUIKeywordMain.runKeyword(WebUIKeywordMain.groovy:49)
	at com.kms.katalon.core.webui.keyword.builtin.VerifyTextPresentKeyword.verifyTextPresent(VerifyTextPresentKeyword.groovy:83)
	at com.kms.katalon.core.webui.keyword.builtin.VerifyTextPresentKeyword.execute(VerifyTextPresentKeyword.groovy:68)
	at com.kms.katalon.core.keyword.internal.KeywordExecutor.executeKeywordForPlatform(KeywordExecutor.groovy:95)
	at com.kms.katalon.core.webui.keyword.WebUiBuiltInKeywords.verifyTextPresent(WebUiBuiltInKeywords.groovy:1824)
	at TC_FP_03.run(TC_FP_03:38)
	at com.kms.katalon.core.main.ScriptEngine.run(ScriptEngine.java:194)
	at com.kms.katalon.core.main.ScriptEngine.runScriptAsRawText(ScriptEngine.java:119)
	at com.kms.katalon.core.main.TestCaseExecutor.runScript(TestCaseExecutor.java:502)
	at com.kms.katalon.core.main.TestCaseExecutor.doExecute(TestCaseExecutor.java:493)
	at com.kms.katalon.core.main.TestCaseExecutor.processExecutionPhase(TestCaseExecutor.java:472)
	at com.kms.katalon.core.main.TestCaseExecutor.accessMainPhase(TestCaseExecutor.java:464)
	at com.kms.katalon.core.main.TestCaseExecutor.execute(TestCaseExecutor.java:334)
	at com.kms.katalon.core.common.CommonExecutor.accessTestCaseMainPhase(CommonExecutor.java:71)
	at com.kms.katalon.core.main.TestSuiteExecutor.accessTestSuiteMainPhase(TestSuiteExecutor.java:163)
	at com.kms.katalon.core.main.TestSuiteExecutor.execute(TestSuiteExecutor.java:120)
	at com.kms.katalon.core.main.TestCaseMain.startTestSuite(TestCaseMain.java:205)
	at S0.run(S0.groovy:40)
	at java.base/jdk.internal.reflect.DirectMethodHandleAccessor.invoke(DirectMethodHandleAccessor.java:103)
Caused by: com.kms.katalon.core.exception.StepFailedException: Text 'This field is required' is not present on page 
	at com.kms.katalon.core.webui.keyword.internal.WebUIKeywordMain.stepFailed(WebUIKeywordMain.groovy:177)
	at com.kms.katalon.core.webui.keyword.builtin.VerifyTextPresentKeyword$_verifyTextPresent_closure1.doCall(VerifyTextPresentKeyword.groovy:79)
	at com.kms.katalon.core.webui.keyword.builtin.VerifyTextPresentKeyword$_verifyTextPresent_closure1.call(VerifyTextPresentKeyword.groovy)
	at com.kms.katalon.core.webui.keyword.internal.WebUIKeywordMain.runKeyword(WebUIKeywordMain.groovy:41)
	... 18 more

2026-03-06 21:49:48.086 INFO  c.k.katalon.core.main.TestCaseExecutor   - END Test Cases/Forgot Password/TC_FP_03
2026-03-06 21:49:48.093 INFO  c.k.katalon.core.main.TestCaseExecutor   - --------------------
2026-03-06 21:49:48.093 INFO  c.k.katalon.core.main.TestCaseExecutor   - START Test Cases/Forgot Password/TC_FP_04
2026-03-06 21:49:48.354 DEBUG testcase.TC_FP_04                        - 1: openBrowser(url)
2026-03-06 21:49:48.359 WARN  c.k.k.core.webui.driver.DriverFactory    - A browser is already opened. Closing browser and opening a new one
2026-03-06 21:49:48.784 INFO  c.k.k.core.webui.driver.DriverFactory    - Starting 'Chrome' driver
2026-03-06 21:49:48.789 INFO  c.k.k.core.webui.driver.DriverFactory    - Action delay is set to 0 milliseconds
Mar 06, 2026 9:49:50 PM org.openqa.selenium.devtools.CdpVersionFinder findNearestMatch
WARNING: Unable to find an exact match for CDP version 145, returning the closest version; found: 143; Please update to a Selenium version that supports CDP version 145
2026-03-06 21:49:50.507 INFO  c.k.k.core.webui.driver.DriverFactory    - sessionId = 3b5efa5d1ef2e258b143a6b0560e105d
2026-03-06 21:49:50.512 INFO  c.k.k.core.webui.driver.DriverFactory    - browser = Chrome 145.0.7632.160
2026-03-06 21:49:50.514 INFO  c.k.k.core.webui.driver.DriverFactory    - platform = Windows 11
2026-03-06 21:49:50.517 INFO  c.k.k.core.webui.driver.DriverFactory    - seleniumVersion = 4.39.0
2026-03-06 21:49:50.519 INFO  c.k.k.core.webui.driver.DriverFactory    - proxyInformation = ProxyInformation { proxyOption=NO_PROXY, proxyServerType=HTTP, username=, password=********, proxyServerAddress=, proxyServerPort=0, executionList="", isApplyToDesiredCapabilities=true }
2026-03-06 21:49:51.756 DEBUG testcase.TC_FP_04                        - 2: maximizeWindow()
2026-03-06 21:49:51.962 DEBUG testcase.TC_FP_04                        - 3: delay(5)
Mar 06, 2026 9:49:54 PM org.openqa.selenium.remote.http.WebSocket$Listener onError
WARNING: Connection reset
java.net.SocketException: Connection reset
	at java.base/sun.nio.ch.SocketChannelImpl.throwConnectionReset(SocketChannelImpl.java:401)
	at java.base/sun.nio.ch.SocketChannelImpl.read(SocketChannelImpl.java:434)
	at java.net.http/jdk.internal.net.http.SocketTube.readAvailable(SocketTube.java:1178)
	at java.net.http/jdk.internal.net.http.SocketTube$InternalReadPublisher$InternalReadSubscription.read(SocketTube.java:841)
	at java.net.http/jdk.internal.net.http.SocketTube$SocketFlowTask.run(SocketTube.java:181)
	at java.net.http/jdk.internal.net.http.common.SequentialScheduler$SchedulableTask.run(SequentialScheduler.java:207)
	at java.net.http/jdk.internal.net.http.common.SequentialScheduler.runOrSchedule(SequentialScheduler.java:280)
	at java.net.http/jdk.internal.net.http.common.SequentialScheduler.runOrSchedule(SequentialScheduler.java:233)
	at java.net.http/jdk.internal.net.http.SocketTube$InternalReadPublisher$InternalReadSubscription.signalReadable(SocketTube.java:782)
	at java.net.http/jdk.internal.net.http.SocketTube$InternalReadPublisher$ReadEvent.signalEvent(SocketTube.java:965)
	at java.net.http/jdk.internal.net.http.SocketTube$SocketFlowEvent.handle(SocketTube.java:253)
	at java.net.http/jdk.internal.net.http.HttpClientImpl$SelectorManager.handleEvent(HttpClientImpl.java:1477)
	at java.net.http/jdk.internal.net.http.HttpClientImpl$SelectorManager.lambda$run$3(HttpClientImpl.java:1422)
	at java.base/java.util.ArrayList.forEach(ArrayList.java:1596)
	at java.net.http/jdk.internal.net.http.HttpClientImpl$SelectorManager.run(HttpClientImpl.java:1422)

2026-03-06 21:49:57.004 DEBUG testcase.TC_FP_04                        - 4: click(findTestObject("Forgot Password/button_Masuk"))
