2026-03-06 16:20:23.784 INFO  c.k.k.c.l.logback.LogbackConfigurator    - Logback default configuration initialized from: C:\Users\x1 carbon\.katalon\packages\KS-11.0.1\configuration\org.eclipse.osgi\148\0\.cp\resources\logback\logback-execution.xml
2026-03-06 16:20:23.788 INFO  c.k.k.c.l.logback.LogbackConfigurator    - Logback custom configuration initialized from: D:\VocaGame\VocaGame\Include\config\log.properties
2026-03-06 16:20:24.699 INFO  c.k.katalon.core.main.TestSuiteExecutor  - START Test Suites/Product Order
2026-03-06 16:20:24.828 INFO  c.k.katalon.core.main.TestSuiteExecutor  - userFullName = Devanz
2026-03-06 16:20:24.830 INFO  c.k.katalon.core.main.TestSuiteExecutor  - projectName = VocaGame
2026-03-06 16:20:24.831 INFO  c.k.katalon.core.main.TestSuiteExecutor  - hostName = x1 carbon - DESKTOP-72PBSPN
2026-03-06 16:20:24.833 INFO  c.k.katalon.core.main.TestSuiteExecutor  - os = Windows 11 64bit
2026-03-06 16:20:24.834 INFO  c.k.katalon.core.main.TestSuiteExecutor  - hostAddress = 172.16.100.143
2026-03-06 16:20:24.835 INFO  c.k.katalon.core.main.TestSuiteExecutor  - katalonVersion = 11.0.1.0
2026-03-06 16:20:25.040 INFO  c.k.katalon.core.main.TestCaseExecutor   - --------------------
2026-03-06 16:20:25.040 INFO  c.k.katalon.core.main.TestCaseExecutor   - START Test Cases/Product Order/TC_PO_01
2026-03-06 16:20:25.623 DEBUG testcase.TC_PO_01                        - 1: callTestCase(findTestCase("Login/TC_LOG_01"), [:], STOP_ON_FAILURE)
2026-03-06 16:20:25.833 INFO  c.k.katalon.core.main.TestCaseExecutor   - --------------------
2026-03-06 16:20:25.833 INFO  c.k.katalon.core.main.TestCaseExecutor   - CALL Test Cases/Login/TC_LOG_01
2026-03-06 16:20:25.938 DEBUG testcase.TC_LOG_01                       - 1: openBrowser(url)
2026-03-06 16:20:26.307 INFO  c.k.k.core.webui.driver.DriverFactory    - Starting 'Edge Chromium' driver
2026-03-06 16:20:26.442 INFO  c.k.k.core.webui.driver.DriverFactory    - Action delay is set to 0 milliseconds
Mar 06, 2026 4:20:27 PM org.openqa.selenium.devtools.CdpVersionFinder findNearestMatch
WARNING: Unable to find an exact match for CDP version 145, returning the closest version; found: 143; Please update to a Selenium version that supports CDP version 145
2026-03-06 16:20:28.688 INFO  c.k.k.core.webui.driver.DriverFactory    - sessionId = 69a2acebf68179f4a5ba7b4521aaf120
2026-03-06 16:20:28.690 INFO  c.k.k.core.webui.driver.DriverFactory    - browser = Edge Chromium 145.0.3800.82
2026-03-06 16:20:28.691 INFO  c.k.k.core.webui.driver.DriverFactory    - platform = Windows 11
2026-03-06 16:20:28.692 INFO  c.k.k.core.webui.driver.DriverFactory    - seleniumVersion = 4.39.0
2026-03-06 16:20:28.700 INFO  c.k.k.core.webui.driver.DriverFactory    - proxyInformation = ProxyInformation { proxyOption=NO_PROXY, proxyServerType=HTTP, username=, password=********, proxyServerAddress=, proxyServerPort=0, executionList="", isApplyToDesiredCapabilities=true }
2026-03-06 16:20:29.462 DEBUG testcase.TC_LOG_01                       - 2: maximizeWindow()
2026-03-06 16:20:29.640 DEBUG testcase.TC_LOG_01                       - 3: delay(3)
2026-03-06 16:20:32.677 DEBUG testcase.TC_LOG_01                       - 4: click(findTestObject("Register/button_Masuk"))
2026-03-06 16:20:33.406 DEBUG testcase.TC_LOG_01                       - 5: setText(findTestObject("Login/input_Nomor HP atau email"), "batabok719@cslua.com")
2026-03-06 16:20:35.895 DEBUG testcase.TC_LOG_01                       - 6: click(findTestObject("Login/button_Masuk Akun"))
2026-03-06 16:20:36.519 DEBUG testcase.TC_LOG_01                       - 7: setText(findTestObject("Login/input_Show password"), password)
2026-03-06 16:20:37.585 DEBUG testcase.TC_LOG_01                       - 8: delay(5)
2026-03-06 16:20:42.611 DEBUG testcase.TC_LOG_01                       - 9: click(findTestObject("Login/button_Masuk Akun"))
2026-03-06 16:20:43.048 DEBUG testcase.TC_LOG_01                       - 10: if (verifyElementClickable(findTestObject("Login/button_Masuk Akun"), OPTIONAL))
2026-03-06 16:20:43.617 DEBUG testcase.TC_LOG_01                       - 1: click(findTestObject("Login/button_Masuk Akun"))
2026-03-06 16:20:44.038 DEBUG testcase.TC_LOG_01                       - 11: delay(3)
2026-03-06 16:20:47.060 INFO  c.k.katalon.core.main.TestCaseExecutor   - END CALL Test Cases/Login/TC_LOG_01
2026-03-06 16:20:47.060 INFO  c.k.katalon.core.main.TestCaseExecutor   - --------------------
2026-03-06 16:20:47.073 DEBUG testcase.TC_PO_01                        - 2: setText(findTestObject("Product Order/input_Indonesia_cy-search-product"), "Mobile Legend")
Mar 06, 2026 4:20:47 PM org.openqa.selenium.remote.http.WebSocket$Listener onError
WARNING: Connection reset
java.net.SocketException: Connection reset
	at java.base/sun.nio.ch.SocketChannelImpl.throwConnectionReset(SocketChannelImpl.java:401)
	at java.base/sun.nio.ch.SocketChannelImpl.read(SocketChannelImpl.java:434)
	at java.net.http/jdk.internal.net.http.SocketTube.readAvailable(SocketTube.java:1178)
	at java.net.http/jdk.internal.net.http.SocketTube$InternalReadPublisher$InternalReadSubscription.read(SocketTube.java:841)
	at java.net.http/jdk.internal.net.http.SocketTube$SocketFlowTask.run(SocketTube.java:181)
	at java.net.http/jdk.internal.net.http.common.SequentialScheduler$SchedulableTask.run(SequentialScheduler.java:207)
	at java.net.http/jdk.internal.net.http.common.SequentialScheduler.runOrSchedule(SequentialScheduler.java:280)
	at java.net.http/jdk.internal.net.http.common.SequentialScheduler.runOrSchedule(SequentialScheduler.java:233)
	at java.net.http/jdk.internal.net.http.SocketTube$InternalReadPublisher$InternalReadSubscription.signalReadable(SocketTube.java:782)
	at java.net.http/jdk.internal.net.http.SocketTube$InternalReadPublisher$ReadEvent.signalEvent(SocketTube.java:965)
	at java.net.http/jdk.internal.net.http.SocketTube$SocketFlowEvent.handle(SocketTube.java:253)
	at java.net.http/jdk.internal.net.http.HttpClientImpl$SelectorManager.handleEvent(HttpClientImpl.java:1477)
	at java.net.http/jdk.internal.net.http.HttpClientImpl$SelectorManager.lambda$run$3(HttpClientImpl.java:1422)
	at java.base/java.util.ArrayList.forEach(ArrayList.java:1596)
	at java.net.http/jdk.internal.net.http.HttpClientImpl$SelectorManager.run(HttpClientImpl.java:1422)

