2026-03-06 22:14:55.352 INFO  c.k.k.c.l.logback.LogbackConfigurator    - Logback default configuration initialized from: C:\Users\x1 carbon\.katalon\packages\KS-11.0.1\configuration\org.eclipse.osgi\148\0\.cp\resources\logback\logback-execution.xml
2026-03-06 22:14:55.365 INFO  c.k.k.c.l.logback.LogbackConfigurator    - Logback custom configuration initialized from: D:\VocaGame\VocaGame\Include\config\log.properties
2026-03-06 22:14:56.988 INFO  c.k.katalon.core.main.TestSuiteExecutor  - START Test Suites/Forgot Password
2026-03-06 22:14:57.151 INFO  c.k.katalon.core.main.TestSuiteExecutor  - userFullName = Devanz
2026-03-06 22:14:57.153 INFO  c.k.katalon.core.main.TestSuiteExecutor  - projectName = VocaGame
2026-03-06 22:14:57.154 INFO  c.k.katalon.core.main.TestSuiteExecutor  - hostName = x1 carbon - DESKTOP-72PBSPN
2026-03-06 22:14:57.164 INFO  c.k.katalon.core.main.TestSuiteExecutor  - os = Windows 11 64bit
2026-03-06 22:14:57.166 INFO  c.k.katalon.core.main.TestSuiteExecutor  - hostAddress = 172.16.100.143
2026-03-06 22:14:57.169 INFO  c.k.katalon.core.main.TestSuiteExecutor  - katalonVersion = 11.0.1.0
2026-03-06 22:14:57.600 INFO  c.k.katalon.core.main.TestCaseExecutor   - --------------------
2026-03-06 22:14:57.601 INFO  c.k.katalon.core.main.TestCaseExecutor   - START Test Cases/Forgot Password/TC_FP_01
2026-03-06 22:14:58.822 DEBUG testcase.TC_FP_01                        - 1: openBrowser(url)
2026-03-06 22:14:59.911 INFO  c.k.k.core.webui.driver.DriverFactory    - Starting 'Chrome' driver
2026-03-06 22:15:00.063 INFO  c.k.k.core.webui.driver.DriverFactory    - Action delay is set to 0 milliseconds
Mar 06, 2026 10:15:02 PM org.openqa.selenium.devtools.CdpVersionFinder findNearestMatch
WARNING: Unable to find an exact match for CDP version 145, returning the closest version; found: 143; Please update to a Selenium version that supports CDP version 145
2026-03-06 22:15:04.280 INFO  c.k.k.core.webui.driver.DriverFactory    - sessionId = 436e3c49ef532822ca4f2c1b80b3a6f3
2026-03-06 22:15:04.285 INFO  c.k.k.core.webui.driver.DriverFactory    - browser = Chrome 145.0.7632.160
2026-03-06 22:15:04.289 INFO  c.k.k.core.webui.driver.DriverFactory    - platform = Windows 11
2026-03-06 22:15:04.290 INFO  c.k.k.core.webui.driver.DriverFactory    - seleniumVersion = 4.39.0
2026-03-06 22:15:04.316 INFO  c.k.k.core.webui.driver.DriverFactory    - proxyInformation = ProxyInformation { proxyOption=NO_PROXY, proxyServerType=HTTP, username=, password=********, proxyServerAddress=, proxyServerPort=0, executionList="", isApplyToDesiredCapabilities=true }
2026-03-06 22:15:04.737 DEBUG testcase.TC_FP_01                        - 2: maximizeWindow()
2026-03-06 22:15:05.862 DEBUG testcase.TC_FP_01                        - 3: delay(5)
2026-03-06 22:15:11.032 DEBUG testcase.TC_FP_01                        - 4: click(findTestObject("Forgot Password/button_Masuk"))
2026-03-06 22:15:11.848 DEBUG testcase.TC_FP_01                        - 5: delay(1)
2026-03-06 22:15:12.870 DEBUG testcase.TC_FP_01                        - 6: click(findTestObject("Forgot Password/p_Lupa Password"))
2026-03-06 22:15:14.494 DEBUG testcase.TC_FP_01                        - 7: delay(2)
2026-03-06 22:15:16.546 DEBUG testcase.TC_FP_01                        - 8: sendKeys(findTestObject("Forgot Password/input__Nomor whatsapp atau Email"), valid_email)
2026-03-06 22:15:17.250 DEBUG testcase.TC_FP_01                        - 9: delay(3)
2026-03-06 22:15:20.266 DEBUG testcase.TC_FP_01                        - 10: click(findTestObject("Forgot Password/button_Kirim Kode OTP"))
2026-03-06 22:15:20.855 DEBUG testcase.TC_FP_01                        - 11: delay(1)
2026-03-06 22:15:21.887 DEBUG testcase.TC_FP_01                        - 12: click(findTestObject("Forgot Password/li_Kirim OTP via Emailzzmmddollicons.com"))
2026-03-06 22:15:22.312 DEBUG testcase.TC_FP_01                        - 13: click(findTestObject("Forgot Password/button_Lanjutkan"))
2026-03-06 22:15:22.942 DEBUG testcase.TC_FP_01                        - 14: delay(7)
Mar 06, 2026 10:15:27 PM org.openqa.selenium.remote.http.WebSocket$Listener onError
WARNING: Connection reset
java.net.SocketException: Connection reset
	at java.base/sun.nio.ch.SocketChannelImpl.throwConnectionReset(SocketChannelImpl.java:401)
	at java.base/sun.nio.ch.SocketChannelImpl.read(SocketChannelImpl.java:434)
	at java.net.http/jdk.internal.net.http.SocketTube.readAvailable(SocketTube.java:1178)
	at java.net.http/jdk.internal.net.http.SocketTube$InternalReadPublisher$InternalReadSubscription.read(SocketTube.java:841)
	at java.net.http/jdk.internal.net.http.SocketTube$SocketFlowTask.run(SocketTube.java:181)
	at java.net.http/jdk.internal.net.http.common.SequentialScheduler$SchedulableTask.run(SequentialScheduler.java:207)
	at java.net.http/jdk.internal.net.http.common.SequentialScheduler.runOrSchedule(SequentialScheduler.java:280)
	at java.net.http/jdk.internal.net.http.common.SequentialScheduler.runOrSchedule(SequentialScheduler.java:233)
	at java.net.http/jdk.internal.net.http.SocketTube$InternalReadPublisher$InternalReadSubscription.signalReadable(SocketTube.java:782)
	at java.net.http/jdk.internal.net.http.SocketTube$InternalReadPublisher$ReadEvent.signalEvent(SocketTube.java:965)
	at java.net.http/jdk.internal.net.http.SocketTube$SocketFlowEvent.handle(SocketTube.java:253)
	at java.net.http/jdk.internal.net.http.HttpClientImpl$SelectorManager.handleEvent(HttpClientImpl.java:1477)
	at java.net.http/jdk.internal.net.http.HttpClientImpl$SelectorManager.lambda$run$3(HttpClientImpl.java:1422)
	at java.base/java.util.ArrayList.forEach(ArrayList.java:1596)
	at java.net.http/jdk.internal.net.http.HttpClientImpl$SelectorManager.run(HttpClientImpl.java:1422)

2026-03-06 22:15:29.949 DEBUG testcase.TC_FP_01                        - 15: click(findTestObject("Register/button_Verifikasi OTP"))
