2026-03-06 21:54:35.042 INFO  c.k.k.c.l.logback.LogbackConfigurator    - Logback default configuration initialized from: C:\Users\x1 carbon\.katalon\packages\KS-11.0.1\configuration\org.eclipse.osgi\148\0\.cp\resources\logback\logback-execution.xml
2026-03-06 21:54:35.046 INFO  c.k.k.c.l.logback.LogbackConfigurator    - Logback custom configuration initialized from: D:\VocaGame\VocaGame\Include\config\log.properties
2026-03-06 21:54:36.626 INFO  c.k.katalon.core.main.TestSuiteExecutor  - START Test Suites/Forgot Password
2026-03-06 21:54:36.890 INFO  c.k.katalon.core.main.TestSuiteExecutor  - userFullName = Devanz
2026-03-06 21:54:36.891 INFO  c.k.katalon.core.main.TestSuiteExecutor  - projectName = VocaGame
2026-03-06 21:54:36.892 INFO  c.k.katalon.core.main.TestSuiteExecutor  - hostName = x1 carbon - DESKTOP-72PBSPN
2026-03-06 21:54:36.894 INFO  c.k.katalon.core.main.TestSuiteExecutor  - os = Windows 11 64bit
2026-03-06 21:54:36.896 INFO  c.k.katalon.core.main.TestSuiteExecutor  - hostAddress = 192.168.1.4
2026-03-06 21:54:36.899 INFO  c.k.katalon.core.main.TestSuiteExecutor  - katalonVersion = 11.0.1.0
2026-03-06 21:54:37.311 INFO  c.k.katalon.core.main.TestCaseExecutor   - --------------------
2026-03-06 21:54:37.312 INFO  c.k.katalon.core.main.TestCaseExecutor   - START Test Cases/Forgot Password/TC_FP_01
2026-03-06 21:54:38.229 DEBUG testcase.TC_FP_01                        - 1: openBrowser(url)
2026-03-06 21:54:39.419 INFO  c.k.k.core.webui.driver.DriverFactory    - Starting 'Chrome' driver
2026-03-06 21:54:39.531 INFO  c.k.k.core.webui.driver.DriverFactory    - Action delay is set to 0 milliseconds
Mar 06, 2026 9:54:42 PM org.openqa.selenium.devtools.CdpVersionFinder findNearestMatch
WARNING: Unable to find an exact match for CDP version 145, returning the closest version; found: 143; Please update to a Selenium version that supports CDP version 145
2026-03-06 21:54:44.256 INFO  c.k.k.core.webui.driver.DriverFactory    - sessionId = fd3efa8ec25d29c2c8cd95e8a3a3d5d1
2026-03-06 21:54:44.258 INFO  c.k.k.core.webui.driver.DriverFactory    - browser = Chrome 145.0.7632.160
2026-03-06 21:54:44.259 INFO  c.k.k.core.webui.driver.DriverFactory    - platform = Windows 11
2026-03-06 21:54:44.267 INFO  c.k.k.core.webui.driver.DriverFactory    - seleniumVersion = 4.39.0
2026-03-06 21:54:44.286 INFO  c.k.k.core.webui.driver.DriverFactory    - proxyInformation = ProxyInformation { proxyOption=NO_PROXY, proxyServerType=HTTP, username=, password=********, proxyServerAddress=, proxyServerPort=0, executionList="", isApplyToDesiredCapabilities=true }
2026-03-06 21:54:45.731 DEBUG testcase.TC_FP_01                        - 2: maximizeWindow()
2026-03-06 21:54:50.841 DEBUG testcase.TC_FP_01                        - 3: delay(5)
2026-03-06 21:54:55.997 DEBUG testcase.TC_FP_01                        - 4: click(findTestObject("Forgot Password/button_Masuk"))
2026-03-06 21:54:56.659 DEBUG testcase.TC_FP_01                        - 5: delay(1)
2026-03-06 21:54:57.677 DEBUG testcase.TC_FP_01                        - 6: click(findTestObject("Forgot Password/p_Lupa Password"))
2026-03-06 21:55:02.957 DEBUG testcase.TC_FP_01                        - 7: sendKeys(findTestObject("Forgot Password/input__Nomor whatsapp atau Email"), valid_email)
