2026-03-06 16:05:14.685 INFO  c.k.k.c.l.logback.LogbackConfigurator    - Logback default configuration initialized from: C:\Users\x1 carbon\.katalon\packages\KS-11.0.1\configuration\org.eclipse.osgi\148\0\.cp\resources\logback\logback-execution.xml
2026-03-06 16:05:14.688 INFO  c.k.k.c.l.logback.LogbackConfigurator    - Logback custom configuration initialized from: D:\VocaGame\VocaGame\Include\config\log.properties
2026-03-06 16:05:15.622 INFO  c.k.katalon.core.main.TestSuiteExecutor  - START Test Suites/Product Order
2026-03-06 16:05:15.739 INFO  c.k.katalon.core.main.TestSuiteExecutor  - userFullName = Devanz
2026-03-06 16:05:15.740 INFO  c.k.katalon.core.main.TestSuiteExecutor  - projectName = VocaGame
2026-03-06 16:05:15.742 INFO  c.k.katalon.core.main.TestSuiteExecutor  - hostName = x1 carbon - DESKTOP-72PBSPN
2026-03-06 16:05:15.743 INFO  c.k.katalon.core.main.TestSuiteExecutor  - os = Windows 11 64bit
2026-03-06 16:05:15.744 INFO  c.k.katalon.core.main.TestSuiteExecutor  - hostAddress = 192.168.1.4
2026-03-06 16:05:15.746 INFO  c.k.katalon.core.main.TestSuiteExecutor  - katalonVersion = 11.0.1.0
2026-03-06 16:05:15.978 INFO  c.k.katalon.core.main.TestCaseExecutor   - --------------------
2026-03-06 16:05:15.978 INFO  c.k.katalon.core.main.TestCaseExecutor   - START Test Cases/Product Order/TC_PO_01
2026-03-06 16:05:16.673 DEBUG testcase.TC_PO_01                        - 1: callTestCase(findTestCase("Login/TC_LOG_01"), [:], STOP_ON_FAILURE)
2026-03-06 16:05:16.894 INFO  c.k.katalon.core.main.TestCaseExecutor   - --------------------
2026-03-06 16:05:16.894 INFO  c.k.katalon.core.main.TestCaseExecutor   - CALL Test Cases/Login/TC_LOG_01
2026-03-06 16:05:17.027 DEBUG testcase.TC_LOG_01                       - 1: openBrowser(url)
2026-03-06 16:05:17.417 INFO  c.k.k.core.webui.driver.DriverFactory    - Starting 'Edge Chromium' driver
2026-03-06 16:05:17.529 INFO  c.k.k.core.webui.driver.DriverFactory    - Action delay is set to 0 milliseconds
Mar 06, 2026 4:05:19 PM org.openqa.selenium.devtools.CdpVersionFinder findNearestMatch
WARNING: Unable to find an exact match for CDP version 145, returning the closest version; found: 143; Please update to a Selenium version that supports CDP version 145
2026-03-06 16:05:19.888 INFO  c.k.k.core.webui.driver.DriverFactory    - sessionId = 23c07e809a7496282efa8ae1c977140a
2026-03-06 16:05:19.892 INFO  c.k.k.core.webui.driver.DriverFactory    - browser = Edge Chromium 145.0.3800.82
2026-03-06 16:05:19.893 INFO  c.k.k.core.webui.driver.DriverFactory    - platform = Windows 11
2026-03-06 16:05:19.894 INFO  c.k.k.core.webui.driver.DriverFactory    - seleniumVersion = 4.39.0
2026-03-06 16:05:19.904 INFO  c.k.k.core.webui.driver.DriverFactory    - proxyInformation = ProxyInformation { proxyOption=NO_PROXY, proxyServerType=HTTP, username=, password=********, proxyServerAddress=, proxyServerPort=0, executionList="", isApplyToDesiredCapabilities=true }
2026-03-06 16:05:20.890 DEBUG testcase.TC_LOG_01                       - 2: maximizeWindow()
2026-03-06 16:05:21.092 DEBUG testcase.TC_LOG_01                       - 3: delay(3)
2026-03-06 16:05:24.208 DEBUG testcase.TC_LOG_01                       - 4: click(findTestObject("Register/button_Masuk"))
2026-03-06 16:05:24.809 DEBUG testcase.TC_LOG_01                       - 5: setText(findTestObject("Login/input_Nomor HP atau email"), "batabok719@cslua.com")
2026-03-06 16:05:27.330 DEBUG testcase.TC_LOG_01                       - 6: click(findTestObject("Login/button_Masuk Akun"))
2026-03-06 16:05:27.959 DEBUG testcase.TC_LOG_01                       - 7: setText(findTestObject("Login/input_Show password"), password)
2026-03-06 16:05:28.914 DEBUG testcase.TC_LOG_01                       - 8: delay(5)
2026-03-06 16:05:33.933 DEBUG testcase.TC_LOG_01                       - 9: click(findTestObject("Login/button_Masuk Akun"))
2026-03-06 16:05:34.380 DEBUG testcase.TC_LOG_01                       - 10: if (verifyElementClickable(findTestObject("Login/button_Masuk Akun"), OPTIONAL))
2026-03-06 16:05:34.948 DEBUG testcase.TC_LOG_01                       - 1: click(findTestObject("Login/button_Masuk Akun"))
2026-03-06 16:05:35.377 DEBUG testcase.TC_LOG_01                       - 11: delay(3)
2026-03-06 16:05:38.395 INFO  c.k.katalon.core.main.TestCaseExecutor   - END CALL Test Cases/Login/TC_LOG_01
2026-03-06 16:05:38.395 INFO  c.k.katalon.core.main.TestCaseExecutor   - --------------------
2026-03-06 16:05:38.402 DEBUG testcase.TC_PO_01                        - 2: setText(findTestObject("Product Order/input_Indonesia_cy-search-product"), "Mobile Legend")
2026-03-06 16:05:40.315 DEBUG testcase.TC_PO_01                        - 3: delay(2)
2026-03-06 16:05:42.328 DEBUG testcase.TC_PO_01                        - 4: click(findTestObject("Product Order/div_Mobile Legends Bang BangMoonton"))
2026-03-06 16:05:43.151 DEBUG testcase.TC_PO_01                        - 5: delay(1)
2026-03-06 16:05:44.165 DEBUG testcase.TC_PO_01                        - 6: scrollToElement(findTestObject("Product Order/input__User ID"), 5)
2026-03-06 16:05:50.336 INFO  c.k.k.c.webui.common.WebUiCommonHelper   - Unable to find the element located by 'By.xpath: //*[@name = 'data.user_id']'. Please recheck the objects properties to make sure the desired element is located. 
2026-03-06 16:05:50.660 ERROR c.k.k.core.keyword.internal.KeywordMain  - ❌ Unable to scroll to object 'Object Repository/Product Order/input__User ID' (Root cause: com.kms.katalon.core.exception.StepFailedException: Unable to scroll to object 'Object Repository/Product Order/input__User ID'
	at com.kms.katalon.core.webui.keyword.internal.WebUIKeywordMain.stepFailed(WebUIKeywordMain.groovy:177)
	at com.kms.katalon.core.webui.keyword.internal.WebUIKeywordMain.runKeyword(WebUIKeywordMain.groovy:49)
	at com.kms.katalon.core.webui.keyword.builtin.ScrollToElementKeyword.scrollToElement(ScrollToElementKeyword.groovy:88)
	at com.kms.katalon.core.webui.keyword.builtin.ScrollToElementKeyword.execute(ScrollToElementKeyword.groovy:68)
	at com.kms.katalon.core.keyword.internal.KeywordExecutor.executeKeywordForPlatform(KeywordExecutor.groovy:95)
	at com.kms.katalon.core.webui.keyword.WebUiBuiltInKeywords.scrollToElement(WebUiBuiltInKeywords.groovy:4209)
	at TC_PO_01.run(TC_PO_01:31)
	at com.kms.katalon.core.main.ScriptEngine.run(ScriptEngine.java:194)
	at com.kms.katalon.core.main.ScriptEngine.runScriptAsRawText(ScriptEngine.java:119)
	at com.kms.katalon.core.main.TestCaseExecutor.runScript(TestCaseExecutor.java:502)
	at com.kms.katalon.core.main.TestCaseExecutor.doExecute(TestCaseExecutor.java:493)
	at com.kms.katalon.core.main.TestCaseExecutor.processExecutionPhase(TestCaseExecutor.java:472)
	at com.kms.katalon.core.main.TestCaseExecutor.accessMainPhase(TestCaseExecutor.java:464)
	at com.kms.katalon.core.main.TestCaseExecutor.execute(TestCaseExecutor.java:334)
	at com.kms.katalon.core.common.CommonExecutor.accessTestCaseMainPhase(CommonExecutor.java:71)
	at com.kms.katalon.core.main.TestSuiteExecutor.accessTestSuiteMainPhase(TestSuiteExecutor.java:163)
	at com.kms.katalon.core.main.TestSuiteExecutor.execute(TestSuiteExecutor.java:120)
	at com.kms.katalon.core.main.TestCaseMain.startTestSuite(TestCaseMain.java:205)
	at S0.run(S0.groovy:40)
	at java.base/jdk.internal.reflect.DirectMethodHandleAccessor.invoke(DirectMethodHandleAccessor.java:103)
Caused by: com.kms.katalon.core.webui.exception.WebElementNotFoundException: Web element with id: 'Object Repository/Product Order/input__User ID' located by '//*[@name = 'data.user_id']' not found
	at com.kms.katalon.core.webui.common.WebUiCommonHelper.findWebElement(WebUiCommonHelper.java:1570)
	at com.kms.katalon.core.webui.keyword.internal.WebUIAbstractKeyword.findWebElement(WebUIAbstractKeyword.java:66)
	at com.kms.katalon.core.webui.keyword.builtin.ScrollToElementKeyword$_scrollToElement_closure1.doCall(ScrollToElementKeyword.groovy:79)
	at com.kms.katalon.core.webui.keyword.builtin.ScrollToElementKeyword$_scrollToElement_closure1.call(ScrollToElementKeyword.groovy)
	at com.kms.katalon.core.webui.keyword.internal.WebUIKeywordMain.runKeyword(WebUIKeywordMain.groovy:41)
	at com.kms.katalon.core.webui.keyword.builtin.ScrollToElementKeyword.scrollToElement(ScrollToElementKeyword.groovy:88)
	at com.kms.katalon.core.webui.keyword.builtin.ScrollToElementKeyword.execute(ScrollToElementKeyword.groovy:68)
	at com.kms.katalon.core.keyword.internal.KeywordExecutor.executeKeywordForPlatform(KeywordExecutor.groovy:95)
	at com.kms.katalon.core.webui.keyword.WebUiBuiltInKeywords.scrollToElement(WebUiBuiltInKeywords.groovy:4209)
	at Script1772719210499.run(Script1772719210499.groovy:31)
	... 13 more
)
2026-03-06 16:05:50.664 ERROR c.k.katalon.core.main.TestCaseExecutor   - ❌ Test Cases/Product Order/TC_PO_01 FAILED.
Reason:
com.kms.katalon.core.exception.StepFailedException: Unable to scroll to object 'Object Repository/Product Order/input__User ID'
	at com.kms.katalon.core.webui.keyword.internal.WebUIKeywordMain.stepFailed(WebUIKeywordMain.groovy:177)
	at com.kms.katalon.core.webui.keyword.internal.WebUIKeywordMain.runKeyword(WebUIKeywordMain.groovy:49)
	at com.kms.katalon.core.webui.keyword.builtin.ScrollToElementKeyword.scrollToElement(ScrollToElementKeyword.groovy:88)
	at com.kms.katalon.core.webui.keyword.builtin.ScrollToElementKeyword.execute(ScrollToElementKeyword.groovy:68)
	at com.kms.katalon.core.keyword.internal.KeywordExecutor.executeKeywordForPlatform(KeywordExecutor.groovy:95)
	at com.kms.katalon.core.webui.keyword.WebUiBuiltInKeywords.scrollToElement(WebUiBuiltInKeywords.groovy:4209)
	at TC_PO_01.run(TC_PO_01:31)
	at com.kms.katalon.core.main.ScriptEngine.run(ScriptEngine.java:194)
	at com.kms.katalon.core.main.ScriptEngine.runScriptAsRawText(ScriptEngine.java:119)
	at com.kms.katalon.core.main.TestCaseExecutor.runScript(TestCaseExecutor.java:502)
	at com.kms.katalon.core.main.TestCaseExecutor.doExecute(TestCaseExecutor.java:493)
	at com.kms.katalon.core.main.TestCaseExecutor.processExecutionPhase(TestCaseExecutor.java:472)
	at com.kms.katalon.core.main.TestCaseExecutor.accessMainPhase(TestCaseExecutor.java:464)
	at com.kms.katalon.core.main.TestCaseExecutor.execute(TestCaseExecutor.java:334)
	at com.kms.katalon.core.common.CommonExecutor.accessTestCaseMainPhase(CommonExecutor.java:71)
	at com.kms.katalon.core.main.TestSuiteExecutor.accessTestSuiteMainPhase(TestSuiteExecutor.java:163)
	at com.kms.katalon.core.main.TestSuiteExecutor.execute(TestSuiteExecutor.java:120)
	at com.kms.katalon.core.main.TestCaseMain.startTestSuite(TestCaseMain.java:205)
	at S0.run(S0.groovy:40)
	at java.base/jdk.internal.reflect.DirectMethodHandleAccessor.invoke(DirectMethodHandleAccessor.java:103)
Caused by: com.kms.katalon.core.webui.exception.WebElementNotFoundException: Web element with id: 'Object Repository/Product Order/input__User ID' located by '//*[@name = 'data.user_id']' not found
	at com.kms.katalon.core.webui.common.WebUiCommonHelper.findWebElement(WebUiCommonHelper.java:1570)
	at com.kms.katalon.core.webui.keyword.internal.WebUIAbstractKeyword.findWebElement(WebUIAbstractKeyword.java:66)
	at com.kms.katalon.core.webui.keyword.builtin.ScrollToElementKeyword$_scrollToElement_closure1.doCall(ScrollToElementKeyword.groovy:79)
	at com.kms.katalon.core.webui.keyword.builtin.ScrollToElementKeyword$_scrollToElement_closure1.call(ScrollToElementKeyword.groovy)
	at com.kms.katalon.core.webui.keyword.internal.WebUIKeywordMain.runKeyword(WebUIKeywordMain.groovy:41)
	... 18 more

2026-03-06 16:05:50.667 INFO  c.k.katalon.core.main.TestCaseExecutor   - END Test Cases/Product Order/TC_PO_01
2026-03-06 16:05:50.674 INFO  c.k.katalon.core.main.TestCaseExecutor   - --------------------
2026-03-06 16:05:50.674 INFO  c.k.katalon.core.main.TestCaseExecutor   - START Test Cases/Product Order/TC_PO_02
2026-03-06 16:05:50.787 DEBUG testcase.TC_PO_02                        - 1: callTestCase(findTestCase("Login/TC_LOG_01"), [:], STOP_ON_FAILURE)
2026-03-06 16:05:50.869 INFO  c.k.katalon.core.main.TestCaseExecutor   - --------------------
2026-03-06 16:05:50.870 INFO  c.k.katalon.core.main.TestCaseExecutor   - CALL Test Cases/Login/TC_LOG_01
2026-03-06 16:05:50.902 DEBUG testcase.TC_LOG_01                       - 1: openBrowser(url)
2026-03-06 16:05:50.907 WARN  c.k.k.core.webui.driver.DriverFactory    - A browser is already opened. Closing browser and opening a new one
2026-03-06 16:05:51.299 INFO  c.k.k.core.webui.driver.DriverFactory    - Starting 'Edge Chromium' driver
2026-03-06 16:05:51.305 INFO  c.k.k.core.webui.driver.DriverFactory    - Action delay is set to 0 milliseconds
Mar 06, 2026 4:05:52 PM org.openqa.selenium.devtools.CdpVersionFinder findNearestMatch
WARNING: Unable to find an exact match for CDP version 145, returning the closest version; found: 143; Please update to a Selenium version that supports CDP version 145
2026-03-06 16:05:52.560 INFO  c.k.k.core.webui.driver.DriverFactory    - sessionId = cb3333dda64509e583a5ed60412135b1
2026-03-06 16:05:52.561 INFO  c.k.k.core.webui.driver.DriverFactory    - browser = Edge Chromium 145.0.3800.82
2026-03-06 16:05:52.562 INFO  c.k.k.core.webui.driver.DriverFactory    - platform = Windows 11
2026-03-06 16:05:52.563 INFO  c.k.k.core.webui.driver.DriverFactory    - seleniumVersion = 4.39.0
2026-03-06 16:05:52.564 INFO  c.k.k.core.webui.driver.DriverFactory    - proxyInformation = ProxyInformation { proxyOption=NO_PROXY, proxyServerType=HTTP, username=, password=********, proxyServerAddress=, proxyServerPort=0, executionList="", isApplyToDesiredCapabilities=true }
2026-03-06 16:05:53.572 DEBUG testcase.TC_LOG_01                       - 2: maximizeWindow()
2026-03-06 16:05:53.719 DEBUG testcase.TC_LOG_01                       - 3: delay(3)
2026-03-06 16:05:56.733 DEBUG testcase.TC_LOG_01                       - 4: click(findTestObject("Register/button_Masuk"))
2026-03-06 16:05:57.208 DEBUG testcase.TC_LOG_01                       - 5: setText(findTestObject("Login/input_Nomor HP atau email"), "batabok719@cslua.com")
Mar 06, 2026 4:05:58 PM org.openqa.selenium.remote.http.WebSocket$Listener onError
WARNING: Connection reset
java.net.SocketException: Connection reset
	at java.base/sun.nio.ch.SocketChannelImpl.throwConnectionReset(SocketChannelImpl.java:401)
	at java.base/sun.nio.ch.SocketChannelImpl.read(SocketChannelImpl.java:434)
	at java.net.http/jdk.internal.net.http.SocketTube.readAvailable(SocketTube.java:1178)
	at java.net.http/jdk.internal.net.http.SocketTube$InternalReadPublisher$InternalReadSubscription.read(SocketTube.java:841)
	at java.net.http/jdk.internal.net.http.SocketTube$SocketFlowTask.run(SocketTube.java:181)
	at java.net.http/jdk.internal.net.http.common.SequentialScheduler$SchedulableTask.run(SequentialScheduler.java:207)
	at java.net.http/jdk.internal.net.http.common.SequentialScheduler.runOrSchedule(SequentialScheduler.java:280)
	at java.net.http/jdk.internal.net.http.common.SequentialScheduler.runOrSchedule(SequentialScheduler.java:233)
	at java.net.http/jdk.internal.net.http.SocketTube$InternalReadPublisher$InternalReadSubscription.signalReadable(SocketTube.java:782)
	at java.net.http/jdk.internal.net.http.SocketTube$InternalReadPublisher$ReadEvent.signalEvent(SocketTube.java:965)
	at java.net.http/jdk.internal.net.http.SocketTube$SocketFlowEvent.handle(SocketTube.java:253)
	at java.net.http/jdk.internal.net.http.HttpClientImpl$SelectorManager.handleEvent(HttpClientImpl.java:1477)
	at java.net.http/jdk.internal.net.http.HttpClientImpl$SelectorManager.lambda$run$3(HttpClientImpl.java:1422)
	at java.base/java.util.ArrayList.forEach(ArrayList.java:1596)
	at java.net.http/jdk.internal.net.http.HttpClientImpl$SelectorManager.run(HttpClientImpl.java:1422)

