2026-03-06 19:35:14.020 INFO  c.k.k.c.l.logback.LogbackConfigurator    - Logback default configuration initialized from: C:\Users\x1 carbon\.katalon\packages\KS-11.0.1\configuration\org.eclipse.osgi\148\0\.cp\resources\logback\logback-execution.xml
2026-03-06 19:35:14.028 INFO  c.k.k.c.l.logback.LogbackConfigurator    - Logback custom configuration initialized from: D:\VocaGame\VocaGame\Include\config\log.properties
2026-03-06 19:35:15.334 INFO  c.k.katalon.core.main.TestSuiteExecutor  - START Test Suites/Register
2026-03-06 19:35:15.488 INFO  c.k.katalon.core.main.TestSuiteExecutor  - userFullName = Devanz
2026-03-06 19:35:15.490 INFO  c.k.katalon.core.main.TestSuiteExecutor  - projectName = VocaGame
2026-03-06 19:35:15.492 INFO  c.k.katalon.core.main.TestSuiteExecutor  - hostName = x1 carbon - DESKTOP-72PBSPN
2026-03-06 19:35:15.495 INFO  c.k.katalon.core.main.TestSuiteExecutor  - os = Windows 11 64bit
2026-03-06 19:35:15.496 INFO  c.k.katalon.core.main.TestSuiteExecutor  - hostAddress = 192.168.1.4
2026-03-06 19:35:15.498 INFO  c.k.katalon.core.main.TestSuiteExecutor  - katalonVersion = 11.0.1.0
2026-03-06 19:35:15.796 INFO  c.k.katalon.core.main.TestCaseExecutor   - --------------------
2026-03-06 19:35:15.798 INFO  c.k.katalon.core.main.TestCaseExecutor   - START Test Cases/Register/TC_REG_01
2026-03-06 19:35:16.743 DEBUG testcase.TC_REG_01                       - 1: openBrowser(url)
2026-03-06 19:35:17.533 INFO  c.k.k.core.webui.driver.DriverFactory    - Starting 'Edge Chromium' driver
2026-03-06 19:35:17.692 INFO  c.k.k.core.webui.driver.DriverFactory    - Action delay is set to 0 milliseconds
Mar 06, 2026 7:35:20 PM org.openqa.selenium.devtools.CdpVersionFinder findNearestMatch
WARNING: Unable to find an exact match for CDP version 145, returning the closest version; found: 143; Please update to a Selenium version that supports CDP version 145
2026-03-06 19:35:21.019 INFO  c.k.k.core.webui.driver.DriverFactory    - sessionId = 99b45c29087f944f1861f219e8aa4ab9
2026-03-06 19:35:21.020 INFO  c.k.k.core.webui.driver.DriverFactory    - browser = Edge Chromium 145.0.3800.82
2026-03-06 19:35:21.020 INFO  c.k.k.core.webui.driver.DriverFactory    - platform = Windows 11
2026-03-06 19:35:21.022 INFO  c.k.k.core.webui.driver.DriverFactory    - seleniumVersion = 4.39.0
2026-03-06 19:35:21.028 INFO  c.k.k.core.webui.driver.DriverFactory    - proxyInformation = ProxyInformation { proxyOption=NO_PROXY, proxyServerType=HTTP, username=, password=********, proxyServerAddress=, proxyServerPort=0, executionList="", isApplyToDesiredCapabilities=true }
2026-03-06 19:35:22.624 DEBUG testcase.TC_REG_01                       - 2: maximizeWindow()
2026-03-06 19:35:23.084 DEBUG testcase.TC_REG_01                       - 3: delay(3)
2026-03-06 19:35:26.425 DEBUG testcase.TC_REG_01                       - 4: click(findTestObject("Register/button_Masuk"))
2026-03-06 19:35:27.359 DEBUG testcase.TC_REG_01                       - 5: click(findTestObject("Register/span_Daftar Sekarang"))
2026-03-06 19:35:29.213 DEBUG testcase.TC_REG_01                       - 6: delay(3)
2026-03-06 19:35:32.227 DEBUG testcase.TC_REG_01                       - 7: setText(findTestObject("Register/input_Nama Depan"), "Devan")
2026-03-06 19:35:33.300 DEBUG testcase.TC_REG_01                       - 8: setText(findTestObject("Register/input__Nama Belakang"), "Putra")
2026-03-06 19:35:34.413 DEBUG testcase.TC_REG_01                       - 9: rand = new java.util.Random()
2026-03-06 19:35:34.428 DEBUG testcase.TC_REG_01                       - 10: phoneNumber = "08" + 100000000 + rand.nextInt(900000000)
2026-03-06 19:35:34.451 DEBUG testcase.TC_REG_01                       - 11: setText(findTestObject("Register/input_Whatsapp"), phoneNumber)
2026-03-06 19:35:35.656 DEBUG testcase.TC_REG_01                       - 12: newTab("")
2026-03-06 19:35:35.850 DEBUG testcase.TC_REG_01                       - 13: navigateToUrl("https://internxt.com/temporary-email")
2026-03-06 19:35:38.525 DEBUG testcase.TC_REG_01                       - 14: delay(7)
2026-03-06 19:35:45.538 DEBUG testcase.TC_REG_01                       - 15: click(findTestObject("Register/copy_temp email"))
2026-03-06 19:35:45.978 DEBUG testcase.TC_REG_01                       - 16: switchToWindowTitle("VocaGame - Top up Game & Voucher Game termurah dan terpercaya di Indonesia.")
2026-03-06 19:35:46.118 DEBUG testcase.TC_REG_01                       - 17: sendKeys(findTestObject("Register/input_Email"), Keys.chord(CONTROL, "v"))
2026-03-06 19:35:46.600 DEBUG testcase.TC_REG_01                       - 18: setText(findTestObject("Register/input__Password"), password)
2026-03-06 19:35:47.814 DEBUG testcase.TC_REG_01                       - 19: setText(findTestObject("Register/input__Konfirmasi Password"), password)
2026-03-06 19:35:48.967 DEBUG testcase.TC_REG_01                       - 20: click(findTestObject("Register/Checklist TnC"))
2026-03-06 19:35:49.419 DEBUG testcase.TC_REG_01                       - 21: click(findTestObject("Register/button_Buat Akun Active"), OPTIONAL)
2026-03-06 19:35:59.472 WARN  c.k.k.c.w.keyword.builtin.ClickKeyword   - Waiting for element timed out
2026-03-06 19:36:00.586 WARN  c.k.k.core.keyword.internal.KeywordMain  - Unable to click on object 'Object Repository/Register/button_Buat Akun Active' (Root cause: com.kms.katalon.core.exception.StepFailedException: Unable to click on object 'Object Repository/Register/button_Buat Akun Active'
	at com.kms.katalon.core.webui.keyword.internal.WebUIKeywordMain.stepFailed(WebUIKeywordMain.groovy:177)
	at com.kms.katalon.core.webui.keyword.internal.WebUIKeywordMain.runKeyword(WebUIKeywordMain.groovy:49)
	at com.kms.katalon.core.webui.keyword.internal.WebUIKeywordMain.runKeywordUntilTimeout(WebUIKeywordMain.groovy:133)
	at com.kms.katalon.core.webui.keyword.builtin.ClickKeyword.click(ClickKeyword.groovy:72)
	at com.kms.katalon.core.webui.keyword.builtin.ClickKeyword.execute(ClickKeyword.groovy:38)
	at com.kms.katalon.core.keyword.internal.KeywordExecutor.executeKeywordForPlatform(KeywordExecutor.groovy:95)
	at com.kms.katalon.core.webui.keyword.WebUiBuiltInKeywords.click(WebUiBuiltInKeywords.groovy:684)
	at TC_REG_01.run(TC_REG_01:62)
	at com.kms.katalon.core.main.ScriptEngine.run(ScriptEngine.java:194)
	at com.kms.katalon.core.main.ScriptEngine.runScriptAsRawText(ScriptEngine.java:119)
	at com.kms.katalon.core.main.TestCaseExecutor.runScript(TestCaseExecutor.java:502)
	at com.kms.katalon.core.main.TestCaseExecutor.doExecute(TestCaseExecutor.java:493)
	at com.kms.katalon.core.main.TestCaseExecutor.processExecutionPhase(TestCaseExecutor.java:472)
	at com.kms.katalon.core.main.TestCaseExecutor.accessMainPhase(TestCaseExecutor.java:464)
	at com.kms.katalon.core.main.TestCaseExecutor.execute(TestCaseExecutor.java:334)
	at com.kms.katalon.core.common.CommonExecutor.accessTestCaseMainPhase(CommonExecutor.java:71)
	at com.kms.katalon.core.main.TestSuiteExecutor.accessTestSuiteMainPhase(TestSuiteExecutor.java:163)
	at com.kms.katalon.core.main.TestSuiteExecutor.execute(TestSuiteExecutor.java:120)
	at com.kms.katalon.core.main.TestCaseMain.startTestSuite(TestCaseMain.java:205)
	at S0.run(S0.groovy:40)
	at java.base/jdk.internal.reflect.DirectMethodHandleAccessor.invoke(DirectMethodHandleAccessor.java:103)
Caused by: org.openqa.selenium.ElementClickInterceptedException: element click intercepted: Element <button class="inline-flex items-center font-bold justify-center whitespace-nowrap rounded-lg text-sm ring-offset-background transition-colors focus-visible:outline-none focus-visible:ring-2 focus-visible:ring-ring focus-visible:ring-offset-2 disabled:pointer-events-none disabled:opacity-50 bg-secondary-foreground text-white hover:opacity-80 px-4 py-2 !mt-6 h-12 w-full" disabled="" type="submit">...</button> is not clickable at point (606, 746). Other element would receive the click: <form class="mt-6 space-y-6" data-gtm-form-interact-id="0">...</form>
  (Session info: MicrosoftEdge=145.0.3800.82)
Build info: version: '4.39.0', revision: '126f156aee'
System info: os.name: 'Windows 11', os.arch: 'amd64', os.version: '10.0', java.version: '21.0.9'
Driver info: com.kms.katalon.selenium.driver.CEdgeDriver
Command: [99b45c29087f944f1861f219e8aa4ab9, clickElement {id=f.BA5318F5E50E2DEEED0B83DB70634528.d.1D602CD6D3ADB0EE75CF3CB8D03EA74D.e.79}]
Capabilities {acceptInsecureCerts: false, browserName: MicrosoftEdge, browserVersion: 145.0.3800.82, fedcm:accounts: true, goog:processID: 20292, ms:edgeOptions: {debuggerAddress: localhost:58235}, msedge: {msedgedriverVersion: 145.0.3800.70 (57ed5ba8de27..., userDataDir: C:\Users\X1CARB~1\AppData\L...}, networkConnectionEnabled: false, pageLoadStrategy: normal, platformName: windows, proxy: Proxy(), se:cdp: ws://localhost:58235/devtoo..., se:cdpVersion: 145.0.3800.82, setWindowRect: true, strictFileInteractability: false, timeouts: {implicit: 0, pageLoad: 300000, script: 30000}, unhandledPromptBehavior: {alert: ignore, beforeUnload: ignore, confirm: ignore, default: ignore, file: ignore, prompt: ignore}, webSocketUrl: ws://localhost:46689/sessio..., webauthn:extension:credBlob: true, webauthn:extension:largeBlob: true, webauthn:extension:minPinLength: true, webauthn:extension:prf: true, webauthn:virtualAuthenticators: true}
Element: [[CEdgeDriver: MicrosoftEdge on windows (99b45c29087f944f1861f219e8aa4ab9)] -> xpath: //button[@type='submit']]
Session ID: 99b45c29087f944f1861f219e8aa4ab9
	at java.base/jdk.internal.reflect.DirectConstructorHandleAccessor.newInstance(DirectConstructorHandleAccessor.java:62)
	at org.openqa.selenium.remote.ErrorCodec.decode(ErrorCodec.java:167)
	at org.openqa.selenium.remote.codec.w3c.W3CHttpResponseCodec.decode(W3CHttpResponseCodec.java:142)
	at org.openqa.selenium.remote.codec.w3c.W3CHttpResponseCodec.decode(W3CHttpResponseCodec.java:49)
	at org.openqa.selenium.remote.HttpCommandExecutor.execute(HttpCommandExecutor.java:215)
	at org.openqa.selenium.remote.service.DriverCommandExecutor.invokeExecute(DriverCommandExecutor.java:216)
	at org.openqa.selenium.remote.service.DriverCommandExecutor.execute(DriverCommandExecutor.java:174)
	at org.openqa.selenium.remote.RemoteWebDriver.execute(RemoteWebDriver.java:561)
	at org.openqa.selenium.remote.RemoteWebElement.execute(RemoteWebElement.java:223)
	at org.openqa.selenium.remote.RemoteWebElement.click(RemoteWebElement.java:76)
	at java.base/jdk.internal.reflect.DirectMethodHandleAccessor.invoke(DirectMethodHandleAccessor.java:103)
	at org.openqa.selenium.support.decorators.WebDriverDecorator.call(WebDriverDecorator.java:326)
	at org.openqa.selenium.support.decorators.DefaultDecorated.call(DefaultDecorated.java:48)
	at org.openqa.selenium.support.decorators.WebDriverDecorator.lambda$createProxyFactory$3(WebDriverDecorator.java:416)
	at net.bytebuddy.renamed.java.lang.Object$ByteBuddy$FZOe1X8M.click(Unknown Source)
	at com.kms.katalon.core.webui.keyword.builtin.ClickKeyword$_click_closure1.doCall(ClickKeyword.groovy:63)
	at java.base/jdk.internal.reflect.DirectMethodHandleAccessor.invoke(DirectMethodHandleAccessor.java:103)
	at jdk.proxy2/jdk.proxy2.$Proxy55.execute(Unknown Source)
	at com.kms.katalon.core.webui.model.SeleniumActionRetryController.performAction(SeleniumActionRetryController.java:96)
	at com.kms.katalon.core.webui.model.SeleniumActionRetryController.performAction(SeleniumActionRetryController.java:83)
	at com.kms.katalon.core.webui.keyword.internal.WebUIKeywordMain$_runKeywordUntilTimeout_closure1.doCall(WebUIKeywordMain.groovy:135)
	at com.kms.katalon.core.webui.keyword.internal.WebUIKeywordMain$_runKeywordUntilTimeout_closure1.call(WebUIKeywordMain.groovy)
	at com.kms.katalon.core.webui.keyword.internal.WebUIKeywordMain.runKeyword(WebUIKeywordMain.groovy:41)
	at com.kms.katalon.core.webui.keyword.internal.WebUIKeywordMain.runKeywordUntilTimeout(WebUIKeywordMain.groovy:133)
	at com.kms.katalon.core.webui.keyword.builtin.ClickKeyword.click(ClickKeyword.groovy:72)
	at com.kms.katalon.core.webui.keyword.builtin.ClickKeyword.execute(ClickKeyword.groovy:38)
	at com.kms.katalon.core.keyword.internal.KeywordExecutor.executeKeywordForPlatform(KeywordExecutor.groovy:95)
	at com.kms.katalon.core.webui.keyword.WebUiBuiltInKeywords.click(WebUiBuiltInKeywords.groovy:684)
	at Script1772707223352.run(Script1772707223352.groovy:62)
	... 13 more
)
2026-03-06 19:36:00.594 DEBUG testcase.TC_REG_01                       - 22: delay(2)
2026-03-06 19:36:02.605 DEBUG testcase.TC_REG_01                       - 23: click(findTestObject("Register/button_Buat Akun Active"), OPTIONAL)
2026-03-06 19:36:12.639 WARN  c.k.k.c.w.keyword.builtin.ClickKeyword   - Waiting for element timed out
2026-03-06 19:36:13.743 WARN  c.k.k.core.keyword.internal.KeywordMain  - Unable to click on object 'Object Repository/Register/button_Buat Akun Active' (Root cause: com.kms.katalon.core.exception.StepFailedException: Unable to click on object 'Object Repository/Register/button_Buat Akun Active'
	at com.kms.katalon.core.webui.keyword.internal.WebUIKeywordMain.stepFailed(WebUIKeywordMain.groovy:177)
	at com.kms.katalon.core.webui.keyword.internal.WebUIKeywordMain.runKeyword(WebUIKeywordMain.groovy:49)
	at com.kms.katalon.core.webui.keyword.internal.WebUIKeywordMain.runKeywordUntilTimeout(WebUIKeywordMain.groovy:133)
	at com.kms.katalon.core.webui.keyword.builtin.ClickKeyword.click(ClickKeyword.groovy:72)
	at com.kms.katalon.core.webui.keyword.builtin.ClickKeyword.execute(ClickKeyword.groovy:38)
	at com.kms.katalon.core.keyword.internal.KeywordExecutor.executeKeywordForPlatform(KeywordExecutor.groovy:95)
	at com.kms.katalon.core.webui.keyword.WebUiBuiltInKeywords.click(WebUiBuiltInKeywords.groovy:684)
	at TC_REG_01.run(TC_REG_01:66)
	at com.kms.katalon.core.main.ScriptEngine.run(ScriptEngine.java:194)
	at com.kms.katalon.core.main.ScriptEngine.runScriptAsRawText(ScriptEngine.java:119)
	at com.kms.katalon.core.main.TestCaseExecutor.runScript(TestCaseExecutor.java:502)
	at com.kms.katalon.core.main.TestCaseExecutor.doExecute(TestCaseExecutor.java:493)
	at com.kms.katalon.core.main.TestCaseExecutor.processExecutionPhase(TestCaseExecutor.java:472)
	at com.kms.katalon.core.main.TestCaseExecutor.accessMainPhase(TestCaseExecutor.java:464)
	at com.kms.katalon.core.main.TestCaseExecutor.execute(TestCaseExecutor.java:334)
	at com.kms.katalon.core.common.CommonExecutor.accessTestCaseMainPhase(CommonExecutor.java:71)
	at com.kms.katalon.core.main.TestSuiteExecutor.accessTestSuiteMainPhase(TestSuiteExecutor.java:163)
	at com.kms.katalon.core.main.TestSuiteExecutor.execute(TestSuiteExecutor.java:120)
	at com.kms.katalon.core.main.TestCaseMain.startTestSuite(TestCaseMain.java:205)
	at S0.run(S0.groovy:40)
	at java.base/jdk.internal.reflect.DirectMethodHandleAccessor.invoke(DirectMethodHandleAccessor.java:103)
Caused by: org.openqa.selenium.ElementClickInterceptedException: element click intercepted: Element <button class="inline-flex items-center font-bold justify-center whitespace-nowrap rounded-lg text-sm ring-offset-background transition-colors focus-visible:outline-none focus-visible:ring-2 focus-visible:ring-ring focus-visible:ring-offset-2 disabled:pointer-events-none disabled:opacity-50 bg-secondary-foreground text-white hover:opacity-80 px-4 py-2 !mt-6 h-12 w-full" disabled="" type="submit">...</button> is not clickable at point (606, 746). Other element would receive the click: <form class="mt-6 space-y-6" data-gtm-form-interact-id="0">...</form>
  (Session info: MicrosoftEdge=145.0.3800.82)
Build info: version: '4.39.0', revision: '126f156aee'
System info: os.name: 'Windows 11', os.arch: 'amd64', os.version: '10.0', java.version: '21.0.9'
Driver info: com.kms.katalon.selenium.driver.CEdgeDriver
Command: [99b45c29087f944f1861f219e8aa4ab9, clickElement {id=f.BA5318F5E50E2DEEED0B83DB70634528.d.1D602CD6D3ADB0EE75CF3CB8D03EA74D.e.79}]
Capabilities {acceptInsecureCerts: false, browserName: MicrosoftEdge, browserVersion: 145.0.3800.82, fedcm:accounts: true, goog:processID: 20292, ms:edgeOptions: {debuggerAddress: localhost:58235}, msedge: {msedgedriverVersion: 145.0.3800.70 (57ed5ba8de27..., userDataDir: C:\Users\X1CARB~1\AppData\L...}, networkConnectionEnabled: false, pageLoadStrategy: normal, platformName: windows, proxy: Proxy(), se:cdp: ws://localhost:58235/devtoo..., se:cdpVersion: 145.0.3800.82, setWindowRect: true, strictFileInteractability: false, timeouts: {implicit: 0, pageLoad: 300000, script: 30000}, unhandledPromptBehavior: {alert: ignore, beforeUnload: ignore, confirm: ignore, default: ignore, file: ignore, prompt: ignore}, webSocketUrl: ws://localhost:46689/sessio..., webauthn:extension:credBlob: true, webauthn:extension:largeBlob: true, webauthn:extension:minPinLength: true, webauthn:extension:prf: true, webauthn:virtualAuthenticators: true}
Element: [[CEdgeDriver: MicrosoftEdge on windows (99b45c29087f944f1861f219e8aa4ab9)] -> xpath: //button[@type='submit']]
Session ID: 99b45c29087f944f1861f219e8aa4ab9
	at java.base/jdk.internal.reflect.DirectConstructorHandleAccessor.newInstance(DirectConstructorHandleAccessor.java:62)
	at org.openqa.selenium.remote.ErrorCodec.decode(ErrorCodec.java:167)
	at org.openqa.selenium.remote.codec.w3c.W3CHttpResponseCodec.decode(W3CHttpResponseCodec.java:142)
	at org.openqa.selenium.remote.codec.w3c.W3CHttpResponseCodec.decode(W3CHttpResponseCodec.java:49)
	at org.openqa.selenium.remote.HttpCommandExecutor.execute(HttpCommandExecutor.java:215)
	at org.openqa.selenium.remote.service.DriverCommandExecutor.invokeExecute(DriverCommandExecutor.java:216)
	at org.openqa.selenium.remote.service.DriverCommandExecutor.execute(DriverCommandExecutor.java:174)
	at org.openqa.selenium.remote.RemoteWebDriver.execute(RemoteWebDriver.java:561)
	at org.openqa.selenium.remote.RemoteWebElement.execute(RemoteWebElement.java:223)
	at org.openqa.selenium.remote.RemoteWebElement.click(RemoteWebElement.java:76)
	at java.base/jdk.internal.reflect.DirectMethodHandleAccessor.invoke(DirectMethodHandleAccessor.java:103)
	at org.openqa.selenium.support.decorators.WebDriverDecorator.call(WebDriverDecorator.java:326)
	at org.openqa.selenium.support.decorators.DefaultDecorated.call(DefaultDecorated.java:48)
	at org.openqa.selenium.support.decorators.WebDriverDecorator.lambda$createProxyFactory$3(WebDriverDecorator.java:416)
	at net.bytebuddy.renamed.java.lang.Object$ByteBuddy$FZOe1X8M.click(Unknown Source)
	at com.kms.katalon.core.webui.keyword.builtin.ClickKeyword$_click_closure1.doCall(ClickKeyword.groovy:63)
	at java.base/jdk.internal.reflect.DirectMethodHandleAccessor.invoke(DirectMethodHandleAccessor.java:103)
	at jdk.proxy2/jdk.proxy2.$Proxy55.execute(Unknown Source)
	at com.kms.katalon.core.webui.model.SeleniumActionRetryController.performAction(SeleniumActionRetryController.java:96)
	at com.kms.katalon.core.webui.model.SeleniumActionRetryController.performAction(SeleniumActionRetryController.java:83)
	at com.kms.katalon.core.webui.keyword.internal.WebUIKeywordMain$_runKeywordUntilTimeout_closure1.doCall(WebUIKeywordMain.groovy:135)
	at com.kms.katalon.core.webui.keyword.internal.WebUIKeywordMain$_runKeywordUntilTimeout_closure1.call(WebUIKeywordMain.groovy)
	at com.kms.katalon.core.webui.keyword.internal.WebUIKeywordMain.runKeyword(WebUIKeywordMain.groovy:41)
	at com.kms.katalon.core.webui.keyword.internal.WebUIKeywordMain.runKeywordUntilTimeout(WebUIKeywordMain.groovy:133)
	at com.kms.katalon.core.webui.keyword.builtin.ClickKeyword.click(ClickKeyword.groovy:72)
	at com.kms.katalon.core.webui.keyword.builtin.ClickKeyword.execute(ClickKeyword.groovy:38)
	at com.kms.katalon.core.keyword.internal.KeywordExecutor.executeKeywordForPlatform(KeywordExecutor.groovy:95)
	at com.kms.katalon.core.webui.keyword.WebUiBuiltInKeywords.click(WebUiBuiltInKeywords.groovy:684)
	at Script1772707223352.run(Script1772707223352.groovy:66)
	... 13 more
)
2026-03-06 19:36:13.750 DEBUG testcase.TC_REG_01                       - 24: delay(2)
2026-03-06 19:36:15.757 DEBUG testcase.TC_REG_01                       - 25: click(findTestObject("Register/button_Buat Akun Active"), OPTIONAL)
Mar 06, 2026 7:36:24 PM org.openqa.selenium.remote.http.WebSocket$Listener onError
WARNING: Connection reset
java.net.SocketException: Connection reset
	at java.base/sun.nio.ch.SocketChannelImpl.throwConnectionReset(SocketChannelImpl.java:401)
	at java.base/sun.nio.ch.SocketChannelImpl.read(SocketChannelImpl.java:434)
	at java.net.http/jdk.internal.net.http.SocketTube.readAvailable(SocketTube.java:1178)
	at java.net.http/jdk.internal.net.http.SocketTube$InternalReadPublisher$InternalReadSubscription.read(SocketTube.java:841)
	at java.net.http/jdk.internal.net.http.SocketTube$SocketFlowTask.run(SocketTube.java:181)
	at java.net.http/jdk.internal.net.http.common.SequentialScheduler$SchedulableTask.run(SequentialScheduler.java:207)
	at java.net.http/jdk.internal.net.http.common.SequentialScheduler.runOrSchedule(SequentialScheduler.java:280)
	at java.net.http/jdk.internal.net.http.common.SequentialScheduler.runOrSchedule(SequentialScheduler.java:233)
	at java.net.http/jdk.internal.net.http.SocketTube$InternalReadPublisher$InternalReadSubscription.signalReadable(SocketTube.java:782)
	at java.net.http/jdk.internal.net.http.SocketTube$InternalReadPublisher$ReadEvent.signalEvent(SocketTube.java:965)
	at java.net.http/jdk.internal.net.http.SocketTube$SocketFlowEvent.handle(SocketTube.java:253)
	at java.net.http/jdk.internal.net.http.HttpClientImpl$SelectorManager.handleEvent(HttpClientImpl.java:1477)
	at java.net.http/jdk.internal.net.http.HttpClientImpl$SelectorManager.lambda$run$3(HttpClientImpl.java:1422)
	at java.base/java.util.ArrayList.forEach(ArrayList.java:1596)
	at java.net.http/jdk.internal.net.http.HttpClientImpl$SelectorManager.run(HttpClientImpl.java:1422)

