2026-03-06 22:22:20.302 INFO  c.k.k.c.l.logback.LogbackConfigurator    - Logback default configuration initialized from: C:\Users\x1 carbon\.katalon\packages\KS-11.0.1\configuration\org.eclipse.osgi\148\0\.cp\resources\logback\logback-execution.xml
2026-03-06 22:22:20.307 INFO  c.k.k.c.l.logback.LogbackConfigurator    - Logback custom configuration initialized from: D:\VocaGame\VocaGame\Include\config\log.properties
2026-03-06 22:22:21.669 INFO  c.k.katalon.core.main.TestSuiteExecutor  - START Test Suites/Forgot Password
2026-03-06 22:22:21.844 INFO  c.k.katalon.core.main.TestSuiteExecutor  - userFullName = Devanz
2026-03-06 22:22:21.850 INFO  c.k.katalon.core.main.TestSuiteExecutor  - projectName = VocaGame
2026-03-06 22:22:21.851 INFO  c.k.katalon.core.main.TestSuiteExecutor  - hostName = x1 carbon - DESKTOP-72PBSPN
2026-03-06 22:22:21.853 INFO  c.k.katalon.core.main.TestSuiteExecutor  - os = Windows 11 64bit
2026-03-06 22:22:21.854 INFO  c.k.katalon.core.main.TestSuiteExecutor  - hostAddress = 192.168.1.4
2026-03-06 22:22:21.856 INFO  c.k.katalon.core.main.TestSuiteExecutor  - katalonVersion = 11.0.1.0
2026-03-06 22:22:22.152 INFO  c.k.katalon.core.main.TestCaseExecutor   - --------------------
2026-03-06 22:22:22.153 INFO  c.k.katalon.core.main.TestCaseExecutor   - START Test Cases/Forgot Password/TC_FP_01
2026-03-06 22:22:22.980 DEBUG testcase.TC_FP_01                        - 1: openBrowser(url)
2026-03-06 22:22:23.904 INFO  c.k.k.core.webui.driver.DriverFactory    - Starting 'Chrome' driver
2026-03-06 22:22:23.998 INFO  c.k.k.core.webui.driver.DriverFactory    - Action delay is set to 0 milliseconds
Mar 06, 2026 10:22:26 PM org.openqa.selenium.devtools.CdpVersionFinder findNearestMatch
WARNING: Unable to find an exact match for CDP version 145, returning the closest version; found: 143; Please update to a Selenium version that supports CDP version 145
2026-03-06 22:22:27.241 INFO  c.k.k.core.webui.driver.DriverFactory    - sessionId = ed0ff4282335588eae4e1bbfd4908a2b
2026-03-06 22:22:27.249 INFO  c.k.k.core.webui.driver.DriverFactory    - browser = Chrome 145.0.7632.160
2026-03-06 22:22:27.253 INFO  c.k.k.core.webui.driver.DriverFactory    - platform = Windows 11
2026-03-06 22:22:27.256 INFO  c.k.k.core.webui.driver.DriverFactory    - seleniumVersion = 4.39.0
2026-03-06 22:22:27.269 INFO  c.k.k.core.webui.driver.DriverFactory    - proxyInformation = ProxyInformation { proxyOption=NO_PROXY, proxyServerType=HTTP, username=, password=********, proxyServerAddress=, proxyServerPort=0, executionList="", isApplyToDesiredCapabilities=true }
2026-03-06 22:22:29.133 DEBUG testcase.TC_FP_01                        - 2: maximizeWindow()
2026-03-06 22:22:29.401 DEBUG testcase.TC_FP_01                        - 3: delay(7)
2026-03-06 22:22:36.536 DEBUG testcase.TC_FP_01                        - 4: click(findTestObject("Forgot Password/button_Masuk"))
2026-03-06 22:22:37.358 DEBUG testcase.TC_FP_01                        - 5: delay(1)
2026-03-06 22:22:38.392 DEBUG testcase.TC_FP_01                        - 6: click(findTestObject("Forgot Password/p_Lupa Password"))
2026-03-06 22:22:42.097 DEBUG testcase.TC_FP_01                        - 7: delay(2)
2026-03-06 22:22:44.124 DEBUG testcase.TC_FP_01                        - 8: sendKeys(findTestObject("Forgot Password/input__Nomor whatsapp atau Email"), valid_email)
2026-03-06 22:22:44.798 DEBUG testcase.TC_FP_01                        - 9: delay(3)
2026-03-06 22:22:47.814 DEBUG testcase.TC_FP_01                        - 10: click(findTestObject("Forgot Password/button_Kirim Kode OTP"))
2026-03-06 22:22:48.474 DEBUG testcase.TC_FP_01                        - 11: delay(1)
2026-03-06 22:22:49.506 DEBUG testcase.TC_FP_01                        - 12: click(findTestObject("Forgot Password/li_Kirim OTP via Emailzzmmddollicons.com"))
2026-03-06 22:22:50.501 DEBUG testcase.TC_FP_01                        - 13: click(findTestObject("Forgot Password/button_Lanjutkan"))
2026-03-06 22:22:51.126 DEBUG testcase.TC_FP_01                        - 14: delay(7)
2026-03-06 22:22:58.146 DEBUG testcase.TC_FP_01                        - 15: click(findTestObject("Register/button_Verifikasi OTP"))
2026-03-06 22:23:02.597 DEBUG testcase.TC_FP_01                        - 16: delay(2)
2026-03-06 22:23:04.616 DEBUG testcase.TC_FP_01                        - 17: setText(findTestObject("Forgot Password/input__Password Baru"), password)
2026-03-06 22:23:05.812 DEBUG testcase.TC_FP_01                        - 18: setText(findTestObject("Forgot Password/input__Konfirmasi Password Baru"), password)
2026-03-06 22:23:06.870 DEBUG testcase.TC_FP_01                        - 19: delay(3)
2026-03-06 22:23:09.888 DEBUG testcase.TC_FP_01                        - 20: click(findTestObject("Forgot Password/button_Reset Password"))
2026-03-06 22:23:10.363 INFO  c.k.katalon.core.main.TestCaseExecutor   - END Test Cases/Forgot Password/TC_FP_01
2026-03-06 22:23:10.389 INFO  c.k.katalon.core.main.TestCaseExecutor   - --------------------
2026-03-06 22:23:10.389 INFO  c.k.katalon.core.main.TestCaseExecutor   - START Test Cases/Forgot Password/TC_FP_02
2026-03-06 22:23:10.505 DEBUG testcase.TC_FP_02                        - 1: openBrowser(url)
2026-03-06 22:23:10.509 WARN  c.k.k.core.webui.driver.DriverFactory    - A browser is already opened. Closing browser and opening a new one
2026-03-06 22:23:10.976 INFO  c.k.k.core.webui.driver.DriverFactory    - Starting 'Chrome' driver
2026-03-06 22:23:10.981 INFO  c.k.k.core.webui.driver.DriverFactory    - Action delay is set to 0 milliseconds
Mar 06, 2026 10:23:12 PM org.openqa.selenium.devtools.CdpVersionFinder findNearestMatch
WARNING: Unable to find an exact match for CDP version 145, returning the closest version; found: 143; Please update to a Selenium version that supports CDP version 145
2026-03-06 22:23:12.497 INFO  c.k.k.core.webui.driver.DriverFactory    - sessionId = c96152d8388ed063d2c1710c9bcd3c9e
2026-03-06 22:23:12.497 INFO  c.k.k.core.webui.driver.DriverFactory    - browser = Chrome 145.0.7632.160
2026-03-06 22:23:12.498 INFO  c.k.k.core.webui.driver.DriverFactory    - platform = Windows 11
2026-03-06 22:23:12.501 INFO  c.k.k.core.webui.driver.DriverFactory    - seleniumVersion = 4.39.0
2026-03-06 22:23:12.502 INFO  c.k.k.core.webui.driver.DriverFactory    - proxyInformation = ProxyInformation { proxyOption=NO_PROXY, proxyServerType=HTTP, username=, password=********, proxyServerAddress=, proxyServerPort=0, executionList="", isApplyToDesiredCapabilities=true }
2026-03-06 22:23:12.996 DEBUG testcase.TC_FP_02                        - 2: maximizeWindow()
2026-03-06 22:23:13.713 DEBUG testcase.TC_FP_02                        - 3: delay(7)
2026-03-06 22:23:20.736 DEBUG testcase.TC_FP_02                        - 4: click(findTestObject("Forgot Password/button_Masuk"))
2026-03-06 22:23:21.206 DEBUG testcase.TC_FP_02                        - 5: delay(2)
2026-03-06 22:23:23.220 DEBUG testcase.TC_FP_02                        - 6: click(findTestObject("Forgot Password/p_Lupa Password"))
2026-03-06 22:23:24.480 DEBUG testcase.TC_FP_02                        - 7: delay(3)
2026-03-06 22:23:27.490 DEBUG testcase.TC_FP_02                        - 8: setText(findTestObject("Forgot Password/input__Nomor whatsapp atau Email"), "aaaaa")
2026-03-06 22:23:28.341 DEBUG testcase.TC_FP_02                        - 9: delay(2)
2026-03-06 22:23:30.359 DEBUG testcase.TC_FP_02                        - 10: verifyTextPresent("Email harus berupa alamat email yang valid", false)
2026-03-06 22:23:30.729 DEBUG testcase.TC_FP_02                        - 11: verifyElementNotClickable(findTestObject("Forgot Password/button_Kirim Kode OTP"))
2026-03-06 22:23:31.042 INFO  c.k.katalon.core.main.TestCaseExecutor   - END Test Cases/Forgot Password/TC_FP_02
2026-03-06 22:23:31.064 INFO  c.k.katalon.core.main.TestCaseExecutor   - --------------------
2026-03-06 22:23:31.065 INFO  c.k.katalon.core.main.TestCaseExecutor   - START Test Cases/Forgot Password/TC_FP_03
2026-03-06 22:23:31.184 DEBUG testcase.TC_FP_03                        - 1: openBrowser(url)
2026-03-06 22:23:31.190 WARN  c.k.k.core.webui.driver.DriverFactory    - A browser is already opened. Closing browser and opening a new one
2026-03-06 22:23:31.621 INFO  c.k.k.core.webui.driver.DriverFactory    - Starting 'Chrome' driver
2026-03-06 22:23:31.624 INFO  c.k.k.core.webui.driver.DriverFactory    - Action delay is set to 0 milliseconds
Mar 06, 2026 10:23:32 PM org.openqa.selenium.devtools.CdpVersionFinder findNearestMatch
WARNING: Unable to find an exact match for CDP version 145, returning the closest version; found: 143; Please update to a Selenium version that supports CDP version 145
2026-03-06 22:23:32.934 INFO  c.k.k.core.webui.driver.DriverFactory    - sessionId = 65c125338887472d46a361bd45f98439
2026-03-06 22:23:32.940 INFO  c.k.k.core.webui.driver.DriverFactory    - browser = Chrome 145.0.7632.160
2026-03-06 22:23:32.941 INFO  c.k.k.core.webui.driver.DriverFactory    - platform = Windows 11
2026-03-06 22:23:32.942 INFO  c.k.k.core.webui.driver.DriverFactory    - seleniumVersion = 4.39.0
2026-03-06 22:23:32.944 INFO  c.k.k.core.webui.driver.DriverFactory    - proxyInformation = ProxyInformation { proxyOption=NO_PROXY, proxyServerType=HTTP, username=, password=********, proxyServerAddress=, proxyServerPort=0, executionList="", isApplyToDesiredCapabilities=true }
2026-03-06 22:23:34.021 DEBUG testcase.TC_FP_03                        - 2: maximizeWindow()
2026-03-06 22:23:34.206 DEBUG testcase.TC_FP_03                        - 3: delay(7)
2026-03-06 22:23:41.231 DEBUG testcase.TC_FP_03                        - 4: click(findTestObject("Register/button_Masuk"))
2026-03-06 22:23:41.737 DEBUG testcase.TC_FP_03                        - 5: delay(1)
2026-03-06 22:23:42.761 DEBUG testcase.TC_FP_03                        - 6: click(findTestObject("Forgot Password/p_Lupa Password"))
2026-03-06 22:23:44.946 DEBUG testcase.TC_FP_03                        - 7: delay(1)
2026-03-06 22:23:45.969 DEBUG testcase.TC_FP_03                        - 8: verifyElementNotClickable(findTestObject("Forgot Password/button_Kirim Kode OTP"))
2026-03-06 22:23:46.681 INFO  c.k.katalon.core.main.TestCaseExecutor   - END Test Cases/Forgot Password/TC_FP_03
2026-03-06 22:23:46.705 INFO  c.k.katalon.core.main.TestCaseExecutor   - --------------------
2026-03-06 22:23:46.707 INFO  c.k.katalon.core.main.TestCaseExecutor   - START Test Cases/Forgot Password/TC_FP_04
2026-03-06 22:23:46.966 DEBUG testcase.TC_FP_04                        - 1: openBrowser(url)
2026-03-06 22:23:46.973 WARN  c.k.k.core.webui.driver.DriverFactory    - A browser is already opened. Closing browser and opening a new one
2026-03-06 22:23:47.393 INFO  c.k.k.core.webui.driver.DriverFactory    - Starting 'Chrome' driver
2026-03-06 22:23:47.396 INFO  c.k.k.core.webui.driver.DriverFactory    - Action delay is set to 0 milliseconds
Mar 06, 2026 10:23:48 PM org.openqa.selenium.devtools.CdpVersionFinder findNearestMatch
WARNING: Unable to find an exact match for CDP version 145, returning the closest version; found: 143; Please update to a Selenium version that supports CDP version 145
2026-03-06 22:23:48.880 INFO  c.k.k.core.webui.driver.DriverFactory    - sessionId = 8b790d25ac4299896f8db3e08a71d4b2
2026-03-06 22:23:48.882 INFO  c.k.k.core.webui.driver.DriverFactory    - browser = Chrome 145.0.7632.160
2026-03-06 22:23:48.883 INFO  c.k.k.core.webui.driver.DriverFactory    - platform = Windows 11
2026-03-06 22:23:48.884 INFO  c.k.k.core.webui.driver.DriverFactory    - seleniumVersion = 4.39.0
2026-03-06 22:23:48.884 INFO  c.k.k.core.webui.driver.DriverFactory    - proxyInformation = ProxyInformation { proxyOption=NO_PROXY, proxyServerType=HTTP, username=, password=********, proxyServerAddress=, proxyServerPort=0, executionList="", isApplyToDesiredCapabilities=true }
2026-03-06 22:23:50.115 DEBUG testcase.TC_FP_04                        - 2: maximizeWindow()
2026-03-06 22:23:50.216 DEBUG testcase.TC_FP_04                        - 3: delay(7)
2026-03-06 22:23:57.228 DEBUG testcase.TC_FP_04                        - 4: click(findTestObject("Forgot Password/button_Masuk"))
2026-03-06 22:23:57.664 DEBUG testcase.TC_FP_04                        - 5: delay(1)
2026-03-06 22:23:58.685 DEBUG testcase.TC_FP_04                        - 6: click(findTestObject("Forgot Password/p_Lupa Password"))
2026-03-06 22:24:04.746 DEBUG testcase.TC_FP_04                        - 7: delay(2)
2026-03-06 22:24:06.769 DEBUG testcase.TC_FP_04                        - 8: sendKeys(findTestObject("Forgot Password/input__Nomor whatsapp atau Email"), "hyduziqo@fxzig.com")
Mar 06, 2026 10:24:15 PM org.openqa.selenium.remote.http.WebSocket$Listener onError
WARNING: Connection reset
java.net.SocketException: Connection reset
	at java.base/sun.nio.ch.SocketChannelImpl.throwConnectionReset(SocketChannelImpl.java:401)
	at java.base/sun.nio.ch.SocketChannelImpl.read(SocketChannelImpl.java:434)
	at java.net.http/jdk.internal.net.http.SocketTube.readAvailable(SocketTube.java:1178)
	at java.net.http/jdk.internal.net.http.SocketTube$InternalReadPublisher$InternalReadSubscription.read(SocketTube.java:841)
	at java.net.http/jdk.internal.net.http.SocketTube$SocketFlowTask.run(SocketTube.java:181)
	at java.net.http/jdk.internal.net.http.common.SequentialScheduler$SchedulableTask.run(SequentialScheduler.java:207)
	at java.net.http/jdk.internal.net.http.common.SequentialScheduler.runOrSchedule(SequentialScheduler.java:280)
	at java.net.http/jdk.internal.net.http.common.SequentialScheduler.runOrSchedule(SequentialScheduler.java:233)
	at java.net.http/jdk.internal.net.http.SocketTube$InternalReadPublisher$InternalReadSubscription.signalReadable(SocketTube.java:782)
	at java.net.http/jdk.internal.net.http.SocketTube$InternalReadPublisher$ReadEvent.signalEvent(SocketTube.java:965)
	at java.net.http/jdk.internal.net.http.SocketTube$SocketFlowEvent.handle(SocketTube.java:253)
	at java.net.http/jdk.internal.net.http.HttpClientImpl$SelectorManager.handleEvent(HttpClientImpl.java:1477)
	at java.net.http/jdk.internal.net.http.HttpClientImpl$SelectorManager.lambda$run$3(HttpClientImpl.java:1422)
	at java.base/java.util.ArrayList.forEach(ArrayList.java:1596)
	at java.net.http/jdk.internal.net.http.HttpClientImpl$SelectorManager.run(HttpClientImpl.java:1422)

2026-03-06 22:24:16.827 WARN  c.k.k.c.w.h.s.WebUIScreenCaptor          - Cannot take screenshot
2026-03-06 22:24:16.836 ERROR c.k.k.core.keyword.internal.KeywordMain  - ❌ Unable to send keys 'hyduziqo@fxzig.com' to object 'Object Repository/Forgot Password/input__Nomor whatsapp atau Email' (Root cause: com.kms.katalon.core.exception.StepFailedException: Unable to send keys 'hyduziqo@fxzig.com' to object 'Object Repository/Forgot Password/input__Nomor whatsapp atau Email'
	at com.kms.katalon.core.webui.keyword.internal.WebUIKeywordMain.stepFailed(WebUIKeywordMain.groovy:177)
	at com.kms.katalon.core.webui.keyword.internal.WebUIKeywordMain.runKeyword(WebUIKeywordMain.groovy:49)
	at com.kms.katalon.core.webui.keyword.internal.WebUIKeywordMain.runKeywordUntilTimeout(WebUIKeywordMain.groovy:133)
	at com.kms.katalon.core.webui.keyword.builtin.SendKeysKeyword.sendKeys(SendKeysKeyword.groovy:71)
	at com.kms.katalon.core.webui.keyword.builtin.SendKeysKeyword.execute(SendKeysKeyword.groovy:41)
	at com.kms.katalon.core.keyword.internal.KeywordExecutor.executeKeywordForPlatform(KeywordExecutor.groovy:95)
	at com.kms.katalon.core.webui.keyword.WebUiBuiltInKeywords.sendKeys(WebUiBuiltInKeywords.groovy:965)
	at TC_FP_04.run(TC_FP_04:37)
	at com.kms.katalon.core.main.ScriptEngine.run(ScriptEngine.java:194)
	at com.kms.katalon.core.main.ScriptEngine.runScriptAsRawText(ScriptEngine.java:119)
	at com.kms.katalon.core.main.TestCaseExecutor.runScript(TestCaseExecutor.java:502)
	at com.kms.katalon.core.main.TestCaseExecutor.doExecute(TestCaseExecutor.java:493)
	at com.kms.katalon.core.main.TestCaseExecutor.processExecutionPhase(TestCaseExecutor.java:472)
	at com.kms.katalon.core.main.TestCaseExecutor.accessMainPhase(TestCaseExecutor.java:464)
	at com.kms.katalon.core.main.TestCaseExecutor.execute(TestCaseExecutor.java:334)
	at com.kms.katalon.core.common.CommonExecutor.accessTestCaseMainPhase(CommonExecutor.java:71)
	at com.kms.katalon.core.main.TestSuiteExecutor.accessTestSuiteMainPhase(TestSuiteExecutor.java:163)
	at com.kms.katalon.core.main.TestSuiteExecutor.execute(TestSuiteExecutor.java:120)
	at com.kms.katalon.core.main.TestCaseMain.startTestSuite(TestCaseMain.java:205)
	at S0.run(S0.groovy:40)
	at java.base/jdk.internal.reflect.DirectMethodHandleAccessor.invoke(DirectMethodHandleAccessor.java:103)
Caused by: org.openqa.selenium.NoSuchSessionException: invalid session id
Build info: version: '4.39.0', revision: '126f156aee'
System info: os.name: 'Windows 11', os.arch: 'amd64', os.version: '10.0', java.version: '21.0.9'
Driver info: com.kms.katalon.selenium.driver.CChromeDriver
Command: [8b790d25ac4299896f8db3e08a71d4b2, findElements {using=xpath, value=//*[@name = 'identifier']}]
Capabilities {acceptInsecureCerts: false, browserName: chrome, browserVersion: 145.0.7632.160, chrome: {chromedriverVersion: 145.0.7632.117 (de4e5d6e13b..., userDataDir: C:\Users\X1CARB~1\AppData\L...}, fedcm:accounts: true, goog:chromeOptions: {debuggerAddress: localhost:59565}, goog:processID: 17468, networkConnectionEnabled: false, pageLoadStrategy: normal, platformName: windows, proxy: Proxy(), se:cdp: ws://localhost:59565/devtoo..., se:cdpVersion: 145.0.7632.160, setWindowRect: true, strictFileInteractability: false, timeouts: {implicit: 0, pageLoad: 300000, script: 30000}, unhandledPromptBehavior: {alert: ignore, beforeUnload: ignore, confirm: ignore, default: ignore, file: ignore, prompt: ignore}, webSocketUrl: ws://localhost:4873/session..., webauthn:extension:credBlob: true, webauthn:extension:largeBlob: true, webauthn:extension:minPinLength: true, webauthn:extension:prf: true, webauthn:virtualAuthenticators: true}
Session ID: 8b790d25ac4299896f8db3e08a71d4b2
	at java.base/jdk.internal.reflect.DirectConstructorHandleAccessor.newInstance(DirectConstructorHandleAccessor.java:62)
	at org.openqa.selenium.remote.ErrorCodec.decode(ErrorCodec.java:167)
	at org.openqa.selenium.remote.codec.w3c.W3CHttpResponseCodec.decode(W3CHttpResponseCodec.java:142)
	at org.openqa.selenium.remote.codec.w3c.W3CHttpResponseCodec.decode(W3CHttpResponseCodec.java:49)
	at org.openqa.selenium.remote.HttpCommandExecutor.execute(HttpCommandExecutor.java:215)
	at org.openqa.selenium.remote.service.DriverCommandExecutor.invokeExecute(DriverCommandExecutor.java:216)
	at org.openqa.selenium.remote.service.DriverCommandExecutor.execute(DriverCommandExecutor.java:174)
	at org.openqa.selenium.remote.RemoteWebDriver.execute(RemoteWebDriver.java:561)
	at org.openqa.selenium.remote.ElementLocation$ElementFinder$2.findElements(ElementLocation.java:183)
	at org.openqa.selenium.remote.ElementLocation.findElements(ElementLocation.java:104)
	at org.openqa.selenium.remote.RemoteWebDriver.findElements(RemoteWebDriver.java:397)
	at org.openqa.selenium.remote.RemoteWebDriver.findElements(RemoteWebDriver.java:391)
	at java.base/jdk.internal.reflect.DirectMethodHandleAccessor.invoke(DirectMethodHandleAccessor.java:103)
	at org.openqa.selenium.support.decorators.WebDriverDecorator.call(WebDriverDecorator.java:326)
	at org.openqa.selenium.support.decorators.DefaultDecorated.call(DefaultDecorated.java:48)
	at org.openqa.selenium.support.decorators.WebDriverDecorator.lambda$createProxyFactory$3(WebDriverDecorator.java:416)
	at org.openqa.selenium.remote.RemoteWebDriver$ByteBuddy$rtGfpl98.findElements(Unknown Source)
	at com.kms.katalon.core.webui.model.WebUiElementFinder.findElementByNormalMethods(WebUiElementFinder.java:185)
	at com.kms.katalon.core.webui.model.WebUiElementFinder.findElementsBySelectedMethod(WebUiElementFinder.java:91)
	at com.kms.katalon.core.webui.model.WebUiElementFinder.findElementsBySelectedMethod(WebUiElementFinder.java:74)
	at com.kms.katalon.core.webui.model.WebUiElementFinder.findElementsBySelectedMethod(WebUiElementFinder.java:69)
	at com.kms.katalon.core.webui.model.WebUiElementFinder.findElement(WebUiElementFinder.java:43)
	at com.kms.katalon.core.webui.model.WebUiElementFinderWithTimeout.basicFindElement(WebUiElementFinderWithTimeout.java:51)
	at com.kms.katalon.core.webui.model.WebUiElementFinderWithTimeout.lambda$0(WebUiElementFinderWithTimeout.java:29)
	at com.kms.katalon.core.webui.model.SeleniumActionRetryController.performAction(SeleniumActionRetryController.java:96)
	at com.kms.katalon.core.webui.model.SeleniumActionRetryController.performAction(SeleniumActionRetryController.java:83)
	at com.kms.katalon.core.webui.model.WebUiElementFinderWithTimeout.findElement(WebUiElementFinderWithTimeout.java:28)
	at com.kms.katalon.core.webui.keyword.internal.WebUIAbstractKeyword.findWebElement(WebUIAbstractKeyword.java:111)
	at com.kms.katalon.core.webui.keyword.builtin.SendKeysKeyword$_sendKeys_closure1.doCall(SendKeysKeyword.groovy:59)
	at java.base/jdk.internal.reflect.DirectMethodHandleAccessor.invoke(DirectMethodHandleAccessor.java:103)
	at jdk.proxy2/jdk.proxy2.$Proxy55.execute(Unknown Source)
	at com.kms.katalon.core.webui.model.SeleniumActionRetryController.performAction(SeleniumActionRetryController.java:96)
	at com.kms.katalon.core.webui.model.SeleniumActionRetryController.performAction(SeleniumActionRetryController.java:83)
	at com.kms.katalon.core.webui.keyword.internal.WebUIKeywordMain$_runKeywordUntilTimeout_closure1.doCall(WebUIKeywordMain.groovy:135)
	at com.kms.katalon.core.webui.keyword.internal.WebUIKeywordMain$_runKeywordUntilTimeout_closure1.call(WebUIKeywordMain.groovy)
	at com.kms.katalon.core.webui.keyword.internal.WebUIKeywordMain.runKeyword(WebUIKeywordMain.groovy:41)
	at com.kms.katalon.core.webui.keyword.internal.WebUIKeywordMain.runKeywordUntilTimeout(WebUIKeywordMain.groovy:133)
	at com.kms.katalon.core.webui.keyword.builtin.SendKeysKeyword.sendKeys(SendKeysKeyword.groovy:71)
	at com.kms.katalon.core.webui.keyword.builtin.SendKeysKeyword.execute(SendKeysKeyword.groovy:41)
	at com.kms.katalon.core.keyword.internal.KeywordExecutor.executeKeywordForPlatform(KeywordExecutor.groovy:95)
	at com.kms.katalon.core.webui.keyword.WebUiBuiltInKeywords.sendKeys(WebUiBuiltInKeywords.groovy:965)
	at Script1772719181824.run(Script1772719181824.groovy:37)
	... 13 more
)
2026-03-06 22:24:16.845 ERROR c.k.katalon.core.main.TestCaseExecutor   - ❌ Test Cases/Forgot Password/TC_FP_04 FAILED.
Reason:
com.kms.katalon.core.exception.StepFailedException: Unable to send keys 'hyduziqo@fxzig.com' to object 'Object Repository/Forgot Password/input__Nomor whatsapp atau Email'
	at com.kms.katalon.core.webui.keyword.internal.WebUIKeywordMain.stepFailed(WebUIKeywordMain.groovy:177)
	at com.kms.katalon.core.webui.keyword.internal.WebUIKeywordMain.runKeyword(WebUIKeywordMain.groovy:49)
	at com.kms.katalon.core.webui.keyword.internal.WebUIKeywordMain.runKeywordUntilTimeout(WebUIKeywordMain.groovy:133)
	at com.kms.katalon.core.webui.keyword.builtin.SendKeysKeyword.sendKeys(SendKeysKeyword.groovy:71)
	at com.kms.katalon.core.webui.keyword.builtin.SendKeysKeyword.execute(SendKeysKeyword.groovy:41)
	at com.kms.katalon.core.keyword.internal.KeywordExecutor.executeKeywordForPlatform(KeywordExecutor.groovy:95)
	at com.kms.katalon.core.webui.keyword.WebUiBuiltInKeywords.sendKeys(WebUiBuiltInKeywords.groovy:965)
	at TC_FP_04.run(TC_FP_04:37)
	at com.kms.katalon.core.main.ScriptEngine.run(ScriptEngine.java:194)
	at com.kms.katalon.core.main.ScriptEngine.runScriptAsRawText(ScriptEngine.java:119)
	at com.kms.katalon.core.main.TestCaseExecutor.runScript(TestCaseExecutor.java:502)
	at com.kms.katalon.core.main.TestCaseExecutor.doExecute(TestCaseExecutor.java:493)
	at com.kms.katalon.core.main.TestCaseExecutor.processExecutionPhase(TestCaseExecutor.java:472)
	at com.kms.katalon.core.main.TestCaseExecutor.accessMainPhase(TestCaseExecutor.java:464)
	at com.kms.katalon.core.main.TestCaseExecutor.execute(TestCaseExecutor.java:334)
	at com.kms.katalon.core.common.CommonExecutor.accessTestCaseMainPhase(CommonExecutor.java:71)
	at com.kms.katalon.core.main.TestSuiteExecutor.accessTestSuiteMainPhase(TestSuiteExecutor.java:163)
	at com.kms.katalon.core.main.TestSuiteExecutor.execute(TestSuiteExecutor.java:120)
	at com.kms.katalon.core.main.TestCaseMain.startTestSuite(TestCaseMain.java:205)
	at S0.run(S0.groovy:40)
	at java.base/jdk.internal.reflect.DirectMethodHandleAccessor.invoke(DirectMethodHandleAccessor.java:103)
Caused by: org.openqa.selenium.NoSuchSessionException: invalid session id
Build info: version: '4.39.0', revision: '126f156aee'
System info: os.name: 'Windows 11', os.arch: 'amd64', os.version: '10.0', java.version: '21.0.9'
Driver info: com.kms.katalon.selenium.driver.CChromeDriver
Command: [8b790d25ac4299896f8db3e08a71d4b2, findElements {using=xpath, value=//*[@name = 'identifier']}]
Capabilities {acceptInsecureCerts: false, browserName: chrome, browserVersion: 145.0.7632.160, chrome: {chromedriverVersion: 145.0.7632.117 (de4e5d6e13b..., userDataDir: C:\Users\X1CARB~1\AppData\L...}, fedcm:accounts: true, goog:chromeOptions: {debuggerAddress: localhost:59565}, goog:processID: 17468, networkConnectionEnabled: false, pageLoadStrategy: normal, platformName: windows, proxy: Proxy(), se:cdp: ws://localhost:59565/devtoo..., se:cdpVersion: 145.0.7632.160, setWindowRect: true, strictFileInteractability: false, timeouts: {implicit: 0, pageLoad: 300000, script: 30000}, unhandledPromptBehavior: {alert: ignore, beforeUnload: ignore, confirm: ignore, default: ignore, file: ignore, prompt: ignore}, webSocketUrl: ws://localhost:4873/session..., webauthn:extension:credBlob: true, webauthn:extension:largeBlob: true, webauthn:extension:minPinLength: true, webauthn:extension:prf: true, webauthn:virtualAuthenticators: true}
Session ID: 8b790d25ac4299896f8db3e08a71d4b2
	at java.base/jdk.internal.reflect.DirectConstructorHandleAccessor.newInstance(DirectConstructorHandleAccessor.java:62)
	at org.openqa.selenium.remote.ErrorCodec.decode(ErrorCodec.java:167)
	at org.openqa.selenium.remote.codec.w3c.W3CHttpResponseCodec.decode(W3CHttpResponseCodec.java:142)
	at org.openqa.selenium.remote.codec.w3c.W3CHttpResponseCodec.decode(W3CHttpResponseCodec.java:49)
	at org.openqa.selenium.remote.HttpCommandExecutor.execute(HttpCommandExecutor.java:215)
	at org.openqa.selenium.remote.service.DriverCommandExecutor.invokeExecute(DriverCommandExecutor.java:216)
	at org.openqa.selenium.remote.service.DriverCommandExecutor.execute(DriverCommandExecutor.java:174)
	at org.openqa.selenium.remote.RemoteWebDriver.execute(RemoteWebDriver.java:561)
	at org.openqa.selenium.remote.ElementLocation$ElementFinder$2.findElements(ElementLocation.java:183)
	at org.openqa.selenium.remote.ElementLocation.findElements(ElementLocation.java:104)
	at org.openqa.selenium.remote.RemoteWebDriver.findElements(RemoteWebDriver.java:397)
	at org.openqa.selenium.remote.RemoteWebDriver.findElements(RemoteWebDriver.java:391)
	at java.base/jdk.internal.reflect.DirectMethodHandleAccessor.invoke(DirectMethodHandleAccessor.java:103)
	at org.openqa.selenium.support.decorators.WebDriverDecorator.call(WebDriverDecorator.java:326)
	at org.openqa.selenium.support.decorators.DefaultDecorated.call(DefaultDecorated.java:48)
	at org.openqa.selenium.support.decorators.WebDriverDecorator.lambda$createProxyFactory$3(WebDriverDecorator.java:416)
	at org.openqa.selenium.remote.RemoteWebDriver$ByteBuddy$rtGfpl98.findElements(Unknown Source)
	at com.kms.katalon.core.webui.model.WebUiElementFinder.findElementByNormalMethods(WebUiElementFinder.java:185)
	at com.kms.katalon.core.webui.model.WebUiElementFinder.findElementsBySelectedMethod(WebUiElementFinder.java:91)
	at com.kms.katalon.core.webui.model.WebUiElementFinder.findElementsBySelectedMethod(WebUiElementFinder.java:74)
	at com.kms.katalon.core.webui.model.WebUiElementFinder.findElementsBySelectedMethod(WebUiElementFinder.java:69)
	at com.kms.katalon.core.webui.model.WebUiElementFinder.findElement(WebUiElementFinder.java:43)
	at com.kms.katalon.core.webui.model.WebUiElementFinderWithTimeout.basicFindElement(WebUiElementFinderWithTimeout.java:51)
	at com.kms.katalon.core.webui.model.WebUiElementFinderWithTimeout.lambda$0(WebUiElementFinderWithTimeout.java:29)
	at com.kms.katalon.core.webui.model.SeleniumActionRetryController.performAction(SeleniumActionRetryController.java:96)
	at com.kms.katalon.core.webui.model.SeleniumActionRetryController.performAction(SeleniumActionRetryController.java:83)
	at com.kms.katalon.core.webui.model.WebUiElementFinderWithTimeout.findElement(WebUiElementFinderWithTimeout.java:28)
	at com.kms.katalon.core.webui.keyword.internal.WebUIAbstractKeyword.findWebElement(WebUIAbstractKeyword.java:111)
	at com.kms.katalon.core.webui.keyword.builtin.SendKeysKeyword$_sendKeys_closure1.doCall(SendKeysKeyword.groovy:59)
	at java.base/jdk.internal.reflect.DirectMethodHandleAccessor.invoke(DirectMethodHandleAccessor.java:103)
	at jdk.proxy2/jdk.proxy2.$Proxy55.execute(Unknown Source)
	at com.kms.katalon.core.webui.model.SeleniumActionRetryController.performAction(SeleniumActionRetryController.java:96)
	at com.kms.katalon.core.webui.model.SeleniumActionRetryController.performAction(SeleniumActionRetryController.java:83)
	at com.kms.katalon.core.webui.keyword.internal.WebUIKeywordMain$_runKeywordUntilTimeout_closure1.doCall(WebUIKeywordMain.groovy:135)
	at com.kms.katalon.core.webui.keyword.internal.WebUIKeywordMain$_runKeywordUntilTimeout_closure1.call(WebUIKeywordMain.groovy)
	at com.kms.katalon.core.webui.keyword.internal.WebUIKeywordMain.runKeyword(WebUIKeywordMain.groovy:41)
	... 19 more

2026-03-06 22:24:16.863 INFO  c.k.katalon.core.main.TestCaseExecutor   - END Test Cases/Forgot Password/TC_FP_04
2026-03-06 22:24:16.961 INFO  c.k.katalon.core.main.TestSuiteExecutor  - --------------------
2026-03-06 22:24:16.961 INFO  c.k.katalon.core.main.TestSuiteExecutor  - END Test Suites/Forgot Password
2026-03-06 22:24:16.961 INFO  c.k.katalon.core.main.TestSuiteExecutor  - ====================
