2026-03-06 20:38:39.450 INFO  c.k.k.c.l.logback.LogbackConfigurator    - Logback default configuration initialized from: C:\Users\x1 carbon\.katalon\packages\KS-11.0.1\configuration\org.eclipse.osgi\148\0\.cp\resources\logback\logback-execution.xml
2026-03-06 20:38:39.460 INFO  c.k.k.c.l.logback.LogbackConfigurator    - Logback custom configuration initialized from: D:\VocaGame\VocaGame\Include\config\log.properties
2026-03-06 20:38:41.707 INFO  c.k.katalon.core.main.TestSuiteExecutor  - START Test Suites/Register
2026-03-06 20:38:42.175 INFO  c.k.katalon.core.main.TestSuiteExecutor  - userFullName = Devanz
2026-03-06 20:38:42.178 INFO  c.k.katalon.core.main.TestSuiteExecutor  - projectName = VocaGame
2026-03-06 20:38:42.190 INFO  c.k.katalon.core.main.TestSuiteExecutor  - hostName = x1 carbon - DESKTOP-72PBSPN
2026-03-06 20:38:42.193 INFO  c.k.katalon.core.main.TestSuiteExecutor  - os = Windows 11 64bit
2026-03-06 20:38:42.194 INFO  c.k.katalon.core.main.TestSuiteExecutor  - hostAddress = 192.168.1.4
2026-03-06 20:38:42.196 INFO  c.k.katalon.core.main.TestSuiteExecutor  - katalonVersion = 11.0.1.0
2026-03-06 20:38:42.708 INFO  c.k.katalon.core.main.TestCaseExecutor   - --------------------
2026-03-06 20:38:42.709 INFO  c.k.katalon.core.main.TestCaseExecutor   - START Test Cases/Register/TC_REG_01
2026-03-06 20:38:44.062 DEBUG testcase.TC_REG_01                       - 1: openBrowser(url)
2026-03-06 20:38:45.646 INFO  c.k.k.core.webui.driver.DriverFactory    - Starting 'Edge Chromium' driver
2026-03-06 20:38:45.917 INFO  c.k.k.core.webui.driver.DriverFactory    - Action delay is set to 0 milliseconds
Mar 06, 2026 8:38:49 PM org.openqa.selenium.devtools.CdpVersionFinder findNearestMatch
WARNING: Unable to find an exact match for CDP version 145, returning the closest version; found: 143; Please update to a Selenium version that supports CDP version 145
2026-03-06 20:38:50.781 INFO  c.k.k.core.webui.driver.DriverFactory    - sessionId = f7e42fe08df109569860eee11149100a
2026-03-06 20:38:50.786 INFO  c.k.k.core.webui.driver.DriverFactory    - browser = Edge Chromium 145.0.3800.82
2026-03-06 20:38:50.812 INFO  c.k.k.core.webui.driver.DriverFactory    - platform = Windows 11
2026-03-06 20:38:50.813 INFO  c.k.k.core.webui.driver.DriverFactory    - seleniumVersion = 4.39.0
2026-03-06 20:38:50.850 INFO  c.k.k.core.webui.driver.DriverFactory    - proxyInformation = ProxyInformation { proxyOption=NO_PROXY, proxyServerType=HTTP, username=, password=********, proxyServerAddress=, proxyServerPort=0, executionList="", isApplyToDesiredCapabilities=true }
2026-03-06 20:38:52.080 DEBUG testcase.TC_REG_01                       - 2: maximizeWindow()
2026-03-06 20:38:52.830 DEBUG testcase.TC_REG_01                       - 3: delay(3)
2026-03-06 20:38:56.307 DEBUG testcase.TC_REG_01                       - 4: click(findTestObject("Register/button_Masuk"))
2026-03-06 20:38:57.744 DEBUG testcase.TC_REG_01                       - 5: click(findTestObject("Register/span_Daftar Sekarang"))
2026-03-06 20:39:01.007 DEBUG testcase.TC_REG_01                       - 6: delay(5)
2026-03-06 20:39:06.050 DEBUG testcase.TC_REG_01                       - 7: setText(findTestObject("Register/input__Nama Depan"), "Devan")
2026-03-06 20:39:07.232 DEBUG testcase.TC_REG_01                       - 8: setText(findTestObject("Register/input__Nama Belakang"), "Putra")
2026-03-06 20:39:08.302 DEBUG testcase.TC_REG_01                       - 9: rand = new java.util.Random()
2026-03-06 20:39:08.318 DEBUG testcase.TC_REG_01                       - 10: phoneNumber = "08" + 100000000 + rand.nextInt(900000000)
2026-03-06 20:39:08.345 DEBUG testcase.TC_REG_01                       - 11: setText(findTestObject("Register/input_Whatsapp"), phoneNumber)
2026-03-06 20:39:09.588 DEBUG testcase.TC_REG_01                       - 12: setText(findTestObject("Register/input_Email"), "getam30828@keecs.com")
2026-03-06 20:39:10.852 DEBUG testcase.TC_REG_01                       - 13: setText(findTestObject("Register/input__Password"), password)
2026-03-06 20:39:11.928 DEBUG testcase.TC_REG_01                       - 14: setText(findTestObject("Register/input__Konfirmasi Password"), password)
2026-03-06 20:39:13.333 DEBUG testcase.TC_REG_01                       - 15: click(findTestObject("Register/Checklist TnC"))
2026-03-06 20:39:13.852 DEBUG testcase.TC_REG_01                       - 16: click(findTestObject("Register/button_Buat Akun Active"), OPTIONAL)
2026-03-06 20:39:14.508 DEBUG testcase.TC_REG_01                       - 17: delay(1)
2026-03-06 20:39:15.526 DEBUG testcase.TC_REG_01                       - 18: click(findTestObject("Register/button_Buat Akun Active"), OPTIONAL)
2026-03-06 20:39:25.568 WARN  c.k.k.c.w.keyword.builtin.ClickKeyword   - Waiting for element timed out
2026-03-06 20:39:26.670 WARN  c.k.k.core.keyword.internal.KeywordMain  - Unable to click on object 'Object Repository/Register/button_Buat Akun Active' (Root cause: com.kms.katalon.core.exception.StepFailedException: Unable to click on object 'Object Repository/Register/button_Buat Akun Active'
	at com.kms.katalon.core.webui.keyword.internal.WebUIKeywordMain.stepFailed(WebUIKeywordMain.groovy:177)
	at com.kms.katalon.core.webui.keyword.internal.WebUIKeywordMain.runKeyword(WebUIKeywordMain.groovy:49)
	at com.kms.katalon.core.webui.keyword.internal.WebUIKeywordMain.runKeywordUntilTimeout(WebUIKeywordMain.groovy:133)
	at com.kms.katalon.core.webui.keyword.builtin.ClickKeyword.click(ClickKeyword.groovy:72)
	at com.kms.katalon.core.webui.keyword.builtin.ClickKeyword.execute(ClickKeyword.groovy:38)
	at com.kms.katalon.core.keyword.internal.KeywordExecutor.executeKeywordForPlatform(KeywordExecutor.groovy:95)
	at com.kms.katalon.core.webui.keyword.WebUiBuiltInKeywords.click(WebUiBuiltInKeywords.groovy:684)
	at TC_REG_01.run(TC_REG_01:67)
	at com.kms.katalon.core.main.ScriptEngine.run(ScriptEngine.java:194)
	at com.kms.katalon.core.main.ScriptEngine.runScriptAsRawText(ScriptEngine.java:119)
	at com.kms.katalon.core.main.TestCaseExecutor.runScript(TestCaseExecutor.java:502)
	at com.kms.katalon.core.main.TestCaseExecutor.doExecute(TestCaseExecutor.java:493)
	at com.kms.katalon.core.main.TestCaseExecutor.processExecutionPhase(TestCaseExecutor.java:472)
	at com.kms.katalon.core.main.TestCaseExecutor.accessMainPhase(TestCaseExecutor.java:464)
	at com.kms.katalon.core.main.TestCaseExecutor.execute(TestCaseExecutor.java:334)
	at com.kms.katalon.core.common.CommonExecutor.accessTestCaseMainPhase(CommonExecutor.java:71)
	at com.kms.katalon.core.main.TestSuiteExecutor.accessTestSuiteMainPhase(TestSuiteExecutor.java:163)
	at com.kms.katalon.core.main.TestSuiteExecutor.execute(TestSuiteExecutor.java:120)
	at com.kms.katalon.core.main.TestCaseMain.startTestSuite(TestCaseMain.java:205)
	at S0.run(S0.groovy:40)
	at java.base/jdk.internal.reflect.DirectMethodHandleAccessor.invoke(DirectMethodHandleAccessor.java:103)
Caused by: org.openqa.selenium.ElementClickInterceptedException: element click intercepted: Element <button class="inline-flex items-center font-bold justify-center whitespace-nowrap rounded-lg text-sm ring-offset-background transition-colors focus-visible:outline-none focus-visible:ring-2 focus-visible:ring-ring focus-visible:ring-offset-2 disabled:pointer-events-none disabled:opacity-50 bg-primary text-white hover:bg-primary/90 px-4 py-2 !mt-6 h-12 w-full" type="submit">...</button> is not clickable at point (606, 789). Other element would receive the click: <div data-state="open" class="fixed inset-0 z-[9999999] bg-black/30 data-[state=open]:animate-in data-[state=closed]:animate-out data-[state=closed]:fade-out-0 data-[state=open]:fade-in-0" style="pointer-events: auto;"></div>
  (Session info: MicrosoftEdge=145.0.3800.82)
Build info: version: '4.39.0', revision: '126f156aee'
System info: os.name: 'Windows 11', os.arch: 'amd64', os.version: '10.0', java.version: '21.0.9'
Driver info: com.kms.katalon.selenium.driver.CEdgeDriver
Command: [f7e42fe08df109569860eee11149100a, clickElement {id=f.C67FCB866D3F471D59F8625E8FF4A236.d.F4E8CFAFF8CE3A5A2850748B97A9D434.e.80}]
Capabilities {acceptInsecureCerts: false, browserName: MicrosoftEdge, browserVersion: 145.0.3800.82, fedcm:accounts: true, goog:processID: 24072, ms:edgeOptions: {debuggerAddress: localhost:59215}, msedge: {msedgedriverVersion: 145.0.3800.70 (57ed5ba8de27..., userDataDir: C:\Users\X1CARB~1\AppData\L...}, networkConnectionEnabled: false, pageLoadStrategy: normal, platformName: windows, proxy: Proxy(), se:cdp: ws://localhost:59215/devtoo..., se:cdpVersion: 145.0.3800.82, setWindowRect: true, strictFileInteractability: false, timeouts: {implicit: 0, pageLoad: 300000, script: 30000}, unhandledPromptBehavior: {alert: ignore, beforeUnload: ignore, confirm: ignore, default: ignore, file: ignore, prompt: ignore}, webSocketUrl: ws://localhost:24298/sessio..., webauthn:extension:credBlob: true, webauthn:extension:largeBlob: true, webauthn:extension:minPinLength: true, webauthn:extension:prf: true, webauthn:virtualAuthenticators: true}
Element: [[CEdgeDriver: MicrosoftEdge on windows (f7e42fe08df109569860eee11149100a)] -> xpath: //button[@type='submit']]
Session ID: f7e42fe08df109569860eee11149100a
	at java.base/jdk.internal.reflect.DirectConstructorHandleAccessor.newInstance(DirectConstructorHandleAccessor.java:62)
	at org.openqa.selenium.remote.ErrorCodec.decode(ErrorCodec.java:167)
	at org.openqa.selenium.remote.codec.w3c.W3CHttpResponseCodec.decode(W3CHttpResponseCodec.java:142)
	at org.openqa.selenium.remote.codec.w3c.W3CHttpResponseCodec.decode(W3CHttpResponseCodec.java:49)
	at org.openqa.selenium.remote.HttpCommandExecutor.execute(HttpCommandExecutor.java:215)
	at org.openqa.selenium.remote.service.DriverCommandExecutor.invokeExecute(DriverCommandExecutor.java:216)
	at org.openqa.selenium.remote.service.DriverCommandExecutor.execute(DriverCommandExecutor.java:174)
	at org.openqa.selenium.remote.RemoteWebDriver.execute(RemoteWebDriver.java:561)
	at org.openqa.selenium.remote.RemoteWebElement.execute(RemoteWebElement.java:223)
	at org.openqa.selenium.remote.RemoteWebElement.click(RemoteWebElement.java:76)
	at java.base/jdk.internal.reflect.DirectMethodHandleAccessor.invoke(DirectMethodHandleAccessor.java:103)
	at org.openqa.selenium.support.decorators.WebDriverDecorator.call(WebDriverDecorator.java:326)
	at org.openqa.selenium.support.decorators.DefaultDecorated.call(DefaultDecorated.java:48)
	at org.openqa.selenium.support.decorators.WebDriverDecorator.lambda$createProxyFactory$3(WebDriverDecorator.java:416)
	at net.bytebuddy.renamed.java.lang.Object$ByteBuddy$jKAkKma0.click(Unknown Source)
	at com.kms.katalon.core.webui.keyword.builtin.ClickKeyword$_click_closure1.doCall(ClickKeyword.groovy:63)
	at java.base/jdk.internal.reflect.DirectMethodHandleAccessor.invoke(DirectMethodHandleAccessor.java:103)
	at jdk.proxy2/jdk.proxy2.$Proxy55.execute(Unknown Source)
	at com.kms.katalon.core.webui.model.SeleniumActionRetryController.performAction(SeleniumActionRetryController.java:96)
	at com.kms.katalon.core.webui.model.SeleniumActionRetryController.performAction(SeleniumActionRetryController.java:83)
	at com.kms.katalon.core.webui.keyword.internal.WebUIKeywordMain$_runKeywordUntilTimeout_closure1.doCall(WebUIKeywordMain.groovy:135)
	at com.kms.katalon.core.webui.keyword.internal.WebUIKeywordMain$_runKeywordUntilTimeout_closure1.call(WebUIKeywordMain.groovy)
	at com.kms.katalon.core.webui.keyword.internal.WebUIKeywordMain.runKeyword(WebUIKeywordMain.groovy:41)
	at com.kms.katalon.core.webui.keyword.internal.WebUIKeywordMain.runKeywordUntilTimeout(WebUIKeywordMain.groovy:133)
	at com.kms.katalon.core.webui.keyword.builtin.ClickKeyword.click(ClickKeyword.groovy:72)
	at com.kms.katalon.core.webui.keyword.builtin.ClickKeyword.execute(ClickKeyword.groovy:38)
	at com.kms.katalon.core.keyword.internal.KeywordExecutor.executeKeywordForPlatform(KeywordExecutor.groovy:95)
	at com.kms.katalon.core.webui.keyword.WebUiBuiltInKeywords.click(WebUiBuiltInKeywords.groovy:684)
	at Script1772707223352.run(Script1772707223352.groovy:67)
	... 13 more
)
2026-03-06 20:39:26.678 DEBUG testcase.TC_REG_01                       - 19: delay(1)
2026-03-06 20:39:27.701 DEBUG testcase.TC_REG_01                       - 20: click(findTestObject("Register/button_Buat Akun Active"), OPTIONAL)
2026-03-06 20:39:37.732 WARN  c.k.k.c.w.keyword.builtin.ClickKeyword   - Waiting for element timed out
2026-03-06 20:39:38.859 WARN  c.k.k.core.keyword.internal.KeywordMain  - Unable to click on object 'Object Repository/Register/button_Buat Akun Active' (Root cause: com.kms.katalon.core.exception.StepFailedException: Unable to click on object 'Object Repository/Register/button_Buat Akun Active'
	at com.kms.katalon.core.webui.keyword.internal.WebUIKeywordMain.stepFailed(WebUIKeywordMain.groovy:177)
	at com.kms.katalon.core.webui.keyword.internal.WebUIKeywordMain.runKeyword(WebUIKeywordMain.groovy:49)
	at com.kms.katalon.core.webui.keyword.internal.WebUIKeywordMain.runKeywordUntilTimeout(WebUIKeywordMain.groovy:133)
	at com.kms.katalon.core.webui.keyword.builtin.ClickKeyword.click(ClickKeyword.groovy:72)
	at com.kms.katalon.core.webui.keyword.builtin.ClickKeyword.execute(ClickKeyword.groovy:38)
	at com.kms.katalon.core.keyword.internal.KeywordExecutor.executeKeywordForPlatform(KeywordExecutor.groovy:95)
	at com.kms.katalon.core.webui.keyword.WebUiBuiltInKeywords.click(WebUiBuiltInKeywords.groovy:684)
	at TC_REG_01.run(TC_REG_01:71)
	at com.kms.katalon.core.main.ScriptEngine.run(ScriptEngine.java:194)
	at com.kms.katalon.core.main.ScriptEngine.runScriptAsRawText(ScriptEngine.java:119)
	at com.kms.katalon.core.main.TestCaseExecutor.runScript(TestCaseExecutor.java:502)
	at com.kms.katalon.core.main.TestCaseExecutor.doExecute(TestCaseExecutor.java:493)
	at com.kms.katalon.core.main.TestCaseExecutor.processExecutionPhase(TestCaseExecutor.java:472)
	at com.kms.katalon.core.main.TestCaseExecutor.accessMainPhase(TestCaseExecutor.java:464)
	at com.kms.katalon.core.main.TestCaseExecutor.execute(TestCaseExecutor.java:334)
	at com.kms.katalon.core.common.CommonExecutor.accessTestCaseMainPhase(CommonExecutor.java:71)
	at com.kms.katalon.core.main.TestSuiteExecutor.accessTestSuiteMainPhase(TestSuiteExecutor.java:163)
	at com.kms.katalon.core.main.TestSuiteExecutor.execute(TestSuiteExecutor.java:120)
	at com.kms.katalon.core.main.TestCaseMain.startTestSuite(TestCaseMain.java:205)
	at S0.run(S0.groovy:40)
	at java.base/jdk.internal.reflect.DirectMethodHandleAccessor.invoke(DirectMethodHandleAccessor.java:103)
Caused by: org.openqa.selenium.ElementClickInterceptedException: element click intercepted: Element <button class="inline-flex items-center font-bold justify-center whitespace-nowrap rounded-lg text-sm ring-offset-background transition-colors focus-visible:outline-none focus-visible:ring-2 focus-visible:ring-ring focus-visible:ring-offset-2 disabled:pointer-events-none disabled:opacity-50 bg-primary text-white hover:bg-primary/90 px-4 py-2 !mt-6 h-12 w-full" type="submit">...</button> is not clickable at point (606, 789). Other element would receive the click: <div data-state="open" class="fixed inset-0 z-[9999999] bg-black/30 data-[state=open]:animate-in data-[state=closed]:animate-out data-[state=closed]:fade-out-0 data-[state=open]:fade-in-0" style="pointer-events: auto;"></div>
  (Session info: MicrosoftEdge=145.0.3800.82)
Build info: version: '4.39.0', revision: '126f156aee'
System info: os.name: 'Windows 11', os.arch: 'amd64', os.version: '10.0', java.version: '21.0.9'
Driver info: com.kms.katalon.selenium.driver.CEdgeDriver
Command: [f7e42fe08df109569860eee11149100a, clickElement {id=f.C67FCB866D3F471D59F8625E8FF4A236.d.F4E8CFAFF8CE3A5A2850748B97A9D434.e.80}]
Capabilities {acceptInsecureCerts: false, browserName: MicrosoftEdge, browserVersion: 145.0.3800.82, fedcm:accounts: true, goog:processID: 24072, ms:edgeOptions: {debuggerAddress: localhost:59215}, msedge: {msedgedriverVersion: 145.0.3800.70 (57ed5ba8de27..., userDataDir: C:\Users\X1CARB~1\AppData\L...}, networkConnectionEnabled: false, pageLoadStrategy: normal, platformName: windows, proxy: Proxy(), se:cdp: ws://localhost:59215/devtoo..., se:cdpVersion: 145.0.3800.82, setWindowRect: true, strictFileInteractability: false, timeouts: {implicit: 0, pageLoad: 300000, script: 30000}, unhandledPromptBehavior: {alert: ignore, beforeUnload: ignore, confirm: ignore, default: ignore, file: ignore, prompt: ignore}, webSocketUrl: ws://localhost:24298/sessio..., webauthn:extension:credBlob: true, webauthn:extension:largeBlob: true, webauthn:extension:minPinLength: true, webauthn:extension:prf: true, webauthn:virtualAuthenticators: true}
Element: [[CEdgeDriver: MicrosoftEdge on windows (f7e42fe08df109569860eee11149100a)] -> xpath: //button[@type='submit']]
Session ID: f7e42fe08df109569860eee11149100a
	at java.base/jdk.internal.reflect.DirectConstructorHandleAccessor.newInstance(DirectConstructorHandleAccessor.java:62)
	at org.openqa.selenium.remote.ErrorCodec.decode(ErrorCodec.java:167)
	at org.openqa.selenium.remote.codec.w3c.W3CHttpResponseCodec.decode(W3CHttpResponseCodec.java:142)
	at org.openqa.selenium.remote.codec.w3c.W3CHttpResponseCodec.decode(W3CHttpResponseCodec.java:49)
	at org.openqa.selenium.remote.HttpCommandExecutor.execute(HttpCommandExecutor.java:215)
	at org.openqa.selenium.remote.service.DriverCommandExecutor.invokeExecute(DriverCommandExecutor.java:216)
	at org.openqa.selenium.remote.service.DriverCommandExecutor.execute(DriverCommandExecutor.java:174)
	at org.openqa.selenium.remote.RemoteWebDriver.execute(RemoteWebDriver.java:561)
	at org.openqa.selenium.remote.RemoteWebElement.execute(RemoteWebElement.java:223)
	at org.openqa.selenium.remote.RemoteWebElement.click(RemoteWebElement.java:76)
	at java.base/jdk.internal.reflect.DirectMethodHandleAccessor.invoke(DirectMethodHandleAccessor.java:103)
	at org.openqa.selenium.support.decorators.WebDriverDecorator.call(WebDriverDecorator.java:326)
	at org.openqa.selenium.support.decorators.DefaultDecorated.call(DefaultDecorated.java:48)
	at org.openqa.selenium.support.decorators.WebDriverDecorator.lambda$createProxyFactory$3(WebDriverDecorator.java:416)
	at net.bytebuddy.renamed.java.lang.Object$ByteBuddy$jKAkKma0.click(Unknown Source)
	at com.kms.katalon.core.webui.keyword.builtin.ClickKeyword$_click_closure1.doCall(ClickKeyword.groovy:63)
	at java.base/jdk.internal.reflect.DirectMethodHandleAccessor.invoke(DirectMethodHandleAccessor.java:103)
	at jdk.proxy2/jdk.proxy2.$Proxy55.execute(Unknown Source)
	at com.kms.katalon.core.webui.model.SeleniumActionRetryController.performAction(SeleniumActionRetryController.java:96)
	at com.kms.katalon.core.webui.model.SeleniumActionRetryController.performAction(SeleniumActionRetryController.java:83)
	at com.kms.katalon.core.webui.keyword.internal.WebUIKeywordMain$_runKeywordUntilTimeout_closure1.doCall(WebUIKeywordMain.groovy:135)
	at com.kms.katalon.core.webui.keyword.internal.WebUIKeywordMain$_runKeywordUntilTimeout_closure1.call(WebUIKeywordMain.groovy)
	at com.kms.katalon.core.webui.keyword.internal.WebUIKeywordMain.runKeyword(WebUIKeywordMain.groovy:41)
	at com.kms.katalon.core.webui.keyword.internal.WebUIKeywordMain.runKeywordUntilTimeout(WebUIKeywordMain.groovy:133)
	at com.kms.katalon.core.webui.keyword.builtin.ClickKeyword.click(ClickKeyword.groovy:72)
	at com.kms.katalon.core.webui.keyword.builtin.ClickKeyword.execute(ClickKeyword.groovy:38)
	at com.kms.katalon.core.keyword.internal.KeywordExecutor.executeKeywordForPlatform(KeywordExecutor.groovy:95)
	at com.kms.katalon.core.webui.keyword.WebUiBuiltInKeywords.click(WebUiBuiltInKeywords.groovy:684)
	at Script1772707223352.run(Script1772707223352.groovy:71)
	... 13 more
)
2026-03-06 20:39:38.866 DEBUG testcase.TC_REG_01                       - 21: click(findTestObject("Register/li_Kirim OTP via Emailh1jtwdollicons.com"))
2026-03-06 20:39:39.425 DEBUG testcase.TC_REG_01                       - 22: click(findTestObject("Register/button_Lanjutkan"), OPTIONAL)
2026-03-06 20:39:40.116 DEBUG testcase.TC_REG_01                       - 23: delay(1)
2026-03-06 20:39:41.141 DEBUG testcase.TC_REG_01                       - 24: click(findTestObject("Register/button_Lanjutkan"), OPTIONAL)
2026-03-06 20:39:51.364 WARN  c.k.k.core.keyword.internal.KeywordMain  - Unable to click on object 'Object Repository/Register/button_Lanjutkan' (Root cause: com.kms.katalon.core.exception.StepFailedException: Unable to click on object 'Object Repository/Register/button_Lanjutkan'
	at com.kms.katalon.core.webui.keyword.internal.WebUIKeywordMain.stepFailed(WebUIKeywordMain.groovy:177)
	at com.kms.katalon.core.webui.keyword.internal.WebUIKeywordMain.runKeyword(WebUIKeywordMain.groovy:49)
	at com.kms.katalon.core.webui.keyword.internal.WebUIKeywordMain.runKeywordUntilTimeout(WebUIKeywordMain.groovy:133)
	at com.kms.katalon.core.webui.keyword.builtin.ClickKeyword.click(ClickKeyword.groovy:72)
	at com.kms.katalon.core.webui.keyword.builtin.ClickKeyword.execute(ClickKeyword.groovy:38)
	at com.kms.katalon.core.keyword.internal.KeywordExecutor.executeKeywordForPlatform(KeywordExecutor.groovy:95)
	at com.kms.katalon.core.webui.keyword.WebUiBuiltInKeywords.click(WebUiBuiltInKeywords.groovy:684)
	at TC_REG_01.run(TC_REG_01:82)
	at com.kms.katalon.core.main.ScriptEngine.run(ScriptEngine.java:194)
	at com.kms.katalon.core.main.ScriptEngine.runScriptAsRawText(ScriptEngine.java:119)
	at com.kms.katalon.core.main.TestCaseExecutor.runScript(TestCaseExecutor.java:502)
	at com.kms.katalon.core.main.TestCaseExecutor.doExecute(TestCaseExecutor.java:493)
	at com.kms.katalon.core.main.TestCaseExecutor.processExecutionPhase(TestCaseExecutor.java:472)
	at com.kms.katalon.core.main.TestCaseExecutor.accessMainPhase(TestCaseExecutor.java:464)
	at com.kms.katalon.core.main.TestCaseExecutor.execute(TestCaseExecutor.java:334)
	at com.kms.katalon.core.common.CommonExecutor.accessTestCaseMainPhase(CommonExecutor.java:71)
	at com.kms.katalon.core.main.TestSuiteExecutor.accessTestSuiteMainPhase(TestSuiteExecutor.java:163)
	at com.kms.katalon.core.main.TestSuiteExecutor.execute(TestSuiteExecutor.java:120)
	at com.kms.katalon.core.main.TestCaseMain.startTestSuite(TestCaseMain.java:205)
	at S0.run(S0.groovy:40)
	at java.base/jdk.internal.reflect.DirectMethodHandleAccessor.invoke(DirectMethodHandleAccessor.java:103)
Caused by: com.kms.katalon.core.webui.exception.WebElementNotFoundException: Web element with id: 'Object Repository/Register/button_Lanjutkan' located by 'By.xpath: //div[@id='radix-:r7:']/div/div/div/button[3]' not found
	at com.kms.katalon.core.webui.model.WebUiElementFinder.findElementByNormalMethods(WebUiElementFinder.java:193)
	at com.kms.katalon.core.webui.model.WebUiElementFinder.findElementsBySelectedMethod(WebUiElementFinder.java:91)
	at com.kms.katalon.core.webui.model.WebUiElementFinder.findElementsBySelectedMethod(WebUiElementFinder.java:74)
	at com.kms.katalon.core.webui.model.WebUiElementFinder.findElementsBySelectedMethod(WebUiElementFinder.java:69)
	at com.kms.katalon.core.webui.model.WebUiElementFinder.findElement(WebUiElementFinder.java:43)
	at com.kms.katalon.core.webui.model.WebUiElementFinderWithTimeout.basicFindElement(WebUiElementFinderWithTimeout.java:51)
	at com.kms.katalon.core.webui.model.WebUiElementFinderWithTimeout.lambda$0(WebUiElementFinderWithTimeout.java:29)
	at com.kms.katalon.core.webui.model.SeleniumActionRetryController.performAction(SeleniumActionRetryController.java:96)
	at com.kms.katalon.core.webui.model.SeleniumActionRetryController.performAction(SeleniumActionRetryController.java:83)
	at com.kms.katalon.core.webui.model.WebUiElementFinderWithTimeout.findElement(WebUiElementFinderWithTimeout.java:28)
	at com.kms.katalon.core.webui.keyword.internal.WebUIAbstractKeyword.findWebElement(WebUIAbstractKeyword.java:111)
	at com.kms.katalon.core.webui.keyword.builtin.ClickKeyword$_click_closure1.doCall(ClickKeyword.groovy:52)
	at java.base/jdk.internal.reflect.DirectMethodHandleAccessor.invoke(DirectMethodHandleAccessor.java:103)
	at jdk.proxy2/jdk.proxy2.$Proxy55.execute(Unknown Source)
	at com.kms.katalon.core.webui.model.SeleniumActionRetryController.performAction(SeleniumActionRetryController.java:96)
	at com.kms.katalon.core.webui.model.SeleniumActionRetryController.performAction(SeleniumActionRetryController.java:83)
	at com.kms.katalon.core.webui.keyword.internal.WebUIKeywordMain$_runKeywordUntilTimeout_closure1.doCall(WebUIKeywordMain.groovy:135)
	at com.kms.katalon.core.webui.keyword.internal.WebUIKeywordMain$_runKeywordUntilTimeout_closure1.call(WebUIKeywordMain.groovy)
	at com.kms.katalon.core.webui.keyword.internal.WebUIKeywordMain.runKeyword(WebUIKeywordMain.groovy:41)
	at com.kms.katalon.core.webui.keyword.internal.WebUIKeywordMain.runKeywordUntilTimeout(WebUIKeywordMain.groovy:133)
	at com.kms.katalon.core.webui.keyword.builtin.ClickKeyword.click(ClickKeyword.groovy:72)
	at com.kms.katalon.core.webui.keyword.builtin.ClickKeyword.execute(ClickKeyword.groovy:38)
	at com.kms.katalon.core.keyword.internal.KeywordExecutor.executeKeywordForPlatform(KeywordExecutor.groovy:95)
	at com.kms.katalon.core.webui.keyword.WebUiBuiltInKeywords.click(WebUiBuiltInKeywords.groovy:684)
	at Script1772707223352.run(Script1772707223352.groovy:82)
	... 13 more
)
2026-03-06 20:39:51.373 DEBUG testcase.TC_REG_01                       - 25: delay(7)
2026-03-06 20:39:58.401 DEBUG testcase.TC_REG_01                       - 26: click(findTestObject("Register/button_Verifikasi OTP"))
2026-03-06 20:39:58.978 DEBUG testcase.TC_REG_01                       - 27: delay(2)
2026-03-06 20:40:00.988 INFO  c.k.katalon.core.main.TestCaseExecutor   - END Test Cases/Register/TC_REG_01
2026-03-06 20:40:00.996 INFO  c.k.katalon.core.main.TestCaseExecutor   - --------------------
2026-03-06 20:40:00.996 INFO  c.k.katalon.core.main.TestCaseExecutor   - START Test Cases/Register/TC_REG_02
2026-03-06 20:40:01.124 DEBUG testcase.TC_REG_02                       - 1: openBrowser(url)
2026-03-06 20:40:01.130 WARN  c.k.k.core.webui.driver.DriverFactory    - A browser is already opened. Closing browser and opening a new one
2026-03-06 20:40:01.742 INFO  c.k.k.core.webui.driver.DriverFactory    - Starting 'Edge Chromium' driver
2026-03-06 20:40:01.752 INFO  c.k.k.core.webui.driver.DriverFactory    - Action delay is set to 0 milliseconds
Mar 06, 2026 8:40:03 PM org.openqa.selenium.devtools.CdpVersionFinder findNearestMatch
WARNING: Unable to find an exact match for CDP version 145, returning the closest version; found: 143; Please update to a Selenium version that supports CDP version 145
2026-03-06 20:40:03.709 INFO  c.k.k.core.webui.driver.DriverFactory    - sessionId = fffc4d81d59904f6c87be3c524ab1d5b
2026-03-06 20:40:03.710 INFO  c.k.k.core.webui.driver.DriverFactory    - browser = Edge Chromium 145.0.3800.82
2026-03-06 20:40:03.714 INFO  c.k.k.core.webui.driver.DriverFactory    - platform = Windows 11
2026-03-06 20:40:03.714 INFO  c.k.k.core.webui.driver.DriverFactory    - seleniumVersion = 4.39.0
2026-03-06 20:40:03.717 INFO  c.k.k.core.webui.driver.DriverFactory    - proxyInformation = ProxyInformation { proxyOption=NO_PROXY, proxyServerType=HTTP, username=, password=********, proxyServerAddress=, proxyServerPort=0, executionList="", isApplyToDesiredCapabilities=true }
2026-03-06 20:40:04.624 DEBUG testcase.TC_REG_02                       - 2: maximizeWindow()
2026-03-06 20:40:04.868 DEBUG testcase.TC_REG_02                       - 3: delay(5)
2026-03-06 20:40:09.885 DEBUG testcase.TC_REG_02                       - 4: click(findTestObject("Register/button_Masuk"))
2026-03-06 20:40:10.411 DEBUG testcase.TC_REG_02                       - 5: click(findTestObject("Register/span_Daftar Sekarang"))
2026-03-06 20:40:12.489 DEBUG testcase.TC_REG_02                       - 6: delay(3)
2026-03-06 20:40:15.527 DEBUG testcase.TC_REG_02                       - 7: setText(findTestObject("Register/input__Nama Depan"), "a")
2026-03-06 20:40:16.450 DEBUG testcase.TC_REG_02                       - 8: setText(findTestObject("Register/input__Nama Belakang"), "a")
2026-03-06 20:40:17.582 DEBUG testcase.TC_REG_02                       - 9: delay(3)
2026-03-06 20:40:20.602 DEBUG testcase.TC_REG_02                       - 10: verifyTextPresent("Nama depan harus terdiri dari setidaknya 2 karakter.", false)
2026-03-06 20:40:20.981 DEBUG testcase.TC_REG_02                       - 11: verifyTextPresent("Nama belakang harus terdiri dari setidaknya 2 karakter.", false)
2026-03-06 20:40:21.339 DEBUG testcase.TC_REG_02                       - 12: scrollToElement(findTestObject("Register/button_Buat Akun Active"), 5)
2026-03-06 20:40:21.637 DEBUG testcase.TC_REG_02                       - 13: click(findTestObject("Register/Checklist TnC"))
2026-03-06 20:40:22.133 DEBUG testcase.TC_REG_02                       - 14: delay(5)
2026-03-06 20:40:27.140 DEBUG testcase.TC_REG_02                       - 15: verifyElementNotClickable(findTestObject("Register/button_Buat Akun Active"))
2026-03-06 20:40:27.447 INFO  c.k.katalon.core.main.TestCaseExecutor   - END Test Cases/Register/TC_REG_02
2026-03-06 20:40:27.454 INFO  c.k.katalon.core.main.TestCaseExecutor   - --------------------
2026-03-06 20:40:27.454 INFO  c.k.katalon.core.main.TestCaseExecutor   - START Test Cases/Register/TC_REG_03
2026-03-06 20:40:27.606 DEBUG testcase.TC_REG_03                       - 1: openBrowser(url)
2026-03-06 20:40:27.617 WARN  c.k.k.core.webui.driver.DriverFactory    - A browser is already opened. Closing browser and opening a new one
2026-03-06 20:40:28.413 INFO  c.k.k.core.webui.driver.DriverFactory    - Starting 'Edge Chromium' driver
2026-03-06 20:40:28.420 INFO  c.k.k.core.webui.driver.DriverFactory    - Action delay is set to 0 milliseconds
Mar 06, 2026 8:40:30 PM org.openqa.selenium.devtools.CdpVersionFinder findNearestMatch
WARNING: Unable to find an exact match for CDP version 145, returning the closest version; found: 143; Please update to a Selenium version that supports CDP version 145
2026-03-06 20:40:30.479 INFO  c.k.k.core.webui.driver.DriverFactory    - sessionId = 7d415eba0567187a7b67016f028ebad4
2026-03-06 20:40:30.479 INFO  c.k.k.core.webui.driver.DriverFactory    - browser = Edge Chromium 145.0.3800.82
2026-03-06 20:40:30.480 INFO  c.k.k.core.webui.driver.DriverFactory    - platform = Windows 11
2026-03-06 20:40:30.495 INFO  c.k.k.core.webui.driver.DriverFactory    - seleniumVersion = 4.39.0
2026-03-06 20:40:30.496 INFO  c.k.k.core.webui.driver.DriverFactory    - proxyInformation = ProxyInformation { proxyOption=NO_PROXY, proxyServerType=HTTP, username=, password=********, proxyServerAddress=, proxyServerPort=0, executionList="", isApplyToDesiredCapabilities=true }
2026-03-06 20:40:31.569 DEBUG testcase.TC_REG_03                       - 2: maximizeWindow()
2026-03-06 20:40:31.918 DEBUG testcase.TC_REG_03                       - 3: delay(5)
2026-03-06 20:40:36.947 DEBUG testcase.TC_REG_03                       - 4: click(findTestObject("Register/button_Masuk"))
2026-03-06 20:40:37.508 DEBUG testcase.TC_REG_03                       - 5: click(findTestObject("Register/span_Daftar Sekarang"))
2026-03-06 20:40:39.501 DEBUG testcase.TC_REG_03                       - 6: delay(3)
2026-03-06 20:40:42.521 DEBUG testcase.TC_REG_03                       - 7: setText(findTestObject("Register/input__Nama Depan"), "Devan")
2026-03-06 20:40:43.543 DEBUG testcase.TC_REG_03                       - 8: setText(findTestObject("Register/input__Nama Belakang"), "Putra")
2026-03-06 20:40:44.642 DEBUG testcase.TC_REG_03                       - 9: setText(findTestObject("Register/input_Email"), "aaaaa")
2026-03-06 20:40:45.646 DEBUG testcase.TC_REG_03                       - 10: delay(1)
2026-03-06 20:40:46.664 DEBUG testcase.TC_REG_03                       - 11: verifyElementText(findTestObject("Register/p_Harap masukkan alamat email yang valid"), "Harap masukkan alamat email yang valid.")
2026-03-06 20:40:46.968 DEBUG testcase.TC_REG_03                       - 12: scrollToElement(findTestObject("Register/button_Buat Akun Active"), 5)
2026-03-06 20:40:47.246 DEBUG testcase.TC_REG_03                       - 13: click(findTestObject("Register/Checklist TnC"))
2026-03-06 20:40:47.718 DEBUG testcase.TC_REG_03                       - 14: verifyElementNotClickable(findTestObject("Register/button_Buat Akun Active"))
2026-03-06 20:40:48.214 DEBUG testcase.TC_REG_03                       - 15: delay(1)
2026-03-06 20:40:49.220 INFO  c.k.katalon.core.main.TestCaseExecutor   - END Test Cases/Register/TC_REG_03
2026-03-06 20:40:49.227 INFO  c.k.katalon.core.main.TestCaseExecutor   - --------------------
2026-03-06 20:40:49.227 INFO  c.k.katalon.core.main.TestCaseExecutor   - START Test Cases/Register/TC_REG_04
2026-03-06 20:40:49.354 DEBUG testcase.TC_REG_04                       - 1: openBrowser(url)
2026-03-06 20:40:49.357 WARN  c.k.k.core.webui.driver.DriverFactory    - A browser is already opened. Closing browser and opening a new one
2026-03-06 20:40:49.845 INFO  c.k.k.core.webui.driver.DriverFactory    - Starting 'Edge Chromium' driver
2026-03-06 20:40:49.850 INFO  c.k.k.core.webui.driver.DriverFactory    - Action delay is set to 0 milliseconds
Mar 06, 2026 8:40:51 PM org.openqa.selenium.devtools.CdpVersionFinder findNearestMatch
WARNING: Unable to find an exact match for CDP version 145, returning the closest version; found: 143; Please update to a Selenium version that supports CDP version 145
2026-03-06 20:40:51.866 INFO  c.k.k.core.webui.driver.DriverFactory    - sessionId = 035a1f0bed3c34fc3a32bf0ac88d62e0
2026-03-06 20:40:51.866 INFO  c.k.k.core.webui.driver.DriverFactory    - browser = Edge Chromium 145.0.3800.82
2026-03-06 20:40:51.867 INFO  c.k.k.core.webui.driver.DriverFactory    - platform = Windows 11
2026-03-06 20:40:51.868 INFO  c.k.k.core.webui.driver.DriverFactory    - seleniumVersion = 4.39.0
2026-03-06 20:40:51.869 INFO  c.k.k.core.webui.driver.DriverFactory    - proxyInformation = ProxyInformation { proxyOption=NO_PROXY, proxyServerType=HTTP, username=, password=********, proxyServerAddress=, proxyServerPort=0, executionList="", isApplyToDesiredCapabilities=true }
2026-03-06 20:40:52.907 DEBUG testcase.TC_REG_04                       - 2: maximizeWindow()
2026-03-06 20:40:53.232 DEBUG testcase.TC_REG_04                       - 3: delay(5)
2026-03-06 20:40:58.258 DEBUG testcase.TC_REG_04                       - 4: click(findTestObject("Register/button_Masuk"))
2026-03-06 20:40:58.845 DEBUG testcase.TC_REG_04                       - 5: click(findTestObject("Register/span_Daftar Sekarang"))
2026-03-06 20:41:00.825 DEBUG testcase.TC_REG_04                       - 6: delay(3)
2026-03-06 20:41:03.845 DEBUG testcase.TC_REG_04                       - 7: setText(findTestObject("Register/input__Nama Depan"), "Devan")
2026-03-06 20:41:04.862 DEBUG testcase.TC_REG_04                       - 8: setText(findTestObject("Register/input__Nama Belakang"), "Putra")
2026-03-06 20:41:05.938 DEBUG testcase.TC_REG_04                       - 9: rand = new java.util.Random()
2026-03-06 20:41:05.945 DEBUG testcase.TC_REG_04                       - 10: phoneNumber = "08" + 100000000 + rand.nextInt(900000000)
2026-03-06 20:41:05.948 DEBUG testcase.TC_REG_04                       - 11: setText(findTestObject("Register/input_Whatsapp"), phoneNumber)
2026-03-06 20:41:07.185 DEBUG testcase.TC_REG_04                       - 12: sendKeys(findTestObject("Register/input_Email"), valid_email)
2026-03-06 20:41:07.949 DEBUG testcase.TC_REG_04                       - 13: setText(findTestObject("Register/input__Password"), "password@1")
2026-03-06 20:41:08.918 DEBUG testcase.TC_REG_04                       - 14: delay(2)
2026-03-06 20:41:10.924 DEBUG testcase.TC_REG_04                       - 15: scrollToElement(findTestObject("Register/button_Buat Akun Active"), 5)
2026-03-06 20:41:11.193 DEBUG testcase.TC_REG_04                       - 16: click(findTestObject("Register/Checklist TnC"))
2026-03-06 20:41:11.686 DEBUG testcase.TC_REG_04                       - 17: verifyElementNotClickable(findTestObject("Register/button_Buat Akun Active"))
2026-03-06 20:41:12.171 DEBUG testcase.TC_REG_04                       - 18: delay(2)
2026-03-06 20:41:14.176 INFO  c.k.katalon.core.main.TestCaseExecutor   - END Test Cases/Register/TC_REG_04
2026-03-06 20:41:14.179 INFO  c.k.katalon.core.main.TestCaseExecutor   - --------------------
2026-03-06 20:41:14.179 INFO  c.k.katalon.core.main.TestCaseExecutor   - START Test Cases/Register/TC_REG_05
2026-03-06 20:41:14.358 DEBUG testcase.TC_REG_05                       - 1: openBrowser(url)
2026-03-06 20:41:14.360 WARN  c.k.k.core.webui.driver.DriverFactory    - A browser is already opened. Closing browser and opening a new one
2026-03-06 20:41:14.829 INFO  c.k.k.core.webui.driver.DriverFactory    - Starting 'Edge Chromium' driver
2026-03-06 20:41:14.837 INFO  c.k.k.core.webui.driver.DriverFactory    - Action delay is set to 0 milliseconds
Mar 06, 2026 8:41:16 PM org.openqa.selenium.devtools.CdpVersionFinder findNearestMatch
WARNING: Unable to find an exact match for CDP version 145, returning the closest version; found: 143; Please update to a Selenium version that supports CDP version 145
2026-03-06 20:41:17.002 INFO  c.k.k.core.webui.driver.DriverFactory    - sessionId = f0d609f8ba367293c52c8a8dc38861c5
2026-03-06 20:41:17.004 INFO  c.k.k.core.webui.driver.DriverFactory    - browser = Edge Chromium 145.0.3800.82
2026-03-06 20:41:17.004 INFO  c.k.k.core.webui.driver.DriverFactory    - platform = Windows 11
2026-03-06 20:41:17.005 INFO  c.k.k.core.webui.driver.DriverFactory    - seleniumVersion = 4.39.0
2026-03-06 20:41:17.006 INFO  c.k.k.core.webui.driver.DriverFactory    - proxyInformation = ProxyInformation { proxyOption=NO_PROXY, proxyServerType=HTTP, username=, password=********, proxyServerAddress=, proxyServerPort=0, executionList="", isApplyToDesiredCapabilities=true }
2026-03-06 20:41:17.809 DEBUG testcase.TC_REG_05                       - 2: maximizeWindow()
2026-03-06 20:41:18.362 DEBUG testcase.TC_REG_05                       - 3: delay(5)
2026-03-06 20:41:23.394 DEBUG testcase.TC_REG_05                       - 4: click(findTestObject("Register/button_Masuk"))
2026-03-06 20:41:23.886 DEBUG testcase.TC_REG_05                       - 5: click(findTestObject("Register/span_Daftar Sekarang"))
2026-03-06 20:41:26.274 DEBUG testcase.TC_REG_05                       - 6: delay(3)
2026-03-06 20:41:29.286 DEBUG testcase.TC_REG_05                       - 7: setText(findTestObject("Register/input__Nama Depan"), "Devan")
2026-03-06 20:41:30.280 DEBUG testcase.TC_REG_05                       - 8: setText(findTestObject("Register/input__Nama Belakang"), "Putra")
2026-03-06 20:41:31.386 DEBUG testcase.TC_REG_05                       - 9: rand = new java.util.Random()
2026-03-06 20:41:31.388 DEBUG testcase.TC_REG_05                       - 10: phoneNumber = "08" + 100000000 + rand.nextInt(900000000)
2026-03-06 20:41:31.391 DEBUG testcase.TC_REG_05                       - 11: setText(findTestObject("Register/input_Whatsapp"), phoneNumber)
2026-03-06 20:41:32.578 DEBUG testcase.TC_REG_05                       - 12: sendKeys(findTestObject("Register/input_Email"), valid_email)
2026-03-06 20:41:33.345 DEBUG testcase.TC_REG_05                       - 13: setText(findTestObject("Register/input__Password"), "Password1")
2026-03-06 20:41:34.312 DEBUG testcase.TC_REG_05                       - 14: delay(2)
2026-03-06 20:41:36.323 DEBUG testcase.TC_REG_05                       - 15: scrollToElement(findTestObject("Register/button_Buat Akun Active"), 5)
2026-03-06 20:41:36.592 DEBUG testcase.TC_REG_05                       - 16: click(findTestObject("Register/Checklist TnC"))
2026-03-06 20:41:37.078 DEBUG testcase.TC_REG_05                       - 17: verifyElementNotClickable(findTestObject("Register/button_Buat Akun Active"))
2026-03-06 20:41:37.565 DEBUG testcase.TC_REG_05                       - 18: delay(2)
2026-03-06 20:41:39.582 INFO  c.k.katalon.core.main.TestCaseExecutor   - END Test Cases/Register/TC_REG_05
2026-03-06 20:41:39.585 INFO  c.k.katalon.core.main.TestCaseExecutor   - --------------------
2026-03-06 20:41:39.585 INFO  c.k.katalon.core.main.TestCaseExecutor   - START Test Cases/Register/TC_REG_06
2026-03-06 20:41:39.700 DEBUG testcase.TC_REG_06                       - 1: openBrowser(url)
2026-03-06 20:41:39.702 WARN  c.k.k.core.webui.driver.DriverFactory    - A browser is already opened. Closing browser and opening a new one
2026-03-06 20:41:40.182 INFO  c.k.k.core.webui.driver.DriverFactory    - Starting 'Edge Chromium' driver
2026-03-06 20:41:40.188 INFO  c.k.k.core.webui.driver.DriverFactory    - Action delay is set to 0 milliseconds
Mar 06, 2026 8:41:42 PM org.openqa.selenium.devtools.CdpVersionFinder findNearestMatch
WARNING: Unable to find an exact match for CDP version 145, returning the closest version; found: 143; Please update to a Selenium version that supports CDP version 145
2026-03-06 20:41:42.113 INFO  c.k.k.core.webui.driver.DriverFactory    - sessionId = 6488b44dd4504759fb7a2cbc1bff301a
2026-03-06 20:41:42.114 INFO  c.k.k.core.webui.driver.DriverFactory    - browser = Edge Chromium 145.0.3800.82
2026-03-06 20:41:42.114 INFO  c.k.k.core.webui.driver.DriverFactory    - platform = Windows 11
2026-03-06 20:41:42.115 INFO  c.k.k.core.webui.driver.DriverFactory    - seleniumVersion = 4.39.0
2026-03-06 20:41:42.116 INFO  c.k.k.core.webui.driver.DriverFactory    - proxyInformation = ProxyInformation { proxyOption=NO_PROXY, proxyServerType=HTTP, username=, password=********, proxyServerAddress=, proxyServerPort=0, executionList="", isApplyToDesiredCapabilities=true }
2026-03-06 20:41:42.863 DEBUG testcase.TC_REG_06                       - 2: maximizeWindow()
2026-03-06 20:41:43.190 DEBUG testcase.TC_REG_06                       - 3: delay(5)
2026-03-06 20:41:48.220 DEBUG testcase.TC_REG_06                       - 4: click(findTestObject("Register/button_Masuk"))
2026-03-06 20:41:49.129 DEBUG testcase.TC_REG_06                       - 5: click(findTestObject("Register/span_Daftar Sekarang"))
2026-03-06 20:41:51.074 DEBUG testcase.TC_REG_06                       - 6: delay(3)
2026-03-06 20:41:54.093 DEBUG testcase.TC_REG_06                       - 7: setText(findTestObject("Register/input__Nama Depan"), "Devan")
2026-03-06 20:41:55.070 DEBUG testcase.TC_REG_06                       - 8: setText(findTestObject("Register/input__Nama Belakang"), "Putra")
2026-03-06 20:41:56.150 DEBUG testcase.TC_REG_06                       - 9: rand = new java.util.Random()
2026-03-06 20:41:56.153 DEBUG testcase.TC_REG_06                       - 10: phoneNumber = "08" + 100000000 + rand.nextInt(900000000)
2026-03-06 20:41:56.155 DEBUG testcase.TC_REG_06                       - 11: setText(findTestObject("Register/input_Whatsapp"), phoneNumber)
2026-03-06 20:41:57.321 DEBUG testcase.TC_REG_06                       - 12: sendKeys(findTestObject("Register/input_Email"), valid_email)
2026-03-06 20:41:58.019 DEBUG testcase.TC_REG_06                       - 13: setText(findTestObject("Register/input__Password"), password)
2026-03-06 20:41:58.953 DEBUG testcase.TC_REG_06                       - 14: setText(findTestObject("Register/input__Konfirmasi Password"), "Password")
2026-03-06 20:42:00.084 DEBUG testcase.TC_REG_06                       - 15: verifyElementText(findTestObject("Register/p_Konfirmasi kata sandi tidak cocok"), "Konfirmasi kata sandi tidak cocok.")
2026-03-06 20:42:00.477 DEBUG testcase.TC_REG_06                       - 16: click(findTestObject("Register/Checklist TnC"))
2026-03-06 20:42:00.936 DEBUG testcase.TC_REG_06                       - 17: verifyElementNotClickable(findTestObject("Register/button_Buat Akun Active"))
2026-03-06 20:42:01.436 DEBUG testcase.TC_REG_06                       - 18: delay(2)
2026-03-06 20:42:03.444 INFO  c.k.katalon.core.main.TestCaseExecutor   - END Test Cases/Register/TC_REG_06
2026-03-06 20:42:03.448 INFO  c.k.katalon.core.main.TestCaseExecutor   - --------------------
2026-03-06 20:42:03.449 INFO  c.k.katalon.core.main.TestCaseExecutor   - START Test Cases/Register/TC_REG_07
2026-03-06 20:42:03.558 DEBUG testcase.TC_REG_07                       - 1: openBrowser(url)
2026-03-06 20:42:03.559 WARN  c.k.k.core.webui.driver.DriverFactory    - A browser is already opened. Closing browser and opening a new one
2026-03-06 20:42:04.114 INFO  c.k.k.core.webui.driver.DriverFactory    - Starting 'Edge Chromium' driver
2026-03-06 20:42:04.121 INFO  c.k.k.core.webui.driver.DriverFactory    - Action delay is set to 0 milliseconds
Mar 06, 2026 8:42:05 PM org.openqa.selenium.devtools.CdpVersionFinder findNearestMatch
WARNING: Unable to find an exact match for CDP version 145, returning the closest version; found: 143; Please update to a Selenium version that supports CDP version 145
2026-03-06 20:42:05.864 INFO  c.k.k.core.webui.driver.DriverFactory    - sessionId = 5816e91c1bbbf264ff6e77c0da61136e
2026-03-06 20:42:05.864 INFO  c.k.k.core.webui.driver.DriverFactory    - browser = Edge Chromium 145.0.3800.82
2026-03-06 20:42:05.865 INFO  c.k.k.core.webui.driver.DriverFactory    - platform = Windows 11
2026-03-06 20:42:05.865 INFO  c.k.k.core.webui.driver.DriverFactory    - seleniumVersion = 4.39.0
2026-03-06 20:42:05.869 INFO  c.k.k.core.webui.driver.DriverFactory    - proxyInformation = ProxyInformation { proxyOption=NO_PROXY, proxyServerType=HTTP, username=, password=********, proxyServerAddress=, proxyServerPort=0, executionList="", isApplyToDesiredCapabilities=true }
2026-03-06 20:42:06.578 DEBUG testcase.TC_REG_07                       - 2: maximizeWindow()
2026-03-06 20:42:06.863 DEBUG testcase.TC_REG_07                       - 3: delay(5)
2026-03-06 20:42:11.886 DEBUG testcase.TC_REG_07                       - 4: click(findTestObject("Register/button_Masuk"))
2026-03-06 20:42:12.387 DEBUG testcase.TC_REG_07                       - 5: click(findTestObject("Register/span_Daftar Sekarang"))
2026-03-06 20:42:14.222 DEBUG testcase.TC_REG_07                       - 6: delay(3)
2026-03-06 20:42:17.239 DEBUG testcase.TC_REG_07                       - 7: setText(findTestObject("Register/input__Nama Depan"), "Devan")
2026-03-06 20:42:18.216 DEBUG testcase.TC_REG_07                       - 8: setText(findTestObject("Register/input__Nama Belakang"), "Putra")
2026-03-06 20:42:19.302 DEBUG testcase.TC_REG_07                       - 9: rand = new java.util.Random()
2026-03-06 20:42:19.305 DEBUG testcase.TC_REG_07                       - 10: phoneNumber = "08" + 100000000 + rand.nextInt(900000000)
2026-03-06 20:42:19.307 DEBUG testcase.TC_REG_07                       - 11: setText(findTestObject("Register/input_Whatsapp"), phoneNumber)
2026-03-06 20:42:20.516 DEBUG testcase.TC_REG_07                       - 12: sendKeys(findTestObject("Register/input_Email"), valid_email)
2026-03-06 20:42:21.221 DEBUG testcase.TC_REG_07                       - 13: setText(findTestObject("Register/input__Password"), password)
2026-03-06 20:42:22.180 DEBUG testcase.TC_REG_07                       - 14: setText(findTestObject("Register/input__Konfirmasi Password"), password)
2026-03-06 20:42:23.420 DEBUG testcase.TC_REG_07                       - 15: verifyElementNotClickable(findTestObject("Register/button_Buat Akun Active"))
2026-03-06 20:42:23.689 DEBUG testcase.TC_REG_07                       - 16: delay(1)
2026-03-06 20:42:24.698 INFO  c.k.katalon.core.main.TestCaseExecutor   - END Test Cases/Register/TC_REG_07
2026-03-06 20:42:24.703 INFO  c.k.katalon.core.main.TestCaseExecutor   - --------------------
2026-03-06 20:42:24.703 INFO  c.k.katalon.core.main.TestCaseExecutor   - START Test Cases/Register/TC_REG_08
2026-03-06 20:42:24.859 DEBUG testcase.TC_REG_08                       - 1: openBrowser(url)
2026-03-06 20:42:24.860 WARN  c.k.k.core.webui.driver.DriverFactory    - A browser is already opened. Closing browser and opening a new one
2026-03-06 20:42:25.351 INFO  c.k.k.core.webui.driver.DriverFactory    - Starting 'Edge Chromium' driver
2026-03-06 20:42:25.356 INFO  c.k.k.core.webui.driver.DriverFactory    - Action delay is set to 0 milliseconds
Mar 06, 2026 8:42:27 PM org.openqa.selenium.devtools.CdpVersionFinder findNearestMatch
WARNING: Unable to find an exact match for CDP version 145, returning the closest version; found: 143; Please update to a Selenium version that supports CDP version 145
2026-03-06 20:42:27.445 INFO  c.k.k.core.webui.driver.DriverFactory    - sessionId = 93af2cd13a8748ae5d61100eb9261a3a
2026-03-06 20:42:27.446 INFO  c.k.k.core.webui.driver.DriverFactory    - browser = Edge Chromium 145.0.3800.82
2026-03-06 20:42:27.447 INFO  c.k.k.core.webui.driver.DriverFactory    - platform = Windows 11
2026-03-06 20:42:27.447 INFO  c.k.k.core.webui.driver.DriverFactory    - seleniumVersion = 4.39.0
2026-03-06 20:42:27.448 INFO  c.k.k.core.webui.driver.DriverFactory    - proxyInformation = ProxyInformation { proxyOption=NO_PROXY, proxyServerType=HTTP, username=, password=********, proxyServerAddress=, proxyServerPort=0, executionList="", isApplyToDesiredCapabilities=true }
2026-03-06 20:42:28.165 DEBUG testcase.TC_REG_08                       - 2: maximizeWindow()
2026-03-06 20:42:28.593 DEBUG testcase.TC_REG_08                       - 3: delay(5)
2026-03-06 20:42:33.615 DEBUG testcase.TC_REG_08                       - 4: click(findTestObject("Register/button_Masuk"))
2026-03-06 20:42:34.124 DEBUG testcase.TC_REG_08                       - 5: click(findTestObject("Register/span_Daftar Sekarang"))
2026-03-06 20:42:36.044 DEBUG testcase.TC_REG_08                       - 6: delay(3)
2026-03-06 20:42:39.056 DEBUG testcase.TC_REG_08                       - 7: setText(findTestObject("Register/input__Nama Depan"), "Devan")
2026-03-06 20:42:40.038 DEBUG testcase.TC_REG_08                       - 8: setText(findTestObject("Register/input__Nama Belakang"), "Putra")
2026-03-06 20:42:41.083 DEBUG testcase.TC_REG_08                       - 9: rand = new java.util.Random()
2026-03-06 20:42:41.090 DEBUG testcase.TC_REG_08                       - 10: phoneNumber = "08" + 100000000 + rand.nextInt(900000000)
2026-03-06 20:42:41.093 DEBUG testcase.TC_REG_08                       - 11: setText(findTestObject("Register/input_Whatsapp"), phoneNumber)
2026-03-06 20:42:42.323 DEBUG testcase.TC_REG_08                       - 12: sendKeys(findTestObject("Register/input_Email"), valid_email)
2026-03-06 20:42:43.095 DEBUG testcase.TC_REG_08                       - 13: setText(findTestObject("Register/input__Password"), password)
2026-03-06 20:42:44.063 DEBUG testcase.TC_REG_08                       - 14: setText(findTestObject("Register/input__Konfirmasi Password"), password)
2026-03-06 20:42:45.267 DEBUG testcase.TC_REG_08                       - 15: click(findTestObject("Register/Checklist TnC"))
2026-03-06 20:42:45.709 DEBUG testcase.TC_REG_08                       - 16: click(findTestObject("Register/button_Buat Akun Active"), OPTIONAL)
2026-03-06 20:42:46.423 DEBUG testcase.TC_REG_08                       - 17: delay(2)
2026-03-06 20:42:48.439 DEBUG testcase.TC_REG_08                       - 18: click(findTestObject("Register/button_Buat Akun Active"), OPTIONAL)
2026-03-06 20:42:48.929 DEBUG testcase.TC_REG_08                       - 19: delay(2)
2026-03-06 20:42:50.949 DEBUG testcase.TC_REG_08                       - 20: click(findTestObject("Register/button_Buat Akun Active"), OPTIONAL)
2026-03-06 20:43:00.981 WARN  c.k.k.c.w.keyword.builtin.ClickKeyword   - Waiting for element timed out
2026-03-06 20:43:02.043 WARN  c.k.k.core.keyword.internal.KeywordMain  - Unable to click on object 'Object Repository/Register/button_Buat Akun Active' (Root cause: com.kms.katalon.core.exception.StepFailedException: Unable to click on object 'Object Repository/Register/button_Buat Akun Active'
	at com.kms.katalon.core.webui.keyword.internal.WebUIKeywordMain.stepFailed(WebUIKeywordMain.groovy:177)
	at com.kms.katalon.core.webui.keyword.internal.WebUIKeywordMain.runKeyword(WebUIKeywordMain.groovy:49)
	at com.kms.katalon.core.webui.keyword.internal.WebUIKeywordMain.runKeywordUntilTimeout(WebUIKeywordMain.groovy:133)
	at com.kms.katalon.core.webui.keyword.builtin.ClickKeyword.click(ClickKeyword.groovy:72)
	at com.kms.katalon.core.webui.keyword.builtin.ClickKeyword.execute(ClickKeyword.groovy:38)
	at com.kms.katalon.core.keyword.internal.KeywordExecutor.executeKeywordForPlatform(KeywordExecutor.groovy:95)
	at com.kms.katalon.core.webui.keyword.WebUiBuiltInKeywords.click(WebUiBuiltInKeywords.groovy:684)
	at TC_REG_08.run(TC_REG_08:58)
	at com.kms.katalon.core.main.ScriptEngine.run(ScriptEngine.java:194)
	at com.kms.katalon.core.main.ScriptEngine.runScriptAsRawText(ScriptEngine.java:119)
	at com.kms.katalon.core.main.TestCaseExecutor.runScript(TestCaseExecutor.java:502)
	at com.kms.katalon.core.main.TestCaseExecutor.doExecute(TestCaseExecutor.java:493)
	at com.kms.katalon.core.main.TestCaseExecutor.processExecutionPhase(TestCaseExecutor.java:472)
	at com.kms.katalon.core.main.TestCaseExecutor.accessMainPhase(TestCaseExecutor.java:464)
	at com.kms.katalon.core.main.TestCaseExecutor.execute(TestCaseExecutor.java:334)
	at com.kms.katalon.core.common.CommonExecutor.accessTestCaseMainPhase(CommonExecutor.java:71)
	at com.kms.katalon.core.main.TestSuiteExecutor.accessTestSuiteMainPhase(TestSuiteExecutor.java:163)
	at com.kms.katalon.core.main.TestSuiteExecutor.execute(TestSuiteExecutor.java:120)
	at com.kms.katalon.core.main.TestCaseMain.startTestSuite(TestCaseMain.java:205)
	at S0.run(S0.groovy:40)
	at java.base/jdk.internal.reflect.DirectMethodHandleAccessor.invoke(DirectMethodHandleAccessor.java:103)
Caused by: org.openqa.selenium.ElementClickInterceptedException: element click intercepted: Element <button class="inline-flex items-center font-bold justify-center whitespace-nowrap rounded-lg text-sm ring-offset-background transition-colors focus-visible:outline-none focus-visible:ring-2 focus-visible:ring-ring focus-visible:ring-offset-2 disabled:pointer-events-none disabled:opacity-50 bg-primary text-white hover:bg-primary/90 px-4 py-2 !mt-6 h-12 w-full" type="submit" disabled="">...</button> is not clickable at point (606, 746). Other element would receive the click: <form class="mt-6 space-y-6" siq_id="autopick_dzyqeft46v" data-gtm-form-interact-id="0">...</form>
  (Session info: MicrosoftEdge=145.0.3800.82)
Build info: version: '4.39.0', revision: '126f156aee'
System info: os.name: 'Windows 11', os.arch: 'amd64', os.version: '10.0', java.version: '21.0.9'
Driver info: com.kms.katalon.selenium.driver.CEdgeDriver
Command: [93af2cd13a8748ae5d61100eb9261a3a, clickElement {id=f.181BF6C10EF7B0002AC6702AE53FE06C.d.6C902EE08F7A77CDB05E2DF045E5A2A8.e.78}]
Capabilities {acceptInsecureCerts: false, browserName: MicrosoftEdge, browserVersion: 145.0.3800.82, fedcm:accounts: true, goog:processID: 24324, ms:edgeOptions: {debuggerAddress: localhost:56074}, msedge: {msedgedriverVersion: 145.0.3800.70 (57ed5ba8de27..., userDataDir: C:\Users\X1CARB~1\AppData\L...}, networkConnectionEnabled: false, pageLoadStrategy: normal, platformName: windows, proxy: Proxy(), se:cdp: ws://localhost:56074/devtoo..., se:cdpVersion: 145.0.3800.82, setWindowRect: true, strictFileInteractability: false, timeouts: {implicit: 0, pageLoad: 300000, script: 30000}, unhandledPromptBehavior: {alert: ignore, beforeUnload: ignore, confirm: ignore, default: ignore, file: ignore, prompt: ignore}, webSocketUrl: ws://localhost:22210/sessio..., webauthn:extension:credBlob: true, webauthn:extension:largeBlob: true, webauthn:extension:minPinLength: true, webauthn:extension:prf: true, webauthn:virtualAuthenticators: true}
Element: [[CEdgeDriver: MicrosoftEdge on windows (93af2cd13a8748ae5d61100eb9261a3a)] -> xpath: //button[@type='submit']]
Session ID: 93af2cd13a8748ae5d61100eb9261a3a
	at java.base/jdk.internal.reflect.DirectConstructorHandleAccessor.newInstance(DirectConstructorHandleAccessor.java:62)
	at org.openqa.selenium.remote.ErrorCodec.decode(ErrorCodec.java:167)
	at org.openqa.selenium.remote.codec.w3c.W3CHttpResponseCodec.decode(W3CHttpResponseCodec.java:142)
	at org.openqa.selenium.remote.codec.w3c.W3CHttpResponseCodec.decode(W3CHttpResponseCodec.java:49)
	at org.openqa.selenium.remote.HttpCommandExecutor.execute(HttpCommandExecutor.java:215)
	at org.openqa.selenium.remote.service.DriverCommandExecutor.invokeExecute(DriverCommandExecutor.java:216)
	at org.openqa.selenium.remote.service.DriverCommandExecutor.execute(DriverCommandExecutor.java:174)
	at org.openqa.selenium.remote.RemoteWebDriver.execute(RemoteWebDriver.java:561)
	at org.openqa.selenium.remote.RemoteWebElement.execute(RemoteWebElement.java:223)
	at org.openqa.selenium.remote.RemoteWebElement.click(RemoteWebElement.java:76)
	at java.base/jdk.internal.reflect.DirectMethodHandleAccessor.invoke(DirectMethodHandleAccessor.java:103)
	at org.openqa.selenium.support.decorators.WebDriverDecorator.call(WebDriverDecorator.java:326)
	at org.openqa.selenium.support.decorators.DefaultDecorated.call(DefaultDecorated.java:48)
	at org.openqa.selenium.support.decorators.WebDriverDecorator.lambda$createProxyFactory$3(WebDriverDecorator.java:416)
	at net.bytebuddy.renamed.java.lang.Object$ByteBuddy$0IngXYzn.click(Unknown Source)
	at com.kms.katalon.core.webui.keyword.builtin.ClickKeyword$_click_closure1.doCall(ClickKeyword.groovy:63)
	at java.base/jdk.internal.reflect.DirectMethodHandleAccessor.invoke(DirectMethodHandleAccessor.java:103)
	at jdk.proxy2/jdk.proxy2.$Proxy55.execute(Unknown Source)
	at com.kms.katalon.core.webui.model.SeleniumActionRetryController.performAction(SeleniumActionRetryController.java:96)
	at com.kms.katalon.core.webui.model.SeleniumActionRetryController.performAction(SeleniumActionRetryController.java:83)
	at com.kms.katalon.core.webui.keyword.internal.WebUIKeywordMain$_runKeywordUntilTimeout_closure1.doCall(WebUIKeywordMain.groovy:135)
	at com.kms.katalon.core.webui.keyword.internal.WebUIKeywordMain$_runKeywordUntilTimeout_closure1.call(WebUIKeywordMain.groovy)
	at com.kms.katalon.core.webui.keyword.internal.WebUIKeywordMain.runKeyword(WebUIKeywordMain.groovy:41)
	at com.kms.katalon.core.webui.keyword.internal.WebUIKeywordMain.runKeywordUntilTimeout(WebUIKeywordMain.groovy:133)
	at com.kms.katalon.core.webui.keyword.builtin.ClickKeyword.click(ClickKeyword.groovy:72)
	at com.kms.katalon.core.webui.keyword.builtin.ClickKeyword.execute(ClickKeyword.groovy:38)
	at com.kms.katalon.core.keyword.internal.KeywordExecutor.executeKeywordForPlatform(KeywordExecutor.groovy:95)
	at com.kms.katalon.core.webui.keyword.WebUiBuiltInKeywords.click(WebUiBuiltInKeywords.groovy:684)
	at Script1772780284835.run(Script1772780284835.groovy:58)
	... 13 more
)
2026-03-06 20:43:02.047 DEBUG testcase.TC_REG_08                       - 21: verifyTextPresent("User sudah terdaftar", false)
2026-03-06 20:43:02.369 ERROR c.k.k.core.keyword.internal.KeywordMain  - ❌ Text 'User sudah terdaftar' is not present on page  (Root cause: com.kms.katalon.core.exception.StepFailedException: Text 'User sudah terdaftar' is not present on page 
	at com.kms.katalon.core.webui.keyword.internal.WebUIKeywordMain.stepFailed(WebUIKeywordMain.groovy:177)
	at com.kms.katalon.core.webui.keyword.builtin.VerifyTextPresentKeyword$_verifyTextPresent_closure1.doCall(VerifyTextPresentKeyword.groovy:79)
	at com.kms.katalon.core.webui.keyword.builtin.VerifyTextPresentKeyword$_verifyTextPresent_closure1.call(VerifyTextPresentKeyword.groovy)
	at com.kms.katalon.core.webui.keyword.internal.WebUIKeywordMain.runKeyword(WebUIKeywordMain.groovy:41)
	at com.kms.katalon.core.webui.keyword.builtin.VerifyTextPresentKeyword.verifyTextPresent(VerifyTextPresentKeyword.groovy:83)
	at com.kms.katalon.core.webui.keyword.builtin.VerifyTextPresentKeyword.execute(VerifyTextPresentKeyword.groovy:68)
	at com.kms.katalon.core.keyword.internal.KeywordExecutor.executeKeywordForPlatform(KeywordExecutor.groovy:95)
	at com.kms.katalon.core.webui.keyword.WebUiBuiltInKeywords.verifyTextPresent(WebUiBuiltInKeywords.groovy:1824)
	at TC_REG_08.run(TC_REG_08:60)
	at com.kms.katalon.core.main.ScriptEngine.run(ScriptEngine.java:194)
	at com.kms.katalon.core.main.ScriptEngine.runScriptAsRawText(ScriptEngine.java:119)
	at com.kms.katalon.core.main.TestCaseExecutor.runScript(TestCaseExecutor.java:502)
	at com.kms.katalon.core.main.TestCaseExecutor.doExecute(TestCaseExecutor.java:493)
	at com.kms.katalon.core.main.TestCaseExecutor.processExecutionPhase(TestCaseExecutor.java:472)
	at com.kms.katalon.core.main.TestCaseExecutor.accessMainPhase(TestCaseExecutor.java:464)
	at com.kms.katalon.core.main.TestCaseExecutor.execute(TestCaseExecutor.java:334)
	at com.kms.katalon.core.common.CommonExecutor.accessTestCaseMainPhase(CommonExecutor.java:71)
	at com.kms.katalon.core.main.TestSuiteExecutor.accessTestSuiteMainPhase(TestSuiteExecutor.java:163)
	at com.kms.katalon.core.main.TestSuiteExecutor.execute(TestSuiteExecutor.java:120)
	at com.kms.katalon.core.main.TestCaseMain.startTestSuite(TestCaseMain.java:205)
	at S0.run(S0.groovy:40)
	at java.base/jdk.internal.reflect.DirectMethodHandleAccessor.invoke(DirectMethodHandleAccessor.java:103)
)
2026-03-06 20:43:02.925 ERROR c.k.k.core.keyword.internal.KeywordMain  - ❌ Unable to verify text 'User sudah terdaftar' is present  (Root cause: com.kms.katalon.core.exception.StepFailedException: Unable to verify text 'User sudah terdaftar' is present 
	at com.kms.katalon.core.webui.keyword.internal.WebUIKeywordMain.stepFailed(WebUIKeywordMain.groovy:177)
	at com.kms.katalon.core.webui.keyword.internal.WebUIKeywordMain.runKeyword(WebUIKeywordMain.groovy:49)
	at com.kms.katalon.core.webui.keyword.builtin.VerifyTextPresentKeyword.verifyTextPresent(VerifyTextPresentKeyword.groovy:83)
	at com.kms.katalon.core.webui.keyword.builtin.VerifyTextPresentKeyword.execute(VerifyTextPresentKeyword.groovy:68)
	at com.kms.katalon.core.keyword.internal.KeywordExecutor.executeKeywordForPlatform(KeywordExecutor.groovy:95)
	at com.kms.katalon.core.webui.keyword.WebUiBuiltInKeywords.verifyTextPresent(WebUiBuiltInKeywords.groovy:1824)
	at TC_REG_08.run(TC_REG_08:60)
	at com.kms.katalon.core.main.ScriptEngine.run(ScriptEngine.java:194)
	at com.kms.katalon.core.main.ScriptEngine.runScriptAsRawText(ScriptEngine.java:119)
	at com.kms.katalon.core.main.TestCaseExecutor.runScript(TestCaseExecutor.java:502)
	at com.kms.katalon.core.main.TestCaseExecutor.doExecute(TestCaseExecutor.java:493)
	at com.kms.katalon.core.main.TestCaseExecutor.processExecutionPhase(TestCaseExecutor.java:472)
	at com.kms.katalon.core.main.TestCaseExecutor.accessMainPhase(TestCaseExecutor.java:464)
	at com.kms.katalon.core.main.TestCaseExecutor.execute(TestCaseExecutor.java:334)
	at com.kms.katalon.core.common.CommonExecutor.accessTestCaseMainPhase(CommonExecutor.java:71)
	at com.kms.katalon.core.main.TestSuiteExecutor.accessTestSuiteMainPhase(TestSuiteExecutor.java:163)
	at com.kms.katalon.core.main.TestSuiteExecutor.execute(TestSuiteExecutor.java:120)
	at com.kms.katalon.core.main.TestCaseMain.startTestSuite(TestCaseMain.java:205)
	at S0.run(S0.groovy:40)
	at java.base/jdk.internal.reflect.DirectMethodHandleAccessor.invoke(DirectMethodHandleAccessor.java:103)
Caused by: com.kms.katalon.core.exception.StepFailedException: Text 'User sudah terdaftar' is not present on page 
	at com.kms.katalon.core.webui.keyword.internal.WebUIKeywordMain.stepFailed(WebUIKeywordMain.groovy:177)
	at com.kms.katalon.core.webui.keyword.builtin.VerifyTextPresentKeyword$_verifyTextPresent_closure1.doCall(VerifyTextPresentKeyword.groovy:79)
	at com.kms.katalon.core.webui.keyword.builtin.VerifyTextPresentKeyword$_verifyTextPresent_closure1.call(VerifyTextPresentKeyword.groovy)
	at com.kms.katalon.core.webui.keyword.internal.WebUIKeywordMain.runKeyword(WebUIKeywordMain.groovy:41)
	... 18 more
)
2026-03-06 20:43:02.929 ERROR c.k.katalon.core.main.TestCaseExecutor   - ❌ Test Cases/Register/TC_REG_08 FAILED.
Reason:
com.kms.katalon.core.exception.StepFailedException: Unable to verify text 'User sudah terdaftar' is present 
	at com.kms.katalon.core.webui.keyword.internal.WebUIKeywordMain.stepFailed(WebUIKeywordMain.groovy:177)
	at com.kms.katalon.core.webui.keyword.internal.WebUIKeywordMain.runKeyword(WebUIKeywordMain.groovy:49)
	at com.kms.katalon.core.webui.keyword.builtin.VerifyTextPresentKeyword.verifyTextPresent(VerifyTextPresentKeyword.groovy:83)
	at com.kms.katalon.core.webui.keyword.builtin.VerifyTextPresentKeyword.execute(VerifyTextPresentKeyword.groovy:68)
	at com.kms.katalon.core.keyword.internal.KeywordExecutor.executeKeywordForPlatform(KeywordExecutor.groovy:95)
	at com.kms.katalon.core.webui.keyword.WebUiBuiltInKeywords.verifyTextPresent(WebUiBuiltInKeywords.groovy:1824)
	at TC_REG_08.run(TC_REG_08:60)
	at com.kms.katalon.core.main.ScriptEngine.run(ScriptEngine.java:194)
	at com.kms.katalon.core.main.ScriptEngine.runScriptAsRawText(ScriptEngine.java:119)
	at com.kms.katalon.core.main.TestCaseExecutor.runScript(TestCaseExecutor.java:502)
	at com.kms.katalon.core.main.TestCaseExecutor.doExecute(TestCaseExecutor.java:493)
	at com.kms.katalon.core.main.TestCaseExecutor.processExecutionPhase(TestCaseExecutor.java:472)
	at com.kms.katalon.core.main.TestCaseExecutor.accessMainPhase(TestCaseExecutor.java:464)
	at com.kms.katalon.core.main.TestCaseExecutor.execute(TestCaseExecutor.java:334)
	at com.kms.katalon.core.common.CommonExecutor.accessTestCaseMainPhase(CommonExecutor.java:71)
	at com.kms.katalon.core.main.TestSuiteExecutor.accessTestSuiteMainPhase(TestSuiteExecutor.java:163)
	at com.kms.katalon.core.main.TestSuiteExecutor.execute(TestSuiteExecutor.java:120)
	at com.kms.katalon.core.main.TestCaseMain.startTestSuite(TestCaseMain.java:205)
	at S0.run(S0.groovy:40)
	at java.base/jdk.internal.reflect.DirectMethodHandleAccessor.invoke(DirectMethodHandleAccessor.java:103)
Caused by: com.kms.katalon.core.exception.StepFailedException: Text 'User sudah terdaftar' is not present on page 
	at com.kms.katalon.core.webui.keyword.internal.WebUIKeywordMain.stepFailed(WebUIKeywordMain.groovy:177)
	at com.kms.katalon.core.webui.keyword.builtin.VerifyTextPresentKeyword$_verifyTextPresent_closure1.doCall(VerifyTextPresentKeyword.groovy:79)
	at com.kms.katalon.core.webui.keyword.builtin.VerifyTextPresentKeyword$_verifyTextPresent_closure1.call(VerifyTextPresentKeyword.groovy)
	at com.kms.katalon.core.webui.keyword.internal.WebUIKeywordMain.runKeyword(WebUIKeywordMain.groovy:41)
	... 18 more

2026-03-06 20:43:02.934 INFO  c.k.katalon.core.main.TestCaseExecutor   - END Test Cases/Register/TC_REG_08
2026-03-06 20:43:03.517 INFO  c.k.katalon.core.main.TestSuiteExecutor  - --------------------
2026-03-06 20:43:03.517 INFO  c.k.katalon.core.main.TestSuiteExecutor  - END Test Suites/Register
2026-03-06 20:43:03.518 INFO  c.k.katalon.core.main.TestSuiteExecutor  - ====================
