2026-03-06 20:54:17.855 INFO  c.k.k.c.l.logback.LogbackConfigurator    - Logback default configuration initialized from: C:\Users\x1 carbon\.katalon\packages\KS-11.0.1\configuration\org.eclipse.osgi\148\0\.cp\resources\logback\logback-execution.xml
2026-03-06 20:54:17.860 INFO  c.k.k.c.l.logback.LogbackConfigurator    - Logback custom configuration initialized from: D:\VocaGame\VocaGame\Include\config\log.properties
2026-03-06 20:54:19.304 INFO  c.k.katalon.core.main.TestSuiteExecutor  - START Test Suites/Register
2026-03-06 20:54:19.494 INFO  c.k.katalon.core.main.TestSuiteExecutor  - userFullName = Devanz
2026-03-06 20:54:19.498 INFO  c.k.katalon.core.main.TestSuiteExecutor  - projectName = VocaGame
2026-03-06 20:54:19.506 INFO  c.k.katalon.core.main.TestSuiteExecutor  - hostName = x1 carbon - DESKTOP-72PBSPN
2026-03-06 20:54:19.507 INFO  c.k.katalon.core.main.TestSuiteExecutor  - os = Windows 11 64bit
2026-03-06 20:54:19.509 INFO  c.k.katalon.core.main.TestSuiteExecutor  - hostAddress = 192.168.1.4
2026-03-06 20:54:19.511 INFO  c.k.katalon.core.main.TestSuiteExecutor  - katalonVersion = 11.0.1.0
2026-03-06 20:54:19.886 INFO  c.k.katalon.core.main.TestCaseExecutor   - --------------------
2026-03-06 20:54:19.891 INFO  c.k.katalon.core.main.TestCaseExecutor   - START Test Cases/Register/TC_REG_01
2026-03-06 20:54:21.034 DEBUG testcase.TC_REG_01                       - 1: openBrowser(url)
2026-03-06 20:54:22.043 INFO  c.k.k.core.webui.driver.DriverFactory    - Starting 'Edge Chromium' driver
2026-03-06 20:54:22.234 INFO  c.k.k.core.webui.driver.DriverFactory    - Action delay is set to 0 milliseconds
Mar 06, 2026 8:54:25 PM org.openqa.selenium.devtools.CdpVersionFinder findNearestMatch
WARNING: Unable to find an exact match for CDP version 145, returning the closest version; found: 143; Please update to a Selenium version that supports CDP version 145
2026-03-06 20:54:26.634 INFO  c.k.k.core.webui.driver.DriverFactory    - sessionId = 0a97c2c8f445b46857df0c970b2cc3ac
2026-03-06 20:54:26.651 INFO  c.k.k.core.webui.driver.DriverFactory    - browser = Edge Chromium 145.0.3800.82
2026-03-06 20:54:26.653 INFO  c.k.k.core.webui.driver.DriverFactory    - platform = Windows 11
2026-03-06 20:54:26.656 INFO  c.k.k.core.webui.driver.DriverFactory    - seleniumVersion = 4.39.0
2026-03-06 20:54:26.694 INFO  c.k.k.core.webui.driver.DriverFactory    - proxyInformation = ProxyInformation { proxyOption=NO_PROXY, proxyServerType=HTTP, username=, password=********, proxyServerAddress=, proxyServerPort=0, executionList="", isApplyToDesiredCapabilities=true }
2026-03-06 20:54:27.684 DEBUG testcase.TC_REG_01                       - 2: maximizeWindow()
2026-03-06 20:54:28.280 DEBUG testcase.TC_REG_01                       - 3: delay(3)
2026-03-06 20:54:31.592 DEBUG testcase.TC_REG_01                       - 4: click(findTestObject("Register/button_Masuk"))
2026-03-06 20:54:33.095 DEBUG testcase.TC_REG_01                       - 5: click(findTestObject("Register/span_Daftar Sekarang"))
2026-03-06 20:54:35.076 DEBUG testcase.TC_REG_01                       - 6: delay(5)
2026-03-06 20:54:40.102 DEBUG testcase.TC_REG_01                       - 7: setText(findTestObject("Register/input__Nama Depan"), "Devan")
2026-03-06 20:54:41.235 DEBUG testcase.TC_REG_01                       - 8: setText(findTestObject("Register/input__Nama Belakang"), "Putra")
2026-03-06 20:54:42.305 DEBUG testcase.TC_REG_01                       - 9: rand = new java.util.Random()
2026-03-06 20:54:42.335 DEBUG testcase.TC_REG_01                       - 10: phoneNumber = "08" + 100000000 + rand.nextInt(900000000)
2026-03-06 20:54:42.355 DEBUG testcase.TC_REG_01                       - 11: setText(findTestObject("Register/input_Whatsapp"), phoneNumber)
2026-03-06 20:54:43.506 DEBUG testcase.TC_REG_01                       - 12: setText(findTestObject("Register/input_Email"), "hyduziqo@fxzig.com")
2026-03-06 20:54:44.755 DEBUG testcase.TC_REG_01                       - 13: setText(findTestObject("Register/input__Password"), password)
2026-03-06 20:54:45.802 DEBUG testcase.TC_REG_01                       - 14: setText(findTestObject("Register/input__Konfirmasi Password"), password)
2026-03-06 20:54:47.049 DEBUG testcase.TC_REG_01                       - 15: click(findTestObject("Register/Checklist TnC"))
2026-03-06 20:54:47.496 DEBUG testcase.TC_REG_01                       - 16: click(findTestObject("Register/button_Buat Akun Active"), OPTIONAL)
2026-03-06 20:54:48.140 DEBUG testcase.TC_REG_01                       - 17: delay(1)
2026-03-06 20:54:49.174 DEBUG testcase.TC_REG_01                       - 18: click(findTestObject("Register/button_Buat Akun Active"), OPTIONAL)
2026-03-06 20:54:59.207 WARN  c.k.k.c.w.keyword.builtin.ClickKeyword   - Waiting for element timed out
2026-03-06 20:55:00.301 WARN  c.k.k.core.keyword.internal.KeywordMain  - Unable to click on object 'Object Repository/Register/button_Buat Akun Active' (Root cause: com.kms.katalon.core.exception.StepFailedException: Unable to click on object 'Object Repository/Register/button_Buat Akun Active'
	at com.kms.katalon.core.webui.keyword.internal.WebUIKeywordMain.stepFailed(WebUIKeywordMain.groovy:177)
	at com.kms.katalon.core.webui.keyword.internal.WebUIKeywordMain.runKeyword(WebUIKeywordMain.groovy:49)
	at com.kms.katalon.core.webui.keyword.internal.WebUIKeywordMain.runKeywordUntilTimeout(WebUIKeywordMain.groovy:133)
	at com.kms.katalon.core.webui.keyword.builtin.ClickKeyword.click(ClickKeyword.groovy:72)
	at com.kms.katalon.core.webui.keyword.builtin.ClickKeyword.execute(ClickKeyword.groovy:38)
	at com.kms.katalon.core.keyword.internal.KeywordExecutor.executeKeywordForPlatform(KeywordExecutor.groovy:95)
	at com.kms.katalon.core.webui.keyword.WebUiBuiltInKeywords.click(WebUiBuiltInKeywords.groovy:684)
	at TC_REG_01.run(TC_REG_01:67)
	at com.kms.katalon.core.main.ScriptEngine.run(ScriptEngine.java:194)
	at com.kms.katalon.core.main.ScriptEngine.runScriptAsRawText(ScriptEngine.java:119)
	at com.kms.katalon.core.main.TestCaseExecutor.runScript(TestCaseExecutor.java:502)
	at com.kms.katalon.core.main.TestCaseExecutor.doExecute(TestCaseExecutor.java:493)
	at com.kms.katalon.core.main.TestCaseExecutor.processExecutionPhase(TestCaseExecutor.java:472)
	at com.kms.katalon.core.main.TestCaseExecutor.accessMainPhase(TestCaseExecutor.java:464)
	at com.kms.katalon.core.main.TestCaseExecutor.execute(TestCaseExecutor.java:334)
	at com.kms.katalon.core.common.CommonExecutor.accessTestCaseMainPhase(CommonExecutor.java:71)
	at com.kms.katalon.core.main.TestSuiteExecutor.accessTestSuiteMainPhase(TestSuiteExecutor.java:163)
	at com.kms.katalon.core.main.TestSuiteExecutor.execute(TestSuiteExecutor.java:120)
	at com.kms.katalon.core.main.TestCaseMain.startTestSuite(TestCaseMain.java:205)
	at S0.run(S0.groovy:40)
	at java.base/jdk.internal.reflect.DirectMethodHandleAccessor.invoke(DirectMethodHandleAccessor.java:103)
Caused by: org.openqa.selenium.ElementClickInterceptedException: element click intercepted: Element <button class="inline-flex items-center font-bold justify-center whitespace-nowrap rounded-lg text-sm ring-offset-background transition-colors focus-visible:outline-none focus-visible:ring-2 focus-visible:ring-ring focus-visible:ring-offset-2 disabled:pointer-events-none disabled:opacity-50 bg-primary text-white hover:bg-primary/90 px-4 py-2 !mt-6 h-12 w-full" type="submit">...</button> is not clickable at point (606, 789). Other element would receive the click: <div data-state="open" class="fixed inset-0 z-[9999999] bg-black/30 data-[state=open]:animate-in data-[state=closed]:animate-out data-[state=closed]:fade-out-0 data-[state=open]:fade-in-0" style="pointer-events: auto;"></div>
  (Session info: MicrosoftEdge=145.0.3800.82)
Build info: version: '4.39.0', revision: '126f156aee'
System info: os.name: 'Windows 11', os.arch: 'amd64', os.version: '10.0', java.version: '21.0.9'
Driver info: com.kms.katalon.selenium.driver.CEdgeDriver
Command: [0a97c2c8f445b46857df0c970b2cc3ac, clickElement {id=f.99DEA2D18329F81836796D72BB1A2FDC.d.520F273CA12C886022081AFE52776CA5.e.78}]
Capabilities {acceptInsecureCerts: false, browserName: MicrosoftEdge, browserVersion: 145.0.3800.82, fedcm:accounts: true, goog:processID: 24944, ms:edgeOptions: {debuggerAddress: localhost:60471}, msedge: {msedgedriverVersion: 145.0.3800.70 (57ed5ba8de27..., userDataDir: C:\Users\X1CARB~1\AppData\L...}, networkConnectionEnabled: false, pageLoadStrategy: normal, platformName: windows, proxy: Proxy(), se:cdp: ws://localhost:60471/devtoo..., se:cdpVersion: 145.0.3800.82, setWindowRect: true, strictFileInteractability: false, timeouts: {implicit: 0, pageLoad: 300000, script: 30000}, unhandledPromptBehavior: {alert: ignore, beforeUnload: ignore, confirm: ignore, default: ignore, file: ignore, prompt: ignore}, webSocketUrl: ws://localhost:3681/session..., webauthn:extension:credBlob: true, webauthn:extension:largeBlob: true, webauthn:extension:minPinLength: true, webauthn:extension:prf: true, webauthn:virtualAuthenticators: true}
Element: [[CEdgeDriver: MicrosoftEdge on windows (0a97c2c8f445b46857df0c970b2cc3ac)] -> xpath: //button[@type='submit']]
Session ID: 0a97c2c8f445b46857df0c970b2cc3ac
	at java.base/jdk.internal.reflect.DirectConstructorHandleAccessor.newInstance(DirectConstructorHandleAccessor.java:62)
	at org.openqa.selenium.remote.ErrorCodec.decode(ErrorCodec.java:167)
	at org.openqa.selenium.remote.codec.w3c.W3CHttpResponseCodec.decode(W3CHttpResponseCodec.java:142)
	at org.openqa.selenium.remote.codec.w3c.W3CHttpResponseCodec.decode(W3CHttpResponseCodec.java:49)
	at org.openqa.selenium.remote.HttpCommandExecutor.execute(HttpCommandExecutor.java:215)
	at org.openqa.selenium.remote.service.DriverCommandExecutor.invokeExecute(DriverCommandExecutor.java:216)
	at org.openqa.selenium.remote.service.DriverCommandExecutor.execute(DriverCommandExecutor.java:174)
	at org.openqa.selenium.remote.RemoteWebDriver.execute(RemoteWebDriver.java:561)
	at org.openqa.selenium.remote.RemoteWebElement.execute(RemoteWebElement.java:223)
	at org.openqa.selenium.remote.RemoteWebElement.click(RemoteWebElement.java:76)
	at java.base/jdk.internal.reflect.DirectMethodHandleAccessor.invoke(DirectMethodHandleAccessor.java:103)
	at org.openqa.selenium.support.decorators.WebDriverDecorator.call(WebDriverDecorator.java:326)
	at org.openqa.selenium.support.decorators.DefaultDecorated.call(DefaultDecorated.java:48)
	at org.openqa.selenium.support.decorators.WebDriverDecorator.lambda$createProxyFactory$3(WebDriverDecorator.java:416)
	at net.bytebuddy.renamed.java.lang.Object$ByteBuddy$6u8poR7r.click(Unknown Source)
	at com.kms.katalon.core.webui.keyword.builtin.ClickKeyword$_click_closure1.doCall(ClickKeyword.groovy:63)
	at java.base/jdk.internal.reflect.DirectMethodHandleAccessor.invoke(DirectMethodHandleAccessor.java:103)
	at jdk.proxy2/jdk.proxy2.$Proxy55.execute(Unknown Source)
	at com.kms.katalon.core.webui.model.SeleniumActionRetryController.performAction(SeleniumActionRetryController.java:96)
	at com.kms.katalon.core.webui.model.SeleniumActionRetryController.performAction(SeleniumActionRetryController.java:83)
	at com.kms.katalon.core.webui.keyword.internal.WebUIKeywordMain$_runKeywordUntilTimeout_closure1.doCall(WebUIKeywordMain.groovy:135)
	at com.kms.katalon.core.webui.keyword.internal.WebUIKeywordMain$_runKeywordUntilTimeout_closure1.call(WebUIKeywordMain.groovy)
	at com.kms.katalon.core.webui.keyword.internal.WebUIKeywordMain.runKeyword(WebUIKeywordMain.groovy:41)
	at com.kms.katalon.core.webui.keyword.internal.WebUIKeywordMain.runKeywordUntilTimeout(WebUIKeywordMain.groovy:133)
	at com.kms.katalon.core.webui.keyword.builtin.ClickKeyword.click(ClickKeyword.groovy:72)
	at com.kms.katalon.core.webui.keyword.builtin.ClickKeyword.execute(ClickKeyword.groovy:38)
	at com.kms.katalon.core.keyword.internal.KeywordExecutor.executeKeywordForPlatform(KeywordExecutor.groovy:95)
	at com.kms.katalon.core.webui.keyword.WebUiBuiltInKeywords.click(WebUiBuiltInKeywords.groovy:684)
	at Script1772707223352.run(Script1772707223352.groovy:67)
	... 13 more
)
2026-03-06 20:55:00.312 DEBUG testcase.TC_REG_01                       - 19: delay(1)
2026-03-06 20:55:01.325 DEBUG testcase.TC_REG_01                       - 20: click(findTestObject("Register/button_Buat Akun Active"), OPTIONAL)
2026-03-06 20:55:11.362 WARN  c.k.k.c.w.keyword.builtin.ClickKeyword   - Waiting for element timed out
2026-03-06 20:55:12.431 WARN  c.k.k.core.keyword.internal.KeywordMain  - Unable to click on object 'Object Repository/Register/button_Buat Akun Active' (Root cause: com.kms.katalon.core.exception.StepFailedException: Unable to click on object 'Object Repository/Register/button_Buat Akun Active'
	at com.kms.katalon.core.webui.keyword.internal.WebUIKeywordMain.stepFailed(WebUIKeywordMain.groovy:177)
	at com.kms.katalon.core.webui.keyword.internal.WebUIKeywordMain.runKeyword(WebUIKeywordMain.groovy:49)
	at com.kms.katalon.core.webui.keyword.internal.WebUIKeywordMain.runKeywordUntilTimeout(WebUIKeywordMain.groovy:133)
	at com.kms.katalon.core.webui.keyword.builtin.ClickKeyword.click(ClickKeyword.groovy:72)
	at com.kms.katalon.core.webui.keyword.builtin.ClickKeyword.execute(ClickKeyword.groovy:38)
	at com.kms.katalon.core.keyword.internal.KeywordExecutor.executeKeywordForPlatform(KeywordExecutor.groovy:95)
	at com.kms.katalon.core.webui.keyword.WebUiBuiltInKeywords.click(WebUiBuiltInKeywords.groovy:684)
	at TC_REG_01.run(TC_REG_01:71)
	at com.kms.katalon.core.main.ScriptEngine.run(ScriptEngine.java:194)
	at com.kms.katalon.core.main.ScriptEngine.runScriptAsRawText(ScriptEngine.java:119)
	at com.kms.katalon.core.main.TestCaseExecutor.runScript(TestCaseExecutor.java:502)
	at com.kms.katalon.core.main.TestCaseExecutor.doExecute(TestCaseExecutor.java:493)
	at com.kms.katalon.core.main.TestCaseExecutor.processExecutionPhase(TestCaseExecutor.java:472)
	at com.kms.katalon.core.main.TestCaseExecutor.accessMainPhase(TestCaseExecutor.java:464)
	at com.kms.katalon.core.main.TestCaseExecutor.execute(TestCaseExecutor.java:334)
	at com.kms.katalon.core.common.CommonExecutor.accessTestCaseMainPhase(CommonExecutor.java:71)
	at com.kms.katalon.core.main.TestSuiteExecutor.accessTestSuiteMainPhase(TestSuiteExecutor.java:163)
	at com.kms.katalon.core.main.TestSuiteExecutor.execute(TestSuiteExecutor.java:120)
	at com.kms.katalon.core.main.TestCaseMain.startTestSuite(TestCaseMain.java:205)
	at S0.run(S0.groovy:40)
	at java.base/jdk.internal.reflect.DirectMethodHandleAccessor.invoke(DirectMethodHandleAccessor.java:103)
Caused by: org.openqa.selenium.ElementClickInterceptedException: element click intercepted: Element <button class="inline-flex items-center font-bold justify-center whitespace-nowrap rounded-lg text-sm ring-offset-background transition-colors focus-visible:outline-none focus-visible:ring-2 focus-visible:ring-ring focus-visible:ring-offset-2 disabled:pointer-events-none disabled:opacity-50 bg-primary text-white hover:bg-primary/90 px-4 py-2 !mt-6 h-12 w-full" type="submit">...</button> is not clickable at point (606, 789). Other element would receive the click: <div data-state="open" class="fixed inset-0 z-[9999999] bg-black/30 data-[state=open]:animate-in data-[state=closed]:animate-out data-[state=closed]:fade-out-0 data-[state=open]:fade-in-0" style="pointer-events: auto;"></div>
  (Session info: MicrosoftEdge=145.0.3800.82)
Build info: version: '4.39.0', revision: '126f156aee'
System info: os.name: 'Windows 11', os.arch: 'amd64', os.version: '10.0', java.version: '21.0.9'
Driver info: com.kms.katalon.selenium.driver.CEdgeDriver
Command: [0a97c2c8f445b46857df0c970b2cc3ac, clickElement {id=f.99DEA2D18329F81836796D72BB1A2FDC.d.520F273CA12C886022081AFE52776CA5.e.78}]
Capabilities {acceptInsecureCerts: false, browserName: MicrosoftEdge, browserVersion: 145.0.3800.82, fedcm:accounts: true, goog:processID: 24944, ms:edgeOptions: {debuggerAddress: localhost:60471}, msedge: {msedgedriverVersion: 145.0.3800.70 (57ed5ba8de27..., userDataDir: C:\Users\X1CARB~1\AppData\L...}, networkConnectionEnabled: false, pageLoadStrategy: normal, platformName: windows, proxy: Proxy(), se:cdp: ws://localhost:60471/devtoo..., se:cdpVersion: 145.0.3800.82, setWindowRect: true, strictFileInteractability: false, timeouts: {implicit: 0, pageLoad: 300000, script: 30000}, unhandledPromptBehavior: {alert: ignore, beforeUnload: ignore, confirm: ignore, default: ignore, file: ignore, prompt: ignore}, webSocketUrl: ws://localhost:3681/session..., webauthn:extension:credBlob: true, webauthn:extension:largeBlob: true, webauthn:extension:minPinLength: true, webauthn:extension:prf: true, webauthn:virtualAuthenticators: true}
Element: [[CEdgeDriver: MicrosoftEdge on windows (0a97c2c8f445b46857df0c970b2cc3ac)] -> xpath: //button[@type='submit']]
Session ID: 0a97c2c8f445b46857df0c970b2cc3ac
	at java.base/jdk.internal.reflect.DirectConstructorHandleAccessor.newInstance(DirectConstructorHandleAccessor.java:62)
	at org.openqa.selenium.remote.ErrorCodec.decode(ErrorCodec.java:167)
	at org.openqa.selenium.remote.codec.w3c.W3CHttpResponseCodec.decode(W3CHttpResponseCodec.java:142)
	at org.openqa.selenium.remote.codec.w3c.W3CHttpResponseCodec.decode(W3CHttpResponseCodec.java:49)
	at org.openqa.selenium.remote.HttpCommandExecutor.execute(HttpCommandExecutor.java:215)
	at org.openqa.selenium.remote.service.DriverCommandExecutor.invokeExecute(DriverCommandExecutor.java:216)
	at org.openqa.selenium.remote.service.DriverCommandExecutor.execute(DriverCommandExecutor.java:174)
	at org.openqa.selenium.remote.RemoteWebDriver.execute(RemoteWebDriver.java:561)
	at org.openqa.selenium.remote.RemoteWebElement.execute(RemoteWebElement.java:223)
	at org.openqa.selenium.remote.RemoteWebElement.click(RemoteWebElement.java:76)
	at java.base/jdk.internal.reflect.DirectMethodHandleAccessor.invoke(DirectMethodHandleAccessor.java:103)
	at org.openqa.selenium.support.decorators.WebDriverDecorator.call(WebDriverDecorator.java:326)
	at org.openqa.selenium.support.decorators.DefaultDecorated.call(DefaultDecorated.java:48)
	at org.openqa.selenium.support.decorators.WebDriverDecorator.lambda$createProxyFactory$3(WebDriverDecorator.java:416)
	at net.bytebuddy.renamed.java.lang.Object$ByteBuddy$6u8poR7r.click(Unknown Source)
	at com.kms.katalon.core.webui.keyword.builtin.ClickKeyword$_click_closure1.doCall(ClickKeyword.groovy:63)
	at java.base/jdk.internal.reflect.DirectMethodHandleAccessor.invoke(DirectMethodHandleAccessor.java:103)
	at jdk.proxy2/jdk.proxy2.$Proxy55.execute(Unknown Source)
	at com.kms.katalon.core.webui.model.SeleniumActionRetryController.performAction(SeleniumActionRetryController.java:96)
	at com.kms.katalon.core.webui.model.SeleniumActionRetryController.performAction(SeleniumActionRetryController.java:83)
	at com.kms.katalon.core.webui.keyword.internal.WebUIKeywordMain$_runKeywordUntilTimeout_closure1.doCall(WebUIKeywordMain.groovy:135)
	at com.kms.katalon.core.webui.keyword.internal.WebUIKeywordMain$_runKeywordUntilTimeout_closure1.call(WebUIKeywordMain.groovy)
	at com.kms.katalon.core.webui.keyword.internal.WebUIKeywordMain.runKeyword(WebUIKeywordMain.groovy:41)
	at com.kms.katalon.core.webui.keyword.internal.WebUIKeywordMain.runKeywordUntilTimeout(WebUIKeywordMain.groovy:133)
	at com.kms.katalon.core.webui.keyword.builtin.ClickKeyword.click(ClickKeyword.groovy:72)
	at com.kms.katalon.core.webui.keyword.builtin.ClickKeyword.execute(ClickKeyword.groovy:38)
	at com.kms.katalon.core.keyword.internal.KeywordExecutor.executeKeywordForPlatform(KeywordExecutor.groovy:95)
	at com.kms.katalon.core.webui.keyword.WebUiBuiltInKeywords.click(WebUiBuiltInKeywords.groovy:684)
	at Script1772707223352.run(Script1772707223352.groovy:71)
	... 13 more
)
2026-03-06 20:55:12.439 DEBUG testcase.TC_REG_01                       - 21: click(findTestObject("Register/li_Kirim OTP via Emailh1jtwdollicons.com"))
2026-03-06 20:55:12.909 DEBUG testcase.TC_REG_01                       - 22: click(findTestObject("Register/button_Lanjutkan"), OPTIONAL)
2026-03-06 20:55:13.553 DEBUG testcase.TC_REG_01                       - 23: delay(1)
2026-03-06 20:55:14.577 DEBUG testcase.TC_REG_01                       - 24: click(findTestObject("Register/button_Lanjutkan"), OPTIONAL)
2026-03-06 20:55:24.643 WARN  c.k.k.core.keyword.internal.KeywordMain  - Unable to click on object 'Object Repository/Register/button_Lanjutkan' (Root cause: com.kms.katalon.core.exception.StepFailedException: Unable to click on object 'Object Repository/Register/button_Lanjutkan'
	at com.kms.katalon.core.webui.keyword.internal.WebUIKeywordMain.stepFailed(WebUIKeywordMain.groovy:177)
	at com.kms.katalon.core.webui.keyword.internal.WebUIKeywordMain.runKeyword(WebUIKeywordMain.groovy:49)
	at com.kms.katalon.core.webui.keyword.internal.WebUIKeywordMain.runKeywordUntilTimeout(WebUIKeywordMain.groovy:133)
	at com.kms.katalon.core.webui.keyword.builtin.ClickKeyword.click(ClickKeyword.groovy:72)
	at com.kms.katalon.core.webui.keyword.builtin.ClickKeyword.execute(ClickKeyword.groovy:38)
	at com.kms.katalon.core.keyword.internal.KeywordExecutor.executeKeywordForPlatform(KeywordExecutor.groovy:95)
	at com.kms.katalon.core.webui.keyword.WebUiBuiltInKeywords.click(WebUiBuiltInKeywords.groovy:684)
	at TC_REG_01.run(TC_REG_01:82)
	at com.kms.katalon.core.main.ScriptEngine.run(ScriptEngine.java:194)
	at com.kms.katalon.core.main.ScriptEngine.runScriptAsRawText(ScriptEngine.java:119)
	at com.kms.katalon.core.main.TestCaseExecutor.runScript(TestCaseExecutor.java:502)
	at com.kms.katalon.core.main.TestCaseExecutor.doExecute(TestCaseExecutor.java:493)
	at com.kms.katalon.core.main.TestCaseExecutor.processExecutionPhase(TestCaseExecutor.java:472)
	at com.kms.katalon.core.main.TestCaseExecutor.accessMainPhase(TestCaseExecutor.java:464)
	at com.kms.katalon.core.main.TestCaseExecutor.execute(TestCaseExecutor.java:334)
	at com.kms.katalon.core.common.CommonExecutor.accessTestCaseMainPhase(CommonExecutor.java:71)
	at com.kms.katalon.core.main.TestSuiteExecutor.accessTestSuiteMainPhase(TestSuiteExecutor.java:163)
	at com.kms.katalon.core.main.TestSuiteExecutor.execute(TestSuiteExecutor.java:120)
	at com.kms.katalon.core.main.TestCaseMain.startTestSuite(TestCaseMain.java:205)
	at S0.run(S0.groovy:40)
	at java.base/jdk.internal.reflect.DirectMethodHandleAccessor.invoke(DirectMethodHandleAccessor.java:103)
Caused by: com.kms.katalon.core.webui.exception.WebElementNotFoundException: Web element with id: 'Object Repository/Register/button_Lanjutkan' located by 'By.xpath: //div[@id='radix-:r7:']/div/div/div/button[3]' not found
	at com.kms.katalon.core.webui.model.WebUiElementFinder.findElementByNormalMethods(WebUiElementFinder.java:193)
	at com.kms.katalon.core.webui.model.WebUiElementFinder.findElementsBySelectedMethod(WebUiElementFinder.java:91)
	at com.kms.katalon.core.webui.model.WebUiElementFinder.findElementsBySelectedMethod(WebUiElementFinder.java:74)
	at com.kms.katalon.core.webui.model.WebUiElementFinder.findElementsBySelectedMethod(WebUiElementFinder.java:69)
	at com.kms.katalon.core.webui.model.WebUiElementFinder.findElement(WebUiElementFinder.java:43)
	at com.kms.katalon.core.webui.model.WebUiElementFinderWithTimeout.basicFindElement(WebUiElementFinderWithTimeout.java:51)
	at com.kms.katalon.core.webui.model.WebUiElementFinderWithTimeout.lambda$0(WebUiElementFinderWithTimeout.java:29)
	at com.kms.katalon.core.webui.model.SeleniumActionRetryController.performAction(SeleniumActionRetryController.java:96)
	at com.kms.katalon.core.webui.model.SeleniumActionRetryController.performAction(SeleniumActionRetryController.java:83)
	at com.kms.katalon.core.webui.model.WebUiElementFinderWithTimeout.findElement(WebUiElementFinderWithTimeout.java:28)
	at com.kms.katalon.core.webui.keyword.internal.WebUIAbstractKeyword.findWebElement(WebUIAbstractKeyword.java:111)
	at com.kms.katalon.core.webui.keyword.builtin.ClickKeyword$_click_closure1.doCall(ClickKeyword.groovy:52)
	at java.base/jdk.internal.reflect.DirectMethodHandleAccessor.invoke(DirectMethodHandleAccessor.java:103)
	at jdk.proxy2/jdk.proxy2.$Proxy55.execute(Unknown Source)
	at com.kms.katalon.core.webui.model.SeleniumActionRetryController.performAction(SeleniumActionRetryController.java:96)
	at com.kms.katalon.core.webui.model.SeleniumActionRetryController.performAction(SeleniumActionRetryController.java:83)
	at com.kms.katalon.core.webui.keyword.internal.WebUIKeywordMain$_runKeywordUntilTimeout_closure1.doCall(WebUIKeywordMain.groovy:135)
	at com.kms.katalon.core.webui.keyword.internal.WebUIKeywordMain$_runKeywordUntilTimeout_closure1.call(WebUIKeywordMain.groovy)
	at com.kms.katalon.core.webui.keyword.internal.WebUIKeywordMain.runKeyword(WebUIKeywordMain.groovy:41)
	at com.kms.katalon.core.webui.keyword.internal.WebUIKeywordMain.runKeywordUntilTimeout(WebUIKeywordMain.groovy:133)
	at com.kms.katalon.core.webui.keyword.builtin.ClickKeyword.click(ClickKeyword.groovy:72)
	at com.kms.katalon.core.webui.keyword.builtin.ClickKeyword.execute(ClickKeyword.groovy:38)
	at com.kms.katalon.core.keyword.internal.KeywordExecutor.executeKeywordForPlatform(KeywordExecutor.groovy:95)
	at com.kms.katalon.core.webui.keyword.WebUiBuiltInKeywords.click(WebUiBuiltInKeywords.groovy:684)
	at Script1772707223352.run(Script1772707223352.groovy:82)
	... 13 more
)
2026-03-06 20:55:24.650 DEBUG testcase.TC_REG_01                       - 25: delay(7)
2026-03-06 20:55:31.671 DEBUG testcase.TC_REG_01                       - 26: click(findTestObject("Register/button_Verifikasi OTP"))
2026-03-06 20:55:32.225 DEBUG testcase.TC_REG_01                       - 27: delay(2)
2026-03-06 20:55:34.238 INFO  c.k.katalon.core.main.TestCaseExecutor   - END Test Cases/Register/TC_REG_01
2026-03-06 20:55:34.246 INFO  c.k.katalon.core.main.TestCaseExecutor   - --------------------
2026-03-06 20:55:34.246 INFO  c.k.katalon.core.main.TestCaseExecutor   - START Test Cases/Register/TC_REG_02
2026-03-06 20:55:34.393 DEBUG testcase.TC_REG_02                       - 1: openBrowser(url)
2026-03-06 20:55:34.405 WARN  c.k.k.core.webui.driver.DriverFactory    - A browser is already opened. Closing browser and opening a new one
2026-03-06 20:55:34.970 INFO  c.k.k.core.webui.driver.DriverFactory    - Starting 'Edge Chromium' driver
2026-03-06 20:55:34.979 INFO  c.k.k.core.webui.driver.DriverFactory    - Action delay is set to 0 milliseconds
Mar 06, 2026 8:55:37 PM org.openqa.selenium.devtools.CdpVersionFinder findNearestMatch
WARNING: Unable to find an exact match for CDP version 145, returning the closest version; found: 143; Please update to a Selenium version that supports CDP version 145
2026-03-06 20:55:37.413 INFO  c.k.k.core.webui.driver.DriverFactory    - sessionId = 2d18cfca745628cce9faecfe492777e7
2026-03-06 20:55:37.420 INFO  c.k.k.core.webui.driver.DriverFactory    - browser = Edge Chromium 145.0.3800.82
2026-03-06 20:55:37.421 INFO  c.k.k.core.webui.driver.DriverFactory    - platform = Windows 11
2026-03-06 20:55:37.421 INFO  c.k.k.core.webui.driver.DriverFactory    - seleniumVersion = 4.39.0
2026-03-06 20:55:37.426 INFO  c.k.k.core.webui.driver.DriverFactory    - proxyInformation = ProxyInformation { proxyOption=NO_PROXY, proxyServerType=HTTP, username=, password=********, proxyServerAddress=, proxyServerPort=0, executionList="", isApplyToDesiredCapabilities=true }
2026-03-06 20:55:38.521 DEBUG testcase.TC_REG_02                       - 2: maximizeWindow()
2026-03-06 20:55:38.843 DEBUG testcase.TC_REG_02                       - 3: delay(5)
2026-03-06 20:55:44.013 DEBUG testcase.TC_REG_02                       - 4: click(findTestObject("Register/button_Masuk"))
2026-03-06 20:55:44.534 DEBUG testcase.TC_REG_02                       - 5: click(findTestObject("Register/span_Daftar Sekarang"))
2026-03-06 20:55:46.660 DEBUG testcase.TC_REG_02                       - 6: delay(3)
2026-03-06 20:55:49.701 DEBUG testcase.TC_REG_02                       - 7: setText(findTestObject("Register/input__Nama Depan"), "a")
2026-03-06 20:55:50.615 DEBUG testcase.TC_REG_02                       - 8: setText(findTestObject("Register/input__Nama Belakang"), "a")
2026-03-06 20:55:51.804 DEBUG testcase.TC_REG_02                       - 9: delay(3)
2026-03-06 20:55:54.817 DEBUG testcase.TC_REG_02                       - 10: verifyTextPresent("Nama depan harus terdiri dari setidaknya 2 karakter.", false)
2026-03-06 20:55:55.182 DEBUG testcase.TC_REG_02                       - 11: verifyTextPresent("Nama belakang harus terdiri dari setidaknya 2 karakter.", false)
2026-03-06 20:55:55.484 DEBUG testcase.TC_REG_02                       - 12: scrollToElement(findTestObject("Register/button_Buat Akun Active"), 5)
2026-03-06 20:55:55.796 DEBUG testcase.TC_REG_02                       - 13: click(findTestObject("Register/Checklist TnC"))
2026-03-06 20:55:56.395 DEBUG testcase.TC_REG_02                       - 14: delay(5)
2026-03-06 20:56:01.415 DEBUG testcase.TC_REG_02                       - 15: verifyElementNotClickable(findTestObject("Register/button_Buat Akun Active"))
2026-03-06 20:56:01.715 INFO  c.k.katalon.core.main.TestCaseExecutor   - END Test Cases/Register/TC_REG_02
2026-03-06 20:56:01.724 INFO  c.k.katalon.core.main.TestCaseExecutor   - --------------------
2026-03-06 20:56:01.725 INFO  c.k.katalon.core.main.TestCaseExecutor   - START Test Cases/Register/TC_REG_03
2026-03-06 20:56:01.896 DEBUG testcase.TC_REG_03                       - 1: openBrowser(url)
2026-03-06 20:56:01.913 WARN  c.k.k.core.webui.driver.DriverFactory    - A browser is already opened. Closing browser and opening a new one
2026-03-06 20:56:02.600 INFO  c.k.k.core.webui.driver.DriverFactory    - Starting 'Edge Chromium' driver
2026-03-06 20:56:02.608 INFO  c.k.k.core.webui.driver.DriverFactory    - Action delay is set to 0 milliseconds
Mar 06, 2026 8:56:04 PM org.openqa.selenium.devtools.CdpVersionFinder findNearestMatch
WARNING: Unable to find an exact match for CDP version 145, returning the closest version; found: 143; Please update to a Selenium version that supports CDP version 145
2026-03-06 20:56:05.095 INFO  c.k.k.core.webui.driver.DriverFactory    - sessionId = a5988f17c100e5e8ee4272cc84c3d6a2
2026-03-06 20:56:05.097 INFO  c.k.k.core.webui.driver.DriverFactory    - browser = Edge Chromium 145.0.3800.82
2026-03-06 20:56:05.099 INFO  c.k.k.core.webui.driver.DriverFactory    - platform = Windows 11
2026-03-06 20:56:05.103 INFO  c.k.k.core.webui.driver.DriverFactory    - seleniumVersion = 4.39.0
2026-03-06 20:56:05.105 INFO  c.k.k.core.webui.driver.DriverFactory    - proxyInformation = ProxyInformation { proxyOption=NO_PROXY, proxyServerType=HTTP, username=, password=********, proxyServerAddress=, proxyServerPort=0, executionList="", isApplyToDesiredCapabilities=true }
2026-03-06 20:56:06.229 DEBUG testcase.TC_REG_03                       - 2: maximizeWindow()
2026-03-06 20:56:06.698 DEBUG testcase.TC_REG_03                       - 3: delay(5)
2026-03-06 20:56:11.768 DEBUG testcase.TC_REG_03                       - 4: click(findTestObject("Register/button_Masuk"))
2026-03-06 20:56:12.316 DEBUG testcase.TC_REG_03                       - 5: click(findTestObject("Register/span_Daftar Sekarang"))
2026-03-06 20:56:14.380 DEBUG testcase.TC_REG_03                       - 6: delay(3)
2026-03-06 20:56:17.390 DEBUG testcase.TC_REG_03                       - 7: setText(findTestObject("Register/input__Nama Depan"), "Devan")
2026-03-06 20:56:18.439 DEBUG testcase.TC_REG_03                       - 8: setText(findTestObject("Register/input__Nama Belakang"), "Putra")
2026-03-06 20:56:19.566 DEBUG testcase.TC_REG_03                       - 9: setText(findTestObject("Register/input_Email"), "aaaaa")
2026-03-06 20:56:20.587 DEBUG testcase.TC_REG_03                       - 10: delay(1)
2026-03-06 20:56:21.608 DEBUG testcase.TC_REG_03                       - 11: verifyElementText(findTestObject("Register/p_Harap masukkan alamat email yang valid"), "Harap masukkan alamat email yang valid.")
2026-03-06 20:56:21.949 DEBUG testcase.TC_REG_03                       - 12: scrollToElement(findTestObject("Register/button_Buat Akun Active"), 5)
2026-03-06 20:56:22.239 DEBUG testcase.TC_REG_03                       - 13: click(findTestObject("Register/Checklist TnC"))
2026-03-06 20:56:22.682 DEBUG testcase.TC_REG_03                       - 14: verifyElementNotClickable(findTestObject("Register/button_Buat Akun Active"))
2026-03-06 20:56:23.179 DEBUG testcase.TC_REG_03                       - 15: delay(1)
2026-03-06 20:56:24.192 INFO  c.k.katalon.core.main.TestCaseExecutor   - END Test Cases/Register/TC_REG_03
2026-03-06 20:56:24.198 INFO  c.k.katalon.core.main.TestCaseExecutor   - --------------------
2026-03-06 20:56:24.198 INFO  c.k.katalon.core.main.TestCaseExecutor   - START Test Cases/Register/TC_REG_04
2026-03-06 20:56:24.347 DEBUG testcase.TC_REG_04                       - 1: openBrowser(url)
2026-03-06 20:56:24.351 WARN  c.k.k.core.webui.driver.DriverFactory    - A browser is already opened. Closing browser and opening a new one
2026-03-06 20:56:24.896 INFO  c.k.k.core.webui.driver.DriverFactory    - Starting 'Edge Chromium' driver
2026-03-06 20:56:24.902 INFO  c.k.k.core.webui.driver.DriverFactory    - Action delay is set to 0 milliseconds
Mar 06, 2026 8:56:26 PM org.openqa.selenium.devtools.CdpVersionFinder findNearestMatch
WARNING: Unable to find an exact match for CDP version 145, returning the closest version; found: 143; Please update to a Selenium version that supports CDP version 145
2026-03-06 20:56:26.951 INFO  c.k.k.core.webui.driver.DriverFactory    - sessionId = ede95a3dbbad3066a7bdfb5f398df300
2026-03-06 20:56:26.952 INFO  c.k.k.core.webui.driver.DriverFactory    - browser = Edge Chromium 145.0.3800.82
2026-03-06 20:56:26.953 INFO  c.k.k.core.webui.driver.DriverFactory    - platform = Windows 11
2026-03-06 20:56:26.954 INFO  c.k.k.core.webui.driver.DriverFactory    - seleniumVersion = 4.39.0
2026-03-06 20:56:26.955 INFO  c.k.k.core.webui.driver.DriverFactory    - proxyInformation = ProxyInformation { proxyOption=NO_PROXY, proxyServerType=HTTP, username=, password=********, proxyServerAddress=, proxyServerPort=0, executionList="", isApplyToDesiredCapabilities=true }
2026-03-06 20:56:27.954 DEBUG testcase.TC_REG_04                       - 2: maximizeWindow()
2026-03-06 20:56:28.352 DEBUG testcase.TC_REG_04                       - 3: delay(5)
2026-03-06 20:56:33.390 DEBUG testcase.TC_REG_04                       - 4: click(findTestObject("Register/button_Masuk"))
2026-03-06 20:56:33.911 DEBUG testcase.TC_REG_04                       - 5: click(findTestObject("Register/span_Daftar Sekarang"))
2026-03-06 20:56:35.776 DEBUG testcase.TC_REG_04                       - 6: delay(3)
2026-03-06 20:56:38.790 DEBUG testcase.TC_REG_04                       - 7: setText(findTestObject("Register/input__Nama Depan"), "Devan")
2026-03-06 20:56:39.779 DEBUG testcase.TC_REG_04                       - 8: setText(findTestObject("Register/input__Nama Belakang"), "Putra")
2026-03-06 20:56:40.954 DEBUG testcase.TC_REG_04                       - 9: rand = new java.util.Random()
2026-03-06 20:56:40.956 DEBUG testcase.TC_REG_04                       - 10: phoneNumber = "08" + 100000000 + rand.nextInt(900000000)
2026-03-06 20:56:40.967 DEBUG testcase.TC_REG_04                       - 11: setText(findTestObject("Register/input_Whatsapp"), phoneNumber)
2026-03-06 20:56:42.168 DEBUG testcase.TC_REG_04                       - 12: sendKeys(findTestObject("Register/input_Email"), valid_email)
2026-03-06 20:56:43.007 DEBUG testcase.TC_REG_04                       - 13: setText(findTestObject("Register/input__Password"), "password@1")
2026-03-06 20:56:44.005 DEBUG testcase.TC_REG_04                       - 14: delay(2)
2026-03-06 20:56:46.026 DEBUG testcase.TC_REG_04                       - 15: scrollToElement(findTestObject("Register/button_Buat Akun Active"), 5)
2026-03-06 20:56:46.299 DEBUG testcase.TC_REG_04                       - 16: click(findTestObject("Register/Checklist TnC"))
2026-03-06 20:56:46.763 DEBUG testcase.TC_REG_04                       - 17: verifyElementNotClickable(findTestObject("Register/button_Buat Akun Active"))
2026-03-06 20:56:47.269 DEBUG testcase.TC_REG_04                       - 18: delay(2)
2026-03-06 20:56:49.282 INFO  c.k.katalon.core.main.TestCaseExecutor   - END Test Cases/Register/TC_REG_04
2026-03-06 20:56:49.286 INFO  c.k.katalon.core.main.TestCaseExecutor   - --------------------
2026-03-06 20:56:49.286 INFO  c.k.katalon.core.main.TestCaseExecutor   - START Test Cases/Register/TC_REG_05
2026-03-06 20:56:49.430 DEBUG testcase.TC_REG_05                       - 1: openBrowser(url)
2026-03-06 20:56:49.435 WARN  c.k.k.core.webui.driver.DriverFactory    - A browser is already opened. Closing browser and opening a new one
2026-03-06 20:56:49.966 INFO  c.k.k.core.webui.driver.DriverFactory    - Starting 'Edge Chromium' driver
2026-03-06 20:56:49.976 INFO  c.k.k.core.webui.driver.DriverFactory    - Action delay is set to 0 milliseconds
Mar 06, 2026 8:56:52 PM org.openqa.selenium.devtools.CdpVersionFinder findNearestMatch
WARNING: Unable to find an exact match for CDP version 145, returning the closest version; found: 143; Please update to a Selenium version that supports CDP version 145
2026-03-06 20:56:52.193 INFO  c.k.k.core.webui.driver.DriverFactory    - sessionId = 22d0decfae0cfd76aed75ab132a27353
2026-03-06 20:56:52.194 INFO  c.k.k.core.webui.driver.DriverFactory    - browser = Edge Chromium 145.0.3800.82
2026-03-06 20:56:52.194 INFO  c.k.k.core.webui.driver.DriverFactory    - platform = Windows 11
2026-03-06 20:56:52.195 INFO  c.k.k.core.webui.driver.DriverFactory    - seleniumVersion = 4.39.0
2026-03-06 20:56:52.196 INFO  c.k.k.core.webui.driver.DriverFactory    - proxyInformation = ProxyInformation { proxyOption=NO_PROXY, proxyServerType=HTTP, username=, password=********, proxyServerAddress=, proxyServerPort=0, executionList="", isApplyToDesiredCapabilities=true }
2026-03-06 20:56:53.278 DEBUG testcase.TC_REG_05                       - 2: maximizeWindow()
2026-03-06 20:56:53.527 DEBUG testcase.TC_REG_05                       - 3: delay(5)
2026-03-06 20:56:58.551 DEBUG testcase.TC_REG_05                       - 4: click(findTestObject("Register/button_Masuk"))
2026-03-06 20:56:59.134 DEBUG testcase.TC_REG_05                       - 5: click(findTestObject("Register/span_Daftar Sekarang"))
2026-03-06 20:57:01.026 DEBUG testcase.TC_REG_05                       - 6: delay(3)
2026-03-06 20:57:04.055 DEBUG testcase.TC_REG_05                       - 7: setText(findTestObject("Register/input__Nama Depan"), "Devan")
2026-03-06 20:57:05.023 DEBUG testcase.TC_REG_05                       - 8: setText(findTestObject("Register/input__Nama Belakang"), "Putra")
2026-03-06 20:57:06.079 DEBUG testcase.TC_REG_05                       - 9: rand = new java.util.Random()
2026-03-06 20:57:06.085 DEBUG testcase.TC_REG_05                       - 10: phoneNumber = "08" + 100000000 + rand.nextInt(900000000)
2026-03-06 20:57:06.088 DEBUG testcase.TC_REG_05                       - 11: setText(findTestObject("Register/input_Whatsapp"), phoneNumber)
2026-03-06 20:57:07.290 DEBUG testcase.TC_REG_05                       - 12: sendKeys(findTestObject("Register/input_Email"), valid_email)
2026-03-06 20:57:08.024 DEBUG testcase.TC_REG_05                       - 13: setText(findTestObject("Register/input__Password"), "Password1")
2026-03-06 20:57:08.974 DEBUG testcase.TC_REG_05                       - 14: delay(2)
2026-03-06 20:57:10.980 DEBUG testcase.TC_REG_05                       - 15: scrollToElement(findTestObject("Register/button_Buat Akun Active"), 5)
2026-03-06 20:57:11.248 DEBUG testcase.TC_REG_05                       - 16: click(findTestObject("Register/Checklist TnC"))
2026-03-06 20:57:11.719 DEBUG testcase.TC_REG_05                       - 17: verifyElementNotClickable(findTestObject("Register/button_Buat Akun Active"))
2026-03-06 20:57:12.214 DEBUG testcase.TC_REG_05                       - 18: delay(2)
2026-03-06 20:57:14.221 INFO  c.k.katalon.core.main.TestCaseExecutor   - END Test Cases/Register/TC_REG_05
2026-03-06 20:57:14.224 INFO  c.k.katalon.core.main.TestCaseExecutor   - --------------------
2026-03-06 20:57:14.225 INFO  c.k.katalon.core.main.TestCaseExecutor   - START Test Cases/Register/TC_REG_06
2026-03-06 20:57:14.366 DEBUG testcase.TC_REG_06                       - 1: openBrowser(url)
2026-03-06 20:57:14.374 WARN  c.k.k.core.webui.driver.DriverFactory    - A browser is already opened. Closing browser and opening a new one
2026-03-06 20:57:14.894 INFO  c.k.k.core.webui.driver.DriverFactory    - Starting 'Edge Chromium' driver
2026-03-06 20:57:14.900 INFO  c.k.k.core.webui.driver.DriverFactory    - Action delay is set to 0 milliseconds
Mar 06, 2026 8:57:16 PM org.openqa.selenium.devtools.CdpVersionFinder findNearestMatch
WARNING: Unable to find an exact match for CDP version 145, returning the closest version; found: 143; Please update to a Selenium version that supports CDP version 145
2026-03-06 20:57:16.926 INFO  c.k.k.core.webui.driver.DriverFactory    - sessionId = 71efc20c270b584ada7d1dcfc147f381
2026-03-06 20:57:16.926 INFO  c.k.k.core.webui.driver.DriverFactory    - browser = Edge Chromium 145.0.3800.82
2026-03-06 20:57:16.927 INFO  c.k.k.core.webui.driver.DriverFactory    - platform = Windows 11
2026-03-06 20:57:16.927 INFO  c.k.k.core.webui.driver.DriverFactory    - seleniumVersion = 4.39.0
2026-03-06 20:57:16.931 INFO  c.k.k.core.webui.driver.DriverFactory    - proxyInformation = ProxyInformation { proxyOption=NO_PROXY, proxyServerType=HTTP, username=, password=********, proxyServerAddress=, proxyServerPort=0, executionList="", isApplyToDesiredCapabilities=true }
2026-03-06 20:57:17.975 DEBUG testcase.TC_REG_06                       - 2: maximizeWindow()
2026-03-06 20:57:18.208 DEBUG testcase.TC_REG_06                       - 3: delay(5)
2026-03-06 20:57:23.223 DEBUG testcase.TC_REG_06                       - 4: click(findTestObject("Register/button_Masuk"))
2026-03-06 20:57:23.759 DEBUG testcase.TC_REG_06                       - 5: click(findTestObject("Register/span_Daftar Sekarang"))
2026-03-06 20:57:25.809 DEBUG testcase.TC_REG_06                       - 6: delay(3)
2026-03-06 20:57:28.844 DEBUG testcase.TC_REG_06                       - 7: setText(findTestObject("Register/input__Nama Depan"), "Devan")
2026-03-06 20:57:29.877 DEBUG testcase.TC_REG_06                       - 8: setText(findTestObject("Register/input__Nama Belakang"), "Putra")
2026-03-06 20:57:31.037 DEBUG testcase.TC_REG_06                       - 9: rand = new java.util.Random()
2026-03-06 20:57:31.040 DEBUG testcase.TC_REG_06                       - 10: phoneNumber = "08" + 100000000 + rand.nextInt(900000000)
2026-03-06 20:57:31.046 DEBUG testcase.TC_REG_06                       - 11: setText(findTestObject("Register/input_Whatsapp"), phoneNumber)
2026-03-06 20:57:32.249 DEBUG testcase.TC_REG_06                       - 12: sendKeys(findTestObject("Register/input_Email"), valid_email)
2026-03-06 20:57:33.047 DEBUG testcase.TC_REG_06                       - 13: setText(findTestObject("Register/input__Password"), password)
2026-03-06 20:57:34.067 DEBUG testcase.TC_REG_06                       - 14: setText(findTestObject("Register/input__Konfirmasi Password"), "Password")
2026-03-06 20:57:35.305 DEBUG testcase.TC_REG_06                       - 15: verifyElementText(findTestObject("Register/p_Konfirmasi kata sandi tidak cocok"), "Konfirmasi kata sandi tidak cocok.")
2026-03-06 20:57:35.703 DEBUG testcase.TC_REG_06                       - 16: click(findTestObject("Register/Checklist TnC"))
2026-03-06 20:57:36.187 DEBUG testcase.TC_REG_06                       - 17: verifyElementNotClickable(findTestObject("Register/button_Buat Akun Active"))
2026-03-06 20:57:36.694 DEBUG testcase.TC_REG_06                       - 18: delay(2)
2026-03-06 20:57:38.712 INFO  c.k.katalon.core.main.TestCaseExecutor   - END Test Cases/Register/TC_REG_06
2026-03-06 20:57:38.715 INFO  c.k.katalon.core.main.TestCaseExecutor   - --------------------
2026-03-06 20:57:38.715 INFO  c.k.katalon.core.main.TestCaseExecutor   - START Test Cases/Register/TC_REG_07
2026-03-06 20:57:38.838 DEBUG testcase.TC_REG_07                       - 1: openBrowser(url)
2026-03-06 20:57:38.840 WARN  c.k.k.core.webui.driver.DriverFactory    - A browser is already opened. Closing browser and opening a new one
2026-03-06 20:57:39.390 INFO  c.k.k.core.webui.driver.DriverFactory    - Starting 'Edge Chromium' driver
2026-03-06 20:57:39.396 INFO  c.k.k.core.webui.driver.DriverFactory    - Action delay is set to 0 milliseconds
Mar 06, 2026 8:57:41 PM org.openqa.selenium.devtools.CdpVersionFinder findNearestMatch
WARNING: Unable to find an exact match for CDP version 145, returning the closest version; found: 143; Please update to a Selenium version that supports CDP version 145
2026-03-06 20:57:41.554 INFO  c.k.k.core.webui.driver.DriverFactory    - sessionId = 089c35606ee2bd0c3d9b9dfce040adeb
2026-03-06 20:57:41.557 INFO  c.k.k.core.webui.driver.DriverFactory    - browser = Edge Chromium 145.0.3800.82
2026-03-06 20:57:41.558 INFO  c.k.k.core.webui.driver.DriverFactory    - platform = Windows 11
2026-03-06 20:57:41.559 INFO  c.k.k.core.webui.driver.DriverFactory    - seleniumVersion = 4.39.0
2026-03-06 20:57:41.562 INFO  c.k.k.core.webui.driver.DriverFactory    - proxyInformation = ProxyInformation { proxyOption=NO_PROXY, proxyServerType=HTTP, username=, password=********, proxyServerAddress=, proxyServerPort=0, executionList="", isApplyToDesiredCapabilities=true }
2026-03-06 20:57:42.376 DEBUG testcase.TC_REG_07                       - 2: maximizeWindow()
2026-03-06 20:57:42.708 DEBUG testcase.TC_REG_07                       - 3: delay(5)
2026-03-06 20:57:47.730 DEBUG testcase.TC_REG_07                       - 4: click(findTestObject("Register/button_Masuk"))
2026-03-06 20:57:48.285 DEBUG testcase.TC_REG_07                       - 5: click(findTestObject("Register/span_Daftar Sekarang"))
2026-03-06 20:57:50.374 DEBUG testcase.TC_REG_07                       - 6: delay(3)
2026-03-06 20:57:53.385 DEBUG testcase.TC_REG_07                       - 7: setText(findTestObject("Register/input__Nama Depan"), "Devan")
2026-03-06 20:57:54.420 DEBUG testcase.TC_REG_07                       - 8: setText(findTestObject("Register/input__Nama Belakang"), "Putra")
2026-03-06 20:57:55.514 DEBUG testcase.TC_REG_07                       - 9: rand = new java.util.Random()
2026-03-06 20:57:55.518 DEBUG testcase.TC_REG_07                       - 10: phoneNumber = "08" + 100000000 + rand.nextInt(900000000)
2026-03-06 20:57:55.521 DEBUG testcase.TC_REG_07                       - 11: setText(findTestObject("Register/input_Whatsapp"), phoneNumber)
2026-03-06 20:57:56.740 DEBUG testcase.TC_REG_07                       - 12: sendKeys(findTestObject("Register/input_Email"), valid_email)
2026-03-06 20:57:57.542 DEBUG testcase.TC_REG_07                       - 13: setText(findTestObject("Register/input__Password"), password)
2026-03-06 20:57:58.545 DEBUG testcase.TC_REG_07                       - 14: setText(findTestObject("Register/input__Konfirmasi Password"), password)
2026-03-06 20:57:59.745 DEBUG testcase.TC_REG_07                       - 15: verifyElementNotClickable(findTestObject("Register/button_Buat Akun Active"))
2026-03-06 20:58:00.043 DEBUG testcase.TC_REG_07                       - 16: delay(1)
2026-03-06 20:58:01.058 INFO  c.k.katalon.core.main.TestCaseExecutor   - END Test Cases/Register/TC_REG_07
2026-03-06 20:58:01.061 INFO  c.k.katalon.core.main.TestCaseExecutor   - --------------------
2026-03-06 20:58:01.061 INFO  c.k.katalon.core.main.TestCaseExecutor   - START Test Cases/Register/TC_REG_08
2026-03-06 20:58:01.253 DEBUG testcase.TC_REG_08                       - 1: openBrowser(url)
2026-03-06 20:58:01.257 WARN  c.k.k.core.webui.driver.DriverFactory    - A browser is already opened. Closing browser and opening a new one
2026-03-06 20:58:01.780 INFO  c.k.k.core.webui.driver.DriverFactory    - Starting 'Edge Chromium' driver
2026-03-06 20:58:01.784 INFO  c.k.k.core.webui.driver.DriverFactory    - Action delay is set to 0 milliseconds
Mar 06, 2026 8:58:03 PM org.openqa.selenium.devtools.CdpVersionFinder findNearestMatch
WARNING: Unable to find an exact match for CDP version 145, returning the closest version; found: 143; Please update to a Selenium version that supports CDP version 145
2026-03-06 20:58:03.933 INFO  c.k.k.core.webui.driver.DriverFactory    - sessionId = d47360f3ff4e99b6422b866ecbb683fc
2026-03-06 20:58:03.934 INFO  c.k.k.core.webui.driver.DriverFactory    - browser = Edge Chromium 145.0.3800.82
2026-03-06 20:58:03.934 INFO  c.k.k.core.webui.driver.DriverFactory    - platform = Windows 11
2026-03-06 20:58:03.934 INFO  c.k.k.core.webui.driver.DriverFactory    - seleniumVersion = 4.39.0
2026-03-06 20:58:03.935 INFO  c.k.k.core.webui.driver.DriverFactory    - proxyInformation = ProxyInformation { proxyOption=NO_PROXY, proxyServerType=HTTP, username=, password=********, proxyServerAddress=, proxyServerPort=0, executionList="", isApplyToDesiredCapabilities=true }
2026-03-06 20:58:04.907 DEBUG testcase.TC_REG_08                       - 2: maximizeWindow()
2026-03-06 20:58:05.189 DEBUG testcase.TC_REG_08                       - 3: delay(5)
2026-03-06 20:58:10.208 DEBUG testcase.TC_REG_08                       - 4: click(findTestObject("Register/button_Masuk"))
2026-03-06 20:58:10.711 DEBUG testcase.TC_REG_08                       - 5: click(findTestObject("Register/span_Daftar Sekarang"))
2026-03-06 20:58:12.613 DEBUG testcase.TC_REG_08                       - 6: delay(3)
2026-03-06 20:58:15.633 DEBUG testcase.TC_REG_08                       - 7: setText(findTestObject("Register/input__Nama Depan"), "Devan")
2026-03-06 20:58:16.596 DEBUG testcase.TC_REG_08                       - 8: setText(findTestObject("Register/input__Nama Belakang"), "Putra")
2026-03-06 20:58:17.625 DEBUG testcase.TC_REG_08                       - 9: rand = new java.util.Random()
2026-03-06 20:58:17.629 DEBUG testcase.TC_REG_08                       - 10: phoneNumber = "08" + 100000000 + rand.nextInt(900000000)
2026-03-06 20:58:17.632 DEBUG testcase.TC_REG_08                       - 11: setText(findTestObject("Register/input_Whatsapp"), phoneNumber)
2026-03-06 20:58:18.797 DEBUG testcase.TC_REG_08                       - 12: sendKeys(findTestObject("Register/input_Email"), valid_email)
2026-03-06 20:58:19.516 DEBUG testcase.TC_REG_08                       - 13: setText(findTestObject("Register/input__Password"), password)
2026-03-06 20:58:20.464 DEBUG testcase.TC_REG_08                       - 14: setText(findTestObject("Register/input__Konfirmasi Password"), password)
2026-03-06 20:58:21.639 DEBUG testcase.TC_REG_08                       - 15: click(findTestObject("Register/Checklist TnC"))
2026-03-06 20:58:22.101 DEBUG testcase.TC_REG_08                       - 16: click(findTestObject("Register/button_Buat Akun Active"), OPTIONAL)
2026-03-06 20:58:22.835 DEBUG testcase.TC_REG_08                       - 17: delay(2)
2026-03-06 20:58:24.847 DEBUG testcase.TC_REG_08                       - 18: click(findTestObject("Register/button_Buat Akun Active"), OPTIONAL)
2026-03-06 20:58:25.320 DEBUG testcase.TC_REG_08                       - 19: delay(2)
2026-03-06 20:58:27.341 DEBUG testcase.TC_REG_08                       - 20: click(findTestObject("Register/button_Buat Akun Active"), OPTIONAL)
2026-03-06 20:58:27.809 DEBUG testcase.TC_REG_08                       - 21: verifyTextPresent("User sudah terdaftar. Silahkan coba menggunakan email atau nomor handphone lain", false)
2026-03-06 20:58:28.379 DEBUG testcase.TC_REG_08                       - 22: delay(1)
2026-03-06 20:58:29.387 INFO  c.k.katalon.core.main.TestCaseExecutor   - END Test Cases/Register/TC_REG_08
2026-03-06 20:58:29.901 INFO  c.k.katalon.core.main.TestSuiteExecutor  - --------------------
2026-03-06 20:58:29.902 INFO  c.k.katalon.core.main.TestSuiteExecutor  - END Test Suites/Register
2026-03-06 20:58:29.902 INFO  c.k.katalon.core.main.TestSuiteExecutor  - ====================
