2026-03-06 19:37:51.804 INFO  c.k.k.c.l.logback.LogbackConfigurator    - Logback default configuration initialized from: C:\Users\x1 carbon\.katalon\packages\KS-11.0.1\configuration\org.eclipse.osgi\148\0\.cp\resources\logback\logback-execution.xml
2026-03-06 19:37:51.816 INFO  c.k.k.c.l.logback.LogbackConfigurator    - Logback custom configuration initialized from: D:\VocaGame\VocaGame\Include\config\log.properties
2026-03-06 19:37:53.976 INFO  c.k.katalon.core.main.TestSuiteExecutor  - START Test Suites/Register
2026-03-06 19:37:54.254 INFO  c.k.katalon.core.main.TestSuiteExecutor  - userFullName = Devanz
2026-03-06 19:37:54.259 INFO  c.k.katalon.core.main.TestSuiteExecutor  - projectName = VocaGame
2026-03-06 19:37:54.263 INFO  c.k.katalon.core.main.TestSuiteExecutor  - hostName = x1 carbon - DESKTOP-72PBSPN
2026-03-06 19:37:54.271 INFO  c.k.katalon.core.main.TestSuiteExecutor  - os = Windows 11 64bit
2026-03-06 19:37:54.272 INFO  c.k.katalon.core.main.TestSuiteExecutor  - hostAddress = 10.127.168.112
2026-03-06 19:37:54.274 INFO  c.k.katalon.core.main.TestSuiteExecutor  - katalonVersion = 11.0.1.0
2026-03-06 19:37:54.756 INFO  c.k.katalon.core.main.TestCaseExecutor   - --------------------
2026-03-06 19:37:54.757 INFO  c.k.katalon.core.main.TestCaseExecutor   - START Test Cases/Register/TC_REG_01
2026-03-06 19:37:56.046 DEBUG testcase.TC_REG_01                       - 1: openBrowser(url)
2026-03-06 19:37:57.096 INFO  c.k.k.core.webui.driver.DriverFactory    - Starting 'Chrome' driver
2026-03-06 19:37:57.204 INFO  c.k.k.core.webui.driver.DriverFactory    - Action delay is set to 0 milliseconds
Mar 06, 2026 7:37:59 PM org.openqa.selenium.devtools.CdpVersionFinder findNearestMatch
WARNING: Unable to find an exact match for CDP version 145, returning the closest version; found: 143; Please update to a Selenium version that supports CDP version 145
2026-03-06 19:38:01.875 INFO  c.k.k.core.webui.driver.DriverFactory    - sessionId = b9be8f746c8377a135e09f0baad8a18d
2026-03-06 19:38:01.879 INFO  c.k.k.core.webui.driver.DriverFactory    - browser = Chrome 145.0.7632.160
2026-03-06 19:38:01.882 INFO  c.k.k.core.webui.driver.DriverFactory    - platform = Windows 11
2026-03-06 19:38:01.884 INFO  c.k.k.core.webui.driver.DriverFactory    - seleniumVersion = 4.39.0
2026-03-06 19:38:01.898 INFO  c.k.k.core.webui.driver.DriverFactory    - proxyInformation = ProxyInformation { proxyOption=NO_PROXY, proxyServerType=HTTP, username=, password=********, proxyServerAddress=, proxyServerPort=0, executionList="", isApplyToDesiredCapabilities=true }
2026-03-06 19:38:07.877 DEBUG testcase.TC_REG_01                       - 2: maximizeWindow()
2026-03-06 19:38:08.164 DEBUG testcase.TC_REG_01                       - 3: delay(3)
2026-03-06 19:38:11.342 DEBUG testcase.TC_REG_01                       - 4: click(findTestObject("Register/button_Masuk"))
2026-03-06 19:38:13.145 DEBUG testcase.TC_REG_01                       - 5: click(findTestObject("Register/span_Daftar Sekarang"))
2026-03-06 19:38:16.859 DEBUG testcase.TC_REG_01                       - 6: delay(3)
2026-03-06 19:38:19.892 DEBUG testcase.TC_REG_01                       - 7: setText(findTestObject("Register/input_Nama Depan"), "Devan")
2026-03-06 19:38:21.135 DEBUG testcase.TC_REG_01                       - 8: setText(findTestObject("Register/input__Nama Belakang"), "Putra")
2026-03-06 19:38:22.235 DEBUG testcase.TC_REG_01                       - 9: rand = new java.util.Random()
2026-03-06 19:38:22.251 DEBUG testcase.TC_REG_01                       - 10: phoneNumber = "08" + 100000000 + rand.nextInt(900000000)
2026-03-06 19:38:22.283 DEBUG testcase.TC_REG_01                       - 11: setText(findTestObject("Register/input_Whatsapp"), phoneNumber)
2026-03-06 19:38:23.581 DEBUG testcase.TC_REG_01                       - 12: newTab("")
2026-03-06 19:38:23.807 DEBUG testcase.TC_REG_01                       - 13: navigateToUrl("https://internxt.com/temporary-email")
2026-03-06 19:38:30.716 DEBUG testcase.TC_REG_01                       - 14: delay(7)
2026-03-06 19:38:37.742 DEBUG testcase.TC_REG_01                       - 15: click(findTestObject("Register/copy_temp email"))
2026-03-06 19:38:38.268 DEBUG testcase.TC_REG_01                       - 16: switchToWindowTitle("VocaGame - Top up Game & Voucher Game termurah dan terpercaya di Indonesia.")
2026-03-06 19:38:38.452 DEBUG testcase.TC_REG_01                       - 17: sendKeys(findTestObject("Register/input_Email"), Keys.chord(CONTROL, "v"))
2026-03-06 19:38:38.986 DEBUG testcase.TC_REG_01                       - 18: setText(findTestObject("Register/input__Password"), password)
2026-03-06 19:38:40.121 DEBUG testcase.TC_REG_01                       - 19: setText(findTestObject("Register/input__Konfirmasi Password"), password)
2026-03-06 19:38:41.302 DEBUG testcase.TC_REG_01                       - 20: click(findTestObject("Register/Checklist TnC"))
2026-03-06 19:38:41.772 DEBUG testcase.TC_REG_01                       - 21: click(findTestObject("Register/button_Buat Akun Active"), OPTIONAL)
2026-03-06 19:38:42.498 DEBUG testcase.TC_REG_01                       - 22: delay(2)
2026-03-06 19:38:44.510 DEBUG testcase.TC_REG_01                       - 23: click(findTestObject("Register/button_Buat Akun Active"), OPTIONAL)
2026-03-06 19:38:45.025 DEBUG testcase.TC_REG_01                       - 24: delay(2)
2026-03-06 19:38:47.055 DEBUG testcase.TC_REG_01                       - 25: click(findTestObject("Register/button_Buat Akun Active"), OPTIONAL)
2026-03-06 19:38:57.083 WARN  c.k.k.c.w.keyword.builtin.ClickKeyword   - Waiting for element timed out
2026-03-06 19:38:58.172 WARN  c.k.k.core.keyword.internal.KeywordMain  - Unable to click on object 'Object Repository/Register/button_Buat Akun Active' (Root cause: com.kms.katalon.core.exception.StepFailedException: Unable to click on object 'Object Repository/Register/button_Buat Akun Active'
	at com.kms.katalon.core.webui.keyword.internal.WebUIKeywordMain.stepFailed(WebUIKeywordMain.groovy:177)
	at com.kms.katalon.core.webui.keyword.internal.WebUIKeywordMain.runKeyword(WebUIKeywordMain.groovy:49)
	at com.kms.katalon.core.webui.keyword.internal.WebUIKeywordMain.runKeywordUntilTimeout(WebUIKeywordMain.groovy:133)
	at com.kms.katalon.core.webui.keyword.builtin.ClickKeyword.click(ClickKeyword.groovy:72)
	at com.kms.katalon.core.webui.keyword.builtin.ClickKeyword.execute(ClickKeyword.groovy:38)
	at com.kms.katalon.core.keyword.internal.KeywordExecutor.executeKeywordForPlatform(KeywordExecutor.groovy:95)
	at com.kms.katalon.core.webui.keyword.WebUiBuiltInKeywords.click(WebUiBuiltInKeywords.groovy:684)
	at TC_REG_01.run(TC_REG_01:70)
	at com.kms.katalon.core.main.ScriptEngine.run(ScriptEngine.java:194)
	at com.kms.katalon.core.main.ScriptEngine.runScriptAsRawText(ScriptEngine.java:119)
	at com.kms.katalon.core.main.TestCaseExecutor.runScript(TestCaseExecutor.java:502)
	at com.kms.katalon.core.main.TestCaseExecutor.doExecute(TestCaseExecutor.java:493)
	at com.kms.katalon.core.main.TestCaseExecutor.processExecutionPhase(TestCaseExecutor.java:472)
	at com.kms.katalon.core.main.TestCaseExecutor.accessMainPhase(TestCaseExecutor.java:464)
	at com.kms.katalon.core.main.TestCaseExecutor.execute(TestCaseExecutor.java:334)
	at com.kms.katalon.core.common.CommonExecutor.accessTestCaseMainPhase(CommonExecutor.java:71)
	at com.kms.katalon.core.main.TestSuiteExecutor.accessTestSuiteMainPhase(TestSuiteExecutor.java:163)
	at com.kms.katalon.core.main.TestSuiteExecutor.execute(TestSuiteExecutor.java:120)
	at com.kms.katalon.core.main.TestCaseMain.startTestSuite(TestCaseMain.java:205)
	at S0.run(S0.groovy:40)
	at java.base/jdk.internal.reflect.DirectMethodHandleAccessor.invoke(DirectMethodHandleAccessor.java:103)
Caused by: org.openqa.selenium.ElementClickInterceptedException: element click intercepted: Element <button class="inline-flex items-center font-bold justify-center whitespace-nowrap rounded-lg text-sm ring-offset-background transition-colors focus-visible:outline-none focus-visible:ring-2 focus-visible:ring-ring focus-visible:ring-offset-2 disabled:pointer-events-none disabled:opacity-50 bg-primary text-white hover:bg-primary/90 px-4 py-2 !mt-6 h-12 w-full" type="submit">...</button> is not clickable at point (610, 789). Other element would receive the click: <div data-state="open" class="fixed inset-0 z-[9999999] bg-black/30 data-[state=open]:animate-in data-[state=closed]:animate-out data-[state=closed]:fade-out-0 data-[state=open]:fade-in-0" style="pointer-events: auto;"></div>
  (Session info: chrome=145.0.7632.160)
Build info: version: '4.39.0', revision: '126f156aee'
System info: os.name: 'Windows 11', os.arch: 'amd64', os.version: '10.0', java.version: '21.0.9'
Driver info: com.kms.katalon.selenium.driver.CChromeDriver
Command: [b9be8f746c8377a135e09f0baad8a18d, clickElement {id=f.430FEC163BE22F7249CF0A92FA462AB2.d.993147834D65FEDCA1666D6524BE1178.e.69}]
Capabilities {acceptInsecureCerts: false, browserName: chrome, browserVersion: 145.0.7632.160, chrome: {chromedriverVersion: 145.0.7632.117 (de4e5d6e13b..., userDataDir: C:\Users\X1CARB~1\AppData\L...}, fedcm:accounts: true, goog:chromeOptions: {debuggerAddress: localhost:60118}, goog:processID: 18516, networkConnectionEnabled: false, pageLoadStrategy: normal, platformName: windows, proxy: Proxy(), se:cdp: ws://localhost:60118/devtoo..., se:cdpVersion: 145.0.7632.160, setWindowRect: true, strictFileInteractability: false, timeouts: {implicit: 0, pageLoad: 300000, script: 30000}, unhandledPromptBehavior: {alert: ignore, beforeUnload: ignore, confirm: ignore, default: ignore, file: ignore, prompt: ignore}, webSocketUrl: ws://localhost:3405/session..., webauthn:extension:credBlob: true, webauthn:extension:largeBlob: true, webauthn:extension:minPinLength: true, webauthn:extension:prf: true, webauthn:virtualAuthenticators: true}
Element: [[CChromeDriver: chrome on windows (b9be8f746c8377a135e09f0baad8a18d)] -> xpath: //button[@type='submit']]
Session ID: b9be8f746c8377a135e09f0baad8a18d
	at java.base/jdk.internal.reflect.DirectConstructorHandleAccessor.newInstance(DirectConstructorHandleAccessor.java:62)
	at org.openqa.selenium.remote.ErrorCodec.decode(ErrorCodec.java:167)
	at org.openqa.selenium.remote.codec.w3c.W3CHttpResponseCodec.decode(W3CHttpResponseCodec.java:142)
	at org.openqa.selenium.remote.codec.w3c.W3CHttpResponseCodec.decode(W3CHttpResponseCodec.java:49)
	at org.openqa.selenium.remote.HttpCommandExecutor.execute(HttpCommandExecutor.java:215)
	at org.openqa.selenium.remote.service.DriverCommandExecutor.invokeExecute(DriverCommandExecutor.java:216)
	at org.openqa.selenium.remote.service.DriverCommandExecutor.execute(DriverCommandExecutor.java:174)
	at org.openqa.selenium.remote.RemoteWebDriver.execute(RemoteWebDriver.java:561)
	at org.openqa.selenium.remote.RemoteWebElement.execute(RemoteWebElement.java:223)
	at org.openqa.selenium.remote.RemoteWebElement.click(RemoteWebElement.java:76)
	at java.base/jdk.internal.reflect.DirectMethodHandleAccessor.invoke(DirectMethodHandleAccessor.java:103)
	at org.openqa.selenium.support.decorators.WebDriverDecorator.call(WebDriverDecorator.java:326)
	at org.openqa.selenium.support.decorators.DefaultDecorated.call(DefaultDecorated.java:48)
	at org.openqa.selenium.support.decorators.WebDriverDecorator.lambda$createProxyFactory$3(WebDriverDecorator.java:416)
	at net.bytebuddy.renamed.java.lang.Object$ByteBuddy$EEnUmLRW.click(Unknown Source)
	at com.kms.katalon.core.webui.keyword.builtin.ClickKeyword$_click_closure1.doCall(ClickKeyword.groovy:63)
	at java.base/jdk.internal.reflect.DirectMethodHandleAccessor.invoke(DirectMethodHandleAccessor.java:103)
	at jdk.proxy2/jdk.proxy2.$Proxy55.execute(Unknown Source)
	at com.kms.katalon.core.webui.model.SeleniumActionRetryController.performAction(SeleniumActionRetryController.java:96)
	at com.kms.katalon.core.webui.model.SeleniumActionRetryController.performAction(SeleniumActionRetryController.java:83)
	at com.kms.katalon.core.webui.keyword.internal.WebUIKeywordMain$_runKeywordUntilTimeout_closure1.doCall(WebUIKeywordMain.groovy:135)
	at com.kms.katalon.core.webui.keyword.internal.WebUIKeywordMain$_runKeywordUntilTimeout_closure1.call(WebUIKeywordMain.groovy)
	at com.kms.katalon.core.webui.keyword.internal.WebUIKeywordMain.runKeyword(WebUIKeywordMain.groovy:41)
	at com.kms.katalon.core.webui.keyword.internal.WebUIKeywordMain.runKeywordUntilTimeout(WebUIKeywordMain.groovy:133)
	at com.kms.katalon.core.webui.keyword.builtin.ClickKeyword.click(ClickKeyword.groovy:72)
	at com.kms.katalon.core.webui.keyword.builtin.ClickKeyword.execute(ClickKeyword.groovy:38)
	at com.kms.katalon.core.keyword.internal.KeywordExecutor.executeKeywordForPlatform(KeywordExecutor.groovy:95)
	at com.kms.katalon.core.webui.keyword.WebUiBuiltInKeywords.click(WebUiBuiltInKeywords.groovy:684)
	at Script1772707223352.run(Script1772707223352.groovy:70)
	... 13 more
)
2026-03-06 19:38:58.180 DEBUG testcase.TC_REG_01                       - 26: delay(3)
2026-03-06 19:39:01.200 DEBUG testcase.TC_REG_01                       - 27: click(findTestObject("Register/li_Kirim OTP via Emailh1jtwdollicons.com"))
2026-03-06 19:39:01.605 DEBUG testcase.TC_REG_01                       - 28: click(findTestObject("Register/button_Lanjutkan"))
2026-03-06 19:39:02.319 DEBUG testcase.TC_REG_01                       - 29: delay(1)
2026-03-06 19:39:03.333 DEBUG testcase.TC_REG_01                       - 30: switchToWindowTitle("Temp Mail – Free Temporary Email")
2026-03-06 19:39:03.455 DEBUG testcase.TC_REG_01                       - 31: delay(3)
2026-03-06 19:39:06.474 DEBUG testcase.TC_REG_01                       - 32: click(findTestObject("Register/Refresh inbox"))
2026-03-06 19:39:06.958 DEBUG testcase.TC_REG_01                       - 33: click(findTestObject("Register/mail_Your OTP Code"))
2026-03-06 19:39:13.618 DEBUG testcase.TC_REG_01                       - 34: delay(3)
2026-03-06 19:39:16.622 DEBUG testcase.TC_REG_01                       - 35: doubleClick(findTestObject("Register/OTP"))
2026-03-06 19:39:17.177 DEBUG testcase.TC_REG_01                       - 36: otp = getText(findTestObject("Register/OTP"))
2026-03-06 19:39:17.484 DEBUG testcase.TC_REG_01                       - 37: switchToWindowTitle("VocaGame - Top up Game & Voucher Game termurah dan terpercaya di Indonesia.")
2026-03-06 19:39:17.590 DEBUG testcase.TC_REG_01                       - 38: delay(1)
2026-03-06 19:39:18.600 DEBUG testcase.TC_REG_01                       - 39: otpField = new com.kms.katalon.core.testobject.TestObject()
2026-03-06 19:39:18.612 DEBUG testcase.TC_REG_01                       - 40: otpField.addProperty("xpath", EQUALS, "//input[@data-input-otp='true']")
2026-03-06 19:39:18.629 DEBUG testcase.TC_REG_01                       - 41: waitForElementVisible(otpField, 10)
2026-03-06 19:39:19.109 DEBUG testcase.TC_REG_01                       - 42: setText(otpField, otp)
2026-03-06 19:39:19.948 DEBUG testcase.TC_REG_01                       - 43: click(findTestObject("Register/button_Verifikasi OTP"))
2026-03-06 19:39:20.737 DEBUG testcase.TC_REG_01                       - 44: delay(2)
2026-03-06 19:39:22.760 INFO  c.k.katalon.core.main.TestCaseExecutor   - END Test Cases/Register/TC_REG_01
2026-03-06 19:39:22.768 INFO  c.k.katalon.core.main.TestCaseExecutor   - --------------------
2026-03-06 19:39:22.771 INFO  c.k.katalon.core.main.TestCaseExecutor   - START Test Cases/Register/TC_REG_02
2026-03-06 19:39:22.956 DEBUG testcase.TC_REG_02                       - 1: openBrowser(url)
2026-03-06 19:39:22.964 WARN  c.k.k.core.webui.driver.DriverFactory    - A browser is already opened. Closing browser and opening a new one
2026-03-06 19:39:23.488 INFO  c.k.k.core.webui.driver.DriverFactory    - Starting 'Chrome' driver
2026-03-06 19:39:23.493 INFO  c.k.k.core.webui.driver.DriverFactory    - Action delay is set to 0 milliseconds
Mar 06, 2026 7:39:25 PM org.openqa.selenium.devtools.CdpVersionFinder findNearestMatch
WARNING: Unable to find an exact match for CDP version 145, returning the closest version; found: 143; Please update to a Selenium version that supports CDP version 145
2026-03-06 19:39:25.276 INFO  c.k.k.core.webui.driver.DriverFactory    - sessionId = 35dd59a0eb70a90ad1c70d210a80e598
2026-03-06 19:39:25.277 INFO  c.k.k.core.webui.driver.DriverFactory    - browser = Chrome 145.0.7632.160
2026-03-06 19:39:25.278 INFO  c.k.k.core.webui.driver.DriverFactory    - platform = Windows 11
2026-03-06 19:39:25.290 INFO  c.k.k.core.webui.driver.DriverFactory    - seleniumVersion = 4.39.0
2026-03-06 19:39:25.292 INFO  c.k.k.core.webui.driver.DriverFactory    - proxyInformation = ProxyInformation { proxyOption=NO_PROXY, proxyServerType=HTTP, username=, password=********, proxyServerAddress=, proxyServerPort=0, executionList="", isApplyToDesiredCapabilities=true }
2026-03-06 19:39:26.852 DEBUG testcase.TC_REG_02                       - 2: maximizeWindow()
2026-03-06 19:39:27.195 DEBUG testcase.TC_REG_02                       - 3: delay(1)
2026-03-06 19:39:28.216 DEBUG testcase.TC_REG_02                       - 4: click(findTestObject("Register/button_Masuk"))
2026-03-06 19:39:30.438 DEBUG testcase.TC_REG_02                       - 5: click(findTestObject("Register/span_Daftar Sekarang"))
2026-03-06 19:39:33.159 DEBUG testcase.TC_REG_02                       - 6: delay(3)
2026-03-06 19:39:36.172 DEBUG testcase.TC_REG_02                       - 7: setText(findTestObject("Register/input_Nama Depan"), "a")
2026-03-06 19:39:37.179 DEBUG testcase.TC_REG_02                       - 8: setText(findTestObject("Register/input__Nama Belakang"), "a")
2026-03-06 19:39:38.265 DEBUG testcase.TC_REG_02                       - 9: delay(3)
2026-03-06 19:39:41.280 DEBUG testcase.TC_REG_02                       - 10: verifyTextPresent("Nama depan harus terdiri dari setidaknya 2 karakter.", false)
2026-03-06 19:39:41.645 DEBUG testcase.TC_REG_02                       - 11: verifyTextPresent("Nama belakang harus terdiri dari setidaknya 2 karakter.", false)
2026-03-06 19:39:41.978 DEBUG testcase.TC_REG_02                       - 12: scrollToElement(findTestObject("Register/button_Buat Akun Active"), 5)
2026-03-06 19:39:42.283 DEBUG testcase.TC_REG_02                       - 13: click(findTestObject("Register/Checklist TnC"))
2026-03-06 19:39:42.780 DEBUG testcase.TC_REG_02                       - 14: delay(5)
2026-03-06 19:39:47.787 DEBUG testcase.TC_REG_02                       - 15: verifyElementNotClickable(findTestObject("Register/button_Buat Akun Active"))
2026-03-06 19:39:48.098 INFO  c.k.katalon.core.main.TestCaseExecutor   - END Test Cases/Register/TC_REG_02
2026-03-06 19:39:48.102 INFO  c.k.katalon.core.main.TestCaseExecutor   - --------------------
2026-03-06 19:39:48.102 INFO  c.k.katalon.core.main.TestCaseExecutor   - START Test Cases/Register/TC_REG_03
2026-03-06 19:39:48.234 DEBUG testcase.TC_REG_03                       - 1: openBrowser(url)
2026-03-06 19:39:48.236 WARN  c.k.k.core.webui.driver.DriverFactory    - A browser is already opened. Closing browser and opening a new one
2026-03-06 19:39:48.768 INFO  c.k.k.core.webui.driver.DriverFactory    - Starting 'Chrome' driver
2026-03-06 19:39:48.771 INFO  c.k.k.core.webui.driver.DriverFactory    - Action delay is set to 0 milliseconds
Mar 06, 2026 7:39:50 PM org.openqa.selenium.devtools.CdpVersionFinder findNearestMatch
WARNING: Unable to find an exact match for CDP version 145, returning the closest version; found: 143; Please update to a Selenium version that supports CDP version 145
2026-03-06 19:39:50.406 INFO  c.k.k.core.webui.driver.DriverFactory    - sessionId = db28b91f0a464a6af6958686590c0e74
2026-03-06 19:39:50.410 INFO  c.k.k.core.webui.driver.DriverFactory    - browser = Chrome 145.0.7632.160
2026-03-06 19:39:50.410 INFO  c.k.k.core.webui.driver.DriverFactory    - platform = Windows 11
2026-03-06 19:39:50.411 INFO  c.k.k.core.webui.driver.DriverFactory    - seleniumVersion = 4.39.0
2026-03-06 19:39:50.417 INFO  c.k.k.core.webui.driver.DriverFactory    - proxyInformation = ProxyInformation { proxyOption=NO_PROXY, proxyServerType=HTTP, username=, password=********, proxyServerAddress=, proxyServerPort=0, executionList="", isApplyToDesiredCapabilities=true }
2026-03-06 19:40:00.756 DEBUG testcase.TC_REG_03                       - 2: maximizeWindow()
2026-03-06 19:40:00.888 DEBUG testcase.TC_REG_03                       - 3: delay(1)
2026-03-06 19:40:01.910 DEBUG testcase.TC_REG_03                       - 4: click(findTestObject("Register/button_Masuk"))
2026-03-06 19:40:08.408 DEBUG testcase.TC_REG_03                       - 5: click(findTestObject("Register/span_Daftar Sekarang"))
2026-03-06 19:40:12.702 DEBUG testcase.TC_REG_03                       - 6: delay(3)
2026-03-06 19:40:15.718 DEBUG testcase.TC_REG_03                       - 7: setText(findTestObject("Register/input_Nama Depan"), "Devan")
2026-03-06 19:40:16.727 DEBUG testcase.TC_REG_03                       - 8: setText(findTestObject("Register/input__Nama Belakang"), "Putra")
2026-03-06 19:40:18.323 DEBUG testcase.TC_REG_03                       - 9: setText(findTestObject("Register/input_Email"), "aaaaa")
2026-03-06 19:40:19.774 DEBUG testcase.TC_REG_03                       - 10: delay(1)
2026-03-06 19:40:20.799 DEBUG testcase.TC_REG_03                       - 11: verifyElementText(findTestObject("Register/p_Harap masukkan alamat email yang valid"), "Harap masukkan alamat email yang valid.")
2026-03-06 19:40:25.106 DEBUG testcase.TC_REG_03                       - 12: scrollToElement(findTestObject("Register/button_Buat Akun Active"), 5)
2026-03-06 19:40:25.384 DEBUG testcase.TC_REG_03                       - 13: click(findTestObject("Register/Checklist TnC"))
2026-03-06 19:40:25.837 DEBUG testcase.TC_REG_03                       - 14: verifyElementNotClickable(findTestObject("Register/button_Buat Akun Active"))
2026-03-06 19:40:26.327 DEBUG testcase.TC_REG_03                       - 15: delay(1)
2026-03-06 19:40:27.336 INFO  c.k.katalon.core.main.TestCaseExecutor   - END Test Cases/Register/TC_REG_03
2026-03-06 19:40:27.340 INFO  c.k.katalon.core.main.TestCaseExecutor   - --------------------
2026-03-06 19:40:27.340 INFO  c.k.katalon.core.main.TestCaseExecutor   - START Test Cases/Register/TC_REG_04
2026-03-06 19:40:27.500 DEBUG testcase.TC_REG_04                       - 1: openBrowser(url)
2026-03-06 19:40:27.513 WARN  c.k.k.core.webui.driver.DriverFactory    - A browser is already opened. Closing browser and opening a new one
2026-03-06 19:40:27.994 INFO  c.k.k.core.webui.driver.DriverFactory    - Starting 'Chrome' driver
2026-03-06 19:40:27.999 INFO  c.k.k.core.webui.driver.DriverFactory    - Action delay is set to 0 milliseconds
Mar 06, 2026 7:40:29 PM org.openqa.selenium.devtools.CdpVersionFinder findNearestMatch
WARNING: Unable to find an exact match for CDP version 145, returning the closest version; found: 143; Please update to a Selenium version that supports CDP version 145
2026-03-06 19:40:29.543 INFO  c.k.k.core.webui.driver.DriverFactory    - sessionId = 15fea66fdf599040e7a7aebecc68b7b0
2026-03-06 19:40:29.544 INFO  c.k.k.core.webui.driver.DriverFactory    - browser = Chrome 145.0.7632.160
2026-03-06 19:40:29.544 INFO  c.k.k.core.webui.driver.DriverFactory    - platform = Windows 11
2026-03-06 19:40:29.545 INFO  c.k.k.core.webui.driver.DriverFactory    - seleniumVersion = 4.39.0
2026-03-06 19:40:29.546 INFO  c.k.k.core.webui.driver.DriverFactory    - proxyInformation = ProxyInformation { proxyOption=NO_PROXY, proxyServerType=HTTP, username=, password=********, proxyServerAddress=, proxyServerPort=0, executionList="", isApplyToDesiredCapabilities=true }
2026-03-06 19:40:29.964 DEBUG testcase.TC_REG_04                       - 2: maximizeWindow()
2026-03-06 19:40:30.678 DEBUG testcase.TC_REG_04                       - 3: delay(1)
2026-03-06 19:40:31.698 DEBUG testcase.TC_REG_04                       - 4: click(findTestObject("Register/button_Masuk"))
2026-03-06 19:40:34.756 DEBUG testcase.TC_REG_04                       - 5: click(findTestObject("Register/span_Daftar Sekarang"))
2026-03-06 19:40:38.273 DEBUG testcase.TC_REG_04                       - 6: delay(3)
2026-03-06 19:40:41.296 DEBUG testcase.TC_REG_04                       - 7: setText(findTestObject("Register/input_Nama Depan"), "Devan")
2026-03-06 19:40:42.378 DEBUG testcase.TC_REG_04                       - 8: setText(findTestObject("Register/input__Nama Belakang"), "Putra")
2026-03-06 19:40:43.471 DEBUG testcase.TC_REG_04                       - 9: rand = new java.util.Random()
2026-03-06 19:40:43.486 DEBUG testcase.TC_REG_04                       - 10: phoneNumber = "08" + 100000000 + rand.nextInt(900000000)
2026-03-06 19:40:43.496 DEBUG testcase.TC_REG_04                       - 11: setText(findTestObject("Register/input_Whatsapp"), phoneNumber)
2026-03-06 19:40:44.753 DEBUG testcase.TC_REG_04                       - 12: sendKeys(findTestObject("Register/input_Email"), valid_email)
2026-03-06 19:40:45.591 DEBUG testcase.TC_REG_04                       - 13: setText(findTestObject("Register/input__Password"), "password@1")
2026-03-06 19:40:46.612 DEBUG testcase.TC_REG_04                       - 14: delay(2)
2026-03-06 19:40:48.624 DEBUG testcase.TC_REG_04                       - 15: scrollToElement(findTestObject("Register/button_Buat Akun Active"), 5)
2026-03-06 19:40:48.910 DEBUG testcase.TC_REG_04                       - 16: click(findTestObject("Register/Checklist TnC"))
2026-03-06 19:40:49.394 DEBUG testcase.TC_REG_04                       - 17: verifyElementNotClickable(findTestObject("Register/button_Buat Akun Active"))
2026-03-06 19:40:49.900 DEBUG testcase.TC_REG_04                       - 18: delay(2)
2026-03-06 19:40:51.907 INFO  c.k.katalon.core.main.TestCaseExecutor   - END Test Cases/Register/TC_REG_04
2026-03-06 19:40:51.912 INFO  c.k.katalon.core.main.TestCaseExecutor   - --------------------
2026-03-06 19:40:51.912 INFO  c.k.katalon.core.main.TestCaseExecutor   - START Test Cases/Register/TC_REG_05
2026-03-06 19:40:52.033 DEBUG testcase.TC_REG_05                       - 1: openBrowser(url)
2026-03-06 19:40:52.035 WARN  c.k.k.core.webui.driver.DriverFactory    - A browser is already opened. Closing browser and opening a new one
2026-03-06 19:40:52.620 INFO  c.k.k.core.webui.driver.DriverFactory    - Starting 'Chrome' driver
2026-03-06 19:40:52.622 INFO  c.k.k.core.webui.driver.DriverFactory    - Action delay is set to 0 milliseconds
Mar 06, 2026 7:40:54 PM org.openqa.selenium.devtools.CdpVersionFinder findNearestMatch
WARNING: Unable to find an exact match for CDP version 145, returning the closest version; found: 143; Please update to a Selenium version that supports CDP version 145
2026-03-06 19:40:54.223 INFO  c.k.k.core.webui.driver.DriverFactory    - sessionId = 6f8e9728e0aa80f7a790334dd5db3ba3
2026-03-06 19:40:54.224 INFO  c.k.k.core.webui.driver.DriverFactory    - browser = Chrome 145.0.7632.160
2026-03-06 19:40:54.224 INFO  c.k.k.core.webui.driver.DriverFactory    - platform = Windows 11
2026-03-06 19:40:54.225 INFO  c.k.k.core.webui.driver.DriverFactory    - seleniumVersion = 4.39.0
2026-03-06 19:40:54.226 INFO  c.k.k.core.webui.driver.DriverFactory    - proxyInformation = ProxyInformation { proxyOption=NO_PROXY, proxyServerType=HTTP, username=, password=********, proxyServerAddress=, proxyServerPort=0, executionList="", isApplyToDesiredCapabilities=true }
2026-03-06 19:41:04.391 DEBUG testcase.TC_REG_05                       - 2: maximizeWindow()
2026-03-06 19:41:04.487 DEBUG testcase.TC_REG_05                       - 3: delay(1)
2026-03-06 19:41:05.510 DEBUG testcase.TC_REG_05                       - 4: click(findTestObject("Register/button_Masuk"))
2026-03-06 19:41:15.713 ERROR c.k.k.core.keyword.internal.KeywordMain  - ❌ Unable to click on object 'Object Repository/Register/button_Masuk' (Root cause: com.kms.katalon.core.exception.StepFailedException: Unable to click on object 'Object Repository/Register/button_Masuk'
	at com.kms.katalon.core.webui.keyword.internal.WebUIKeywordMain.stepFailed(WebUIKeywordMain.groovy:177)
	at com.kms.katalon.core.webui.keyword.internal.WebUIKeywordMain.runKeyword(WebUIKeywordMain.groovy:49)
	at com.kms.katalon.core.webui.keyword.internal.WebUIKeywordMain.runKeywordUntilTimeout(WebUIKeywordMain.groovy:133)
	at com.kms.katalon.core.webui.keyword.builtin.ClickKeyword.click(ClickKeyword.groovy:72)
	at com.kms.katalon.core.webui.keyword.builtin.ClickKeyword.execute(ClickKeyword.groovy:38)
	at com.kms.katalon.core.keyword.internal.KeywordExecutor.executeKeywordForPlatform(KeywordExecutor.groovy:95)
	at com.kms.katalon.core.webui.keyword.WebUiBuiltInKeywords.click(WebUiBuiltInKeywords.groovy:721)
	at TC_REG_05.run(TC_REG_05:26)
	at com.kms.katalon.core.main.ScriptEngine.run(ScriptEngine.java:194)
	at com.kms.katalon.core.main.ScriptEngine.runScriptAsRawText(ScriptEngine.java:119)
	at com.kms.katalon.core.main.TestCaseExecutor.runScript(TestCaseExecutor.java:502)
	at com.kms.katalon.core.main.TestCaseExecutor.doExecute(TestCaseExecutor.java:493)
	at com.kms.katalon.core.main.TestCaseExecutor.processExecutionPhase(TestCaseExecutor.java:472)
	at com.kms.katalon.core.main.TestCaseExecutor.accessMainPhase(TestCaseExecutor.java:464)
	at com.kms.katalon.core.main.TestCaseExecutor.execute(TestCaseExecutor.java:334)
	at com.kms.katalon.core.common.CommonExecutor.accessTestCaseMainPhase(CommonExecutor.java:71)
	at com.kms.katalon.core.main.TestSuiteExecutor.accessTestSuiteMainPhase(TestSuiteExecutor.java:163)
	at com.kms.katalon.core.main.TestSuiteExecutor.execute(TestSuiteExecutor.java:120)
	at com.kms.katalon.core.main.TestCaseMain.startTestSuite(TestCaseMain.java:205)
	at S0.run(S0.groovy:40)
	at java.base/jdk.internal.reflect.DirectMethodHandleAccessor.invoke(DirectMethodHandleAccessor.java:103)
Caused by: com.kms.katalon.core.webui.exception.WebElementNotFoundException: Web element with id: 'Object Repository/Register/button_Masuk' located by 'By.xpath: (.//*[normalize-space(text()) and normalize-space(.)='Indonesia'])[1]/preceding::button[1]' not found
	at com.kms.katalon.core.webui.model.WebUiElementFinder.findElementByNormalMethods(WebUiElementFinder.java:193)
	at com.kms.katalon.core.webui.model.WebUiElementFinder.findElementsBySelectedMethod(WebUiElementFinder.java:91)
	at com.kms.katalon.core.webui.model.WebUiElementFinder.findElementsBySelectedMethod(WebUiElementFinder.java:74)
	at com.kms.katalon.core.webui.model.WebUiElementFinder.findElementsBySelectedMethod(WebUiElementFinder.java:69)
	at com.kms.katalon.core.webui.model.WebUiElementFinder.findElement(WebUiElementFinder.java:43)
	at com.kms.katalon.core.webui.model.WebUiElementFinderWithTimeout.basicFindElement(WebUiElementFinderWithTimeout.java:51)
	at com.kms.katalon.core.webui.model.WebUiElementFinderWithTimeout.lambda$0(WebUiElementFinderWithTimeout.java:29)
	at com.kms.katalon.core.webui.model.SeleniumActionRetryController.performAction(SeleniumActionRetryController.java:96)
	at com.kms.katalon.core.webui.model.SeleniumActionRetryController.performAction(SeleniumActionRetryController.java:83)
	at com.kms.katalon.core.webui.model.WebUiElementFinderWithTimeout.findElement(WebUiElementFinderWithTimeout.java:28)
	at com.kms.katalon.core.webui.keyword.internal.WebUIAbstractKeyword.findWebElement(WebUIAbstractKeyword.java:111)
	at com.kms.katalon.core.webui.keyword.builtin.ClickKeyword$_click_closure1.doCall(ClickKeyword.groovy:52)
	at java.base/jdk.internal.reflect.DirectMethodHandleAccessor.invoke(DirectMethodHandleAccessor.java:103)
	at jdk.proxy2/jdk.proxy2.$Proxy55.execute(Unknown Source)
	at com.kms.katalon.core.webui.model.SeleniumActionRetryController.performAction(SeleniumActionRetryController.java:96)
	at com.kms.katalon.core.webui.model.SeleniumActionRetryController.performAction(SeleniumActionRetryController.java:83)
	at com.kms.katalon.core.webui.keyword.internal.WebUIKeywordMain$_runKeywordUntilTimeout_closure1.doCall(WebUIKeywordMain.groovy:135)
	at com.kms.katalon.core.webui.keyword.internal.WebUIKeywordMain$_runKeywordUntilTimeout_closure1.call(WebUIKeywordMain.groovy)
	at com.kms.katalon.core.webui.keyword.internal.WebUIKeywordMain.runKeyword(WebUIKeywordMain.groovy:41)
	at com.kms.katalon.core.webui.keyword.internal.WebUIKeywordMain.runKeywordUntilTimeout(WebUIKeywordMain.groovy:133)
	at com.kms.katalon.core.webui.keyword.builtin.ClickKeyword.click(ClickKeyword.groovy:72)
	at com.kms.katalon.core.webui.keyword.builtin.ClickKeyword.execute(ClickKeyword.groovy:38)
	at com.kms.katalon.core.keyword.internal.KeywordExecutor.executeKeywordForPlatform(KeywordExecutor.groovy:95)
	at com.kms.katalon.core.webui.keyword.WebUiBuiltInKeywords.click(WebUiBuiltInKeywords.groovy:721)
	at Script1772718508171.run(Script1772718508171.groovy:26)
	... 13 more
)
2026-03-06 19:41:15.720 ERROR c.k.katalon.core.main.TestCaseExecutor   - ❌ Test Cases/Register/TC_REG_05 FAILED.
Reason:
com.kms.katalon.core.exception.StepFailedException: Unable to click on object 'Object Repository/Register/button_Masuk'
	at com.kms.katalon.core.webui.keyword.internal.WebUIKeywordMain.stepFailed(WebUIKeywordMain.groovy:177)
	at com.kms.katalon.core.webui.keyword.internal.WebUIKeywordMain.runKeyword(WebUIKeywordMain.groovy:49)
	at com.kms.katalon.core.webui.keyword.internal.WebUIKeywordMain.runKeywordUntilTimeout(WebUIKeywordMain.groovy:133)
	at com.kms.katalon.core.webui.keyword.builtin.ClickKeyword.click(ClickKeyword.groovy:72)
	at com.kms.katalon.core.webui.keyword.builtin.ClickKeyword.execute(ClickKeyword.groovy:38)
	at com.kms.katalon.core.keyword.internal.KeywordExecutor.executeKeywordForPlatform(KeywordExecutor.groovy:95)
	at com.kms.katalon.core.webui.keyword.WebUiBuiltInKeywords.click(WebUiBuiltInKeywords.groovy:721)
	at TC_REG_05.run(TC_REG_05:26)
	at com.kms.katalon.core.main.ScriptEngine.run(ScriptEngine.java:194)
	at com.kms.katalon.core.main.ScriptEngine.runScriptAsRawText(ScriptEngine.java:119)
	at com.kms.katalon.core.main.TestCaseExecutor.runScript(TestCaseExecutor.java:502)
	at com.kms.katalon.core.main.TestCaseExecutor.doExecute(TestCaseExecutor.java:493)
	at com.kms.katalon.core.main.TestCaseExecutor.processExecutionPhase(TestCaseExecutor.java:472)
	at com.kms.katalon.core.main.TestCaseExecutor.accessMainPhase(TestCaseExecutor.java:464)
	at com.kms.katalon.core.main.TestCaseExecutor.execute(TestCaseExecutor.java:334)
	at com.kms.katalon.core.common.CommonExecutor.accessTestCaseMainPhase(CommonExecutor.java:71)
	at com.kms.katalon.core.main.TestSuiteExecutor.accessTestSuiteMainPhase(TestSuiteExecutor.java:163)
	at com.kms.katalon.core.main.TestSuiteExecutor.execute(TestSuiteExecutor.java:120)
	at com.kms.katalon.core.main.TestCaseMain.startTestSuite(TestCaseMain.java:205)
	at S0.run(S0.groovy:40)
	at java.base/jdk.internal.reflect.DirectMethodHandleAccessor.invoke(DirectMethodHandleAccessor.java:103)
Caused by: com.kms.katalon.core.webui.exception.WebElementNotFoundException: Web element with id: 'Object Repository/Register/button_Masuk' located by 'By.xpath: (.//*[normalize-space(text()) and normalize-space(.)='Indonesia'])[1]/preceding::button[1]' not found
	at com.kms.katalon.core.webui.model.WebUiElementFinder.findElementByNormalMethods(WebUiElementFinder.java:193)
	at com.kms.katalon.core.webui.model.WebUiElementFinder.findElementsBySelectedMethod(WebUiElementFinder.java:91)
	at com.kms.katalon.core.webui.model.WebUiElementFinder.findElementsBySelectedMethod(WebUiElementFinder.java:74)
	at com.kms.katalon.core.webui.model.WebUiElementFinder.findElementsBySelectedMethod(WebUiElementFinder.java:69)
	at com.kms.katalon.core.webui.model.WebUiElementFinder.findElement(WebUiElementFinder.java:43)
	at com.kms.katalon.core.webui.model.WebUiElementFinderWithTimeout.basicFindElement(WebUiElementFinderWithTimeout.java:51)
	at com.kms.katalon.core.webui.model.WebUiElementFinderWithTimeout.lambda$0(WebUiElementFinderWithTimeout.java:29)
	at com.kms.katalon.core.webui.model.SeleniumActionRetryController.performAction(SeleniumActionRetryController.java:96)
	at com.kms.katalon.core.webui.model.SeleniumActionRetryController.performAction(SeleniumActionRetryController.java:83)
	at com.kms.katalon.core.webui.model.WebUiElementFinderWithTimeout.findElement(WebUiElementFinderWithTimeout.java:28)
	at com.kms.katalon.core.webui.keyword.internal.WebUIAbstractKeyword.findWebElement(WebUIAbstractKeyword.java:111)
	at com.kms.katalon.core.webui.keyword.builtin.ClickKeyword$_click_closure1.doCall(ClickKeyword.groovy:52)
	at java.base/jdk.internal.reflect.DirectMethodHandleAccessor.invoke(DirectMethodHandleAccessor.java:103)
	at jdk.proxy2/jdk.proxy2.$Proxy55.execute(Unknown Source)
	at com.kms.katalon.core.webui.model.SeleniumActionRetryController.performAction(SeleniumActionRetryController.java:96)
	at com.kms.katalon.core.webui.model.SeleniumActionRetryController.performAction(SeleniumActionRetryController.java:83)
	at com.kms.katalon.core.webui.keyword.internal.WebUIKeywordMain$_runKeywordUntilTimeout_closure1.doCall(WebUIKeywordMain.groovy:135)
	at com.kms.katalon.core.webui.keyword.internal.WebUIKeywordMain$_runKeywordUntilTimeout_closure1.call(WebUIKeywordMain.groovy)
	at com.kms.katalon.core.webui.keyword.internal.WebUIKeywordMain.runKeyword(WebUIKeywordMain.groovy:41)
	... 19 more

2026-03-06 19:41:15.725 INFO  c.k.katalon.core.main.TestCaseExecutor   - END Test Cases/Register/TC_REG_05
2026-03-06 19:41:15.728 INFO  c.k.katalon.core.main.TestCaseExecutor   - --------------------
2026-03-06 19:41:15.729 INFO  c.k.katalon.core.main.TestCaseExecutor   - START Test Cases/Register/TC_REG_06
2026-03-06 19:41:15.898 DEBUG testcase.TC_REG_06                       - 1: openBrowser(url)
2026-03-06 19:41:15.904 WARN  c.k.k.core.webui.driver.DriverFactory    - A browser is already opened. Closing browser and opening a new one
2026-03-06 19:41:16.348 INFO  c.k.k.core.webui.driver.DriverFactory    - Starting 'Chrome' driver
2026-03-06 19:41:16.354 INFO  c.k.k.core.webui.driver.DriverFactory    - Action delay is set to 0 milliseconds
Mar 06, 2026 7:41:18 PM org.openqa.selenium.devtools.CdpVersionFinder findNearestMatch
WARNING: Unable to find an exact match for CDP version 145, returning the closest version; found: 143; Please update to a Selenium version that supports CDP version 145
2026-03-06 19:41:18.142 INFO  c.k.k.core.webui.driver.DriverFactory    - sessionId = a7b09e66b8d5ccd05c76582accc079ee
2026-03-06 19:41:18.143 INFO  c.k.k.core.webui.driver.DriverFactory    - browser = Chrome 145.0.7632.160
2026-03-06 19:41:18.144 INFO  c.k.k.core.webui.driver.DriverFactory    - platform = Windows 11
2026-03-06 19:41:18.144 INFO  c.k.k.core.webui.driver.DriverFactory    - seleniumVersion = 4.39.0
2026-03-06 19:41:18.145 INFO  c.k.k.core.webui.driver.DriverFactory    - proxyInformation = ProxyInformation { proxyOption=NO_PROXY, proxyServerType=HTTP, username=, password=********, proxyServerAddress=, proxyServerPort=0, executionList="", isApplyToDesiredCapabilities=true }
2026-03-06 19:41:23.983 DEBUG testcase.TC_REG_06                       - 2: maximizeWindow()
2026-03-06 19:41:24.100 DEBUG testcase.TC_REG_06                       - 3: delay(1)
2026-03-06 19:41:25.105 DEBUG testcase.TC_REG_06                       - 4: click(findTestObject("Register/button_Masuk"))
2026-03-06 19:41:35.416 ERROR c.k.k.core.keyword.internal.KeywordMain  - ❌ Unable to click on object 'Object Repository/Register/button_Masuk' (Root cause: com.kms.katalon.core.exception.StepFailedException: Unable to click on object 'Object Repository/Register/button_Masuk'
	at com.kms.katalon.core.webui.keyword.internal.WebUIKeywordMain.stepFailed(WebUIKeywordMain.groovy:177)
	at com.kms.katalon.core.webui.keyword.internal.WebUIKeywordMain.runKeyword(WebUIKeywordMain.groovy:49)
	at com.kms.katalon.core.webui.keyword.internal.WebUIKeywordMain.runKeywordUntilTimeout(WebUIKeywordMain.groovy:133)
	at com.kms.katalon.core.webui.keyword.builtin.ClickKeyword.click(ClickKeyword.groovy:72)
	at com.kms.katalon.core.webui.keyword.builtin.ClickKeyword.execute(ClickKeyword.groovy:38)
	at com.kms.katalon.core.keyword.internal.KeywordExecutor.executeKeywordForPlatform(KeywordExecutor.groovy:95)
	at com.kms.katalon.core.webui.keyword.WebUiBuiltInKeywords.click(WebUiBuiltInKeywords.groovy:721)
	at TC_REG_06.run(TC_REG_06:26)
	at com.kms.katalon.core.main.ScriptEngine.run(ScriptEngine.java:194)
	at com.kms.katalon.core.main.ScriptEngine.runScriptAsRawText(ScriptEngine.java:119)
	at com.kms.katalon.core.main.TestCaseExecutor.runScript(TestCaseExecutor.java:502)
	at com.kms.katalon.core.main.TestCaseExecutor.doExecute(TestCaseExecutor.java:493)
	at com.kms.katalon.core.main.TestCaseExecutor.processExecutionPhase(TestCaseExecutor.java:472)
	at com.kms.katalon.core.main.TestCaseExecutor.accessMainPhase(TestCaseExecutor.java:464)
	at com.kms.katalon.core.main.TestCaseExecutor.execute(TestCaseExecutor.java:334)
	at com.kms.katalon.core.common.CommonExecutor.accessTestCaseMainPhase(CommonExecutor.java:71)
	at com.kms.katalon.core.main.TestSuiteExecutor.accessTestSuiteMainPhase(TestSuiteExecutor.java:163)
	at com.kms.katalon.core.main.TestSuiteExecutor.execute(TestSuiteExecutor.java:120)
	at com.kms.katalon.core.main.TestCaseMain.startTestSuite(TestCaseMain.java:205)
	at S0.run(S0.groovy:40)
	at java.base/jdk.internal.reflect.DirectMethodHandleAccessor.invoke(DirectMethodHandleAccessor.java:103)
Caused by: com.kms.katalon.core.webui.exception.WebElementNotFoundException: Web element with id: 'Object Repository/Register/button_Masuk' located by 'By.xpath: (.//*[normalize-space(text()) and normalize-space(.)='Indonesia'])[1]/preceding::button[1]' not found
	at com.kms.katalon.core.webui.model.WebUiElementFinder.findElementByNormalMethods(WebUiElementFinder.java:193)
	at com.kms.katalon.core.webui.model.WebUiElementFinder.findElementsBySelectedMethod(WebUiElementFinder.java:91)
	at com.kms.katalon.core.webui.model.WebUiElementFinder.findElementsBySelectedMethod(WebUiElementFinder.java:74)
	at com.kms.katalon.core.webui.model.WebUiElementFinder.findElementsBySelectedMethod(WebUiElementFinder.java:69)
	at com.kms.katalon.core.webui.model.WebUiElementFinder.findElement(WebUiElementFinder.java:43)
	at com.kms.katalon.core.webui.model.WebUiElementFinderWithTimeout.basicFindElement(WebUiElementFinderWithTimeout.java:51)
	at com.kms.katalon.core.webui.model.WebUiElementFinderWithTimeout.lambda$0(WebUiElementFinderWithTimeout.java:29)
	at com.kms.katalon.core.webui.model.SeleniumActionRetryController.performAction(SeleniumActionRetryController.java:96)
	at com.kms.katalon.core.webui.model.SeleniumActionRetryController.performAction(SeleniumActionRetryController.java:83)
	at com.kms.katalon.core.webui.model.WebUiElementFinderWithTimeout.findElement(WebUiElementFinderWithTimeout.java:28)
	at com.kms.katalon.core.webui.keyword.internal.WebUIAbstractKeyword.findWebElement(WebUIAbstractKeyword.java:111)
	at com.kms.katalon.core.webui.keyword.builtin.ClickKeyword$_click_closure1.doCall(ClickKeyword.groovy:52)
	at java.base/jdk.internal.reflect.DirectMethodHandleAccessor.invoke(DirectMethodHandleAccessor.java:103)
	at jdk.proxy2/jdk.proxy2.$Proxy55.execute(Unknown Source)
	at com.kms.katalon.core.webui.model.SeleniumActionRetryController.performAction(SeleniumActionRetryController.java:96)
	at com.kms.katalon.core.webui.model.SeleniumActionRetryController.performAction(SeleniumActionRetryController.java:83)
	at com.kms.katalon.core.webui.keyword.internal.WebUIKeywordMain$_runKeywordUntilTimeout_closure1.doCall(WebUIKeywordMain.groovy:135)
	at com.kms.katalon.core.webui.keyword.internal.WebUIKeywordMain$_runKeywordUntilTimeout_closure1.call(WebUIKeywordMain.groovy)
	at com.kms.katalon.core.webui.keyword.internal.WebUIKeywordMain.runKeyword(WebUIKeywordMain.groovy:41)
	at com.kms.katalon.core.webui.keyword.internal.WebUIKeywordMain.runKeywordUntilTimeout(WebUIKeywordMain.groovy:133)
	at com.kms.katalon.core.webui.keyword.builtin.ClickKeyword.click(ClickKeyword.groovy:72)
	at com.kms.katalon.core.webui.keyword.builtin.ClickKeyword.execute(ClickKeyword.groovy:38)
	at com.kms.katalon.core.keyword.internal.KeywordExecutor.executeKeywordForPlatform(KeywordExecutor.groovy:95)
	at com.kms.katalon.core.webui.keyword.WebUiBuiltInKeywords.click(WebUiBuiltInKeywords.groovy:721)
	at Script1772718516240.run(Script1772718516240.groovy:26)
	... 13 more
)
2026-03-06 19:41:35.420 ERROR c.k.katalon.core.main.TestCaseExecutor   - ❌ Test Cases/Register/TC_REG_06 FAILED.
Reason:
com.kms.katalon.core.exception.StepFailedException: Unable to click on object 'Object Repository/Register/button_Masuk'
	at com.kms.katalon.core.webui.keyword.internal.WebUIKeywordMain.stepFailed(WebUIKeywordMain.groovy:177)
	at com.kms.katalon.core.webui.keyword.internal.WebUIKeywordMain.runKeyword(WebUIKeywordMain.groovy:49)
	at com.kms.katalon.core.webui.keyword.internal.WebUIKeywordMain.runKeywordUntilTimeout(WebUIKeywordMain.groovy:133)
	at com.kms.katalon.core.webui.keyword.builtin.ClickKeyword.click(ClickKeyword.groovy:72)
	at com.kms.katalon.core.webui.keyword.builtin.ClickKeyword.execute(ClickKeyword.groovy:38)
	at com.kms.katalon.core.keyword.internal.KeywordExecutor.executeKeywordForPlatform(KeywordExecutor.groovy:95)
	at com.kms.katalon.core.webui.keyword.WebUiBuiltInKeywords.click(WebUiBuiltInKeywords.groovy:721)
	at TC_REG_06.run(TC_REG_06:26)
	at com.kms.katalon.core.main.ScriptEngine.run(ScriptEngine.java:194)
	at com.kms.katalon.core.main.ScriptEngine.runScriptAsRawText(ScriptEngine.java:119)
	at com.kms.katalon.core.main.TestCaseExecutor.runScript(TestCaseExecutor.java:502)
	at com.kms.katalon.core.main.TestCaseExecutor.doExecute(TestCaseExecutor.java:493)
	at com.kms.katalon.core.main.TestCaseExecutor.processExecutionPhase(TestCaseExecutor.java:472)
	at com.kms.katalon.core.main.TestCaseExecutor.accessMainPhase(TestCaseExecutor.java:464)
	at com.kms.katalon.core.main.TestCaseExecutor.execute(TestCaseExecutor.java:334)
	at com.kms.katalon.core.common.CommonExecutor.accessTestCaseMainPhase(CommonExecutor.java:71)
	at com.kms.katalon.core.main.TestSuiteExecutor.accessTestSuiteMainPhase(TestSuiteExecutor.java:163)
	at com.kms.katalon.core.main.TestSuiteExecutor.execute(TestSuiteExecutor.java:120)
	at com.kms.katalon.core.main.TestCaseMain.startTestSuite(TestCaseMain.java:205)
	at S0.run(S0.groovy:40)
	at java.base/jdk.internal.reflect.DirectMethodHandleAccessor.invoke(DirectMethodHandleAccessor.java:103)
Caused by: com.kms.katalon.core.webui.exception.WebElementNotFoundException: Web element with id: 'Object Repository/Register/button_Masuk' located by 'By.xpath: (.//*[normalize-space(text()) and normalize-space(.)='Indonesia'])[1]/preceding::button[1]' not found
	at com.kms.katalon.core.webui.model.WebUiElementFinder.findElementByNormalMethods(WebUiElementFinder.java:193)
	at com.kms.katalon.core.webui.model.WebUiElementFinder.findElementsBySelectedMethod(WebUiElementFinder.java:91)
	at com.kms.katalon.core.webui.model.WebUiElementFinder.findElementsBySelectedMethod(WebUiElementFinder.java:74)
	at com.kms.katalon.core.webui.model.WebUiElementFinder.findElementsBySelectedMethod(WebUiElementFinder.java:69)
	at com.kms.katalon.core.webui.model.WebUiElementFinder.findElement(WebUiElementFinder.java:43)
	at com.kms.katalon.core.webui.model.WebUiElementFinderWithTimeout.basicFindElement(WebUiElementFinderWithTimeout.java:51)
	at com.kms.katalon.core.webui.model.WebUiElementFinderWithTimeout.lambda$0(WebUiElementFinderWithTimeout.java:29)
	at com.kms.katalon.core.webui.model.SeleniumActionRetryController.performAction(SeleniumActionRetryController.java:96)
	at com.kms.katalon.core.webui.model.SeleniumActionRetryController.performAction(SeleniumActionRetryController.java:83)
	at com.kms.katalon.core.webui.model.WebUiElementFinderWithTimeout.findElement(WebUiElementFinderWithTimeout.java:28)
	at com.kms.katalon.core.webui.keyword.internal.WebUIAbstractKeyword.findWebElement(WebUIAbstractKeyword.java:111)
	at com.kms.katalon.core.webui.keyword.builtin.ClickKeyword$_click_closure1.doCall(ClickKeyword.groovy:52)
	at java.base/jdk.internal.reflect.DirectMethodHandleAccessor.invoke(DirectMethodHandleAccessor.java:103)
	at jdk.proxy2/jdk.proxy2.$Proxy55.execute(Unknown Source)
	at com.kms.katalon.core.webui.model.SeleniumActionRetryController.performAction(SeleniumActionRetryController.java:96)
	at com.kms.katalon.core.webui.model.SeleniumActionRetryController.performAction(SeleniumActionRetryController.java:83)
	at com.kms.katalon.core.webui.keyword.internal.WebUIKeywordMain$_runKeywordUntilTimeout_closure1.doCall(WebUIKeywordMain.groovy:135)
	at com.kms.katalon.core.webui.keyword.internal.WebUIKeywordMain$_runKeywordUntilTimeout_closure1.call(WebUIKeywordMain.groovy)
	at com.kms.katalon.core.webui.keyword.internal.WebUIKeywordMain.runKeyword(WebUIKeywordMain.groovy:41)
	... 19 more

2026-03-06 19:41:35.423 INFO  c.k.katalon.core.main.TestCaseExecutor   - END Test Cases/Register/TC_REG_06
2026-03-06 19:41:35.438 INFO  c.k.katalon.core.main.TestCaseExecutor   - --------------------
2026-03-06 19:41:35.438 INFO  c.k.katalon.core.main.TestCaseExecutor   - START Test Cases/Register/TC_REG_07
2026-03-06 19:41:35.574 DEBUG testcase.TC_REG_07                       - 1: openBrowser(url)
2026-03-06 19:41:35.578 WARN  c.k.k.core.webui.driver.DriverFactory    - A browser is already opened. Closing browser and opening a new one
2026-03-06 19:41:35.973 INFO  c.k.k.core.webui.driver.DriverFactory    - Starting 'Chrome' driver
2026-03-06 19:41:35.977 INFO  c.k.k.core.webui.driver.DriverFactory    - Action delay is set to 0 milliseconds
Mar 06, 2026 7:41:37 PM org.openqa.selenium.devtools.CdpVersionFinder findNearestMatch
WARNING: Unable to find an exact match for CDP version 145, returning the closest version; found: 143; Please update to a Selenium version that supports CDP version 145
2026-03-06 19:41:37.656 INFO  c.k.k.core.webui.driver.DriverFactory    - sessionId = db372799eb6699751a21b4ed930f2ad5
2026-03-06 19:41:37.657 INFO  c.k.k.core.webui.driver.DriverFactory    - browser = Chrome 145.0.7632.160
2026-03-06 19:41:37.657 INFO  c.k.k.core.webui.driver.DriverFactory    - platform = Windows 11
2026-03-06 19:41:37.658 INFO  c.k.k.core.webui.driver.DriverFactory    - seleniumVersion = 4.39.0
2026-03-06 19:41:37.658 INFO  c.k.k.core.webui.driver.DriverFactory    - proxyInformation = ProxyInformation { proxyOption=NO_PROXY, proxyServerType=HTTP, username=, password=********, proxyServerAddress=, proxyServerPort=0, executionList="", isApplyToDesiredCapabilities=true }
2026-03-06 19:41:42.856 DEBUG testcase.TC_REG_07                       - 2: maximizeWindow()
2026-03-06 19:41:43.000 DEBUG testcase.TC_REG_07                       - 3: delay(1)
2026-03-06 19:41:44.023 DEBUG testcase.TC_REG_07                       - 4: click(findTestObject("Register/button_Masuk"))
Mar 06, 2026 7:41:44 PM org.openqa.selenium.remote.http.WebSocket$Listener onError
WARNING: Connection reset
java.net.SocketException: Connection reset
	at java.base/sun.nio.ch.SocketChannelImpl.throwConnectionReset(SocketChannelImpl.java:401)
	at java.base/sun.nio.ch.SocketChannelImpl.read(SocketChannelImpl.java:434)
	at java.net.http/jdk.internal.net.http.SocketTube.readAvailable(SocketTube.java:1178)
	at java.net.http/jdk.internal.net.http.SocketTube$InternalReadPublisher$InternalReadSubscription.read(SocketTube.java:841)
	at java.net.http/jdk.internal.net.http.SocketTube$SocketFlowTask.run(SocketTube.java:181)
	at java.net.http/jdk.internal.net.http.common.SequentialScheduler$SchedulableTask.run(SequentialScheduler.java:207)
	at java.net.http/jdk.internal.net.http.common.SequentialScheduler.runOrSchedule(SequentialScheduler.java:280)
	at java.net.http/jdk.internal.net.http.common.SequentialScheduler.runOrSchedule(SequentialScheduler.java:233)
	at java.net.http/jdk.internal.net.http.SocketTube$InternalReadPublisher$InternalReadSubscription.signalReadable(SocketTube.java:782)
	at java.net.http/jdk.internal.net.http.SocketTube$InternalReadPublisher$ReadEvent.signalEvent(SocketTube.java:965)
	at java.net.http/jdk.internal.net.http.SocketTube$SocketFlowEvent.handle(SocketTube.java:253)
	at java.net.http/jdk.internal.net.http.HttpClientImpl$SelectorManager.handleEvent(HttpClientImpl.java:1477)
	at java.net.http/jdk.internal.net.http.HttpClientImpl$SelectorManager.lambda$run$3(HttpClientImpl.java:1422)
	at java.base/java.util.ArrayList.forEach(ArrayList.java:1596)
	at java.net.http/jdk.internal.net.http.HttpClientImpl$SelectorManager.run(HttpClientImpl.java:1422)

