2026-03-06 20:51:17.750 INFO  c.k.k.c.l.logback.LogbackConfigurator    - Logback default configuration initialized from: C:\Users\x1 carbon\.katalon\packages\KS-11.0.1\configuration\org.eclipse.osgi\148\0\.cp\resources\logback\logback-execution.xml
2026-03-06 20:51:17.762 INFO  c.k.k.c.l.logback.LogbackConfigurator    - Logback custom configuration initialized from: D:\VocaGame\VocaGame\Include\config\log.properties
2026-03-06 20:51:19.408 INFO  c.k.katalon.core.main.TestSuiteExecutor  - START Test Suites/Register
2026-03-06 20:51:19.601 INFO  c.k.katalon.core.main.TestSuiteExecutor  - userFullName = Devanz
2026-03-06 20:51:19.608 INFO  c.k.katalon.core.main.TestSuiteExecutor  - projectName = VocaGame
2026-03-06 20:51:19.611 INFO  c.k.katalon.core.main.TestSuiteExecutor  - hostName = x1 carbon - DESKTOP-72PBSPN
2026-03-06 20:51:19.613 INFO  c.k.katalon.core.main.TestSuiteExecutor  - os = Windows 11 64bit
2026-03-06 20:51:19.614 INFO  c.k.katalon.core.main.TestSuiteExecutor  - hostAddress = 192.168.1.4
2026-03-06 20:51:19.615 INFO  c.k.katalon.core.main.TestSuiteExecutor  - katalonVersion = 11.0.1.0
2026-03-06 20:51:20.028 INFO  c.k.katalon.core.main.TestCaseExecutor   - --------------------
2026-03-06 20:51:20.029 INFO  c.k.katalon.core.main.TestCaseExecutor   - START Test Cases/Register/TC_REG_01
2026-03-06 20:51:21.251 DEBUG testcase.TC_REG_01                       - 1: openBrowser(url)
2026-03-06 20:51:22.381 INFO  c.k.k.core.webui.driver.DriverFactory    - Starting 'Edge Chromium' driver
2026-03-06 20:51:22.568 INFO  c.k.k.core.webui.driver.DriverFactory    - Action delay is set to 0 milliseconds
Mar 06, 2026 8:51:25 PM org.openqa.selenium.devtools.CdpVersionFinder findNearestMatch
WARNING: Unable to find an exact match for CDP version 145, returning the closest version; found: 143; Please update to a Selenium version that supports CDP version 145
2026-03-06 20:51:26.672 INFO  c.k.k.core.webui.driver.DriverFactory    - sessionId = 0de2bf08b052894fb85514091c6b6cdd
2026-03-06 20:51:26.686 INFO  c.k.k.core.webui.driver.DriverFactory    - browser = Edge Chromium 145.0.3800.82
2026-03-06 20:51:26.700 INFO  c.k.k.core.webui.driver.DriverFactory    - platform = Windows 11
2026-03-06 20:51:26.703 INFO  c.k.k.core.webui.driver.DriverFactory    - seleniumVersion = 4.39.0
2026-03-06 20:51:26.722 INFO  c.k.k.core.webui.driver.DriverFactory    - proxyInformation = ProxyInformation { proxyOption=NO_PROXY, proxyServerType=HTTP, username=, password=********, proxyServerAddress=, proxyServerPort=0, executionList="", isApplyToDesiredCapabilities=true }
2026-03-06 20:51:27.852 DEBUG testcase.TC_REG_01                       - 2: maximizeWindow()
2026-03-06 20:51:28.635 DEBUG testcase.TC_REG_01                       - 3: delay(3)
2026-03-06 20:51:31.940 DEBUG testcase.TC_REG_01                       - 4: click(findTestObject("Register/button_Masuk"))
2026-03-06 20:51:32.888 DEBUG testcase.TC_REG_01                       - 5: click(findTestObject("Register/span_Daftar Sekarang"))
2026-03-06 20:51:34.810 DEBUG testcase.TC_REG_01                       - 6: delay(5)
2026-03-06 20:51:39.830 DEBUG testcase.TC_REG_01                       - 7: setText(findTestObject("Register/input__Nama Depan"), "Devan")
2026-03-06 20:51:40.964 DEBUG testcase.TC_REG_01                       - 8: setText(findTestObject("Register/input__Nama Belakang"), "Putra")
2026-03-06 20:51:42.169 DEBUG testcase.TC_REG_01                       - 9: rand = new java.util.Random()
2026-03-06 20:51:42.187 DEBUG testcase.TC_REG_01                       - 10: phoneNumber = "08" + 100000000 + rand.nextInt(900000000)
2026-03-06 20:51:42.221 DEBUG testcase.TC_REG_01                       - 11: setText(findTestObject("Register/input_Whatsapp"), phoneNumber)
2026-03-06 20:51:43.352 DEBUG testcase.TC_REG_01                       - 12: setText(findTestObject("Register/input_Email"), "nuviqazu@forexzig.com")
2026-03-06 20:51:44.620 DEBUG testcase.TC_REG_01                       - 13: setText(findTestObject("Register/input__Password"), password)
2026-03-06 20:51:45.605 DEBUG testcase.TC_REG_01                       - 14: setText(findTestObject("Register/input__Konfirmasi Password"), password)
2026-03-06 20:51:46.935 DEBUG testcase.TC_REG_01                       - 15: click(findTestObject("Register/Checklist TnC"))
2026-03-06 20:51:47.393 DEBUG testcase.TC_REG_01                       - 16: click(findTestObject("Register/button_Buat Akun Active"), OPTIONAL)
2026-03-06 20:51:48.109 DEBUG testcase.TC_REG_01                       - 17: delay(1)
2026-03-06 20:51:49.132 DEBUG testcase.TC_REG_01                       - 18: click(findTestObject("Register/button_Buat Akun Active"), OPTIONAL)
2026-03-06 20:51:59.175 WARN  c.k.k.c.w.keyword.builtin.ClickKeyword   - Waiting for element timed out
2026-03-06 20:52:00.265 WARN  c.k.k.core.keyword.internal.KeywordMain  - Unable to click on object 'Object Repository/Register/button_Buat Akun Active' (Root cause: com.kms.katalon.core.exception.StepFailedException: Unable to click on object 'Object Repository/Register/button_Buat Akun Active'
	at com.kms.katalon.core.webui.keyword.internal.WebUIKeywordMain.stepFailed(WebUIKeywordMain.groovy:177)
	at com.kms.katalon.core.webui.keyword.internal.WebUIKeywordMain.runKeyword(WebUIKeywordMain.groovy:49)
	at com.kms.katalon.core.webui.keyword.internal.WebUIKeywordMain.runKeywordUntilTimeout(WebUIKeywordMain.groovy:133)
	at com.kms.katalon.core.webui.keyword.builtin.ClickKeyword.click(ClickKeyword.groovy:72)
	at com.kms.katalon.core.webui.keyword.builtin.ClickKeyword.execute(ClickKeyword.groovy:38)
	at com.kms.katalon.core.keyword.internal.KeywordExecutor.executeKeywordForPlatform(KeywordExecutor.groovy:95)
	at com.kms.katalon.core.webui.keyword.WebUiBuiltInKeywords.click(WebUiBuiltInKeywords.groovy:684)
	at TC_REG_01.run(TC_REG_01:67)
	at com.kms.katalon.core.main.ScriptEngine.run(ScriptEngine.java:194)
	at com.kms.katalon.core.main.ScriptEngine.runScriptAsRawText(ScriptEngine.java:119)
	at com.kms.katalon.core.main.TestCaseExecutor.runScript(TestCaseExecutor.java:502)
	at com.kms.katalon.core.main.TestCaseExecutor.doExecute(TestCaseExecutor.java:493)
	at com.kms.katalon.core.main.TestCaseExecutor.processExecutionPhase(TestCaseExecutor.java:472)
	at com.kms.katalon.core.main.TestCaseExecutor.accessMainPhase(TestCaseExecutor.java:464)
	at com.kms.katalon.core.main.TestCaseExecutor.execute(TestCaseExecutor.java:334)
	at com.kms.katalon.core.common.CommonExecutor.accessTestCaseMainPhase(CommonExecutor.java:71)
	at com.kms.katalon.core.main.TestSuiteExecutor.accessTestSuiteMainPhase(TestSuiteExecutor.java:163)
	at com.kms.katalon.core.main.TestSuiteExecutor.execute(TestSuiteExecutor.java:120)
	at com.kms.katalon.core.main.TestCaseMain.startTestSuite(TestCaseMain.java:205)
	at S0.run(S0.groovy:40)
	at java.base/jdk.internal.reflect.DirectMethodHandleAccessor.invoke(DirectMethodHandleAccessor.java:103)
Caused by: org.openqa.selenium.ElementClickInterceptedException: element click intercepted: Element <button class="inline-flex items-center font-bold justify-center whitespace-nowrap rounded-lg text-sm ring-offset-background transition-colors focus-visible:outline-none focus-visible:ring-2 focus-visible:ring-ring focus-visible:ring-offset-2 disabled:pointer-events-none disabled:opacity-50 bg-primary text-white hover:bg-primary/90 px-4 py-2 !mt-6 h-12 w-full" type="submit">...</button> is not clickable at point (606, 789). Other element would receive the click: <div data-state="open" class="fixed inset-0 z-[9999999] bg-black/30 data-[state=open]:animate-in data-[state=closed]:animate-out data-[state=closed]:fade-out-0 data-[state=open]:fade-in-0" style="pointer-events: auto;"></div>
  (Session info: MicrosoftEdge=145.0.3800.82)
Build info: version: '4.39.0', revision: '126f156aee'
System info: os.name: 'Windows 11', os.arch: 'amd64', os.version: '10.0', java.version: '21.0.9'
Driver info: com.kms.katalon.selenium.driver.CEdgeDriver
Command: [0de2bf08b052894fb85514091c6b6cdd, clickElement {id=f.A7997DF37A38E590733D0BD1C999EC61.d.EA2270E960DD6CDBE446CC2DD7193C55.e.84}]
Capabilities {acceptInsecureCerts: false, browserName: MicrosoftEdge, browserVersion: 145.0.3800.82, fedcm:accounts: true, goog:processID: 24656, ms:edgeOptions: {debuggerAddress: localhost:59719}, msedge: {msedgedriverVersion: 145.0.3800.70 (57ed5ba8de27..., userDataDir: C:\Users\X1CARB~1\AppData\L...}, networkConnectionEnabled: false, pageLoadStrategy: normal, platformName: windows, proxy: Proxy(), se:cdp: ws://localhost:59719/devtoo..., se:cdpVersion: 145.0.3800.82, setWindowRect: true, strictFileInteractability: false, timeouts: {implicit: 0, pageLoad: 300000, script: 30000}, unhandledPromptBehavior: {alert: ignore, beforeUnload: ignore, confirm: ignore, default: ignore, file: ignore, prompt: ignore}, webSocketUrl: ws://localhost:27501/sessio..., webauthn:extension:credBlob: true, webauthn:extension:largeBlob: true, webauthn:extension:minPinLength: true, webauthn:extension:prf: true, webauthn:virtualAuthenticators: true}
Element: [[CEdgeDriver: MicrosoftEdge on windows (0de2bf08b052894fb85514091c6b6cdd)] -> xpath: //button[@type='submit']]
Session ID: 0de2bf08b052894fb85514091c6b6cdd
	at java.base/jdk.internal.reflect.DirectConstructorHandleAccessor.newInstance(DirectConstructorHandleAccessor.java:62)
	at org.openqa.selenium.remote.ErrorCodec.decode(ErrorCodec.java:167)
	at org.openqa.selenium.remote.codec.w3c.W3CHttpResponseCodec.decode(W3CHttpResponseCodec.java:142)
	at org.openqa.selenium.remote.codec.w3c.W3CHttpResponseCodec.decode(W3CHttpResponseCodec.java:49)
	at org.openqa.selenium.remote.HttpCommandExecutor.execute(HttpCommandExecutor.java:215)
	at org.openqa.selenium.remote.service.DriverCommandExecutor.invokeExecute(DriverCommandExecutor.java:216)
	at org.openqa.selenium.remote.service.DriverCommandExecutor.execute(DriverCommandExecutor.java:174)
	at org.openqa.selenium.remote.RemoteWebDriver.execute(RemoteWebDriver.java:561)
	at org.openqa.selenium.remote.RemoteWebElement.execute(RemoteWebElement.java:223)
	at org.openqa.selenium.remote.RemoteWebElement.click(RemoteWebElement.java:76)
	at java.base/jdk.internal.reflect.DirectMethodHandleAccessor.invoke(DirectMethodHandleAccessor.java:103)
	at org.openqa.selenium.support.decorators.WebDriverDecorator.call(WebDriverDecorator.java:326)
	at org.openqa.selenium.support.decorators.DefaultDecorated.call(DefaultDecorated.java:48)
	at org.openqa.selenium.support.decorators.WebDriverDecorator.lambda$createProxyFactory$3(WebDriverDecorator.java:416)
	at net.bytebuddy.renamed.java.lang.Object$ByteBuddy$8P17FshJ.click(Unknown Source)
	at com.kms.katalon.core.webui.keyword.builtin.ClickKeyword$_click_closure1.doCall(ClickKeyword.groovy:63)
	at java.base/jdk.internal.reflect.DirectMethodHandleAccessor.invoke(DirectMethodHandleAccessor.java:103)
	at jdk.proxy2/jdk.proxy2.$Proxy55.execute(Unknown Source)
	at com.kms.katalon.core.webui.model.SeleniumActionRetryController.performAction(SeleniumActionRetryController.java:96)
	at com.kms.katalon.core.webui.model.SeleniumActionRetryController.performAction(SeleniumActionRetryController.java:83)
	at com.kms.katalon.core.webui.keyword.internal.WebUIKeywordMain$_runKeywordUntilTimeout_closure1.doCall(WebUIKeywordMain.groovy:135)
	at com.kms.katalon.core.webui.keyword.internal.WebUIKeywordMain$_runKeywordUntilTimeout_closure1.call(WebUIKeywordMain.groovy)
	at com.kms.katalon.core.webui.keyword.internal.WebUIKeywordMain.runKeyword(WebUIKeywordMain.groovy:41)
	at com.kms.katalon.core.webui.keyword.internal.WebUIKeywordMain.runKeywordUntilTimeout(WebUIKeywordMain.groovy:133)
	at com.kms.katalon.core.webui.keyword.builtin.ClickKeyword.click(ClickKeyword.groovy:72)
	at com.kms.katalon.core.webui.keyword.builtin.ClickKeyword.execute(ClickKeyword.groovy:38)
	at com.kms.katalon.core.keyword.internal.KeywordExecutor.executeKeywordForPlatform(KeywordExecutor.groovy:95)
	at com.kms.katalon.core.webui.keyword.WebUiBuiltInKeywords.click(WebUiBuiltInKeywords.groovy:684)
	at Script1772707223352.run(Script1772707223352.groovy:67)
	... 13 more
)
2026-03-06 20:52:00.270 DEBUG testcase.TC_REG_01                       - 19: delay(1)
2026-03-06 20:52:01.281 DEBUG testcase.TC_REG_01                       - 20: click(findTestObject("Register/button_Buat Akun Active"), OPTIONAL)
2026-03-06 20:52:11.327 WARN  c.k.k.c.w.keyword.builtin.ClickKeyword   - Waiting for element timed out
2026-03-06 20:52:12.468 WARN  c.k.k.core.keyword.internal.KeywordMain  - Unable to click on object 'Object Repository/Register/button_Buat Akun Active' (Root cause: com.kms.katalon.core.exception.StepFailedException: Unable to click on object 'Object Repository/Register/button_Buat Akun Active'
	at com.kms.katalon.core.webui.keyword.internal.WebUIKeywordMain.stepFailed(WebUIKeywordMain.groovy:177)
	at com.kms.katalon.core.webui.keyword.internal.WebUIKeywordMain.runKeyword(WebUIKeywordMain.groovy:49)
	at com.kms.katalon.core.webui.keyword.internal.WebUIKeywordMain.runKeywordUntilTimeout(WebUIKeywordMain.groovy:133)
	at com.kms.katalon.core.webui.keyword.builtin.ClickKeyword.click(ClickKeyword.groovy:72)
	at com.kms.katalon.core.webui.keyword.builtin.ClickKeyword.execute(ClickKeyword.groovy:38)
	at com.kms.katalon.core.keyword.internal.KeywordExecutor.executeKeywordForPlatform(KeywordExecutor.groovy:95)
	at com.kms.katalon.core.webui.keyword.WebUiBuiltInKeywords.click(WebUiBuiltInKeywords.groovy:684)
	at TC_REG_01.run(TC_REG_01:71)
	at com.kms.katalon.core.main.ScriptEngine.run(ScriptEngine.java:194)
	at com.kms.katalon.core.main.ScriptEngine.runScriptAsRawText(ScriptEngine.java:119)
	at com.kms.katalon.core.main.TestCaseExecutor.runScript(TestCaseExecutor.java:502)
	at com.kms.katalon.core.main.TestCaseExecutor.doExecute(TestCaseExecutor.java:493)
	at com.kms.katalon.core.main.TestCaseExecutor.processExecutionPhase(TestCaseExecutor.java:472)
	at com.kms.katalon.core.main.TestCaseExecutor.accessMainPhase(TestCaseExecutor.java:464)
	at com.kms.katalon.core.main.TestCaseExecutor.execute(TestCaseExecutor.java:334)
	at com.kms.katalon.core.common.CommonExecutor.accessTestCaseMainPhase(CommonExecutor.java:71)
	at com.kms.katalon.core.main.TestSuiteExecutor.accessTestSuiteMainPhase(TestSuiteExecutor.java:163)
	at com.kms.katalon.core.main.TestSuiteExecutor.execute(TestSuiteExecutor.java:120)
	at com.kms.katalon.core.main.TestCaseMain.startTestSuite(TestCaseMain.java:205)
	at S0.run(S0.groovy:40)
	at java.base/jdk.internal.reflect.DirectMethodHandleAccessor.invoke(DirectMethodHandleAccessor.java:103)
Caused by: org.openqa.selenium.ElementClickInterceptedException: element click intercepted: Element <button class="inline-flex items-center font-bold justify-center whitespace-nowrap rounded-lg text-sm ring-offset-background transition-colors focus-visible:outline-none focus-visible:ring-2 focus-visible:ring-ring focus-visible:ring-offset-2 disabled:pointer-events-none disabled:opacity-50 bg-primary text-white hover:bg-primary/90 px-4 py-2 !mt-6 h-12 w-full" type="submit">...</button> is not clickable at point (606, 789). Other element would receive the click: <div data-state="open" class="fixed inset-0 z-[9999999] bg-black/30 data-[state=open]:animate-in data-[state=closed]:animate-out data-[state=closed]:fade-out-0 data-[state=open]:fade-in-0" style="pointer-events: auto;"></div>
  (Session info: MicrosoftEdge=145.0.3800.82)
Build info: version: '4.39.0', revision: '126f156aee'
System info: os.name: 'Windows 11', os.arch: 'amd64', os.version: '10.0', java.version: '21.0.9'
Driver info: com.kms.katalon.selenium.driver.CEdgeDriver
Command: [0de2bf08b052894fb85514091c6b6cdd, clickElement {id=f.A7997DF37A38E590733D0BD1C999EC61.d.EA2270E960DD6CDBE446CC2DD7193C55.e.84}]
Capabilities {acceptInsecureCerts: false, browserName: MicrosoftEdge, browserVersion: 145.0.3800.82, fedcm:accounts: true, goog:processID: 24656, ms:edgeOptions: {debuggerAddress: localhost:59719}, msedge: {msedgedriverVersion: 145.0.3800.70 (57ed5ba8de27..., userDataDir: C:\Users\X1CARB~1\AppData\L...}, networkConnectionEnabled: false, pageLoadStrategy: normal, platformName: windows, proxy: Proxy(), se:cdp: ws://localhost:59719/devtoo..., se:cdpVersion: 145.0.3800.82, setWindowRect: true, strictFileInteractability: false, timeouts: {implicit: 0, pageLoad: 300000, script: 30000}, unhandledPromptBehavior: {alert: ignore, beforeUnload: ignore, confirm: ignore, default: ignore, file: ignore, prompt: ignore}, webSocketUrl: ws://localhost:27501/sessio..., webauthn:extension:credBlob: true, webauthn:extension:largeBlob: true, webauthn:extension:minPinLength: true, webauthn:extension:prf: true, webauthn:virtualAuthenticators: true}
Element: [[CEdgeDriver: MicrosoftEdge on windows (0de2bf08b052894fb85514091c6b6cdd)] -> xpath: //button[@type='submit']]
Session ID: 0de2bf08b052894fb85514091c6b6cdd
	at java.base/jdk.internal.reflect.DirectConstructorHandleAccessor.newInstance(DirectConstructorHandleAccessor.java:62)
	at org.openqa.selenium.remote.ErrorCodec.decode(ErrorCodec.java:167)
	at org.openqa.selenium.remote.codec.w3c.W3CHttpResponseCodec.decode(W3CHttpResponseCodec.java:142)
	at org.openqa.selenium.remote.codec.w3c.W3CHttpResponseCodec.decode(W3CHttpResponseCodec.java:49)
	at org.openqa.selenium.remote.HttpCommandExecutor.execute(HttpCommandExecutor.java:215)
	at org.openqa.selenium.remote.service.DriverCommandExecutor.invokeExecute(DriverCommandExecutor.java:216)
	at org.openqa.selenium.remote.service.DriverCommandExecutor.execute(DriverCommandExecutor.java:174)
	at org.openqa.selenium.remote.RemoteWebDriver.execute(RemoteWebDriver.java:561)
	at org.openqa.selenium.remote.RemoteWebElement.execute(RemoteWebElement.java:223)
	at org.openqa.selenium.remote.RemoteWebElement.click(RemoteWebElement.java:76)
	at java.base/jdk.internal.reflect.DirectMethodHandleAccessor.invoke(DirectMethodHandleAccessor.java:103)
	at org.openqa.selenium.support.decorators.WebDriverDecorator.call(WebDriverDecorator.java:326)
	at org.openqa.selenium.support.decorators.DefaultDecorated.call(DefaultDecorated.java:48)
	at org.openqa.selenium.support.decorators.WebDriverDecorator.lambda$createProxyFactory$3(WebDriverDecorator.java:416)
	at net.bytebuddy.renamed.java.lang.Object$ByteBuddy$8P17FshJ.click(Unknown Source)
	at com.kms.katalon.core.webui.keyword.builtin.ClickKeyword$_click_closure1.doCall(ClickKeyword.groovy:63)
	at java.base/jdk.internal.reflect.DirectMethodHandleAccessor.invoke(DirectMethodHandleAccessor.java:103)
	at jdk.proxy2/jdk.proxy2.$Proxy55.execute(Unknown Source)
	at com.kms.katalon.core.webui.model.SeleniumActionRetryController.performAction(SeleniumActionRetryController.java:96)
	at com.kms.katalon.core.webui.model.SeleniumActionRetryController.performAction(SeleniumActionRetryController.java:83)
	at com.kms.katalon.core.webui.keyword.internal.WebUIKeywordMain$_runKeywordUntilTimeout_closure1.doCall(WebUIKeywordMain.groovy:135)
	at com.kms.katalon.core.webui.keyword.internal.WebUIKeywordMain$_runKeywordUntilTimeout_closure1.call(WebUIKeywordMain.groovy)
	at com.kms.katalon.core.webui.keyword.internal.WebUIKeywordMain.runKeyword(WebUIKeywordMain.groovy:41)
	at com.kms.katalon.core.webui.keyword.internal.WebUIKeywordMain.runKeywordUntilTimeout(WebUIKeywordMain.groovy:133)
	at com.kms.katalon.core.webui.keyword.builtin.ClickKeyword.click(ClickKeyword.groovy:72)
	at com.kms.katalon.core.webui.keyword.builtin.ClickKeyword.execute(ClickKeyword.groovy:38)
	at com.kms.katalon.core.keyword.internal.KeywordExecutor.executeKeywordForPlatform(KeywordExecutor.groovy:95)
	at com.kms.katalon.core.webui.keyword.WebUiBuiltInKeywords.click(WebUiBuiltInKeywords.groovy:684)
	at Script1772707223352.run(Script1772707223352.groovy:71)
	... 13 more
)
2026-03-06 20:52:12.477 DEBUG testcase.TC_REG_01                       - 21: click(findTestObject("Register/li_Kirim OTP via Emailh1jtwdollicons.com"))
2026-03-06 20:52:12.919 DEBUG testcase.TC_REG_01                       - 22: click(findTestObject("Register/button_Lanjutkan"), OPTIONAL)
2026-03-06 20:52:13.592 DEBUG testcase.TC_REG_01                       - 23: delay(1)
2026-03-06 20:52:14.609 DEBUG testcase.TC_REG_01                       - 24: click(findTestObject("Register/button_Lanjutkan"), OPTIONAL)
2026-03-06 20:52:24.879 WARN  c.k.k.core.keyword.internal.KeywordMain  - Unable to click on object 'Object Repository/Register/button_Lanjutkan' (Root cause: com.kms.katalon.core.exception.StepFailedException: Unable to click on object 'Object Repository/Register/button_Lanjutkan'
	at com.kms.katalon.core.webui.keyword.internal.WebUIKeywordMain.stepFailed(WebUIKeywordMain.groovy:177)
	at com.kms.katalon.core.webui.keyword.internal.WebUIKeywordMain.runKeyword(WebUIKeywordMain.groovy:49)
	at com.kms.katalon.core.webui.keyword.internal.WebUIKeywordMain.runKeywordUntilTimeout(WebUIKeywordMain.groovy:133)
	at com.kms.katalon.core.webui.keyword.builtin.ClickKeyword.click(ClickKeyword.groovy:72)
	at com.kms.katalon.core.webui.keyword.builtin.ClickKeyword.execute(ClickKeyword.groovy:38)
	at com.kms.katalon.core.keyword.internal.KeywordExecutor.executeKeywordForPlatform(KeywordExecutor.groovy:95)
	at com.kms.katalon.core.webui.keyword.WebUiBuiltInKeywords.click(WebUiBuiltInKeywords.groovy:684)
	at TC_REG_01.run(TC_REG_01:82)
	at com.kms.katalon.core.main.ScriptEngine.run(ScriptEngine.java:194)
	at com.kms.katalon.core.main.ScriptEngine.runScriptAsRawText(ScriptEngine.java:119)
	at com.kms.katalon.core.main.TestCaseExecutor.runScript(TestCaseExecutor.java:502)
	at com.kms.katalon.core.main.TestCaseExecutor.doExecute(TestCaseExecutor.java:493)
	at com.kms.katalon.core.main.TestCaseExecutor.processExecutionPhase(TestCaseExecutor.java:472)
	at com.kms.katalon.core.main.TestCaseExecutor.accessMainPhase(TestCaseExecutor.java:464)
	at com.kms.katalon.core.main.TestCaseExecutor.execute(TestCaseExecutor.java:334)
	at com.kms.katalon.core.common.CommonExecutor.accessTestCaseMainPhase(CommonExecutor.java:71)
	at com.kms.katalon.core.main.TestSuiteExecutor.accessTestSuiteMainPhase(TestSuiteExecutor.java:163)
	at com.kms.katalon.core.main.TestSuiteExecutor.execute(TestSuiteExecutor.java:120)
	at com.kms.katalon.core.main.TestCaseMain.startTestSuite(TestCaseMain.java:205)
	at S0.run(S0.groovy:40)
	at java.base/jdk.internal.reflect.DirectMethodHandleAccessor.invoke(DirectMethodHandleAccessor.java:103)
Caused by: com.kms.katalon.core.webui.exception.WebElementNotFoundException: Web element with id: 'Object Repository/Register/button_Lanjutkan' located by 'By.xpath: //div[@id='radix-:r7:']/div/div/div/button[3]' not found
	at com.kms.katalon.core.webui.model.WebUiElementFinder.findElementByNormalMethods(WebUiElementFinder.java:193)
	at com.kms.katalon.core.webui.model.WebUiElementFinder.findElementsBySelectedMethod(WebUiElementFinder.java:91)
	at com.kms.katalon.core.webui.model.WebUiElementFinder.findElementsBySelectedMethod(WebUiElementFinder.java:74)
	at com.kms.katalon.core.webui.model.WebUiElementFinder.findElementsBySelectedMethod(WebUiElementFinder.java:69)
	at com.kms.katalon.core.webui.model.WebUiElementFinder.findElement(WebUiElementFinder.java:43)
	at com.kms.katalon.core.webui.model.WebUiElementFinderWithTimeout.basicFindElement(WebUiElementFinderWithTimeout.java:51)
	at com.kms.katalon.core.webui.model.WebUiElementFinderWithTimeout.lambda$0(WebUiElementFinderWithTimeout.java:29)
	at com.kms.katalon.core.webui.model.SeleniumActionRetryController.performAction(SeleniumActionRetryController.java:96)
	at com.kms.katalon.core.webui.model.SeleniumActionRetryController.performAction(SeleniumActionRetryController.java:83)
	at com.kms.katalon.core.webui.model.WebUiElementFinderWithTimeout.findElement(WebUiElementFinderWithTimeout.java:28)
	at com.kms.katalon.core.webui.keyword.internal.WebUIAbstractKeyword.findWebElement(WebUIAbstractKeyword.java:111)
	at com.kms.katalon.core.webui.keyword.builtin.ClickKeyword$_click_closure1.doCall(ClickKeyword.groovy:52)
	at java.base/jdk.internal.reflect.DirectMethodHandleAccessor.invoke(DirectMethodHandleAccessor.java:103)
	at jdk.proxy2/jdk.proxy2.$Proxy55.execute(Unknown Source)
	at com.kms.katalon.core.webui.model.SeleniumActionRetryController.performAction(SeleniumActionRetryController.java:96)
	at com.kms.katalon.core.webui.model.SeleniumActionRetryController.performAction(SeleniumActionRetryController.java:83)
	at com.kms.katalon.core.webui.keyword.internal.WebUIKeywordMain$_runKeywordUntilTimeout_closure1.doCall(WebUIKeywordMain.groovy:135)
	at com.kms.katalon.core.webui.keyword.internal.WebUIKeywordMain$_runKeywordUntilTimeout_closure1.call(WebUIKeywordMain.groovy)
	at com.kms.katalon.core.webui.keyword.internal.WebUIKeywordMain.runKeyword(WebUIKeywordMain.groovy:41)
	at com.kms.katalon.core.webui.keyword.internal.WebUIKeywordMain.runKeywordUntilTimeout(WebUIKeywordMain.groovy:133)
	at com.kms.katalon.core.webui.keyword.builtin.ClickKeyword.click(ClickKeyword.groovy:72)
	at com.kms.katalon.core.webui.keyword.builtin.ClickKeyword.execute(ClickKeyword.groovy:38)
	at com.kms.katalon.core.keyword.internal.KeywordExecutor.executeKeywordForPlatform(KeywordExecutor.groovy:95)
	at com.kms.katalon.core.webui.keyword.WebUiBuiltInKeywords.click(WebUiBuiltInKeywords.groovy:684)
	at Script1772707223352.run(Script1772707223352.groovy:82)
	... 13 more
)
2026-03-06 20:52:24.884 DEBUG testcase.TC_REG_01                       - 25: delay(7)
2026-03-06 20:52:31.899 DEBUG testcase.TC_REG_01                       - 26: click(findTestObject("Register/button_Verifikasi OTP"))
2026-03-06 20:52:32.456 DEBUG testcase.TC_REG_01                       - 27: delay(2)
2026-03-06 20:52:34.485 INFO  c.k.katalon.core.main.TestCaseExecutor   - END Test Cases/Register/TC_REG_01
2026-03-06 20:52:34.493 INFO  c.k.katalon.core.main.TestCaseExecutor   - --------------------
2026-03-06 20:52:34.493 INFO  c.k.katalon.core.main.TestCaseExecutor   - START Test Cases/Register/TC_REG_02
2026-03-06 20:52:34.671 DEBUG testcase.TC_REG_02                       - 1: openBrowser(url)
2026-03-06 20:52:34.684 WARN  c.k.k.core.webui.driver.DriverFactory    - A browser is already opened. Closing browser and opening a new one
2026-03-06 20:52:35.352 INFO  c.k.k.core.webui.driver.DriverFactory    - Starting 'Edge Chromium' driver
2026-03-06 20:52:35.359 INFO  c.k.k.core.webui.driver.DriverFactory    - Action delay is set to 0 milliseconds
Mar 06, 2026 8:52:37 PM org.openqa.selenium.devtools.CdpVersionFinder findNearestMatch
WARNING: Unable to find an exact match for CDP version 145, returning the closest version; found: 143; Please update to a Selenium version that supports CDP version 145
2026-03-06 20:52:37.547 INFO  c.k.k.core.webui.driver.DriverFactory    - sessionId = 2f65491c6baa7978bd61a6e28beed84f
2026-03-06 20:52:37.551 INFO  c.k.k.core.webui.driver.DriverFactory    - browser = Edge Chromium 145.0.3800.82
2026-03-06 20:52:37.552 INFO  c.k.k.core.webui.driver.DriverFactory    - platform = Windows 11
2026-03-06 20:52:37.552 INFO  c.k.k.core.webui.driver.DriverFactory    - seleniumVersion = 4.39.0
2026-03-06 20:52:37.555 INFO  c.k.k.core.webui.driver.DriverFactory    - proxyInformation = ProxyInformation { proxyOption=NO_PROXY, proxyServerType=HTTP, username=, password=********, proxyServerAddress=, proxyServerPort=0, executionList="", isApplyToDesiredCapabilities=true }
2026-03-06 20:52:38.195 DEBUG testcase.TC_REG_02                       - 2: maximizeWindow()
2026-03-06 20:52:38.592 DEBUG testcase.TC_REG_02                       - 3: delay(5)
2026-03-06 20:52:43.614 DEBUG testcase.TC_REG_02                       - 4: click(findTestObject("Register/button_Masuk"))
2026-03-06 20:52:44.620 DEBUG testcase.TC_REG_02                       - 5: click(findTestObject("Register/span_Daftar Sekarang"))
2026-03-06 20:52:46.662 DEBUG testcase.TC_REG_02                       - 6: delay(3)
2026-03-06 20:52:49.677 DEBUG testcase.TC_REG_02                       - 7: setText(findTestObject("Register/input__Nama Depan"), "a")
2026-03-06 20:52:50.583 DEBUG testcase.TC_REG_02                       - 8: setText(findTestObject("Register/input__Nama Belakang"), "a")
2026-03-06 20:52:51.744 DEBUG testcase.TC_REG_02                       - 9: delay(3)
2026-03-06 20:52:54.754 DEBUG testcase.TC_REG_02                       - 10: verifyTextPresent("Nama depan harus terdiri dari setidaknya 2 karakter.", false)
2026-03-06 20:52:55.125 DEBUG testcase.TC_REG_02                       - 11: verifyTextPresent("Nama belakang harus terdiri dari setidaknya 2 karakter.", false)
2026-03-06 20:52:55.472 DEBUG testcase.TC_REG_02                       - 12: scrollToElement(findTestObject("Register/button_Buat Akun Active"), 5)
2026-03-06 20:52:55.787 DEBUG testcase.TC_REG_02                       - 13: click(findTestObject("Register/Checklist TnC"))
2026-03-06 20:52:56.271 DEBUG testcase.TC_REG_02                       - 14: delay(5)
2026-03-06 20:53:01.293 DEBUG testcase.TC_REG_02                       - 15: verifyElementNotClickable(findTestObject("Register/button_Buat Akun Active"))
2026-03-06 20:53:01.593 INFO  c.k.katalon.core.main.TestCaseExecutor   - END Test Cases/Register/TC_REG_02
2026-03-06 20:53:01.598 INFO  c.k.katalon.core.main.TestCaseExecutor   - --------------------
2026-03-06 20:53:01.598 INFO  c.k.katalon.core.main.TestCaseExecutor   - START Test Cases/Register/TC_REG_03
2026-03-06 20:53:01.721 DEBUG testcase.TC_REG_03                       - 1: openBrowser(url)
2026-03-06 20:53:01.725 WARN  c.k.k.core.webui.driver.DriverFactory    - A browser is already opened. Closing browser and opening a new one
2026-03-06 20:53:02.326 INFO  c.k.k.core.webui.driver.DriverFactory    - Starting 'Edge Chromium' driver
2026-03-06 20:53:02.333 INFO  c.k.k.core.webui.driver.DriverFactory    - Action delay is set to 0 milliseconds
Mar 06, 2026 8:53:04 PM org.openqa.selenium.devtools.CdpVersionFinder findNearestMatch
WARNING: Unable to find an exact match for CDP version 145, returning the closest version; found: 143; Please update to a Selenium version that supports CDP version 145
2026-03-06 20:53:04.491 INFO  c.k.k.core.webui.driver.DriverFactory    - sessionId = 9dcacd7179f18a06ef05e3b670823d6d
2026-03-06 20:53:04.492 INFO  c.k.k.core.webui.driver.DriverFactory    - browser = Edge Chromium 145.0.3800.82
2026-03-06 20:53:04.494 INFO  c.k.k.core.webui.driver.DriverFactory    - platform = Windows 11
2026-03-06 20:53:04.495 INFO  c.k.k.core.webui.driver.DriverFactory    - seleniumVersion = 4.39.0
2026-03-06 20:53:04.496 INFO  c.k.k.core.webui.driver.DriverFactory    - proxyInformation = ProxyInformation { proxyOption=NO_PROXY, proxyServerType=HTTP, username=, password=********, proxyServerAddress=, proxyServerPort=0, executionList="", isApplyToDesiredCapabilities=true }
2026-03-06 20:53:05.419 DEBUG testcase.TC_REG_03                       - 2: maximizeWindow()
2026-03-06 20:53:05.770 DEBUG testcase.TC_REG_03                       - 3: delay(5)
2026-03-06 20:53:10.793 DEBUG testcase.TC_REG_03                       - 4: click(findTestObject("Register/button_Masuk"))
2026-03-06 20:53:11.340 DEBUG testcase.TC_REG_03                       - 5: click(findTestObject("Register/span_Daftar Sekarang"))
2026-03-06 20:53:13.336 DEBUG testcase.TC_REG_03                       - 6: delay(3)
2026-03-06 20:53:16.345 DEBUG testcase.TC_REG_03                       - 7: setText(findTestObject("Register/input__Nama Depan"), "Devan")
2026-03-06 20:53:17.392 DEBUG testcase.TC_REG_03                       - 8: setText(findTestObject("Register/input__Nama Belakang"), "Putra")
2026-03-06 20:53:18.533 DEBUG testcase.TC_REG_03                       - 9: setText(findTestObject("Register/input_Email"), "aaaaa")
2026-03-06 20:53:19.615 DEBUG testcase.TC_REG_03                       - 10: delay(1)
2026-03-06 20:53:20.630 DEBUG testcase.TC_REG_03                       - 11: verifyElementText(findTestObject("Register/p_Harap masukkan alamat email yang valid"), "Harap masukkan alamat email yang valid.")
2026-03-06 20:53:20.980 DEBUG testcase.TC_REG_03                       - 12: scrollToElement(findTestObject("Register/button_Buat Akun Active"), 5)
2026-03-06 20:53:21.294 DEBUG testcase.TC_REG_03                       - 13: click(findTestObject("Register/Checklist TnC"))
2026-03-06 20:53:21.806 DEBUG testcase.TC_REG_03                       - 14: verifyElementNotClickable(findTestObject("Register/button_Buat Akun Active"))
2026-03-06 20:53:22.276 DEBUG testcase.TC_REG_03                       - 15: delay(1)
2026-03-06 20:53:23.282 INFO  c.k.katalon.core.main.TestCaseExecutor   - END Test Cases/Register/TC_REG_03
2026-03-06 20:53:23.286 INFO  c.k.katalon.core.main.TestCaseExecutor   - --------------------
2026-03-06 20:53:23.286 INFO  c.k.katalon.core.main.TestCaseExecutor   - START Test Cases/Register/TC_REG_04
2026-03-06 20:53:23.378 DEBUG testcase.TC_REG_04                       - 1: openBrowser(url)
2026-03-06 20:53:23.380 WARN  c.k.k.core.webui.driver.DriverFactory    - A browser is already opened. Closing browser and opening a new one
2026-03-06 20:53:23.738 INFO  c.k.k.core.webui.driver.DriverFactory    - Starting 'Edge Chromium' driver
2026-03-06 20:53:23.744 INFO  c.k.k.core.webui.driver.DriverFactory    - Action delay is set to 0 milliseconds
Mar 06, 2026 8:53:24 PM org.openqa.selenium.devtools.CdpVersionFinder findNearestMatch
WARNING: Unable to find an exact match for CDP version 145, returning the closest version; found: 143; Please update to a Selenium version that supports CDP version 145
2026-03-06 20:53:25.061 INFO  c.k.k.core.webui.driver.DriverFactory    - sessionId = 960d77241615e25a66be2c36630683e7
2026-03-06 20:53:25.062 INFO  c.k.k.core.webui.driver.DriverFactory    - browser = Edge Chromium 145.0.3800.82
2026-03-06 20:53:25.070 INFO  c.k.k.core.webui.driver.DriverFactory    - platform = Windows 11
2026-03-06 20:53:25.071 INFO  c.k.k.core.webui.driver.DriverFactory    - seleniumVersion = 4.39.0
2026-03-06 20:53:25.074 INFO  c.k.k.core.webui.driver.DriverFactory    - proxyInformation = ProxyInformation { proxyOption=NO_PROXY, proxyServerType=HTTP, username=, password=********, proxyServerAddress=, proxyServerPort=0, executionList="", isApplyToDesiredCapabilities=true }
