2026-03-06 20:23:38.421 INFO  c.k.k.c.l.logback.LogbackConfigurator    - Logback default configuration initialized from: C:\Users\x1 carbon\.katalon\packages\KS-11.0.1\configuration\org.eclipse.osgi\148\0\.cp\resources\logback\logback-execution.xml
2026-03-06 20:23:38.425 INFO  c.k.k.c.l.logback.LogbackConfigurator    - Logback custom configuration initialized from: D:\VocaGame\VocaGame\Include\config\log.properties
2026-03-06 20:23:39.422 INFO  c.k.katalon.core.main.TestSuiteExecutor  - START Test Suites/Register
2026-03-06 20:23:39.543 INFO  c.k.katalon.core.main.TestSuiteExecutor  - userFullName = Devanz
2026-03-06 20:23:39.544 INFO  c.k.katalon.core.main.TestSuiteExecutor  - projectName = VocaGame
2026-03-06 20:23:39.546 INFO  c.k.katalon.core.main.TestSuiteExecutor  - hostName = x1 carbon - DESKTOP-72PBSPN
2026-03-06 20:23:39.546 INFO  c.k.katalon.core.main.TestSuiteExecutor  - os = Windows 11 64bit
2026-03-06 20:23:39.547 INFO  c.k.katalon.core.main.TestSuiteExecutor  - hostAddress = 172.16.100.143
2026-03-06 20:23:39.548 INFO  c.k.katalon.core.main.TestSuiteExecutor  - katalonVersion = 11.0.1.0
2026-03-06 20:23:39.757 INFO  c.k.katalon.core.main.TestCaseExecutor   - --------------------
2026-03-06 20:23:39.758 INFO  c.k.katalon.core.main.TestCaseExecutor   - START Test Cases/Register/TC_REG_01
2026-03-06 20:23:40.521 DEBUG testcase.TC_REG_01                       - 1: openBrowser(url)
2026-03-06 20:23:41.210 INFO  c.k.k.core.webui.driver.DriverFactory    - Starting 'Chrome' driver
2026-03-06 20:23:41.285 INFO  c.k.k.core.webui.driver.DriverFactory    - Action delay is set to 0 milliseconds
Mar 06, 2026 8:23:42 PM org.openqa.selenium.devtools.CdpVersionFinder findNearestMatch
WARNING: Unable to find an exact match for CDP version 145, returning the closest version; found: 143; Please update to a Selenium version that supports CDP version 145
2026-03-06 20:23:43.657 INFO  c.k.k.core.webui.driver.DriverFactory    - sessionId = 4ed79e35b1071a193a4d9810c712937c
2026-03-06 20:23:43.660 INFO  c.k.k.core.webui.driver.DriverFactory    - browser = Chrome 145.0.7632.160
2026-03-06 20:23:43.661 INFO  c.k.k.core.webui.driver.DriverFactory    - platform = Windows 11
2026-03-06 20:23:43.662 INFO  c.k.k.core.webui.driver.DriverFactory    - seleniumVersion = 4.39.0
2026-03-06 20:23:43.712 INFO  c.k.k.core.webui.driver.DriverFactory    - proxyInformation = ProxyInformation { proxyOption=NO_PROXY, proxyServerType=HTTP, username=, password=********, proxyServerAddress=, proxyServerPort=0, executionList="", isApplyToDesiredCapabilities=true }
2026-03-06 20:23:44.470 DEBUG testcase.TC_REG_01                       - 2: maximizeWindow()
2026-03-06 20:23:44.718 DEBUG testcase.TC_REG_01                       - 3: delay(3)
2026-03-06 20:23:47.862 DEBUG testcase.TC_REG_01                       - 4: click(findTestObject("Register/button_Masuk"))
2026-03-06 20:23:48.600 DEBUG testcase.TC_REG_01                       - 5: click(findTestObject("Register/span_Daftar Sekarang"))
2026-03-06 20:23:49.955 DEBUG testcase.TC_REG_01                       - 6: delay(5)
2026-03-06 20:23:55.038 DEBUG testcase.TC_REG_01                       - 7: setText(findTestObject("Register/input__Nama Depan"), "Devan")
2026-03-06 20:23:56.665 DEBUG testcase.TC_REG_01                       - 8: setText(findTestObject("Register/input__Nama Belakang"), "Putra")
2026-03-06 20:23:57.713 DEBUG testcase.TC_REG_01                       - 9: rand = new java.util.Random()
2026-03-06 20:23:57.725 DEBUG testcase.TC_REG_01                       - 10: phoneNumber = "08" + 100000000 + rand.nextInt(900000000)
2026-03-06 20:23:57.741 DEBUG testcase.TC_REG_01                       - 11: setText(findTestObject("Register/input_Whatsapp"), phoneNumber)
2026-03-06 20:23:58.714 DEBUG testcase.TC_REG_01                       - 12: newTab("")
2026-03-06 20:23:58.844 DEBUG testcase.TC_REG_01                       - 13: navigateToUrl("https://internxt.com/temporary-email")
2026-03-06 20:24:04.535 DEBUG testcase.TC_REG_01                       - 14: delay(7)
2026-03-06 20:24:11.545 DEBUG testcase.TC_REG_01                       - 15: click(findTestObject("Register/copy_temp email"))
2026-03-06 20:24:11.939 DEBUG testcase.TC_REG_01                       - 16: switchToWindowTitle("VocaGame - Top up Game & Voucher Game termurah dan terpercaya di Indonesia.")
2026-03-06 20:24:12.017 DEBUG testcase.TC_REG_01                       - 17: sendKeys(findTestObject("Register/input_Email"), Keys.chord(CONTROL, "v"))
2026-03-06 20:24:12.450 DEBUG testcase.TC_REG_01                       - 18: setText(findTestObject("Register/input__Password"), password)
2026-03-06 20:24:13.291 DEBUG testcase.TC_REG_01                       - 19: setText(findTestObject("Register/input__Konfirmasi Password"), password)
2026-03-06 20:24:14.306 DEBUG testcase.TC_REG_01                       - 20: click(findTestObject("Register/Checklist TnC"))
2026-03-06 20:24:14.845 DEBUG testcase.TC_REG_01                       - 21: click(findTestObject("Register/button_Buat Akun Active"), OPTIONAL)
2026-03-06 20:24:15.478 DEBUG testcase.TC_REG_01                       - 22: delay(1)
2026-03-06 20:24:16.493 DEBUG testcase.TC_REG_01                       - 23: click(findTestObject("Register/button_Buat Akun Active"), OPTIONAL)
2026-03-06 20:24:26.529 WARN  c.k.k.c.w.keyword.builtin.ClickKeyword   - Waiting for element timed out
2026-03-06 20:24:27.696 WARN  c.k.k.core.keyword.internal.KeywordMain  - Unable to click on object 'Object Repository/Register/button_Buat Akun Active' (Root cause: com.kms.katalon.core.exception.StepFailedException: Unable to click on object 'Object Repository/Register/button_Buat Akun Active'
	at com.kms.katalon.core.webui.keyword.internal.WebUIKeywordMain.stepFailed(WebUIKeywordMain.groovy:177)
	at com.kms.katalon.core.webui.keyword.internal.WebUIKeywordMain.runKeyword(WebUIKeywordMain.groovy:49)
	at com.kms.katalon.core.webui.keyword.internal.WebUIKeywordMain.runKeywordUntilTimeout(WebUIKeywordMain.groovy:133)
	at com.kms.katalon.core.webui.keyword.builtin.ClickKeyword.click(ClickKeyword.groovy:72)
	at com.kms.katalon.core.webui.keyword.builtin.ClickKeyword.execute(ClickKeyword.groovy:38)
	at com.kms.katalon.core.keyword.internal.KeywordExecutor.executeKeywordForPlatform(KeywordExecutor.groovy:95)
	at com.kms.katalon.core.webui.keyword.WebUiBuiltInKeywords.click(WebUiBuiltInKeywords.groovy:684)
	at TC_REG_01.run(TC_REG_01:66)
	at com.kms.katalon.core.main.ScriptEngine.run(ScriptEngine.java:194)
	at com.kms.katalon.core.main.ScriptEngine.runScriptAsRawText(ScriptEngine.java:119)
	at com.kms.katalon.core.main.TestCaseExecutor.runScript(TestCaseExecutor.java:502)
	at com.kms.katalon.core.main.TestCaseExecutor.doExecute(TestCaseExecutor.java:493)
	at com.kms.katalon.core.main.TestCaseExecutor.processExecutionPhase(TestCaseExecutor.java:472)
	at com.kms.katalon.core.main.TestCaseExecutor.accessMainPhase(TestCaseExecutor.java:464)
	at com.kms.katalon.core.main.TestCaseExecutor.execute(TestCaseExecutor.java:334)
	at com.kms.katalon.core.common.CommonExecutor.accessTestCaseMainPhase(CommonExecutor.java:71)
	at com.kms.katalon.core.main.TestSuiteExecutor.accessTestSuiteMainPhase(TestSuiteExecutor.java:163)
	at com.kms.katalon.core.main.TestSuiteExecutor.execute(TestSuiteExecutor.java:120)
	at com.kms.katalon.core.main.TestCaseMain.startTestSuite(TestCaseMain.java:205)
	at S0.run(S0.groovy:40)
	at java.base/jdk.internal.reflect.DirectMethodHandleAccessor.invoke(DirectMethodHandleAccessor.java:103)
Caused by: org.openqa.selenium.ElementClickInterceptedException: element click intercepted: Element <button class="inline-flex items-center font-bold justify-center whitespace-nowrap rounded-lg text-sm ring-offset-background transition-colors focus-visible:outline-none focus-visible:ring-2 focus-visible:ring-ring focus-visible:ring-offset-2 disabled:pointer-events-none disabled:opacity-50 bg-primary text-white hover:bg-primary/90 px-4 py-2 !mt-6 h-12 w-full" type="submit">...</button> is not clickable at point (610, 789). Other element would receive the click: <div data-state="open" class="fixed inset-0 z-[9999999] bg-black/30 data-[state=open]:animate-in data-[state=closed]:animate-out data-[state=closed]:fade-out-0 data-[state=open]:fade-in-0" style="pointer-events: auto;"></div>
  (Session info: chrome=145.0.7632.160)
Build info: version: '4.39.0', revision: '126f156aee'
System info: os.name: 'Windows 11', os.arch: 'amd64', os.version: '10.0', java.version: '21.0.9'
Driver info: com.kms.katalon.selenium.driver.CChromeDriver
Command: [4ed79e35b1071a193a4d9810c712937c, clickElement {id=f.F7C5826CF7EADA902AA93D386683C562.d.8550D6DE08FF1FB831B96C4EB697CA28.e.74}]
Capabilities {acceptInsecureCerts: false, browserName: chrome, browserVersion: 145.0.7632.160, chrome: {chromedriverVersion: 145.0.7632.117 (de4e5d6e13b..., userDataDir: C:\Users\X1CARB~1\AppData\L...}, fedcm:accounts: true, goog:chromeOptions: {debuggerAddress: localhost:57788}, goog:processID: 25012, networkConnectionEnabled: false, pageLoadStrategy: normal, platformName: windows, proxy: Proxy(), se:cdp: ws://localhost:57788/devtoo..., se:cdpVersion: 145.0.7632.160, setWindowRect: true, strictFileInteractability: false, timeouts: {implicit: 0, pageLoad: 300000, script: 30000}, unhandledPromptBehavior: {alert: ignore, beforeUnload: ignore, confirm: ignore, default: ignore, file: ignore, prompt: ignore}, webSocketUrl: ws://localhost:29039/sessio..., webauthn:extension:credBlob: true, webauthn:extension:largeBlob: true, webauthn:extension:minPinLength: true, webauthn:extension:prf: true, webauthn:virtualAuthenticators: true}
Element: [[CChromeDriver: chrome on windows (4ed79e35b1071a193a4d9810c712937c)] -> xpath: //button[@type='submit']]
Session ID: 4ed79e35b1071a193a4d9810c712937c
	at java.base/jdk.internal.reflect.DirectConstructorHandleAccessor.newInstance(DirectConstructorHandleAccessor.java:62)
	at org.openqa.selenium.remote.ErrorCodec.decode(ErrorCodec.java:167)
	at org.openqa.selenium.remote.codec.w3c.W3CHttpResponseCodec.decode(W3CHttpResponseCodec.java:142)
	at org.openqa.selenium.remote.codec.w3c.W3CHttpResponseCodec.decode(W3CHttpResponseCodec.java:49)
	at org.openqa.selenium.remote.HttpCommandExecutor.execute(HttpCommandExecutor.java:215)
	at org.openqa.selenium.remote.service.DriverCommandExecutor.invokeExecute(DriverCommandExecutor.java:216)
	at org.openqa.selenium.remote.service.DriverCommandExecutor.execute(DriverCommandExecutor.java:174)
	at org.openqa.selenium.remote.RemoteWebDriver.execute(RemoteWebDriver.java:561)
	at org.openqa.selenium.remote.RemoteWebElement.execute(RemoteWebElement.java:223)
	at org.openqa.selenium.remote.RemoteWebElement.click(RemoteWebElement.java:76)
	at java.base/jdk.internal.reflect.DirectMethodHandleAccessor.invoke(DirectMethodHandleAccessor.java:103)
	at org.openqa.selenium.support.decorators.WebDriverDecorator.call(WebDriverDecorator.java:326)
	at org.openqa.selenium.support.decorators.DefaultDecorated.call(DefaultDecorated.java:48)
	at org.openqa.selenium.support.decorators.WebDriverDecorator.lambda$createProxyFactory$3(WebDriverDecorator.java:416)
	at net.bytebuddy.renamed.java.lang.Object$ByteBuddy$josEbJtc.click(Unknown Source)
	at com.kms.katalon.core.webui.keyword.builtin.ClickKeyword$_click_closure1.doCall(ClickKeyword.groovy:63)
	at java.base/jdk.internal.reflect.DirectMethodHandleAccessor.invoke(DirectMethodHandleAccessor.java:103)
	at jdk.proxy2/jdk.proxy2.$Proxy55.execute(Unknown Source)
	at com.kms.katalon.core.webui.model.SeleniumActionRetryController.performAction(SeleniumActionRetryController.java:96)
	at com.kms.katalon.core.webui.model.SeleniumActionRetryController.performAction(SeleniumActionRetryController.java:83)
	at com.kms.katalon.core.webui.keyword.internal.WebUIKeywordMain$_runKeywordUntilTimeout_closure1.doCall(WebUIKeywordMain.groovy:135)
	at com.kms.katalon.core.webui.keyword.internal.WebUIKeywordMain$_runKeywordUntilTimeout_closure1.call(WebUIKeywordMain.groovy)
	at com.kms.katalon.core.webui.keyword.internal.WebUIKeywordMain.runKeyword(WebUIKeywordMain.groovy:41)
	at com.kms.katalon.core.webui.keyword.internal.WebUIKeywordMain.runKeywordUntilTimeout(WebUIKeywordMain.groovy:133)
	at com.kms.katalon.core.webui.keyword.builtin.ClickKeyword.click(ClickKeyword.groovy:72)
	at com.kms.katalon.core.webui.keyword.builtin.ClickKeyword.execute(ClickKeyword.groovy:38)
	at com.kms.katalon.core.keyword.internal.KeywordExecutor.executeKeywordForPlatform(KeywordExecutor.groovy:95)
	at com.kms.katalon.core.webui.keyword.WebUiBuiltInKeywords.click(WebUiBuiltInKeywords.groovy:684)
	at Script1772707223352.run(Script1772707223352.groovy:66)
	... 13 more
)
2026-03-06 20:24:27.700 DEBUG testcase.TC_REG_01                       - 24: delay(1)
2026-03-06 20:24:28.715 DEBUG testcase.TC_REG_01                       - 25: click(findTestObject("Register/button_Buat Akun Active"), OPTIONAL)
2026-03-06 20:24:38.754 WARN  c.k.k.c.w.keyword.builtin.ClickKeyword   - Waiting for element timed out
2026-03-06 20:24:39.820 WARN  c.k.k.core.keyword.internal.KeywordMain  - Unable to click on object 'Object Repository/Register/button_Buat Akun Active' (Root cause: com.kms.katalon.core.exception.StepFailedException: Unable to click on object 'Object Repository/Register/button_Buat Akun Active'
	at com.kms.katalon.core.webui.keyword.internal.WebUIKeywordMain.stepFailed(WebUIKeywordMain.groovy:177)
	at com.kms.katalon.core.webui.keyword.internal.WebUIKeywordMain.runKeyword(WebUIKeywordMain.groovy:49)
	at com.kms.katalon.core.webui.keyword.internal.WebUIKeywordMain.runKeywordUntilTimeout(WebUIKeywordMain.groovy:133)
	at com.kms.katalon.core.webui.keyword.builtin.ClickKeyword.click(ClickKeyword.groovy:72)
	at com.kms.katalon.core.webui.keyword.builtin.ClickKeyword.execute(ClickKeyword.groovy:38)
	at com.kms.katalon.core.keyword.internal.KeywordExecutor.executeKeywordForPlatform(KeywordExecutor.groovy:95)
	at com.kms.katalon.core.webui.keyword.WebUiBuiltInKeywords.click(WebUiBuiltInKeywords.groovy:684)
	at TC_REG_01.run(TC_REG_01:70)
	at com.kms.katalon.core.main.ScriptEngine.run(ScriptEngine.java:194)
	at com.kms.katalon.core.main.ScriptEngine.runScriptAsRawText(ScriptEngine.java:119)
	at com.kms.katalon.core.main.TestCaseExecutor.runScript(TestCaseExecutor.java:502)
	at com.kms.katalon.core.main.TestCaseExecutor.doExecute(TestCaseExecutor.java:493)
	at com.kms.katalon.core.main.TestCaseExecutor.processExecutionPhase(TestCaseExecutor.java:472)
	at com.kms.katalon.core.main.TestCaseExecutor.accessMainPhase(TestCaseExecutor.java:464)
	at com.kms.katalon.core.main.TestCaseExecutor.execute(TestCaseExecutor.java:334)
	at com.kms.katalon.core.common.CommonExecutor.accessTestCaseMainPhase(CommonExecutor.java:71)
	at com.kms.katalon.core.main.TestSuiteExecutor.accessTestSuiteMainPhase(TestSuiteExecutor.java:163)
	at com.kms.katalon.core.main.TestSuiteExecutor.execute(TestSuiteExecutor.java:120)
	at com.kms.katalon.core.main.TestCaseMain.startTestSuite(TestCaseMain.java:205)
	at S0.run(S0.groovy:40)
	at java.base/jdk.internal.reflect.DirectMethodHandleAccessor.invoke(DirectMethodHandleAccessor.java:103)
Caused by: org.openqa.selenium.ElementClickInterceptedException: element click intercepted: Element <button class="inline-flex items-center font-bold justify-center whitespace-nowrap rounded-lg text-sm ring-offset-background transition-colors focus-visible:outline-none focus-visible:ring-2 focus-visible:ring-ring focus-visible:ring-offset-2 disabled:pointer-events-none disabled:opacity-50 bg-primary text-white hover:bg-primary/90 px-4 py-2 !mt-6 h-12 w-full" type="submit">...</button> is not clickable at point (610, 789). Other element would receive the click: <div data-state="open" class="fixed inset-0 z-[9999999] bg-black/30 data-[state=open]:animate-in data-[state=closed]:animate-out data-[state=closed]:fade-out-0 data-[state=open]:fade-in-0" style="pointer-events: auto;"></div>
  (Session info: chrome=145.0.7632.160)
Build info: version: '4.39.0', revision: '126f156aee'
System info: os.name: 'Windows 11', os.arch: 'amd64', os.version: '10.0', java.version: '21.0.9'
Driver info: com.kms.katalon.selenium.driver.CChromeDriver
Command: [4ed79e35b1071a193a4d9810c712937c, clickElement {id=f.F7C5826CF7EADA902AA93D386683C562.d.8550D6DE08FF1FB831B96C4EB697CA28.e.74}]
Capabilities {acceptInsecureCerts: false, browserName: chrome, browserVersion: 145.0.7632.160, chrome: {chromedriverVersion: 145.0.7632.117 (de4e5d6e13b..., userDataDir: C:\Users\X1CARB~1\AppData\L...}, fedcm:accounts: true, goog:chromeOptions: {debuggerAddress: localhost:57788}, goog:processID: 25012, networkConnectionEnabled: false, pageLoadStrategy: normal, platformName: windows, proxy: Proxy(), se:cdp: ws://localhost:57788/devtoo..., se:cdpVersion: 145.0.7632.160, setWindowRect: true, strictFileInteractability: false, timeouts: {implicit: 0, pageLoad: 300000, script: 30000}, unhandledPromptBehavior: {alert: ignore, beforeUnload: ignore, confirm: ignore, default: ignore, file: ignore, prompt: ignore}, webSocketUrl: ws://localhost:29039/sessio..., webauthn:extension:credBlob: true, webauthn:extension:largeBlob: true, webauthn:extension:minPinLength: true, webauthn:extension:prf: true, webauthn:virtualAuthenticators: true}
Element: [[CChromeDriver: chrome on windows (4ed79e35b1071a193a4d9810c712937c)] -> xpath: //button[@type='submit']]
Session ID: 4ed79e35b1071a193a4d9810c712937c
	at java.base/jdk.internal.reflect.DirectConstructorHandleAccessor.newInstance(DirectConstructorHandleAccessor.java:62)
	at org.openqa.selenium.remote.ErrorCodec.decode(ErrorCodec.java:167)
	at org.openqa.selenium.remote.codec.w3c.W3CHttpResponseCodec.decode(W3CHttpResponseCodec.java:142)
	at org.openqa.selenium.remote.codec.w3c.W3CHttpResponseCodec.decode(W3CHttpResponseCodec.java:49)
	at org.openqa.selenium.remote.HttpCommandExecutor.execute(HttpCommandExecutor.java:215)
	at org.openqa.selenium.remote.service.DriverCommandExecutor.invokeExecute(DriverCommandExecutor.java:216)
	at org.openqa.selenium.remote.service.DriverCommandExecutor.execute(DriverCommandExecutor.java:174)
	at org.openqa.selenium.remote.RemoteWebDriver.execute(RemoteWebDriver.java:561)
	at org.openqa.selenium.remote.RemoteWebElement.execute(RemoteWebElement.java:223)
	at org.openqa.selenium.remote.RemoteWebElement.click(RemoteWebElement.java:76)
	at java.base/jdk.internal.reflect.DirectMethodHandleAccessor.invoke(DirectMethodHandleAccessor.java:103)
	at org.openqa.selenium.support.decorators.WebDriverDecorator.call(WebDriverDecorator.java:326)
	at org.openqa.selenium.support.decorators.DefaultDecorated.call(DefaultDecorated.java:48)
	at org.openqa.selenium.support.decorators.WebDriverDecorator.lambda$createProxyFactory$3(WebDriverDecorator.java:416)
	at net.bytebuddy.renamed.java.lang.Object$ByteBuddy$josEbJtc.click(Unknown Source)
	at com.kms.katalon.core.webui.keyword.builtin.ClickKeyword$_click_closure1.doCall(ClickKeyword.groovy:63)
	at java.base/jdk.internal.reflect.DirectMethodHandleAccessor.invoke(DirectMethodHandleAccessor.java:103)
	at jdk.proxy2/jdk.proxy2.$Proxy55.execute(Unknown Source)
	at com.kms.katalon.core.webui.model.SeleniumActionRetryController.performAction(SeleniumActionRetryController.java:96)
	at com.kms.katalon.core.webui.model.SeleniumActionRetryController.performAction(SeleniumActionRetryController.java:83)
	at com.kms.katalon.core.webui.keyword.internal.WebUIKeywordMain$_runKeywordUntilTimeout_closure1.doCall(WebUIKeywordMain.groovy:135)
	at com.kms.katalon.core.webui.keyword.internal.WebUIKeywordMain$_runKeywordUntilTimeout_closure1.call(WebUIKeywordMain.groovy)
	at com.kms.katalon.core.webui.keyword.internal.WebUIKeywordMain.runKeyword(WebUIKeywordMain.groovy:41)
	at com.kms.katalon.core.webui.keyword.internal.WebUIKeywordMain.runKeywordUntilTimeout(WebUIKeywordMain.groovy:133)
	at com.kms.katalon.core.webui.keyword.builtin.ClickKeyword.click(ClickKeyword.groovy:72)
	at com.kms.katalon.core.webui.keyword.builtin.ClickKeyword.execute(ClickKeyword.groovy:38)
	at com.kms.katalon.core.keyword.internal.KeywordExecutor.executeKeywordForPlatform(KeywordExecutor.groovy:95)
	at com.kms.katalon.core.webui.keyword.WebUiBuiltInKeywords.click(WebUiBuiltInKeywords.groovy:684)
	at Script1772707223352.run(Script1772707223352.groovy:70)
	... 13 more
)
2026-03-06 20:24:39.829 DEBUG testcase.TC_REG_01                       - 26: delay(2)
2026-03-06 20:24:41.842 DEBUG testcase.TC_REG_01                       - 27: click(findTestObject("Register/li_Kirim OTP via Emailh1jtwdollicons.com"))
2026-03-06 20:24:42.223 DEBUG testcase.TC_REG_01                       - 28: click(findTestObject("Register/button_Lanjutkan"), OPTIONAL)
2026-03-06 20:24:42.825 DEBUG testcase.TC_REG_01                       - 29: delay(1)
2026-03-06 20:24:43.838 DEBUG testcase.TC_REG_01                       - 30: click(findTestObject("Register/button_Lanjutkan"), OPTIONAL)
2026-03-06 20:24:44.237 DEBUG testcase.TC_REG_01                       - 31: switchToWindowTitle("Temp Mail – Free Temporary Email")
2026-03-06 20:24:44.319 DEBUG testcase.TC_REG_01                       - 32: delay(3)
2026-03-06 20:24:47.335 DEBUG testcase.TC_REG_01                       - 33: click(findTestObject("Register/Refresh inbox"))
2026-03-06 20:24:47.731 DEBUG testcase.TC_REG_01                       - 34: click(findTestObject("Register/mail_Your OTP Code"))
Mar 06, 2026 8:24:54 PM org.openqa.selenium.remote.http.WebSocket$Listener onError
WARNING: Connection reset
java.net.SocketException: Connection reset
	at java.base/sun.nio.ch.SocketChannelImpl.throwConnectionReset(SocketChannelImpl.java:401)
	at java.base/sun.nio.ch.SocketChannelImpl.read(SocketChannelImpl.java:434)
	at java.net.http/jdk.internal.net.http.SocketTube.readAvailable(SocketTube.java:1178)
	at java.net.http/jdk.internal.net.http.SocketTube$InternalReadPublisher$InternalReadSubscription.read(SocketTube.java:841)
	at java.net.http/jdk.internal.net.http.SocketTube$SocketFlowTask.run(SocketTube.java:181)
	at java.net.http/jdk.internal.net.http.common.SequentialScheduler$SchedulableTask.run(SequentialScheduler.java:207)
	at java.net.http/jdk.internal.net.http.common.SequentialScheduler.runOrSchedule(SequentialScheduler.java:280)
	at java.net.http/jdk.internal.net.http.common.SequentialScheduler.runOrSchedule(SequentialScheduler.java:233)
	at java.net.http/jdk.internal.net.http.SocketTube$InternalReadPublisher$InternalReadSubscription.signalReadable(SocketTube.java:782)
	at java.net.http/jdk.internal.net.http.SocketTube$InternalReadPublisher$ReadEvent.signalEvent(SocketTube.java:965)
	at java.net.http/jdk.internal.net.http.SocketTube$SocketFlowEvent.handle(SocketTube.java:253)
	at java.net.http/jdk.internal.net.http.HttpClientImpl$SelectorManager.handleEvent(HttpClientImpl.java:1477)
	at java.net.http/jdk.internal.net.http.HttpClientImpl$SelectorManager.lambda$run$3(HttpClientImpl.java:1422)
	at java.base/java.util.ArrayList.forEach(ArrayList.java:1596)
	at java.net.http/jdk.internal.net.http.HttpClientImpl$SelectorManager.run(HttpClientImpl.java:1422)

2026-03-06 20:24:57.746 WARN  c.k.k.c.w.h.s.WebUIScreenCaptor          - Cannot take screenshot
2026-03-06 20:24:57.749 ERROR c.k.k.core.keyword.internal.KeywordMain  - ❌ Unable to click on object 'Object Repository/Register/mail_Your OTP Code' (Root cause: com.kms.katalon.core.exception.StepFailedException: Unable to click on object 'Object Repository/Register/mail_Your OTP Code'
	at com.kms.katalon.core.webui.keyword.internal.WebUIKeywordMain.stepFailed(WebUIKeywordMain.groovy:177)
	at com.kms.katalon.core.webui.keyword.internal.WebUIKeywordMain.runKeyword(WebUIKeywordMain.groovy:49)
	at com.kms.katalon.core.webui.keyword.internal.WebUIKeywordMain.runKeywordUntilTimeout(WebUIKeywordMain.groovy:133)
	at com.kms.katalon.core.webui.keyword.builtin.ClickKeyword.click(ClickKeyword.groovy:72)
	at com.kms.katalon.core.webui.keyword.builtin.ClickKeyword.execute(ClickKeyword.groovy:38)
	at com.kms.katalon.core.keyword.internal.KeywordExecutor.executeKeywordForPlatform(KeywordExecutor.groovy:95)
	at com.kms.katalon.core.webui.keyword.WebUiBuiltInKeywords.click(WebUiBuiltInKeywords.groovy:721)
	at TC_REG_01.run(TC_REG_01:91)
	at com.kms.katalon.core.main.ScriptEngine.run(ScriptEngine.java:194)
	at com.kms.katalon.core.main.ScriptEngine.runScriptAsRawText(ScriptEngine.java:119)
	at com.kms.katalon.core.main.TestCaseExecutor.runScript(TestCaseExecutor.java:502)
	at com.kms.katalon.core.main.TestCaseExecutor.doExecute(TestCaseExecutor.java:493)
	at com.kms.katalon.core.main.TestCaseExecutor.processExecutionPhase(TestCaseExecutor.java:472)
	at com.kms.katalon.core.main.TestCaseExecutor.accessMainPhase(TestCaseExecutor.java:464)
	at com.kms.katalon.core.main.TestCaseExecutor.execute(TestCaseExecutor.java:334)
	at com.kms.katalon.core.common.CommonExecutor.accessTestCaseMainPhase(CommonExecutor.java:71)
	at com.kms.katalon.core.main.TestSuiteExecutor.accessTestSuiteMainPhase(TestSuiteExecutor.java:163)
	at com.kms.katalon.core.main.TestSuiteExecutor.execute(TestSuiteExecutor.java:120)
	at com.kms.katalon.core.main.TestCaseMain.startTestSuite(TestCaseMain.java:205)
	at S0.run(S0.groovy:40)
	at java.base/jdk.internal.reflect.DirectMethodHandleAccessor.invoke(DirectMethodHandleAccessor.java:103)
Caused by: org.openqa.selenium.NoSuchSessionException: invalid session id
Build info: version: '4.39.0', revision: '126f156aee'
System info: os.name: 'Windows 11', os.arch: 'amd64', os.version: '10.0', java.version: '21.0.9'
Driver info: com.kms.katalon.selenium.driver.CChromeDriver
Command: [4ed79e35b1071a193a4d9810c712937c, findElements {using=xpath, value=//div[@id='inbox']/div/div/div[2]/button/div/p[2]}]
Capabilities {acceptInsecureCerts: false, browserName: chrome, browserVersion: 145.0.7632.160, chrome: {chromedriverVersion: 145.0.7632.117 (de4e5d6e13b..., userDataDir: C:\Users\X1CARB~1\AppData\L...}, fedcm:accounts: true, goog:chromeOptions: {debuggerAddress: localhost:57788}, goog:processID: 25012, networkConnectionEnabled: false, pageLoadStrategy: normal, platformName: windows, proxy: Proxy(), se:cdp: ws://localhost:57788/devtoo..., se:cdpVersion: 145.0.7632.160, setWindowRect: true, strictFileInteractability: false, timeouts: {implicit: 0, pageLoad: 300000, script: 30000}, unhandledPromptBehavior: {alert: ignore, beforeUnload: ignore, confirm: ignore, default: ignore, file: ignore, prompt: ignore}, webSocketUrl: ws://localhost:29039/sessio..., webauthn:extension:credBlob: true, webauthn:extension:largeBlob: true, webauthn:extension:minPinLength: true, webauthn:extension:prf: true, webauthn:virtualAuthenticators: true}
Session ID: 4ed79e35b1071a193a4d9810c712937c
	at java.base/jdk.internal.reflect.DirectConstructorHandleAccessor.newInstance(DirectConstructorHandleAccessor.java:62)
	at org.openqa.selenium.remote.ErrorCodec.decode(ErrorCodec.java:167)
	at org.openqa.selenium.remote.codec.w3c.W3CHttpResponseCodec.decode(W3CHttpResponseCodec.java:142)
	at org.openqa.selenium.remote.codec.w3c.W3CHttpResponseCodec.decode(W3CHttpResponseCodec.java:49)
	at org.openqa.selenium.remote.HttpCommandExecutor.execute(HttpCommandExecutor.java:215)
	at org.openqa.selenium.remote.service.DriverCommandExecutor.invokeExecute(DriverCommandExecutor.java:216)
	at org.openqa.selenium.remote.service.DriverCommandExecutor.execute(DriverCommandExecutor.java:174)
	at org.openqa.selenium.remote.RemoteWebDriver.execute(RemoteWebDriver.java:561)
	at org.openqa.selenium.remote.ElementLocation$ElementFinder$2.findElements(ElementLocation.java:183)
	at org.openqa.selenium.remote.ElementLocation.findElements(ElementLocation.java:104)
	at org.openqa.selenium.remote.RemoteWebDriver.findElements(RemoteWebDriver.java:397)
	at org.openqa.selenium.remote.RemoteWebDriver.findElements(RemoteWebDriver.java:391)
	at java.base/jdk.internal.reflect.DirectMethodHandleAccessor.invoke(DirectMethodHandleAccessor.java:103)
	at org.openqa.selenium.support.decorators.WebDriverDecorator.call(WebDriverDecorator.java:326)
	at org.openqa.selenium.support.decorators.DefaultDecorated.call(DefaultDecorated.java:48)
	at org.openqa.selenium.support.decorators.WebDriverDecorator.lambda$createProxyFactory$3(WebDriverDecorator.java:416)
	at org.openqa.selenium.remote.RemoteWebDriver$ByteBuddy$f39nLBOV.findElements(Unknown Source)
	at com.kms.katalon.core.webui.model.WebUiElementFinder.findElementByNormalMethods(WebUiElementFinder.java:185)
	at com.kms.katalon.core.webui.model.WebUiElementFinder.findElementsBySelectedMethod(WebUiElementFinder.java:91)
	at com.kms.katalon.core.webui.model.WebUiElementFinder.findElementsBySelectedMethod(WebUiElementFinder.java:74)
	at com.kms.katalon.core.webui.model.WebUiElementFinder.findElementsBySelectedMethod(WebUiElementFinder.java:69)
	at com.kms.katalon.core.webui.model.WebUiElementFinder.findElement(WebUiElementFinder.java:43)
	at com.kms.katalon.core.webui.model.WebUiElementFinderWithTimeout.basicFindElement(WebUiElementFinderWithTimeout.java:51)
	at com.kms.katalon.core.webui.model.WebUiElementFinderWithTimeout.lambda$0(WebUiElementFinderWithTimeout.java:29)
	at com.kms.katalon.core.webui.model.SeleniumActionRetryController.performAction(SeleniumActionRetryController.java:96)
	at com.kms.katalon.core.webui.model.SeleniumActionRetryController.performAction(SeleniumActionRetryController.java:83)
	at com.kms.katalon.core.webui.model.WebUiElementFinderWithTimeout.findElement(WebUiElementFinderWithTimeout.java:28)
	at com.kms.katalon.core.webui.keyword.internal.WebUIAbstractKeyword.findWebElement(WebUIAbstractKeyword.java:111)
	at com.kms.katalon.core.webui.keyword.builtin.ClickKeyword$_click_closure1.doCall(ClickKeyword.groovy:52)
	at java.base/jdk.internal.reflect.DirectMethodHandleAccessor.invoke(DirectMethodHandleAccessor.java:103)
	at jdk.proxy2/jdk.proxy2.$Proxy55.execute(Unknown Source)
	at com.kms.katalon.core.webui.model.SeleniumActionRetryController.performAction(SeleniumActionRetryController.java:96)
	at com.kms.katalon.core.webui.model.SeleniumActionRetryController.performAction(SeleniumActionRetryController.java:83)
	at com.kms.katalon.core.webui.keyword.internal.WebUIKeywordMain$_runKeywordUntilTimeout_closure1.doCall(WebUIKeywordMain.groovy:135)
	at com.kms.katalon.core.webui.keyword.internal.WebUIKeywordMain$_runKeywordUntilTimeout_closure1.call(WebUIKeywordMain.groovy)
	at com.kms.katalon.core.webui.keyword.internal.WebUIKeywordMain.runKeyword(WebUIKeywordMain.groovy:41)
	at com.kms.katalon.core.webui.keyword.internal.WebUIKeywordMain.runKeywordUntilTimeout(WebUIKeywordMain.groovy:133)
	at com.kms.katalon.core.webui.keyword.builtin.ClickKeyword.click(ClickKeyword.groovy:72)
	at com.kms.katalon.core.webui.keyword.builtin.ClickKeyword.execute(ClickKeyword.groovy:38)
	at com.kms.katalon.core.keyword.internal.KeywordExecutor.executeKeywordForPlatform(KeywordExecutor.groovy:95)
	at com.kms.katalon.core.webui.keyword.WebUiBuiltInKeywords.click(WebUiBuiltInKeywords.groovy:721)
	at Script1772707223352.run(Script1772707223352.groovy:91)
	... 13 more
)
2026-03-06 20:24:57.756 ERROR c.k.katalon.core.main.TestCaseExecutor   - ❌ Test Cases/Register/TC_REG_01 FAILED.
Reason:
com.kms.katalon.core.exception.StepFailedException: Unable to click on object 'Object Repository/Register/mail_Your OTP Code'
	at com.kms.katalon.core.webui.keyword.internal.WebUIKeywordMain.stepFailed(WebUIKeywordMain.groovy:177)
	at com.kms.katalon.core.webui.keyword.internal.WebUIKeywordMain.runKeyword(WebUIKeywordMain.groovy:49)
	at com.kms.katalon.core.webui.keyword.internal.WebUIKeywordMain.runKeywordUntilTimeout(WebUIKeywordMain.groovy:133)
	at com.kms.katalon.core.webui.keyword.builtin.ClickKeyword.click(ClickKeyword.groovy:72)
	at com.kms.katalon.core.webui.keyword.builtin.ClickKeyword.execute(ClickKeyword.groovy:38)
	at com.kms.katalon.core.keyword.internal.KeywordExecutor.executeKeywordForPlatform(KeywordExecutor.groovy:95)
	at com.kms.katalon.core.webui.keyword.WebUiBuiltInKeywords.click(WebUiBuiltInKeywords.groovy:721)
	at TC_REG_01.run(TC_REG_01:91)
	at com.kms.katalon.core.main.ScriptEngine.run(ScriptEngine.java:194)
	at com.kms.katalon.core.main.ScriptEngine.runScriptAsRawText(ScriptEngine.java:119)
	at com.kms.katalon.core.main.TestCaseExecutor.runScript(TestCaseExecutor.java:502)
	at com.kms.katalon.core.main.TestCaseExecutor.doExecute(TestCaseExecutor.java:493)
	at com.kms.katalon.core.main.TestCaseExecutor.processExecutionPhase(TestCaseExecutor.java:472)
	at com.kms.katalon.core.main.TestCaseExecutor.accessMainPhase(TestCaseExecutor.java:464)
	at com.kms.katalon.core.main.TestCaseExecutor.execute(TestCaseExecutor.java:334)
	at com.kms.katalon.core.common.CommonExecutor.accessTestCaseMainPhase(CommonExecutor.java:71)
	at com.kms.katalon.core.main.TestSuiteExecutor.accessTestSuiteMainPhase(TestSuiteExecutor.java:163)
	at com.kms.katalon.core.main.TestSuiteExecutor.execute(TestSuiteExecutor.java:120)
	at com.kms.katalon.core.main.TestCaseMain.startTestSuite(TestCaseMain.java:205)
	at S0.run(S0.groovy:40)
	at java.base/jdk.internal.reflect.DirectMethodHandleAccessor.invoke(DirectMethodHandleAccessor.java:103)
Caused by: org.openqa.selenium.NoSuchSessionException: invalid session id
Build info: version: '4.39.0', revision: '126f156aee'
System info: os.name: 'Windows 11', os.arch: 'amd64', os.version: '10.0', java.version: '21.0.9'
Driver info: com.kms.katalon.selenium.driver.CChromeDriver
Command: [4ed79e35b1071a193a4d9810c712937c, findElements {using=xpath, value=//div[@id='inbox']/div/div/div[2]/button/div/p[2]}]
Capabilities {acceptInsecureCerts: false, browserName: chrome, browserVersion: 145.0.7632.160, chrome: {chromedriverVersion: 145.0.7632.117 (de4e5d6e13b..., userDataDir: C:\Users\X1CARB~1\AppData\L...}, fedcm:accounts: true, goog:chromeOptions: {debuggerAddress: localhost:57788}, goog:processID: 25012, networkConnectionEnabled: false, pageLoadStrategy: normal, platformName: windows, proxy: Proxy(), se:cdp: ws://localhost:57788/devtoo..., se:cdpVersion: 145.0.7632.160, setWindowRect: true, strictFileInteractability: false, timeouts: {implicit: 0, pageLoad: 300000, script: 30000}, unhandledPromptBehavior: {alert: ignore, beforeUnload: ignore, confirm: ignore, default: ignore, file: ignore, prompt: ignore}, webSocketUrl: ws://localhost:29039/sessio..., webauthn:extension:credBlob: true, webauthn:extension:largeBlob: true, webauthn:extension:minPinLength: true, webauthn:extension:prf: true, webauthn:virtualAuthenticators: true}
Session ID: 4ed79e35b1071a193a4d9810c712937c
	at java.base/jdk.internal.reflect.DirectConstructorHandleAccessor.newInstance(DirectConstructorHandleAccessor.java:62)
	at org.openqa.selenium.remote.ErrorCodec.decode(ErrorCodec.java:167)
	at org.openqa.selenium.remote.codec.w3c.W3CHttpResponseCodec.decode(W3CHttpResponseCodec.java:142)
	at org.openqa.selenium.remote.codec.w3c.W3CHttpResponseCodec.decode(W3CHttpResponseCodec.java:49)
	at org.openqa.selenium.remote.HttpCommandExecutor.execute(HttpCommandExecutor.java:215)
	at org.openqa.selenium.remote.service.DriverCommandExecutor.invokeExecute(DriverCommandExecutor.java:216)
	at org.openqa.selenium.remote.service.DriverCommandExecutor.execute(DriverCommandExecutor.java:174)
	at org.openqa.selenium.remote.RemoteWebDriver.execute(RemoteWebDriver.java:561)
	at org.openqa.selenium.remote.ElementLocation$ElementFinder$2.findElements(ElementLocation.java:183)
	at org.openqa.selenium.remote.ElementLocation.findElements(ElementLocation.java:104)
	at org.openqa.selenium.remote.RemoteWebDriver.findElements(RemoteWebDriver.java:397)
	at org.openqa.selenium.remote.RemoteWebDriver.findElements(RemoteWebDriver.java:391)
	at java.base/jdk.internal.reflect.DirectMethodHandleAccessor.invoke(DirectMethodHandleAccessor.java:103)
	at org.openqa.selenium.support.decorators.WebDriverDecorator.call(WebDriverDecorator.java:326)
	at org.openqa.selenium.support.decorators.DefaultDecorated.call(DefaultDecorated.java:48)
	at org.openqa.selenium.support.decorators.WebDriverDecorator.lambda$createProxyFactory$3(WebDriverDecorator.java:416)
	at org.openqa.selenium.remote.RemoteWebDriver$ByteBuddy$f39nLBOV.findElements(Unknown Source)
	at com.kms.katalon.core.webui.model.WebUiElementFinder.findElementByNormalMethods(WebUiElementFinder.java:185)
	at com.kms.katalon.core.webui.model.WebUiElementFinder.findElementsBySelectedMethod(WebUiElementFinder.java:91)
	at com.kms.katalon.core.webui.model.WebUiElementFinder.findElementsBySelectedMethod(WebUiElementFinder.java:74)
	at com.kms.katalon.core.webui.model.WebUiElementFinder.findElementsBySelectedMethod(WebUiElementFinder.java:69)
	at com.kms.katalon.core.webui.model.WebUiElementFinder.findElement(WebUiElementFinder.java:43)
	at com.kms.katalon.core.webui.model.WebUiElementFinderWithTimeout.basicFindElement(WebUiElementFinderWithTimeout.java:51)
	at com.kms.katalon.core.webui.model.WebUiElementFinderWithTimeout.lambda$0(WebUiElementFinderWithTimeout.java:29)
	at com.kms.katalon.core.webui.model.SeleniumActionRetryController.performAction(SeleniumActionRetryController.java:96)
	at com.kms.katalon.core.webui.model.SeleniumActionRetryController.performAction(SeleniumActionRetryController.java:83)
	at com.kms.katalon.core.webui.model.WebUiElementFinderWithTimeout.findElement(WebUiElementFinderWithTimeout.java:28)
	at com.kms.katalon.core.webui.keyword.internal.WebUIAbstractKeyword.findWebElement(WebUIAbstractKeyword.java:111)
	at com.kms.katalon.core.webui.keyword.builtin.ClickKeyword$_click_closure1.doCall(ClickKeyword.groovy:52)
	at java.base/jdk.internal.reflect.DirectMethodHandleAccessor.invoke(DirectMethodHandleAccessor.java:103)
	at jdk.proxy2/jdk.proxy2.$Proxy55.execute(Unknown Source)
	at com.kms.katalon.core.webui.model.SeleniumActionRetryController.performAction(SeleniumActionRetryController.java:96)
	at com.kms.katalon.core.webui.model.SeleniumActionRetryController.performAction(SeleniumActionRetryController.java:83)
	at com.kms.katalon.core.webui.keyword.internal.WebUIKeywordMain$_runKeywordUntilTimeout_closure1.doCall(WebUIKeywordMain.groovy:135)
	at com.kms.katalon.core.webui.keyword.internal.WebUIKeywordMain$_runKeywordUntilTimeout_closure1.call(WebUIKeywordMain.groovy)
	at com.kms.katalon.core.webui.keyword.internal.WebUIKeywordMain.runKeyword(WebUIKeywordMain.groovy:41)
	... 19 more

2026-03-06 20:24:57.763 INFO  c.k.katalon.core.main.TestCaseExecutor   - END Test Cases/Register/TC_REG_01
2026-03-06 20:24:57.768 INFO  c.k.katalon.core.main.TestCaseExecutor   - --------------------
2026-03-06 20:24:57.768 INFO  c.k.katalon.core.main.TestCaseExecutor   - START Test Cases/Register/TC_REG_02
2026-03-06 20:24:57.862 DEBUG testcase.TC_REG_02                       - 1: openBrowser(url)
2026-03-06 20:24:57.864 WARN  c.k.k.core.webui.driver.DriverFactory    - A browser is already opened. Closing browser and opening a new one
2026-03-06 20:24:57.905 INFO  c.k.k.core.webui.driver.DriverFactory    - Starting 'Chrome' driver
2026-03-06 20:24:57.908 INFO  c.k.k.core.webui.driver.DriverFactory    - Action delay is set to 0 milliseconds
Mar 06, 2026 8:24:58 PM org.openqa.selenium.devtools.CdpVersionFinder findNearestMatch
WARNING: Unable to find an exact match for CDP version 145, returning the closest version; found: 143; Please update to a Selenium version that supports CDP version 145
2026-03-06 20:24:58.974 INFO  c.k.k.core.webui.driver.DriverFactory    - sessionId = 83dadd5a9aa74d326246e02771115b92
2026-03-06 20:24:58.976 INFO  c.k.k.core.webui.driver.DriverFactory    - browser = Chrome 145.0.7632.160
2026-03-06 20:24:58.977 INFO  c.k.k.core.webui.driver.DriverFactory    - platform = Windows 11
2026-03-06 20:24:58.978 INFO  c.k.k.core.webui.driver.DriverFactory    - seleniumVersion = 4.39.0
2026-03-06 20:24:58.979 INFO  c.k.k.core.webui.driver.DriverFactory    - proxyInformation = ProxyInformation { proxyOption=NO_PROXY, proxyServerType=HTTP, username=, password=********, proxyServerAddress=, proxyServerPort=0, executionList="", isApplyToDesiredCapabilities=true }
2026-03-06 20:24:59.756 DEBUG testcase.TC_REG_02                       - 2: maximizeWindow()
2026-03-06 20:24:59.941 DEBUG testcase.TC_REG_02                       - 3: delay(5)
Mar 06, 2026 8:25:01 PM org.openqa.selenium.remote.http.WebSocket$Listener onError
WARNING: Connection reset
java.net.SocketException: Connection reset
	at java.base/sun.nio.ch.SocketChannelImpl.throwConnectionReset(SocketChannelImpl.java:401)
	at java.base/sun.nio.ch.SocketChannelImpl.read(SocketChannelImpl.java:434)
	at java.net.http/jdk.internal.net.http.SocketTube.readAvailable(SocketTube.java:1178)
	at java.net.http/jdk.internal.net.http.SocketTube$InternalReadPublisher$InternalReadSubscription.read(SocketTube.java:841)
	at java.net.http/jdk.internal.net.http.SocketTube$SocketFlowTask.run(SocketTube.java:181)
	at java.net.http/jdk.internal.net.http.common.SequentialScheduler$SchedulableTask.run(SequentialScheduler.java:207)
	at java.net.http/jdk.internal.net.http.common.SequentialScheduler.runOrSchedule(SequentialScheduler.java:280)
	at java.net.http/jdk.internal.net.http.common.SequentialScheduler.runOrSchedule(SequentialScheduler.java:233)
	at java.net.http/jdk.internal.net.http.SocketTube$InternalReadPublisher$InternalReadSubscription.signalReadable(SocketTube.java:782)
	at java.net.http/jdk.internal.net.http.SocketTube$InternalReadPublisher$ReadEvent.signalEvent(SocketTube.java:965)
	at java.net.http/jdk.internal.net.http.SocketTube$SocketFlowEvent.handle(SocketTube.java:253)
	at java.net.http/jdk.internal.net.http.HttpClientImpl$SelectorManager.handleEvent(HttpClientImpl.java:1477)
	at java.net.http/jdk.internal.net.http.HttpClientImpl$SelectorManager.lambda$run$3(HttpClientImpl.java:1422)
	at java.base/java.util.ArrayList.forEach(ArrayList.java:1596)
	at java.net.http/jdk.internal.net.http.HttpClientImpl$SelectorManager.run(HttpClientImpl.java:1422)

